controller configures over, waiting for connect request from clients
controller broadcasts datasetname:corafull over
controller broadcasts model over
recv big obj:22.78M
recv big obj:22.78M
recv big obj:22.78M
train -epoch~0,loss=4.2033263575646185,use time:448.46193075180054
recv big obj:22.78M
recv big obj:22.78M
recv big obj:22.78M
train -epoch~1,loss=2.1218462127938493,use time:439.3812873363495
recv big obj:22.78M
recv big obj:22.78M
recv big obj:22.78M
train -epoch~2,loss=18.62470085800335,use time:441.74187445640564
recv big obj:22.78M
recv big obj:22.78M
recv big obj:22.78M
train -epoch~3,loss=3.63315870719144,use time:440.10498428344727
recv big obj:22.78M
recv big obj:22.78M
recv big obj:22.78M
train -epoch~4,loss=2.957097020713232,use time:439.890424489975
recv big obj:22.78M
recv big obj:22.78M
recv big obj:22.78M
train -epoch~5,loss=1.3423578494338577,use time:439.10038137435913
recv big obj:22.78M
recv big obj:22.78M
recv big obj:22.78M
train -epoch~6,loss=1.083768361187323,use time:439.5116958618164
recv big obj:22.78M
recv big obj:22.78M
recv big obj:22.78M
train -epoch~7,loss=0.7478276973129601,use time:439.36471939086914
recv big obj:22.78M
recv big obj:22.78M
recv big obj:22.78M
train -epoch~8,loss=1.377986200137805,use time:439.69807386398315
recv big obj:22.78M
recv big obj:22.78M
recv big obj:22.78M
train -epoch~9,loss=0.7667106653413465,use time:440.2355773448944
recv big obj:22.78M
recv big obj:22.78M
recv big obj:22.78M
train -epoch~10,loss=0.9873730152311291,use time:439.8360478878021
recv big obj:22.78M
recv big obj:22.78M
recv big obj:22.78M
train -epoch~11,loss=0.7743484689129723,use time:439.4614734649658
recv big obj:22.78M
recv big obj:22.78M
recv big obj:22.78M
train -epoch~12,loss=0.6842745503644362,use time:438.3671476840973
recv big obj:22.78M
recv big obj:22.78M
recv big obj:22.78M
train -epoch~13,loss=0.48517115556211027,use time:438.8940670490265
recv big obj:22.78M
recv big obj:22.78M
recv big obj:22.78M
train -epoch~14,loss=0.3388174704219278,use time:438.1859362125397
recv big obj:22.78M
recv big obj:22.78M
recv big obj:22.78M
train -epoch~15,loss=0.31863449918753783,use time:438.95540833473206
recv big obj:22.78M
recv big obj:22.78M
recv big obj:22.78M
train -epoch~16,loss=0.29720725585910157,use time:439.6295380592346
recv big obj:22.78M
recv big obj:22.78M
recv big obj:22.78M
train -epoch~17,loss=0.27603744391258467,use time:439.0288739204407
recv big obj:22.78M
recv big obj:22.78M
recv big obj:22.78M
train -epoch~18,loss=0.1831319944619278,use time:440.56243777275085
recv big obj:22.78M
recv big obj:22.78M
recv big obj:22.78M
train -epoch~19,loss=0.19653944158425896,use time:441.53442764282227
recv big obj:22.78M
recv big obj:22.78M
recv big obj:22.78M
train -epoch~20,loss=0.16707820342753524,use time:439.89330554008484
recv big obj:22.78M
recv big obj:22.78M
recv big obj:22.78M
train -epoch~21,loss=0.1469855361407803,use time:440.0404613018036
recv big obj:22.78M
recv big obj:22.78M
recv big obj:22.78M
train -epoch~22,loss=0.10128533414508281,use time:438.362957239151
recv big obj:22.78M
recv big obj:22.78M
recv big obj:22.78M
train -epoch~23,loss=0.07337572543371108,use time:439.6295573711395
recv big obj:22.78M
recv big obj:22.78M
recv big obj:22.78M
train -epoch~24,loss=0.05785776646173556,use time:441.8089199066162
recv big obj:22.78M
recv big obj:22.78M
recv big obj:22.78M
train -epoch~25,loss=0.05227387258148748,use time:440.2131962776184
recv big obj:22.78M
recv big obj:22.78M
recv big obj:22.78M
train -epoch~26,loss=0.029442750698616425,use time:440.11006355285645
recv big obj:22.78M
recv big obj:22.78M
recv big obj:22.78M
train -epoch~27,loss=0.022278738544592936,use time:439.9027826786041
recv big obj:22.78M
recv big obj:22.78M
recv big obj:22.78M
train -epoch~28,loss=0.02192343558021237,use time:440.230712890625
recv big obj:22.78M
recv big obj:22.78M
recv big obj:22.78M
train -epoch~29,loss=0.017986679872945218,use time:441.3533847332001
recv big obj:22.78M
recv big obj:22.78M
recv big obj:22.78M
train -epoch~30,loss=0.011482267710964418,use time:440.08511877059937
recv big obj:22.78M
recv big obj:22.78M
recv big obj:22.78M
train -epoch~31,loss=0.007069396475950877,use time:439.7710552215576
recv big obj:22.78M
recv big obj:22.78M
recv big obj:22.78M
train -epoch~32,loss=0.0048025063749763276,use time:439.42597794532776
recv big obj:22.78M
recv big obj:22.78M
recv big obj:22.78M
train -epoch~33,loss=0.003645155256393776,use time:439.87856245040894
recv big obj:22.78M
recv big obj:22.78M
recv big obj:22.78M
train -epoch~34,loss=0.002903440730699662,use time:438.69688296318054
recv big obj:22.78M
recv big obj:22.78M
recv big obj:22.78M
train -epoch~35,loss=0.002310188383858744,use time:439.6225824356079
recv big obj:22.78M
recv big obj:22.78M
recv big obj:22.78M
train -epoch~36,loss=0.0018703400286742382,use time:439.72367668151855
recv big obj:22.78M
recv big obj:22.78M
recv big obj:22.78M
train -epoch~37,loss=0.0015671284744969993,use time:439.6254577636719
recv big obj:22.78M
recv big obj:22.78M
recv big obj:22.78M
train -epoch~38,loss=0.0012731422352651302,use time:439.5564184188843
recv big obj:22.78M
recv big obj:22.78M
recv big obj:22.78M
train -epoch~39,loss=0.0010041799677509187,use time:438.90502667427063
recv big obj:22.78M
recv big obj:22.78M
recv big obj:22.78M
train -epoch~40,loss=0.0007974392077284715,use time:440.12428402900696
recv big obj:22.78M
recv big obj:22.78M
recv big obj:22.78M
train -epoch~41,loss=0.0006480317712197327,use time:439.7689006328583
recv big obj:22.78M
recv big obj:22.78M
recv big obj:22.78M
train -epoch~42,loss=0.0005426288688785687,use time:440.13008308410645
recv big obj:22.78M
recv big obj:22.78M
recv big obj:22.78M
train -epoch~43,loss=0.0004669824010303651,use time:439.64344930648804
recv big obj:22.78M
recv big obj:22.78M
recv big obj:22.78M
train -epoch~44,loss=0.00040908836467336783,use time:439.20414423942566
recv big obj:22.78M
recv big obj:22.78M
recv big obj:22.78M
train -epoch~45,loss=0.0003591312064228439,use time:439.945681810379
recv big obj:22.78M
recv big obj:22.78M
recv big obj:22.78M
train -epoch~46,loss=0.0003093331311908668,use time:441.6763951778412
recv big obj:22.78M
recv big obj:22.78M
recv big obj:22.78M
train -epoch~47,loss=0.00026963959748674797,use time:439.7216913700104
recv big obj:22.78M
recv big obj:22.78M
recv big obj:22.78M
train -epoch~48,loss=0.00023881831936793584,use time:439.72360706329346
recv big obj:22.78M
recv big obj:22.78M
recv big obj:22.78M
train -epoch~49,loss=0.0002125900584555942,use time:438.8566257953644
recv big obj:22.78M
recv big obj:22.78M
recv big obj:22.78M
train -epoch~50,loss=0.00018693994534390521,use time:440.7037136554718
recv big obj:22.78M
recv big obj:22.78M
recv big obj:22.78M
train -epoch~51,loss=0.00016434438213998933,use time:442.21597719192505
recv big obj:22.78M
recv big obj:22.78M
recv big obj:22.78M
train -epoch~52,loss=0.00014610315180583073,use time:439.9709470272064
recv big obj:22.78M
recv big obj:22.78M
recv big obj:22.78M
train -epoch~53,loss=0.00013156707842348604,use time:439.6798770427704
recv big obj:22.78M
recv big obj:22.78M
recv big obj:22.78M
train -epoch~54,loss=0.00012114126935511941,use time:439.17809796333313
recv big obj:22.78M
recv big obj:22.78M
recv big obj:22.78M
train -epoch~55,loss=0.00011376289414107552,use time:440.0177309513092
recv big obj:22.78M
recv big obj:22.78M
recv big obj:22.78M
train -epoch~56,loss=0.00010814389627162736,use time:441.6742424964905
recv big obj:22.78M
recv big obj:22.78M
recv big obj:22.78M
train -epoch~57,loss=0.00010340143062715089,use time:439.5666422843933
recv big obj:22.78M
recv big obj:22.78M
recv big obj:22.78M
train -epoch~58,loss=9.96122670125827e-05,use time:439.676376581192
recv big obj:22.78M
recv big obj:22.78M
recv big obj:22.78M
train -epoch~59,loss=9.653126933790516e-05,use time:439.1314697265625
recv big obj:22.78M
recv big obj:22.78M
recv big obj:22.78M
train -epoch~60,loss=9.412851399651522e-05,use time:440.2121663093567
recv big obj:22.78M
recv big obj:22.78M
recv big obj:22.78M
train -epoch~61,loss=9.23581818632129e-05,use time:440.4643530845642
recv big obj:22.78M
recv big obj:22.78M
recv big obj:22.78M
train -epoch~62,loss=9.101554973065139e-05,use time:439.6319377422333
recv big obj:22.78M
recv big obj:22.78M
recv big obj:22.78M
train -epoch~63,loss=8.986890484738718e-05,use time:439.73518657684326
recv big obj:22.78M
recv big obj:22.78M
recv big obj:22.78M
train -epoch~64,loss=8.917274099858526e-05,use time:439.96275091171265
recv big obj:22.78M
recv big obj:22.78M
recv big obj:22.78M
train -epoch~65,loss=8.851976937263466e-05,use time:439.5471513271332
recv big obj:22.78M
recv big obj:22.78M
recv big obj:22.78M
train -epoch~66,loss=8.766988691236276e-05,use time:439.8993947505951
recv big obj:22.78M
recv big obj:22.78M
recv big obj:22.78M
train -epoch~67,loss=8.656942187228464e-05,use time:440.01360392570496
recv big obj:22.78M
recv big obj:22.78M
recv big obj:22.78M
train -epoch~68,loss=8.529122616800707e-05,use time:439.9081120491028
recv big obj:22.78M
recv big obj:22.78M
recv big obj:22.78M
train -epoch~69,loss=8.401867305752687e-05,use time:439.84776186943054
recv big obj:22.78M
recv big obj:22.78M
recv big obj:22.78M
train -epoch~70,loss=8.272818261480015e-05,use time:439.7512149810791
recv big obj:22.78M
recv big obj:22.78M
recv big obj:22.78M
train -epoch~71,loss=8.145849462517196e-05,use time:438.9242596626282
recv big obj:22.78M
recv big obj:22.78M
recv big obj:22.78M
train -epoch~72,loss=8.020949079304613e-05,use time:460.19413924217224
recv big obj:22.78M
recv big obj:22.78M
recv big obj:22.78M
train -epoch~73,loss=7.917105709390354e-05,use time:462.6475758552551
recv big obj:22.78M
recv big obj:22.78M
recv big obj:22.78M
train -epoch~74,loss=7.811782601115037e-05,use time:439.5921928882599
recv big obj:22.78M
recv big obj:22.78M
recv big obj:22.78M
train -epoch~75,loss=7.711821089154041e-05,use time:439.1342763900757
recv big obj:22.78M
recv big obj:22.78M
recv big obj:22.78M
train -epoch~76,loss=7.619528393749328e-05,use time:438.5534625053406
recv big obj:22.78M
recv big obj:22.78M
recv big obj:22.78M
train -epoch~77,loss=7.538080477440734e-05,use time:438.988965511322
recv big obj:22.78M
recv big obj:22.78M
recv big obj:22.78M
train -epoch~78,loss=7.45582465966162e-05,use time:438.7029347419739
recv big obj:22.78M
recv big obj:22.78M
recv big obj:22.78M
train -epoch~79,loss=7.386261677180875e-05,use time:439.19731736183167
recv big obj:22.78M
recv big obj:22.78M
recv big obj:22.78M
train -epoch~80,loss=7.323020694731054e-05,use time:438.8175096511841
recv big obj:22.78M
recv big obj:22.78M
recv big obj:22.78M
train -epoch~81,loss=7.269449445867984e-05,use time:438.18498969078064
recv big obj:22.78M
recv big obj:22.78M
recv big obj:22.78M
train -epoch~82,loss=7.221895316939077e-05,use time:439.3645167350769
recv big obj:22.78M
recv big obj:22.78M
recv big obj:22.78M
train -epoch~83,loss=7.17318588772857e-05,use time:441.79974389076233
recv big obj:22.78M
recv big obj:22.78M
recv big obj:22.78M
train -epoch~84,loss=7.122138442459523e-05,use time:438.8304224014282
recv big obj:22.78M
recv big obj:22.78M
recv big obj:22.78M
train -epoch~85,loss=7.072924967503883e-05,use time:439.0280923843384
recv big obj:22.78M
recv big obj:22.78M
recv big obj:22.78M
train -epoch~86,loss=7.028025451369123e-05,use time:438.23497891426086
recv big obj:22.78M
recv big obj:22.78M
recv big obj:22.78M
train -epoch~87,loss=6.992193211967837e-05,use time:439.22622632980347
recv big obj:22.78M
recv big obj:22.78M
recv big obj:22.78M
train -epoch~88,loss=6.961569475169848e-05,use time:440.59666204452515
recv big obj:22.78M
recv big obj:22.78M
recv big obj:22.78M
train -epoch~89,loss=6.930378393360203e-05,use time:439.001939535141
recv big obj:22.78M
recv big obj:22.78M
recv big obj:22.78M
train -epoch~90,loss=6.900697965168654e-05,use time:438.93535923957825
recv big obj:22.78M
recv big obj:22.78M
recv big obj:22.78M
train -epoch~91,loss=6.874560777078747e-05,use time:438.4988796710968
recv big obj:22.78M
recv big obj:22.78M
recv big obj:22.78M
train -epoch~92,loss=6.852816001670252e-05,use time:438.81261825561523
recv big obj:22.78M
recv big obj:22.78M
recv big obj:22.78M
train -epoch~93,loss=6.832477750494913e-05,use time:438.79566264152527
recv big obj:22.78M
recv big obj:22.78M
recv big obj:22.78M
train -epoch~94,loss=6.81451150140221e-05,use time:438.8268418312073
recv big obj:22.78M
recv big obj:22.78M
recv big obj:22.78M
train -epoch~95,loss=6.80138122666532e-05,use time:438.60294556617737
recv big obj:22.78M
recv big obj:22.78M
recv big obj:22.78M
train -epoch~96,loss=6.789569198715127e-05,use time:439.18694257736206
recv big obj:22.78M
recv big obj:22.78M
recv big obj:22.78M
train -epoch~97,loss=6.77910515978869e-05,use time:438.91307854652405
recv big obj:22.78M
recv big obj:22.78M
recv big obj:22.78M
train -epoch~98,loss=6.776790081251723e-05,use time:437.9602994918823
recv big obj:22.78M
recv big obj:22.78M
recv big obj:22.78M
train -epoch~99,loss=6.772872468095279e-05,use time:439.3718292713165
recv big obj:22.78M
recv big obj:22.78M
recv big obj:22.78M
train -epoch~100,loss=6.756629287553151e-05,use time:438.56408047676086
recv big obj:22.78M
recv big obj:22.78M
recv big obj:22.78M
train -epoch~101,loss=6.739698853174735e-05,use time:439.25271677970886
recv big obj:22.78M
recv big obj:22.78M
recv big obj:22.78M
train -epoch~102,loss=6.718854807155778e-05,use time:439.2362880706787
recv big obj:22.78M
recv big obj:22.78M
recv big obj:22.78M
train -epoch~103,loss=6.698755588660795e-05,use time:438.4759111404419
recv big obj:22.78M
recv big obj:22.78M
recv big obj:22.78M
train -epoch~104,loss=6.67948217753331e-05,use time:439.59003233909607
recv big obj:22.78M
recv big obj:22.78M
recv big obj:22.78M
train -epoch~105,loss=6.659474976431314e-05,use time:441.5586051940918
recv big obj:22.78M
recv big obj:22.78M
recv big obj:22.78M
train -epoch~106,loss=6.640901886394888e-05,use time:439.38040804862976
recv big obj:22.78M
recv big obj:22.78M
recv big obj:22.78M
train -epoch~107,loss=6.624655142719823e-05,use time:439.096107006073
recv big obj:22.78M
recv big obj:22.78M
recv big obj:22.78M
train -epoch~108,loss=6.608997849145851e-05,use time:438.3791472911835
recv big obj:22.78M
recv big obj:22.78M
recv big obj:22.78M
train -epoch~109,loss=6.591602097718983e-05,use time:439.42689323425293
recv big obj:22.78M
recv big obj:22.78M
recv big obj:22.78M
train -epoch~110,loss=6.575459230987031e-05,use time:440.43555879592896
recv big obj:22.78M
recv big obj:22.78M
recv big obj:22.78M
train -epoch~111,loss=6.560576478226735e-05,use time:439.0994327068329
recv big obj:22.78M
recv big obj:22.78M
recv big obj:22.78M
train -epoch~112,loss=6.539764161381076e-05,use time:439.50663018226624
recv big obj:22.78M
recv big obj:22.78M
recv big obj:22.78M
train -epoch~113,loss=6.52359967983927e-05,use time:439.1991286277771
recv big obj:22.78M
recv big obj:22.78M
recv big obj:22.78M
train -epoch~114,loss=6.504670556073034e-05,use time:439.0401682853699
recv big obj:22.78M
recv big obj:22.78M
recv big obj:22.78M
train -epoch~115,loss=6.485784866122736e-05,use time:439.4974889755249
recv big obj:22.78M
recv big obj:22.78M
recv big obj:22.78M
train -epoch~116,loss=6.466686149955207e-05,use time:439.01080417633057
recv big obj:22.78M
recv big obj:22.78M
recv big obj:22.78M
train -epoch~117,loss=6.450767380631475e-05,use time:438.4305753707886
recv big obj:22.78M
recv big obj:22.78M
recv big obj:22.78M
train -epoch~118,loss=6.435577725371141e-05,use time:438.6570043563843
recv big obj:22.78M
recv big obj:22.78M
recv big obj:22.78M
train -epoch~119,loss=6.421429957772228e-05,use time:438.66608452796936
recv big obj:22.78M
recv big obj:22.78M
recv big obj:22.78M
train -epoch~120,loss=6.406041106090658e-05,use time:438.8201518058777
recv big obj:22.78M
recv big obj:22.78M
recv big obj:22.78M
train -epoch~121,loss=6.390145094084677e-05,use time:439.26257610321045
recv big obj:22.78M
recv big obj:22.78M
recv big obj:22.78M
train -epoch~122,loss=6.373641206853686e-05,use time:438.83663392066956
recv big obj:22.78M
recv big obj:22.78M
recv big obj:22.78M
train -epoch~123,loss=6.359996855199273e-05,use time:438.600622177124
recv big obj:22.78M
recv big obj:22.78M
recv big obj:22.78M
train -epoch~124,loss=6.348294826949643e-05,use time:438.9995057582855
recv big obj:22.78M
recv big obj:22.78M
recv big obj:22.78M
train -epoch~125,loss=6.338229791889649e-05,use time:438.38650941848755
recv big obj:22.78M
recv big obj:22.78M
recv big obj:22.78M
train -epoch~126,loss=6.33065687532338e-05,use time:439.7285120487213
recv big obj:22.78M
recv big obj:22.78M
recv big obj:22.78M
train -epoch~127,loss=6.324000599544569e-05,use time:440.84910559654236
recv big obj:22.78M
recv big obj:22.78M
recv big obj:22.78M
train -epoch~128,loss=6.315893639424836e-05,use time:439.81604385375977
recv big obj:22.78M
recv big obj:22.78M
recv big obj:22.78M
train -epoch~129,loss=6.308748248218071e-05,use time:439.4949436187744
recv big obj:22.78M
recv big obj:22.78M
recv big obj:22.78M
train -epoch~130,loss=6.304678280160204e-05,use time:438.74924540519714
recv big obj:22.78M
recv big obj:22.78M
recv big obj:22.78M
train -epoch~131,loss=6.300265446291088e-05,use time:439.81819558143616
recv big obj:22.78M
recv big obj:22.78M
recv big obj:22.78M
train -epoch~132,loss=6.296475315474868e-05,use time:441.328453540802
recv big obj:22.78M
recv big obj:22.78M
recv big obj:22.78M
train -epoch~133,loss=6.295900710152819e-05,use time:439.4938645362854
recv big obj:22.78M
recv big obj:22.78M
recv big obj:22.78M
train -epoch~134,loss=6.295189582048015e-05,use time:439.38469767570496
recv big obj:22.78M
recv big obj:22.78M
recv big obj:22.78M
train -epoch~135,loss=6.294186372229809e-05,use time:438.8575053215027
recv big obj:22.78M
recv big obj:22.78M
recv big obj:22.78M
train -epoch~136,loss=6.29398606433433e-05,use time:439.7644510269165
recv big obj:22.78M
recv big obj:22.78M
recv big obj:22.78M
train -epoch~137,loss=6.294519054569057e-05,use time:467.48033475875854
recv big obj:22.78M
recv big obj:22.78M
recv big obj:22.78M
train -epoch~138,loss=6.296009309687918e-05,use time:439.35039377212524
recv big obj:22.78M
recv big obj:22.78M
recv big obj:22.78M
train -epoch~139,loss=6.298340648555824e-05,use time:439.2546033859253
recv big obj:22.78M
recv big obj:22.78M
recv big obj:22.78M
train -epoch~140,loss=6.300614817695122e-05,use time:438.7324390411377
recv big obj:22.78M
recv big obj:22.78M
recv big obj:22.78M
train -epoch~141,loss=6.304320535406814e-05,use time:466.0292522907257
recv big obj:22.78M
recv big obj:22.78M
recv big obj:22.78M
train -epoch~142,loss=6.306969247634045e-05,use time:467.6567575931549
recv big obj:22.78M
recv big obj:22.78M
recv big obj:22.78M
train -epoch~143,loss=6.309258602661795e-05,use time:487.47853422164917
recv big obj:22.78M
recv big obj:22.78M
recv big obj:22.78M
train -epoch~144,loss=6.312018606528443e-05,use time:446.9356541633606
recv big obj:22.78M
recv big obj:22.78M
recv big obj:22.78M
train -epoch~145,loss=6.317415373361465e-05,use time:509.7161841392517
recv big obj:22.78M
recv big obj:22.78M
recv big obj:22.78M
train -epoch~146,loss=6.320736689193051e-05,use time:438.1434335708618
recv big obj:22.78M
recv big obj:22.78M
recv big obj:22.78M
train -epoch~147,loss=6.325886190560559e-05,use time:437.30337500572205
recv big obj:22.78M
recv big obj:22.78M
recv big obj:22.78M
train -epoch~148,loss=6.334318849143379e-05,use time:438.7740089893341
recv big obj:22.78M
recv big obj:22.78M
recv big obj:22.78M
train -epoch~149,loss=6.340978476035285e-05,use time:438.09671425819397
recv big obj:22.78M
recv big obj:22.78M
recv big obj:22.78M
train -epoch~150,loss=6.348082615431035e-05,use time:439.0079035758972
recv big obj:22.78M
recv big obj:22.78M
recv big obj:22.78M
train -epoch~151,loss=6.355021606496949e-05,use time:437.8947434425354
recv big obj:22.78M
recv big obj:22.78M
recv big obj:22.78M
train -epoch~152,loss=6.357934478493858e-05,use time:436.9543688297272
recv big obj:22.78M
recv big obj:22.78M
recv big obj:22.78M
train -epoch~153,loss=6.362277823316741e-05,use time:438.0720999240875
recv big obj:22.78M
recv big obj:22.78M
recv big obj:22.78M
train -epoch~154,loss=6.369916022956325e-05,use time:440.2073049545288
recv big obj:22.78M
recv big obj:22.78M
recv big obj:22.78M
train -epoch~155,loss=6.379594786814915e-05,use time:438.1060001850128
recv big obj:22.78M
recv big obj:22.78M
recv big obj:22.78M
train -epoch~156,loss=6.39000864640858e-05,use time:436.36601400375366
recv big obj:22.78M
recv big obj:22.78M
recv big obj:22.78M
train -epoch~157,loss=6.400481262880604e-05,use time:433.48640298843384
recv big obj:22.78M
recv big obj:22.78M
recv big obj:22.78M
train -epoch~158,loss=6.413357581921993e-05,use time:433.59440636634827
recv big obj:22.78M
recv big obj:22.78M
recv big obj:22.78M
train -epoch~159,loss=6.423410168314005e-05,use time:433.8003776073456
recv big obj:22.78M
recv big obj:22.78M
recv big obj:22.78M
train -epoch~160,loss=6.435400523726434e-05,use time:433.8654839992523
recv big obj:22.78M
recv big obj:22.78M
recv big obj:22.78M
train -epoch~161,loss=6.447406085368703e-05,use time:433.5518887042999
recv big obj:22.78M
recv big obj:22.78M
recv big obj:22.78M
train -epoch~162,loss=6.459436376400102e-05,use time:433.5351665019989
recv big obj:22.78M
recv big obj:22.78M
recv big obj:22.78M
train -epoch~163,loss=6.472427523091994e-05,use time:433.53941011428833
recv big obj:22.78M
recv big obj:22.78M
recv big obj:22.78M
train -epoch~164,loss=6.484576923896618e-05,use time:433.3448085784912
recv big obj:22.78M
recv big obj:22.78M
recv big obj:22.78M
train -epoch~165,loss=6.496303161004505e-05,use time:433.6813039779663
recv big obj:22.78M
recv big obj:22.78M
recv big obj:22.78M
train -epoch~166,loss=6.508792688574401e-05,use time:433.50745677948
recv big obj:22.78M
recv big obj:22.78M
recv big obj:22.78M
train -epoch~167,loss=6.522494356258936e-05,use time:433.3081123828888
recv big obj:22.78M
recv big obj:22.78M
recv big obj:22.78M
train -epoch~168,loss=6.534825339147698e-05,use time:433.23342418670654
recv big obj:22.78M
recv big obj:22.78M
recv big obj:22.78M
train -epoch~169,loss=6.546778364724973e-05,use time:433.14629435539246
recv big obj:22.78M
recv big obj:22.78M
recv big obj:22.78M
train -epoch~170,loss=6.560720598256702e-05,use time:433.2833318710327
recv big obj:22.78M
recv big obj:22.78M
recv big obj:22.78M
train -epoch~171,loss=6.57260660548389e-05,use time:433.2864634990692
recv big obj:22.78M
recv big obj:22.78M
recv big obj:22.78M
train -epoch~172,loss=6.585148608094618e-05,use time:433.521226644516
recv big obj:22.78M
recv big obj:22.78M
recv big obj:22.78M
train -epoch~173,loss=6.597543667655983e-05,use time:433.1966073513031
recv big obj:22.78M
recv big obj:22.78M
recv big obj:22.78M
train -epoch~174,loss=6.61042057138185e-05,use time:433.5039482116699
recv big obj:22.78M
recv big obj:22.78M
recv big obj:22.78M
train -epoch~175,loss=6.621976350014779e-05,use time:433.4448285102844
recv big obj:22.78M
recv big obj:22.78M
recv big obj:22.78M
train -epoch~176,loss=6.63496433544652e-05,use time:433.5834574699402
recv big obj:22.78M
recv big obj:22.78M
recv big obj:22.78M
train -epoch~177,loss=6.647951789915905e-05,use time:433.48069190979004
recv big obj:22.78M
recv big obj:22.78M
recv big obj:22.78M
train -epoch~178,loss=6.661212306119598e-05,use time:433.42302227020264
recv big obj:22.78M
recv big obj:22.78M
recv big obj:22.78M
train -epoch~179,loss=6.67494405662903e-05,use time:433.0884530544281
recv big obj:22.78M
recv big obj:22.78M
recv big obj:22.78M
train -epoch~180,loss=6.688460598133945e-05,use time:433.4242477416992
recv big obj:22.78M
recv big obj:22.78M
recv big obj:22.78M
train -epoch~181,loss=6.702232360933727e-05,use time:433.3505837917328
recv big obj:22.78M
recv big obj:22.78M
recv big obj:22.78M
train -epoch~182,loss=6.715412218322707e-05,use time:433.31368923187256
recv big obj:22.78M
recv big obj:22.78M
recv big obj:22.78M
train -epoch~183,loss=6.729440579633563e-05,use time:433.2565903663635
recv big obj:22.78M
recv big obj:22.78M
recv big obj:22.78M
train -epoch~184,loss=6.742698841855116e-05,use time:434.88939332962036
recv big obj:22.78M
recv big obj:22.78M
recv big obj:22.78M
train -epoch~185,loss=6.755360757984641e-05,use time:434.11453437805176
recv big obj:22.78M
recv big obj:22.78M
recv big obj:22.78M
train -epoch~186,loss=6.76861004026625e-05,use time:433.999299287796
recv big obj:22.78M
recv big obj:22.78M
recv big obj:22.78M
train -epoch~187,loss=6.781856730585754e-05,use time:434.0867371559143
recv big obj:22.78M
recv big obj:22.78M
recv big obj:22.78M
train -epoch~188,loss=6.794643845865219e-05,use time:434.12364077568054
recv big obj:22.78M
recv big obj:22.78M
recv big obj:22.78M
train -epoch~189,loss=6.807700580229656e-05,use time:434.3397135734558
recv big obj:22.78M
recv big obj:22.78M
recv big obj:22.78M
train -epoch~190,loss=6.820642294221988e-05,use time:434.12189197540283
recv big obj:22.78M
recv big obj:22.78M
recv big obj:22.78M
train -epoch~191,loss=6.834157258747846e-05,use time:434.18863701820374
recv big obj:22.78M
recv big obj:22.78M
recv big obj:22.78M
train -epoch~192,loss=6.847621060513114e-05,use time:434.18291115760803
recv big obj:22.78M
recv big obj:22.78M
recv big obj:22.78M
train -epoch~193,loss=6.860160187425469e-05,use time:434.2482855319977
recv big obj:22.78M
recv big obj:22.78M
recv big obj:22.78M
train -epoch~194,loss=6.8737064017981e-05,use time:434.30990195274353
recv big obj:22.78M
recv big obj:22.78M
recv big obj:22.78M
train -epoch~195,loss=6.885998867488447e-05,use time:434.0454263687134
recv big obj:22.78M
recv big obj:22.78M
recv big obj:22.78M
train -epoch~196,loss=6.898158564946638e-05,use time:434.31480836868286
recv big obj:22.78M
recv big obj:22.78M
recv big obj:22.78M
train -epoch~197,loss=6.912618619254223e-05,use time:434.4550287723541
recv big obj:22.78M
recv big obj:22.78M
recv big obj:22.78M
train -epoch~198,loss=6.925118137574521e-05,use time:434.52783584594727
recv big obj:22.78M
recv big obj:22.78M
recv big obj:22.78M
train -epoch~199,loss=6.938409202368713e-05,use time:434.0848162174225
recv big obj:22.78M
recv big obj:22.78M
recv big obj:22.78M
train -epoch~200,loss=6.951936874002483e-05,use time:434.4825048446655
recv big obj:22.78M
recv big obj:22.78M
recv big obj:22.78M
train -epoch~201,loss=6.964623142683905e-05,use time:434.4222946166992
recv big obj:22.78M
recv big obj:22.78M
recv big obj:22.78M
train -epoch~202,loss=6.977581879809186e-05,use time:434.4103112220764
recv big obj:22.78M
recv big obj:22.78M
recv big obj:22.78M
train -epoch~203,loss=6.991312854738046e-05,use time:434.48107719421387
recv big obj:22.78M
recv big obj:22.78M
recv big obj:22.78M
train -epoch~204,loss=7.003896343607312e-05,use time:434.26067185401917
recv big obj:22.78M
recv big obj:22.78M
recv big obj:22.78M
train -epoch~205,loss=7.016872765742974e-05,use time:434.85612630844116
recv big obj:22.78M
recv big obj:22.78M
recv big obj:22.78M
train -epoch~206,loss=7.027760482898924e-05,use time:434.2906711101532
recv big obj:22.78M
recv big obj:22.78M
recv big obj:22.78M
train -epoch~207,loss=7.03942768043533e-05,use time:434.37937808036804
recv big obj:22.78M
recv big obj:22.78M
recv big obj:22.78M
train -epoch~208,loss=7.052563555051713e-05,use time:434.78370237350464
recv big obj:22.78M
recv big obj:22.78M
recv big obj:22.78M
train -epoch~209,loss=7.06518277539254e-05,use time:434.3142671585083
recv big obj:22.78M
recv big obj:22.78M
recv big obj:22.78M
train -epoch~210,loss=7.076951777136895e-05,use time:434.5380530357361
recv big obj:22.78M
recv big obj:22.78M
recv big obj:22.78M
train -epoch~211,loss=7.090425827049342e-05,use time:434.24806237220764
recv big obj:22.78M
recv big obj:22.78M
recv big obj:22.78M
train -epoch~212,loss=7.103432584451729e-05,use time:434.36725544929504
recv big obj:22.78M
recv big obj:22.78M
recv big obj:22.78M
train -epoch~213,loss=7.116956818651902e-05,use time:434.6935305595398
recv big obj:22.78M
recv big obj:22.78M
recv big obj:22.78M
train -epoch~214,loss=7.129206715296039e-05,use time:434.48844146728516
recv big obj:22.78M
recv big obj:22.78M
recv big obj:22.78M
train -epoch~215,loss=7.140405286918395e-05,use time:434.5106236934662
recv big obj:22.78M
recv big obj:22.78M
recv big obj:22.78M
train -epoch~216,loss=7.153334071090709e-05,use time:434.4530236721039
recv big obj:22.78M
recv big obj:22.78M
recv big obj:22.78M
train -epoch~217,loss=7.166427680738537e-05,use time:434.36955165863037
recv big obj:22.78M
recv big obj:22.78M
recv big obj:22.78M
train -epoch~218,loss=7.178501163314741e-05,use time:434.4976062774658
recv big obj:22.78M
recv big obj:22.78M
recv big obj:22.78M
train -epoch~219,loss=7.190172562651474e-05,use time:434.2229816913605
recv big obj:22.78M
recv big obj:22.78M
recv big obj:22.78M
train -epoch~220,loss=7.201547569204723e-05,use time:434.4838659763336
recv big obj:22.78M
recv big obj:22.78M
recv big obj:22.78M
train -epoch~221,loss=7.213079287106419e-05,use time:434.58896708488464
recv big obj:22.78M
recv big obj:22.78M
recv big obj:22.78M
train -epoch~222,loss=7.223632063507603e-05,use time:434.418737411499
recv big obj:22.78M
recv big obj:22.78M
recv big obj:22.78M
train -epoch~223,loss=7.235012714534925e-05,use time:434.5348241329193
recv big obj:22.78M
recv big obj:22.78M
recv big obj:22.78M
train -epoch~224,loss=7.246289747059061e-05,use time:434.5690007209778
recv big obj:22.78M
recv big obj:22.78M
recv big obj:22.78M
train -epoch~225,loss=7.256920309445243e-05,use time:434.60805201530457
recv big obj:22.78M
recv big obj:22.78M
recv big obj:22.78M
train -epoch~226,loss=7.266496718835292e-05,use time:434.64822244644165
recv big obj:22.78M
recv big obj:22.78M
recv big obj:22.78M
train -epoch~227,loss=7.277516779662143e-05,use time:434.50521540641785
recv big obj:22.78M
recv big obj:22.78M
recv big obj:22.78M
train -epoch~228,loss=7.286653026214911e-05,use time:433.8998544216156
recv big obj:22.78M
recv big obj:22.78M
recv big obj:22.78M
train -epoch~229,loss=7.295254007166278e-05,use time:434.0841944217682
recv big obj:22.78M
recv big obj:22.78M
recv big obj:22.78M
train -epoch~230,loss=7.30517607617883e-05,use time:434.28691053390503
recv big obj:22.78M
recv big obj:22.78M
recv big obj:22.78M
train -epoch~231,loss=7.314549695763413e-05,use time:433.9640955924988
recv big obj:22.78M
recv big obj:22.78M
recv big obj:22.78M
train -epoch~232,loss=7.323754430983439e-05,use time:434.10447812080383
recv big obj:22.78M
recv big obj:22.78M
recv big obj:22.78M
train -epoch~233,loss=7.33144818008193e-05,use time:434.1591498851776
recv big obj:22.78M
recv big obj:22.78M
recv big obj:22.78M
train -epoch~234,loss=7.338866784540255e-05,use time:434.0914797782898
recv big obj:22.78M
recv big obj:22.78M
recv big obj:22.78M
train -epoch~235,loss=7.347001811079715e-05,use time:434.0944893360138
recv big obj:22.78M
recv big obj:22.78M
recv big obj:22.78M
train -epoch~236,loss=7.35417899587417e-05,use time:434.05660939216614
recv big obj:22.78M
recv big obj:22.78M
recv big obj:22.78M
train -epoch~237,loss=7.360786539948909e-05,use time:434.0251672267914
recv big obj:22.78M
recv big obj:22.78M
recv big obj:22.78M
train -epoch~238,loss=7.367622096366482e-05,use time:434.227819442749
recv big obj:22.78M
recv big obj:22.78M
recv big obj:22.78M
train -epoch~239,loss=7.374135754248512e-05,use time:434.2027359008789
recv big obj:22.78M
recv big obj:22.78M
recv big obj:22.78M
train -epoch~240,loss=7.380941783839096e-05,use time:434.2468047142029
recv big obj:22.78M
recv big obj:22.78M
recv big obj:22.78M
train -epoch~241,loss=7.38781279164298e-05,use time:434.23342061042786
recv big obj:22.78M
recv big obj:22.78M
recv big obj:22.78M
train -epoch~242,loss=7.392795301959633e-05,use time:434.8058042526245
recv big obj:22.78M
recv big obj:22.78M
recv big obj:22.78M
train -epoch~243,loss=7.40088419866703e-05,use time:435.33173537254333
recv big obj:22.78M
recv big obj:22.78M
recv big obj:22.78M
train -epoch~244,loss=7.408184852550394e-05,use time:435.7031788825989
recv big obj:22.78M
recv big obj:22.78M
recv big obj:22.78M
train -epoch~245,loss=7.416612660234016e-05,use time:435.8116087913513
recv big obj:22.78M
recv big obj:22.78M
recv big obj:22.78M
train -epoch~246,loss=7.423885104264796e-05,use time:435.67235374450684
recv big obj:22.78M
recv big obj:22.78M
recv big obj:22.78M
train -epoch~247,loss=7.433160741475084e-05,use time:434.8907494544983
recv big obj:22.78M
recv big obj:22.78M
recv big obj:22.78M
train -epoch~248,loss=7.442189729198777e-05,use time:434.12887167930603
recv big obj:22.78M
recv big obj:22.78M
recv big obj:22.78M
train -epoch~249,loss=7.451734185921058e-05,use time:434.7091476917267
fl-fednas gives "opt supermask:[4, 7, 19, 17, 19, 19, 10, 2]" on corafull.
