controller configures over, waiting for connect request from clients
controller broadcasts datasetname:Physics over
controller broadcasts model over
recv big obj:22.34M
recv big obj:22.34M
recv big obj:22.34M
recv big obj:22.34M
recv big obj:22.34M
recv big obj:22.34M
recv big obj:22.34M
recv big obj:22.34M
train -epoch~0,loss=1.6229205775260924,use time:702.3856394290924
recv big obj:22.34M
recv big obj:22.34M
recv big obj:22.34M
recv big obj:22.34M
recv big obj:22.34M
recv big obj:22.34M
recv big obj:22.34M
recv big obj:22.34M
train -epoch~1,loss=3.0723642396926882,use time:682.3031687736511
recv big obj:22.34M
recv big obj:22.34M
recv big obj:22.34M
recv big obj:22.34M
recv big obj:22.34M
recv big obj:22.34M
recv big obj:22.34M
recv big obj:22.34M
train -epoch~2,loss=2.9496911227703095,use time:683.9176027774811
recv big obj:22.34M
recv big obj:22.34M
recv big obj:22.34M
recv big obj:22.34M
recv big obj:22.34M
recv big obj:22.34M
recv big obj:22.34M
recv big obj:22.34M
train -epoch~3,loss=3.179878351688385,use time:683.1351532936096
recv big obj:22.34M
recv big obj:22.34M
recv big obj:22.34M
recv big obj:22.34M
recv big obj:22.34M
recv big obj:22.34M
recv big obj:22.34M
recv big obj:22.34M
train -epoch~4,loss=1.3248629397153853,use time:685.891438961029
recv big obj:22.34M
recv big obj:22.34M
recv big obj:22.34M
recv big obj:22.34M
recv big obj:22.34M
recv big obj:22.34M
recv big obj:22.34M
recv big obj:22.34M
train -epoch~5,loss=0.9854984080791475,use time:690.1186521053314
recv big obj:22.34M
recv big obj:22.34M
recv big obj:22.34M
recv big obj:22.34M
recv big obj:22.34M
recv big obj:22.34M
recv big obj:22.34M
recv big obj:22.34M
train -epoch~6,loss=0.562969092577696,use time:692.6577990055084
recv big obj:22.34M
recv big obj:22.34M
recv big obj:22.34M
recv big obj:22.34M
recv big obj:22.34M
recv big obj:22.34M
recv big obj:22.34M
recv big obj:22.34M
train -epoch~7,loss=0.4269404111802578,use time:689.1691312789917
recv big obj:22.34M
recv big obj:22.34M
recv big obj:22.34M
recv big obj:22.34M
recv big obj:22.34M
recv big obj:22.34M
recv big obj:22.34M
recv big obj:22.34M
train -epoch~8,loss=0.2400439874082804,use time:772.0660734176636
recv big obj:22.34M
recv big obj:22.34M
recv big obj:22.34M
recv big obj:22.34M
recv big obj:22.34M
recv big obj:22.34M
recv big obj:22.34M
recv big obj:22.34M
train -epoch~9,loss=0.2690064140409231,use time:855.1603298187256
recv big obj:22.34M
recv big obj:22.34M
recv big obj:22.34M
recv big obj:22.34M
recv big obj:22.34M
recv big obj:22.34M
recv big obj:22.34M
recv big obj:22.34M
train -epoch~10,loss=0.1794763819966465,use time:853.8737254142761
recv big obj:22.34M
recv big obj:22.34M
recv big obj:22.34M
recv big obj:22.34M
recv big obj:22.34M
recv big obj:22.34M
recv big obj:22.34M
recv big obj:22.34M
train -epoch~11,loss=0.12664843220263722,use time:854.467246055603
recv big obj:22.34M
recv big obj:22.34M
recv big obj:22.34M
recv big obj:22.34M
recv big obj:22.34M
recv big obj:22.34M
recv big obj:22.34M
recv big obj:22.34M
train -epoch~12,loss=0.0799210679391399,use time:853.7001061439514
recv big obj:22.34M
recv big obj:22.34M
recv big obj:22.34M
recv big obj:22.34M
recv big obj:22.34M
recv big obj:22.34M
recv big obj:22.34M
recv big obj:22.34M
train -epoch~13,loss=0.047190578423906115,use time:686.6258010864258
recv big obj:22.34M
recv big obj:22.34M
recv big obj:22.34M
recv big obj:22.34M
recv big obj:22.34M
recv big obj:22.34M
recv big obj:22.34M
recv big obj:22.34M
train -epoch~14,loss=0.047829550295136865,use time:697.985221862793
recv big obj:22.34M
recv big obj:22.34M
recv big obj:22.34M
recv big obj:22.34M
recv big obj:22.34M
recv big obj:22.34M
recv big obj:22.34M
recv big obj:22.34M
train -epoch~15,loss=0.0741910121869296,use time:688.729163646698
recv big obj:22.34M
recv big obj:22.34M
recv big obj:22.34M
recv big obj:22.34M
recv big obj:22.34M
recv big obj:22.34M
recv big obj:22.34M
recv big obj:22.34M
train -epoch~16,loss=0.01840214105730411,use time:689.3348820209503
recv big obj:22.34M
recv big obj:22.34M
recv big obj:22.34M
recv big obj:22.34M
recv big obj:22.34M
recv big obj:22.34M
recv big obj:22.34M
recv big obj:22.34M
train -epoch~17,loss=0.03075526758097112,use time:696.3793182373047
recv big obj:22.34M
recv big obj:22.34M
recv big obj:22.34M
recv big obj:22.34M
recv big obj:22.34M
recv big obj:22.34M
recv big obj:22.34M
recv big obj:22.34M
train -epoch~18,loss=0.012151430993399118,use time:682.218023777008
recv big obj:22.34M
recv big obj:22.34M
recv big obj:22.34M
recv big obj:22.34M
recv big obj:22.34M
recv big obj:22.34M
recv big obj:22.34M
recv big obj:22.34M
train -epoch~19,loss=0.00943336118318257,use time:686.6916296482086
recv big obj:22.34M
recv big obj:22.34M
recv big obj:22.34M
recv big obj:22.34M
recv big obj:22.34M
recv big obj:22.34M
recv big obj:22.34M
recv big obj:22.34M
train -epoch~20,loss=0.016174594929252637,use time:688.5672836303711
recv big obj:22.34M
recv big obj:22.34M
recv big obj:22.34M
recv big obj:22.34M
recv big obj:22.34M
recv big obj:22.34M
recv big obj:22.34M
recv big obj:22.34M
train -epoch~21,loss=0.0066296860529837425,use time:690.4763243198395
recv big obj:22.34M
recv big obj:22.34M
recv big obj:22.34M
recv big obj:22.34M
recv big obj:22.34M
recv big obj:22.34M
recv big obj:22.34M
recv big obj:22.34M
train -epoch~22,loss=0.0030845863828290023,use time:690.552321434021
recv big obj:22.34M
recv big obj:22.34M
recv big obj:22.34M
recv big obj:22.34M
recv big obj:22.34M
recv big obj:22.34M
recv big obj:22.34M
recv big obj:22.34M
train -epoch~23,loss=0.006388460582238621,use time:689.1895475387573
recv big obj:22.34M
recv big obj:22.34M
recv big obj:22.34M
recv big obj:22.34M
recv big obj:22.34M
recv big obj:22.34M
recv big obj:22.34M
recv big obj:22.34M
train -epoch~24,loss=0.004105615559674334,use time:678.621440410614
recv big obj:22.34M
recv big obj:22.34M
recv big obj:22.34M
recv big obj:22.34M
recv big obj:22.34M
recv big obj:22.34M
recv big obj:22.34M
recv big obj:22.34M
train -epoch~25,loss=0.001424215457518585,use time:669.4653000831604
recv big obj:22.34M
recv big obj:22.34M
recv big obj:22.34M
recv big obj:22.34M
recv big obj:22.34M
recv big obj:22.34M
recv big obj:22.34M
recv big obj:22.34M
train -epoch~26,loss=0.0014681719965301454,use time:660.9337034225464
recv big obj:22.34M
recv big obj:22.34M
recv big obj:22.34M
recv big obj:22.34M
recv big obj:22.34M
recv big obj:22.34M
recv big obj:22.34M
recv big obj:22.34M
train -epoch~27,loss=0.002447002538829111,use time:672.7565248012543
recv big obj:22.34M
recv big obj:22.34M
recv big obj:22.34M
recv big obj:22.34M
recv big obj:22.34M
recv big obj:22.34M
recv big obj:22.34M
recv big obj:22.34M
train -epoch~28,loss=0.002588664281065576,use time:682.6288871765137
recv big obj:22.34M
recv big obj:22.34M
recv big obj:22.34M
recv big obj:22.34M
recv big obj:22.34M
recv big obj:22.34M
recv big obj:22.34M
recv big obj:22.34M
train -epoch~29,loss=0.0013892241341090994,use time:675.3768548965454
recv big obj:22.34M
recv big obj:22.34M
recv big obj:22.34M
recv big obj:22.34M
recv big obj:22.34M
recv big obj:22.34M
recv big obj:22.34M
recv big obj:22.34M
train -epoch~30,loss=0.0006635106342946529,use time:663.3940858840942
recv big obj:22.34M
recv big obj:22.34M
recv big obj:22.34M
recv big obj:22.34M
recv big obj:22.34M
recv big obj:22.34M
recv big obj:22.34M
recv big obj:22.34M
train -epoch~31,loss=0.0004737463541823672,use time:669.8997597694397
recv big obj:22.34M
recv big obj:22.34M
recv big obj:22.34M
recv big obj:22.34M
recv big obj:22.34M
recv big obj:22.34M
recv big obj:22.34M
recv big obj:22.34M
train -epoch~32,loss=0.0005329077700844209,use time:672.762095451355
recv big obj:22.34M
recv big obj:22.34M
recv big obj:22.34M
recv big obj:22.34M
recv big obj:22.34M
recv big obj:22.34M
recv big obj:22.34M
recv big obj:22.34M
train -epoch~33,loss=0.0007206614744973194,use time:674.3664135932922
recv big obj:22.34M
recv big obj:22.34M
recv big obj:22.34M
recv big obj:22.34M
recv big obj:22.34M
recv big obj:22.34M
recv big obj:22.34M
recv big obj:22.34M
train -epoch~34,loss=0.0007424244054527663,use time:679.4700880050659
recv big obj:22.34M
recv big obj:22.34M
recv big obj:22.34M
recv big obj:22.34M
recv big obj:22.34M
recv big obj:22.34M
recv big obj:22.34M
recv big obj:22.34M
train -epoch~35,loss=0.0005157665534443367,use time:680.6944239139557
recv big obj:22.34M
recv big obj:22.34M
recv big obj:22.34M
recv big obj:22.34M
recv big obj:22.34M
recv big obj:22.34M
recv big obj:22.34M
recv big obj:22.34M
train -epoch~36,loss=0.0002914207719823026,use time:674.7848329544067
recv big obj:22.34M
recv big obj:22.34M
recv big obj:22.34M
recv big obj:22.34M
recv big obj:22.34M
recv big obj:22.34M
recv big obj:22.34M
recv big obj:22.34M
train -epoch~37,loss=0.00019843467357077315,use time:764.8960580825806
recv big obj:22.34M
recv big obj:22.34M
recv big obj:22.34M
recv big obj:22.34M
recv big obj:22.34M
recv big obj:22.34M
recv big obj:22.34M
recv big obj:22.34M
train -epoch~38,loss=0.0001693737883283575,use time:681.9889922142029
recv big obj:22.34M
recv big obj:22.34M
recv big obj:22.34M
recv big obj:22.34M
recv big obj:22.34M
recv big obj:22.34M
recv big obj:22.34M
recv big obj:22.34M
train -epoch~39,loss=0.00016786060491313036,use time:674.4927587509155
recv big obj:22.34M
recv big obj:22.34M
recv big obj:22.34M
recv big obj:22.34M
recv big obj:22.34M
recv big obj:22.34M
recv big obj:22.34M
recv big obj:22.34M
train -epoch~40,loss=0.0001648779929973898,use time:826.0837652683258
recv big obj:22.34M
recv big obj:22.34M
recv big obj:22.34M
recv big obj:22.34M
recv big obj:22.34M
recv big obj:22.34M
recv big obj:22.34M
recv big obj:22.34M
train -epoch~41,loss=0.00015516805897050292,use time:826.5833201408386
recv big obj:22.34M
recv big obj:22.34M
recv big obj:22.34M
recv big obj:22.34M
recv big obj:22.34M
recv big obj:22.34M
recv big obj:22.34M
recv big obj:22.34M
train -epoch~42,loss=0.00014395231428579791,use time:826.5164465904236
recv big obj:22.34M
recv big obj:22.34M
recv big obj:22.34M
recv big obj:22.34M
recv big obj:22.34M
recv big obj:22.34M
recv big obj:22.34M
recv big obj:22.34M
train -epoch~43,loss=0.00012781897925947305,use time:826.6314861774445
recv big obj:22.34M
recv big obj:22.34M
recv big obj:22.34M
recv big obj:22.34M
recv big obj:22.34M
recv big obj:22.34M
recv big obj:22.34M
recv big obj:22.34M
train -epoch~44,loss=0.00010734106108202468,use time:783.9866845607758
recv big obj:22.34M
recv big obj:22.34M
recv big obj:22.34M
recv big obj:22.34M
recv big obj:22.34M
recv big obj:22.34M
recv big obj:22.34M
recv big obj:22.34M
train -epoch~45,loss=8.425258478496288e-05,use time:659.1790988445282
recv big obj:22.34M
recv big obj:22.34M
recv big obj:22.34M
recv big obj:22.34M
recv big obj:22.34M
recv big obj:22.34M
recv big obj:22.34M
recv big obj:22.34M
train -epoch~46,loss=6.614617190507488e-05,use time:659.675217628479
recv big obj:22.34M
recv big obj:22.34M
recv big obj:22.34M
recv big obj:22.34M
recv big obj:22.34M
recv big obj:22.34M
recv big obj:22.34M
recv big obj:22.34M
train -epoch~47,loss=5.5083810431142416e-05,use time:660.8713941574097
recv big obj:22.34M
recv big obj:22.34M
recv big obj:22.34M
recv big obj:22.34M
recv big obj:22.34M
recv big obj:22.34M
recv big obj:22.34M
recv big obj:22.34M
train -epoch~48,loss=4.7073124787857525e-05,use time:659.7251522541046
recv big obj:22.34M
recv big obj:22.34M
recv big obj:22.34M
recv big obj:22.34M
recv big obj:22.34M
recv big obj:22.34M
recv big obj:22.34M
recv big obj:22.34M
train -epoch~49,loss=4.122977680935947e-05,use time:785.3874478340149
recv big obj:22.34M
recv big obj:22.34M
recv big obj:22.34M
recv big obj:22.34M
recv big obj:22.34M
recv big obj:22.34M
recv big obj:22.34M
recv big obj:22.34M
train -epoch~50,loss=3.703353919149777e-05,use time:829.07994389534
recv big obj:22.34M
recv big obj:22.34M
recv big obj:22.34M
recv big obj:22.34M
recv big obj:22.34M
recv big obj:22.34M
recv big obj:22.34M
recv big obj:22.34M
train -epoch~51,loss=3.416353394868566e-05,use time:667.190393447876
recv big obj:22.34M
recv big obj:22.34M
recv big obj:22.34M
recv big obj:22.34M
recv big obj:22.34M
recv big obj:22.34M
recv big obj:22.34M
recv big obj:22.34M
train -epoch~52,loss=3.232789064327335e-05,use time:666.9062604904175
recv big obj:22.34M
recv big obj:22.34M
recv big obj:22.34M
recv big obj:22.34M
recv big obj:22.34M
recv big obj:22.34M
recv big obj:22.34M
recv big obj:22.34M
train -epoch~53,loss=3.128846519075523e-05,use time:666.2976665496826
recv big obj:22.34M
recv big obj:22.34M
recv big obj:22.34M
recv big obj:22.34M
recv big obj:22.34M
recv big obj:22.34M
recv big obj:22.34M
recv big obj:22.34M
train -epoch~54,loss=3.083229382127684e-05,use time:665.347814321518
recv big obj:22.34M
recv big obj:22.34M
recv big obj:22.34M
recv big obj:22.34M
recv big obj:22.34M
recv big obj:22.34M
recv big obj:22.34M
recv big obj:22.34M
train -epoch~55,loss=3.075931844136903e-05,use time:666.5679838657379
recv big obj:22.34M
recv big obj:22.34M
recv big obj:22.34M
recv big obj:22.34M
recv big obj:22.34M
recv big obj:22.34M
recv big obj:22.34M
recv big obj:22.34M
train -epoch~56,loss=3.098443100611803e-05,use time:667.607100725174
recv big obj:22.34M
recv big obj:22.34M
recv big obj:22.34M
recv big obj:22.34M
recv big obj:22.34M
recv big obj:22.34M
recv big obj:22.34M
recv big obj:22.34M
train -epoch~57,loss=3.1389503092214e-05,use time:667.3677563667297
recv big obj:22.34M
recv big obj:22.34M
recv big obj:22.34M
recv big obj:22.34M
recv big obj:22.34M
recv big obj:22.34M
recv big obj:22.34M
recv big obj:22.34M
train -epoch~58,loss=3.177580212422981e-05,use time:665.6652340888977
recv big obj:22.34M
recv big obj:22.34M
recv big obj:22.34M
recv big obj:22.34M
recv big obj:22.34M
recv big obj:22.34M
recv big obj:22.34M
recv big obj:22.34M
train -epoch~59,loss=3.208157010476498e-05,use time:666.1294932365417
recv big obj:22.34M
recv big obj:22.34M
recv big obj:22.34M
recv big obj:22.34M
recv big obj:22.34M
recv big obj:22.34M
recv big obj:22.34M
recv big obj:22.34M
train -epoch~60,loss=3.2259934208695995e-05,use time:666.0313313007355
recv big obj:22.34M
recv big obj:22.34M
recv big obj:22.34M
recv big obj:22.34M
recv big obj:22.34M
recv big obj:22.34M
recv big obj:22.34M
recv big obj:22.34M
train -epoch~61,loss=3.2235295151394894e-05,use time:666.6864266395569
recv big obj:22.34M
recv big obj:22.34M
recv big obj:22.34M
recv big obj:22.34M
recv big obj:22.34M
recv big obj:22.34M
recv big obj:22.34M
recv big obj:22.34M
train -epoch~62,loss=3.205714371688373e-05,use time:667.1078505516052
recv big obj:22.34M
recv big obj:22.34M
recv big obj:22.34M
recv big obj:22.34M
recv big obj:22.34M
recv big obj:22.34M
recv big obj:22.34M
recv big obj:22.34M
train -epoch~63,loss=3.1692235537548186e-05,use time:665.8552792072296
recv big obj:22.34M
recv big obj:22.34M
recv big obj:22.34M
recv big obj:22.34M
recv big obj:22.34M
recv big obj:22.34M
recv big obj:22.34M
recv big obj:22.34M
train -epoch~64,loss=3.1234564886517546e-05,use time:666.2403748035431
recv big obj:22.34M
recv big obj:22.34M
recv big obj:22.34M
recv big obj:22.34M
recv big obj:22.34M
recv big obj:22.34M
recv big obj:22.34M
recv big obj:22.34M
train -epoch~65,loss=3.071070471833082e-05,use time:666.2070105075836
recv big obj:22.34M
recv big obj:22.34M
recv big obj:22.34M
recv big obj:22.34M
recv big obj:22.34M
recv big obj:22.34M
recv big obj:22.34M
recv big obj:22.34M
train -epoch~66,loss=3.014013705069374e-05,use time:665.8899915218353
recv big obj:22.34M
recv big obj:22.34M
recv big obj:22.34M
recv big obj:22.34M
recv big obj:22.34M
recv big obj:22.34M
recv big obj:22.34M
recv big obj:22.34M
train -epoch~67,loss=2.95879865416282e-05,use time:667.4254953861237
recv big obj:22.34M
recv big obj:22.34M
recv big obj:22.34M
recv big obj:22.34M
recv big obj:22.34M
recv big obj:22.34M
recv big obj:22.34M
recv big obj:22.34M
train -epoch~68,loss=2.907318517372914e-05,use time:667.3062129020691
recv big obj:22.34M
recv big obj:22.34M
recv big obj:22.34M
recv big obj:22.34M
recv big obj:22.34M
recv big obj:22.34M
recv big obj:22.34M
recv big obj:22.34M
train -epoch~69,loss=2.8639481918162343e-05,use time:750.2895505428314
recv big obj:22.34M
recv big obj:22.34M
recv big obj:22.34M
recv big obj:22.34M
recv big obj:22.34M
recv big obj:22.34M
recv big obj:22.34M
recv big obj:22.34M
train -epoch~70,loss=2.8277602173147897e-05,use time:832.632417678833
recv big obj:22.34M
recv big obj:22.34M
recv big obj:22.34M
recv big obj:22.34M
recv big obj:22.34M
recv big obj:22.34M
recv big obj:22.34M
recv big obj:22.34M
train -epoch~71,loss=2.8042283054219298e-05,use time:833.2238535881042
recv big obj:22.34M
recv big obj:22.34M
recv big obj:22.34M
recv big obj:22.34M
recv big obj:22.34M
recv big obj:22.34M
recv big obj:22.34M
recv big obj:22.34M
train -epoch~72,loss=2.7887200442364705e-05,use time:832.0236396789551
recv big obj:22.34M
recv big obj:22.34M
recv big obj:22.34M
recv big obj:22.34M
recv big obj:22.34M
recv big obj:22.34M
recv big obj:22.34M
recv big obj:22.34M
train -epoch~73,loss=2.784698813684372e-05,use time:709.1285171508789
recv big obj:22.34M
recv big obj:22.34M
recv big obj:22.34M
recv big obj:22.34M
recv big obj:22.34M
recv big obj:22.34M
recv big obj:22.34M
recv big obj:22.34M
train -epoch~74,loss=2.7903128882371674e-05,use time:667.5464680194855
recv big obj:22.34M
recv big obj:22.34M
recv big obj:22.34M
recv big obj:22.34M
recv big obj:22.34M
recv big obj:22.34M
recv big obj:22.34M
recv big obj:22.34M
train -epoch~75,loss=2.8035459088187057e-05,use time:668.1289377212524
recv big obj:22.34M
recv big obj:22.34M
recv big obj:22.34M
recv big obj:22.34M
recv big obj:22.34M
recv big obj:22.34M
recv big obj:22.34M
recv big obj:22.34M
train -epoch~76,loss=2.823257636919152e-05,use time:668.3660163879395
recv big obj:22.34M
recv big obj:22.34M
recv big obj:22.34M
recv big obj:22.34M
recv big obj:22.34M
recv big obj:22.34M
recv big obj:22.34M
recv big obj:22.34M
train -epoch~77,loss=2.8496503030055462e-05,use time:669.2883348464966
recv big obj:22.34M
recv big obj:22.34M
recv big obj:22.34M
recv big obj:22.34M
recv big obj:22.34M
recv big obj:22.34M
recv big obj:22.34M
recv big obj:22.34M
train -epoch~78,loss=2.8779724095784333e-05,use time:670.2412021160126
recv big obj:22.34M
recv big obj:22.34M
recv big obj:22.34M
recv big obj:22.34M
recv big obj:22.34M
recv big obj:22.34M
recv big obj:22.34M
recv big obj:22.34M
train -epoch~79,loss=2.9108023495609815e-05,use time:672.6805591583252
recv big obj:22.34M
recv big obj:22.34M
recv big obj:22.34M
recv big obj:22.34M
recv big obj:22.34M
recv big obj:22.34M
recv big obj:22.34M
recv big obj:22.34M
train -epoch~80,loss=2.946816100916294e-05,use time:665.6727528572083
recv big obj:22.34M
recv big obj:22.34M
recv big obj:22.34M
recv big obj:22.34M
recv big obj:22.34M
recv big obj:22.34M
recv big obj:22.34M
recv big obj:22.34M
train -epoch~81,loss=2.9824933793634045e-05,use time:662.3146126270294
recv big obj:22.34M
recv big obj:22.34M
recv big obj:22.34M
recv big obj:22.34M
recv big obj:22.34M
recv big obj:22.34M
recv big obj:22.34M
recv big obj:22.34M
train -epoch~82,loss=3.020340101329566e-05,use time:665.6158182621002
recv big obj:22.34M
recv big obj:22.34M
recv big obj:22.34M
recv big obj:22.34M
recv big obj:22.34M
recv big obj:22.34M
recv big obj:22.34M
recv big obj:22.34M
train -epoch~83,loss=3.0585687737811896e-05,use time:662.7875633239746
recv big obj:22.34M
recv big obj:22.34M
recv big obj:22.34M
recv big obj:22.34M
recv big obj:22.34M
recv big obj:22.34M
recv big obj:22.34M
recv big obj:22.34M
train -epoch~84,loss=3.09764087376152e-05,use time:665.3912234306335
recv big obj:22.34M
recv big obj:22.34M
recv big obj:22.34M
recv big obj:22.34M
recv big obj:22.34M
recv big obj:22.34M
recv big obj:22.34M
recv big obj:22.34M
train -epoch~85,loss=3.137805215828848e-05,use time:666.3848967552185
recv big obj:22.34M
recv big obj:22.34M
recv big obj:22.34M
recv big obj:22.34M
recv big obj:22.34M
recv big obj:22.34M
recv big obj:22.34M
recv big obj:22.34M
train -epoch~86,loss=3.177030005645065e-05,use time:664.9451031684875
recv big obj:22.34M
recv big obj:22.34M
recv big obj:22.34M
recv big obj:22.34M
recv big obj:22.34M
recv big obj:22.34M
recv big obj:22.34M
recv big obj:22.34M
train -epoch~87,loss=3.218587548303731e-05,use time:662.2300927639008
recv big obj:22.34M
recv big obj:22.34M
recv big obj:22.34M
recv big obj:22.34M
recv big obj:22.34M
recv big obj:22.34M
recv big obj:22.34M
recv big obj:22.34M
train -epoch~88,loss=3.2599650917291e-05,use time:661.8328449726105
recv big obj:22.34M
recv big obj:22.34M
recv big obj:22.34M
recv big obj:22.34M
recv big obj:22.34M
recv big obj:22.34M
recv big obj:22.34M
recv big obj:22.34M
train -epoch~89,loss=3.302796603065872e-05,use time:660.7632374763489
recv big obj:22.34M
recv big obj:22.34M
recv big obj:22.34M
recv big obj:22.34M
recv big obj:22.34M
recv big obj:22.34M
recv big obj:22.34M
recv big obj:22.34M
train -epoch~90,loss=3.347654563071956e-05,use time:661.4490435123444
recv big obj:22.34M
recv big obj:22.34M
recv big obj:22.34M
recv big obj:22.34M
recv big obj:22.34M
recv big obj:22.34M
recv big obj:22.34M
recv big obj:22.34M
train -epoch~91,loss=3.393813482716723e-05,use time:661.8197004795074
recv big obj:22.34M
recv big obj:22.34M
recv big obj:22.34M
recv big obj:22.34M
recv big obj:22.34M
recv big obj:22.34M
recv big obj:22.34M
recv big obj:22.34M
train -epoch~92,loss=3.440886722728465e-05,use time:662.003556728363
recv big obj:22.34M
recv big obj:22.34M
recv big obj:22.34M
recv big obj:22.34M
recv big obj:22.34M
recv big obj:22.34M
recv big obj:22.34M
recv big obj:22.34M
train -epoch~93,loss=3.490184883503389e-05,use time:654.8888323307037
recv big obj:22.34M
recv big obj:22.34M
recv big obj:22.34M
recv big obj:22.34M
recv big obj:22.34M
recv big obj:22.34M
recv big obj:22.34M
recv big obj:22.34M
train -epoch~94,loss=3.542350422776508e-05,use time:653.0825524330139
recv big obj:22.34M
recv big obj:22.34M
recv big obj:22.34M
recv big obj:22.34M
recv big obj:22.34M
recv big obj:22.34M
recv big obj:22.34M
recv big obj:22.34M
train -epoch~95,loss=3.596329971969681e-05,use time:652.9578094482422
recv big obj:22.34M
recv big obj:22.34M
recv big obj:22.34M
recv big obj:22.34M
recv big obj:22.34M
recv big obj:22.34M
recv big obj:22.34M
recv big obj:22.34M
train -epoch~96,loss=3.6525160828659865e-05,use time:658.202154636383
recv big obj:22.34M
recv big obj:22.34M
recv big obj:22.34M
recv big obj:22.34M
recv big obj:22.34M
recv big obj:22.34M
recv big obj:22.34M
recv big obj:22.34M
train -epoch~97,loss=3.7100039355664195e-05,use time:684.3891837596893
recv big obj:22.34M
recv big obj:22.34M
recv big obj:22.34M
recv big obj:22.34M
recv big obj:22.34M
recv big obj:22.34M
recv big obj:22.34M
recv big obj:22.34M
train -epoch~98,loss=3.7682429422147834e-05,use time:678.4629693031311
recv big obj:22.34M
recv big obj:22.34M
recv big obj:22.34M
recv big obj:22.34M
recv big obj:22.34M
recv big obj:22.34M
recv big obj:22.34M
recv big obj:22.34M
train -epoch~99,loss=3.828769805295451e-05,use time:668.0642066001892
recv big obj:22.34M
recv big obj:22.34M
recv big obj:22.34M
recv big obj:22.34M
recv big obj:22.34M
recv big obj:22.34M
recv big obj:22.34M
recv big obj:22.34M
train -epoch~100,loss=3.890340237830969e-05,use time:659.1067197322845
recv big obj:22.34M
recv big obj:22.34M
recv big obj:22.34M
recv big obj:22.34M
recv big obj:22.34M
recv big obj:22.34M
recv big obj:22.34M
recv big obj:22.34M
train -epoch~101,loss=3.953190652964623e-05,use time:661.1832475662231
recv big obj:22.34M
recv big obj:22.34M
recv big obj:22.34M
recv big obj:22.34M
recv big obj:22.34M
recv big obj:22.34M
recv big obj:22.34M
recv big obj:22.34M
train -epoch~102,loss=4.017097944824854e-05,use time:663.2279675006866
recv big obj:22.34M
recv big obj:22.34M
recv big obj:22.34M
recv big obj:22.34M
recv big obj:22.34M
recv big obj:22.34M
recv big obj:22.34M
recv big obj:22.34M
train -epoch~103,loss=4.081510242713193e-05,use time:650.4365570545197
recv big obj:22.34M
recv big obj:22.34M
recv big obj:22.34M
recv big obj:22.34M
recv big obj:22.34M
recv big obj:22.34M
recv big obj:22.34M
recv big obj:22.34M
train -epoch~104,loss=4.1437226486777944e-05,use time:648.5733606815338
recv big obj:22.34M
recv big obj:22.34M
recv big obj:22.34M
recv big obj:22.34M
recv big obj:22.34M
recv big obj:22.34M
recv big obj:22.34M
recv big obj:22.34M
train -epoch~105,loss=4.2056017541654e-05,use time:648.5724697113037
recv big obj:22.34M
recv big obj:22.34M
recv big obj:22.34M
recv big obj:22.34M
recv big obj:22.34M
recv big obj:22.34M
recv big obj:22.34M
recv big obj:22.34M
train -epoch~106,loss=4.266952777243205e-05,use time:653.1012332439423
recv big obj:22.34M
recv big obj:22.34M
recv big obj:22.34M
recv big obj:22.34M
recv big obj:22.34M
recv big obj:22.34M
recv big obj:22.34M
recv big obj:22.34M
train -epoch~107,loss=4.329175606017089e-05,use time:679.9168651103973
recv big obj:22.34M
recv big obj:22.34M
recv big obj:22.34M
recv big obj:22.34M
recv big obj:22.34M
recv big obj:22.34M
recv big obj:22.34M
recv big obj:22.34M
train -epoch~108,loss=4.390047193510328e-05,use time:681.4631204605103
recv big obj:22.34M
recv big obj:22.34M
recv big obj:22.34M
recv big obj:22.34M
recv big obj:22.34M
recv big obj:22.34M
recv big obj:22.34M
recv big obj:22.34M
train -epoch~109,loss=4.4544167092226414e-05,use time:682.2587375640869
recv big obj:22.34M
recv big obj:22.34M
recv big obj:22.34M
recv big obj:22.34M
recv big obj:22.34M
recv big obj:22.34M
recv big obj:22.34M
recv big obj:22.34M
train -epoch~110,loss=4.517219533227035e-05,use time:741.4115762710571
recv big obj:22.34M
recv big obj:22.34M
recv big obj:22.34M
recv big obj:22.34M
recv big obj:22.34M
recv big obj:22.34M
recv big obj:22.34M
recv big obj:22.34M
train -epoch~111,loss=4.582220929933101e-05,use time:747.3243556022644
recv big obj:22.34M
recv big obj:22.34M
recv big obj:22.34M
recv big obj:22.34M
recv big obj:22.34M
recv big obj:22.34M
recv big obj:22.34M
recv big obj:22.34M
train -epoch~112,loss=4.644961418534877e-05,use time:679.8739392757416
recv big obj:22.34M
recv big obj:22.34M
recv big obj:22.34M
recv big obj:22.34M
recv big obj:22.34M
recv big obj:22.34M
recv big obj:22.34M
recv big obj:22.34M
train -epoch~113,loss=4.707858431174827e-05,use time:674.8890926837921
recv big obj:22.34M
recv big obj:22.34M
recv big obj:22.34M
recv big obj:22.34M
recv big obj:22.34M
recv big obj:22.34M
recv big obj:22.34M
recv big obj:22.34M
train -epoch~114,loss=4.7693075109691564e-05,use time:687.9373188018799
recv big obj:22.34M
recv big obj:22.34M
recv big obj:22.34M
recv big obj:22.34M
recv big obj:22.34M
recv big obj:22.34M
recv big obj:22.34M
recv big obj:22.34M
train -epoch~115,loss=4.8317997097910855e-05,use time:708.3340044021606
recv big obj:22.34M
recv big obj:22.34M
recv big obj:22.34M
recv big obj:22.34M
recv big obj:22.34M
recv big obj:22.34M
recv big obj:22.34M
recv big obj:22.34M
train -epoch~116,loss=4.8925461396720496e-05,use time:693.8784275054932
recv big obj:22.34M
recv big obj:22.34M
recv big obj:22.34M
recv big obj:22.34M
recv big obj:22.34M
recv big obj:22.34M
recv big obj:22.34M
recv big obj:22.34M
train -epoch~117,loss=4.9525173471920426e-05,use time:682.5098602771759
recv big obj:22.34M
recv big obj:22.34M
recv big obj:22.34M
recv big obj:22.34M
recv big obj:22.34M
recv big obj:22.34M
recv big obj:22.34M
recv big obj:22.34M
train -epoch~118,loss=5.0102574596166955e-05,use time:685.8571238517761
recv big obj:22.34M
recv big obj:22.34M
recv big obj:22.34M
recv big obj:22.34M
recv big obj:22.34M
recv big obj:22.34M
recv big obj:22.34M
recv big obj:22.34M
train -epoch~119,loss=5.068498603577609e-05,use time:705.187463760376
recv big obj:22.34M
recv big obj:22.34M
recv big obj:22.34M
recv big obj:22.34M
recv big obj:22.34M
recv big obj:22.34M
recv big obj:22.34M
recv big obj:22.34M
train -epoch~120,loss=5.126792307237338e-05,use time:705.7563328742981
recv big obj:22.34M
recv big obj:22.34M
recv big obj:22.34M
recv big obj:22.34M
recv big obj:22.34M
recv big obj:22.34M
recv big obj:22.34M
recv big obj:22.34M
train -epoch~121,loss=5.182473551258227e-05,use time:693.7431299686432
recv big obj:22.34M
recv big obj:22.34M
recv big obj:22.34M
recv big obj:22.34M
recv big obj:22.34M
recv big obj:22.34M
recv big obj:22.34M
recv big obj:22.34M
train -epoch~122,loss=5.239701368054739e-05,use time:668.8284633159637
recv big obj:22.34M
recv big obj:22.34M
recv big obj:22.34M
recv big obj:22.34M
recv big obj:22.34M
recv big obj:22.34M
recv big obj:22.34M
recv big obj:22.34M
train -epoch~123,loss=5.296542980431696e-05,use time:680.204927444458
recv big obj:22.34M
recv big obj:22.34M
recv big obj:22.34M
recv big obj:22.34M
recv big obj:22.34M
recv big obj:22.34M
recv big obj:22.34M
recv big obj:22.34M
train -epoch~124,loss=5.349312208863921e-05,use time:697.613930940628
recv big obj:22.34M
recv big obj:22.34M
recv big obj:22.34M
recv big obj:22.34M
recv big obj:22.34M
recv big obj:22.34M
recv big obj:22.34M
recv big obj:22.34M
train -epoch~125,loss=5.402389507025873e-05,use time:657.8922274112701
recv big obj:22.34M
recv big obj:22.34M
recv big obj:22.34M
recv big obj:22.34M
recv big obj:22.34M
recv big obj:22.34M
recv big obj:22.34M
recv big obj:22.34M
train -epoch~126,loss=5.455851093756792e-05,use time:668.4513635635376
recv big obj:22.34M
recv big obj:22.34M
recv big obj:22.34M
recv big obj:22.34M
recv big obj:22.34M
recv big obj:22.34M
recv big obj:22.34M
recv big obj:22.34M
train -epoch~127,loss=5.5086825307171244e-05,use time:653.0064811706543
recv big obj:22.34M
recv big obj:22.34M
recv big obj:22.34M
recv big obj:22.34M
recv big obj:22.34M
recv big obj:22.34M
recv big obj:22.34M
recv big obj:22.34M
train -epoch~128,loss=5.5600631924335175e-05,use time:653.3608629703522
recv big obj:22.34M
recv big obj:22.34M
recv big obj:22.34M
recv big obj:22.34M
recv big obj:22.34M
recv big obj:22.34M
recv big obj:22.34M
recv big obj:22.34M
train -epoch~129,loss=5.614415650825321e-05,use time:653.5792174339294
recv big obj:22.34M
recv big obj:22.34M
recv big obj:22.34M
recv big obj:22.34M
recv big obj:22.34M
recv big obj:22.34M
recv big obj:22.34M
recv big obj:22.34M
train -epoch~130,loss=5.66576417872966e-05,use time:652.4117569923401
recv big obj:22.34M
recv big obj:22.34M
recv big obj:22.34M
recv big obj:22.34M
recv big obj:22.34M
recv big obj:22.34M
recv big obj:22.34M
recv big obj:22.34M
train -epoch~131,loss=5.717702882066078e-05,use time:655.2017242908478
recv big obj:22.34M
recv big obj:22.34M
recv big obj:22.34M
recv big obj:22.34M
recv big obj:22.34M
recv big obj:22.34M
recv big obj:22.34M
recv big obj:22.34M
train -epoch~132,loss=5.769422087269049e-05,use time:652.9886391162872
recv big obj:22.34M
recv big obj:22.34M
recv big obj:22.34M
recv big obj:22.34M
recv big obj:22.34M
recv big obj:22.34M
recv big obj:22.34M
recv big obj:22.34M
train -epoch~133,loss=5.818808054300461e-05,use time:698.9669945240021
recv big obj:22.34M
recv big obj:22.34M
recv big obj:22.34M
recv big obj:22.34M
recv big obj:22.34M
recv big obj:22.34M
recv big obj:22.34M
recv big obj:22.34M
train -epoch~134,loss=5.869027888365964e-05,use time:692.4123740196228
recv big obj:22.34M
recv big obj:22.34M
recv big obj:22.34M
recv big obj:22.34M
recv big obj:22.34M
recv big obj:22.34M
recv big obj:22.34M
recv big obj:22.34M
train -epoch~135,loss=5.9169793639739514e-05,use time:673.2643759250641
recv big obj:22.34M
recv big obj:22.34M
recv big obj:22.34M
recv big obj:22.34M
recv big obj:22.34M
recv big obj:22.34M
recv big obj:22.34M
recv big obj:22.34M
train -epoch~136,loss=5.961389750609669e-05,use time:672.7492070198059
recv big obj:22.34M
recv big obj:22.34M
recv big obj:22.34M
recv big obj:22.34M
recv big obj:22.34M
recv big obj:22.34M
recv big obj:22.34M
recv big obj:22.34M
train -epoch~137,loss=6.005864705912245e-05,use time:672.9211921691895
recv big obj:22.34M
recv big obj:22.34M
recv big obj:22.34M
recv big obj:22.34M
recv big obj:22.34M
recv big obj:22.34M
recv big obj:22.34M
recv big obj:22.34M
train -epoch~138,loss=6.053238744243573e-05,use time:659.3600885868073
recv big obj:22.34M
recv big obj:22.34M
recv big obj:22.34M
recv big obj:22.34M
recv big obj:22.34M
recv big obj:22.34M
recv big obj:22.34M
recv big obj:22.34M
train -epoch~139,loss=6.097232210322545e-05,use time:678.5762276649475
recv big obj:22.34M
recv big obj:22.34M
recv big obj:22.34M
recv big obj:22.34M
recv big obj:22.34M
recv big obj:22.34M
recv big obj:22.34M
recv big obj:22.34M
train -epoch~140,loss=6.141660234334268e-05,use time:808.2093291282654
recv big obj:22.34M
recv big obj:22.34M
recv big obj:22.34M
recv big obj:22.34M
recv big obj:22.34M
recv big obj:22.34M
recv big obj:22.34M
recv big obj:22.34M
train -epoch~141,loss=6.184792811382067e-05,use time:663.9538342952728
recv big obj:22.34M
recv big obj:22.34M
recv big obj:22.34M
recv big obj:22.34M
recv big obj:22.34M
recv big obj:22.34M
recv big obj:22.34M
recv big obj:22.34M
train -epoch~142,loss=6.223198749012226e-05,use time:662.0971167087555
recv big obj:22.34M
recv big obj:22.34M
recv big obj:22.34M
recv big obj:22.34M
recv big obj:22.34M
recv big obj:22.34M
recv big obj:22.34M
recv big obj:22.34M
train -epoch~143,loss=6.257032962821541e-05,use time:684.3134953975677
recv big obj:22.34M
recv big obj:22.34M
recv big obj:22.34M
recv big obj:22.34M
recv big obj:22.34M
recv big obj:22.34M
recv big obj:22.34M
recv big obj:22.34M
train -epoch~144,loss=6.281036213749758e-05,use time:673.5939252376556
recv big obj:22.34M
recv big obj:22.34M
recv big obj:22.34M
recv big obj:22.34M
recv big obj:22.34M
recv big obj:22.34M
recv big obj:22.34M
recv big obj:22.34M
train -epoch~145,loss=6.278381694755808e-05,use time:691.5329313278198
recv big obj:22.34M
recv big obj:22.34M
recv big obj:22.34M
recv big obj:22.34M
recv big obj:22.34M
recv big obj:22.34M
recv big obj:22.34M
recv big obj:22.34M
train -epoch~146,loss=6.260190083139606e-05,use time:679.8522007465363
recv big obj:22.34M
recv big obj:22.34M
recv big obj:22.34M
recv big obj:22.34M
recv big obj:22.34M
recv big obj:22.34M
recv big obj:22.34M
recv big obj:22.34M
train -epoch~147,loss=6.261091887154179e-05,use time:679.422758102417
recv big obj:22.34M
recv big obj:22.34M
recv big obj:22.34M
recv big obj:22.34M
recv big obj:22.34M
recv big obj:22.34M
recv big obj:22.34M
recv big obj:22.34M
train -epoch~148,loss=6.29556438934742e-05,use time:675.9513735771179
recv big obj:22.34M
recv big obj:22.34M
recv big obj:22.34M
recv big obj:22.34M
recv big obj:22.34M
recv big obj:22.34M
recv big obj:22.34M
recv big obj:22.34M
train -epoch~149,loss=6.341732945656986e-05,use time:675.6119446754456
recv big obj:22.34M
recv big obj:22.34M
recv big obj:22.34M
recv big obj:22.34M
recv big obj:22.34M
recv big obj:22.34M
recv big obj:22.34M
recv big obj:22.34M
train -epoch~150,loss=6.389891021626682e-05,use time:714.1134035587311
recv big obj:22.34M
recv big obj:22.34M
recv big obj:22.34M
recv big obj:22.34M
recv big obj:22.34M
recv big obj:22.34M
recv big obj:22.34M
recv big obj:22.34M
train -epoch~151,loss=6.434398364035587e-05,use time:720.1967740058899
recv big obj:22.34M
recv big obj:22.34M
recv big obj:22.34M
recv big obj:22.34M
recv big obj:22.34M
recv big obj:22.34M
recv big obj:22.34M
recv big obj:22.34M
train -epoch~152,loss=6.479699449300824e-05,use time:712.6152312755585
recv big obj:22.34M
recv big obj:22.34M
recv big obj:22.34M
recv big obj:22.34M
recv big obj:22.34M
recv big obj:22.34M
recv big obj:22.34M
recv big obj:22.34M
train -epoch~153,loss=6.520132183595707e-05,use time:677.3595490455627
recv big obj:22.34M
recv big obj:22.34M
recv big obj:22.34M
recv big obj:22.34M
recv big obj:22.34M
recv big obj:22.34M
recv big obj:22.34M
recv big obj:22.34M
train -epoch~154,loss=6.560040126714738e-05,use time:677.3526613712311
recv big obj:22.34M
recv big obj:22.34M
recv big obj:22.34M
recv big obj:22.34M
recv big obj:22.34M
recv big obj:22.34M
recv big obj:22.34M
recv big obj:22.34M
train -epoch~155,loss=6.599207571980514e-05,use time:678.1504926681519
recv big obj:22.34M
recv big obj:22.34M
recv big obj:22.34M
recv big obj:22.34M
recv big obj:22.34M
recv big obj:22.34M
recv big obj:22.34M
recv big obj:22.34M
train -epoch~156,loss=6.639042324422918e-05,use time:668.6464376449585
recv big obj:22.34M
recv big obj:22.34M
recv big obj:22.34M
recv big obj:22.34M
recv big obj:22.34M
recv big obj:22.34M
recv big obj:22.34M
recv big obj:22.34M
train -epoch~157,loss=6.679468292531965e-05,use time:656.0626075267792
recv big obj:22.34M
recv big obj:22.34M
recv big obj:22.34M
recv big obj:22.34M
recv big obj:22.34M
recv big obj:22.34M
recv big obj:22.34M
recv big obj:22.34M
train -epoch~158,loss=6.724256929828698e-05,use time:667.4838309288025
recv big obj:22.34M
recv big obj:22.34M
recv big obj:22.34M
recv big obj:22.34M
recv big obj:22.34M
recv big obj:22.34M
recv big obj:22.34M
recv big obj:22.34M
train -epoch~159,loss=6.768041162558803e-05,use time:654.8229174613953
recv big obj:22.34M
recv big obj:22.34M
recv big obj:22.34M
recv big obj:22.34M
recv big obj:22.34M
recv big obj:22.34M
recv big obj:22.34M
recv big obj:22.34M
train -epoch~160,loss=6.813674373006507e-05,use time:657.2651731967926
recv big obj:22.34M
recv big obj:22.34M
recv big obj:22.34M
recv big obj:22.34M
recv big obj:22.34M
recv big obj:22.34M
recv big obj:22.34M
recv big obj:22.34M
train -epoch~161,loss=6.862088700017922e-05,use time:674.2707130908966
recv big obj:22.34M
recv big obj:22.34M
recv big obj:22.34M
recv big obj:22.34M
recv big obj:22.34M
recv big obj:22.34M
recv big obj:22.34M
recv big obj:22.34M
train -epoch~162,loss=6.908901435508597e-05,use time:672.4470360279083
recv big obj:22.34M
recv big obj:22.34M
recv big obj:22.34M
recv big obj:22.34M
recv big obj:22.34M
recv big obj:22.34M
recv big obj:22.34M
recv big obj:22.34M
train -epoch~163,loss=6.957594073355721e-05,use time:677.738933801651
recv big obj:22.34M
recv big obj:22.34M
recv big obj:22.34M
recv big obj:22.34M
recv big obj:22.34M
recv big obj:22.34M
recv big obj:22.34M
recv big obj:22.34M
train -epoch~164,loss=7.003818737302936e-05,use time:677.5495767593384
recv big obj:22.34M
recv big obj:22.34M
recv big obj:22.34M
recv big obj:22.34M
recv big obj:22.34M
recv big obj:22.34M
recv big obj:22.34M
recv big obj:22.34M
train -epoch~165,loss=7.051436967230985e-05,use time:668.6709914207458
recv big obj:22.34M
recv big obj:22.34M
recv big obj:22.34M
recv big obj:22.34M
recv big obj:22.34M
recv big obj:22.34M
recv big obj:22.34M
recv big obj:22.34M
train -epoch~166,loss=7.099248605754839e-05,use time:662.7716636657715
recv big obj:22.34M
recv big obj:22.34M
recv big obj:22.34M
recv big obj:22.34M
recv big obj:22.34M
recv big obj:22.34M
recv big obj:22.34M
recv big obj:22.34M
train -epoch~167,loss=7.145876772483461e-05,use time:673.286381483078
recv big obj:22.34M
recv big obj:22.34M
recv big obj:22.34M
recv big obj:22.34M
recv big obj:22.34M
recv big obj:22.34M
recv big obj:22.34M
recv big obj:22.34M
train -epoch~168,loss=7.19019841062618e-05,use time:681.9736852645874
recv big obj:22.34M
recv big obj:22.34M
recv big obj:22.34M
recv big obj:22.34M
recv big obj:22.34M
recv big obj:22.34M
recv big obj:22.34M
recv big obj:22.34M
train -epoch~169,loss=7.234989301650785e-05,use time:679.2010946273804
recv big obj:22.34M
recv big obj:22.34M
recv big obj:22.34M
recv big obj:22.34M
recv big obj:22.34M
recv big obj:22.34M
recv big obj:22.34M
recv big obj:22.34M
train -epoch~170,loss=7.274723113823712e-05,use time:677.2687680721283
recv big obj:22.34M
recv big obj:22.34M
recv big obj:22.34M
recv big obj:22.34M
recv big obj:22.34M
recv big obj:22.34M
recv big obj:22.34M
recv big obj:22.34M
train -epoch~171,loss=7.313209145650035e-05,use time:660.5666737556458
recv big obj:22.34M
recv big obj:22.34M
recv big obj:22.34M
recv big obj:22.34M
recv big obj:22.34M
recv big obj:22.34M
recv big obj:22.34M
recv big obj:22.34M
train -epoch~172,loss=7.350900061283028e-05,use time:665.6013104915619
recv big obj:22.34M
recv big obj:22.34M
recv big obj:22.34M
recv big obj:22.34M
recv big obj:22.34M
recv big obj:22.34M
recv big obj:22.34M
recv big obj:22.34M
train -epoch~173,loss=7.385223883829895e-05,use time:664.356605052948
recv big obj:22.34M
recv big obj:22.34M
recv big obj:22.34M
recv big obj:22.34M
recv big obj:22.34M
recv big obj:22.34M
recv big obj:22.34M
recv big obj:22.34M
train -epoch~174,loss=7.416282258418505e-05,use time:665.7263045310974
recv big obj:22.34M
recv big obj:22.34M
recv big obj:22.34M
recv big obj:22.34M
recv big obj:22.34M
recv big obj:22.34M
recv big obj:22.34M
recv big obj:22.34M
train -epoch~175,loss=7.446017021266016e-05,use time:664.8132600784302
recv big obj:22.34M
recv big obj:22.34M
recv big obj:22.34M
recv big obj:22.34M
recv big obj:22.34M
recv big obj:22.34M
recv big obj:22.34M
recv big obj:22.34M
train -epoch~176,loss=7.476841259631329e-05,use time:664.3878922462463
recv big obj:22.34M
recv big obj:22.34M
recv big obj:22.34M
recv big obj:22.34M
recv big obj:22.34M
recv big obj:22.34M
recv big obj:22.34M
recv big obj:22.34M
train -epoch~177,loss=7.511175695071869e-05,use time:661.5208759307861
recv big obj:22.34M
recv big obj:22.34M
recv big obj:22.34M
recv big obj:22.34M
recv big obj:22.34M
recv big obj:22.34M
recv big obj:22.34M
recv big obj:22.34M
train -epoch~178,loss=7.54652540626921e-05,use time:664.7522706985474
recv big obj:22.34M
recv big obj:22.34M
recv big obj:22.34M
recv big obj:22.34M
recv big obj:22.34M
recv big obj:22.34M
recv big obj:22.34M
recv big obj:22.34M
train -epoch~179,loss=7.582709687994793e-05,use time:723.8087277412415
recv big obj:22.34M
recv big obj:22.34M
recv big obj:22.34M
recv big obj:22.34M
recv big obj:22.34M
recv big obj:22.34M
recv big obj:22.34M
recv big obj:22.34M
train -epoch~180,loss=7.61890074090843e-05,use time:742.402022600174
recv big obj:22.34M
recv big obj:22.34M
recv big obj:22.34M
recv big obj:22.34M
recv big obj:22.34M
recv big obj:22.34M
recv big obj:22.34M
recv big obj:22.34M
train -epoch~181,loss=7.654259327864567e-05,use time:667.3240678310394
recv big obj:22.34M
recv big obj:22.34M
recv big obj:22.34M
recv big obj:22.34M
recv big obj:22.34M
recv big obj:22.34M
recv big obj:22.34M
recv big obj:22.34M
train -epoch~182,loss=7.687589586566901e-05,use time:680.3610186576843
recv big obj:22.34M
recv big obj:22.34M
recv big obj:22.34M
recv big obj:22.34M
recv big obj:22.34M
recv big obj:22.34M
recv big obj:22.34M
recv big obj:22.34M
train -epoch~183,loss=7.723302933754895e-05,use time:665.6800918579102
recv big obj:22.34M
recv big obj:22.34M
recv big obj:22.34M
recv big obj:22.34M
recv big obj:22.34M
recv big obj:22.34M
recv big obj:22.34M
recv big obj:22.34M
train -epoch~184,loss=7.755628251288726e-05,use time:668.217915058136
recv big obj:22.34M
recv big obj:22.34M
recv big obj:22.34M
recv big obj:22.34M
recv big obj:22.34M
recv big obj:22.34M
recv big obj:22.34M
recv big obj:22.34M
train -epoch~185,loss=7.785783504459688e-05,use time:684.2749927043915
recv big obj:22.34M
recv big obj:22.34M
recv big obj:22.34M
recv big obj:22.34M
recv big obj:22.34M
recv big obj:22.34M
recv big obj:22.34M
recv big obj:22.34M
train -epoch~186,loss=7.811577566826601e-05,use time:687.4703602790833
recv big obj:22.34M
recv big obj:22.34M
recv big obj:22.34M
recv big obj:22.34M
recv big obj:22.34M
recv big obj:22.34M
recv big obj:22.34M
recv big obj:22.34M
train -epoch~187,loss=7.835171724309476e-05,use time:686.7970027923584
recv big obj:22.34M
recv big obj:22.34M
recv big obj:22.34M
recv big obj:22.34M
recv big obj:22.34M
recv big obj:22.34M
recv big obj:22.34M
recv big obj:22.34M
train -epoch~188,loss=7.865852036957221e-05,use time:679.0885670185089
recv big obj:22.34M
recv big obj:22.34M
recv big obj:22.34M
recv big obj:22.34M
recv big obj:22.34M
recv big obj:22.34M
recv big obj:22.34M
recv big obj:22.34M
train -epoch~189,loss=7.899805435954477e-05,use time:681.6623809337616
recv big obj:22.34M
recv big obj:22.34M
recv big obj:22.34M
recv big obj:22.34M
recv big obj:22.34M
recv big obj:22.34M
recv big obj:22.34M
recv big obj:22.34M
train -epoch~190,loss=7.931971381367474e-05,use time:681.3261194229126
recv big obj:22.34M
recv big obj:22.34M
recv big obj:22.34M
recv big obj:22.34M
recv big obj:22.34M
recv big obj:22.34M
recv big obj:22.34M
recv big obj:22.34M
train -epoch~191,loss=7.965445521222136e-05,use time:681.2554285526276
recv big obj:22.34M
recv big obj:22.34M
recv big obj:22.34M
recv big obj:22.34M
recv big obj:22.34M
recv big obj:22.34M
recv big obj:22.34M
recv big obj:22.34M
train -epoch~192,loss=7.996480014298869e-05,use time:681.2308194637299
recv big obj:22.34M
recv big obj:22.34M
recv big obj:22.34M
recv big obj:22.34M
recv big obj:22.34M
recv big obj:22.34M
recv big obj:22.34M
recv big obj:22.34M
train -epoch~193,loss=8.026186961615168e-05,use time:683.2273972034454
recv big obj:22.34M
recv big obj:22.34M
recv big obj:22.34M
recv big obj:22.34M
recv big obj:22.34M
recv big obj:22.34M
recv big obj:22.34M
recv big obj:22.34M
train -epoch~194,loss=8.052472184317593e-05,use time:681.7547144889832
recv big obj:22.34M
recv big obj:22.34M
recv big obj:22.34M
recv big obj:22.34M
recv big obj:22.34M
recv big obj:22.34M
recv big obj:22.34M
recv big obj:22.34M
train -epoch~195,loss=8.078211679276138e-05,use time:686.479257106781
recv big obj:22.34M
recv big obj:22.34M
recv big obj:22.34M
recv big obj:22.34M
recv big obj:22.34M
recv big obj:22.34M
recv big obj:22.34M
recv big obj:22.34M
train -epoch~196,loss=8.101940105916584e-05,use time:683.5037779808044
recv big obj:22.34M
recv big obj:22.34M
recv big obj:22.34M
recv big obj:22.34M
recv big obj:22.34M
recv big obj:22.34M
recv big obj:22.34M
recv big obj:22.34M
train -epoch~197,loss=8.12085462075629e-05,use time:675.706645488739
recv big obj:22.34M
recv big obj:22.34M
recv big obj:22.34M
recv big obj:22.34M
recv big obj:22.34M
recv big obj:22.34M
recv big obj:22.34M
recv big obj:22.34M
train -epoch~198,loss=8.138875322401873e-05,use time:667.9495947360992
recv big obj:22.34M
recv big obj:22.34M
recv big obj:22.34M
recv big obj:22.34M
recv big obj:22.34M
recv big obj:22.34M
recv big obj:22.34M
recv big obj:22.34M
train -epoch~199,loss=8.155728380188521e-05,use time:668.3601717948914
recv big obj:22.34M
recv big obj:22.34M
recv big obj:22.34M
recv big obj:22.34M
recv big obj:22.34M
recv big obj:22.34M
recv big obj:22.34M
recv big obj:22.34M
train -epoch~200,loss=8.172252514668799e-05,use time:669.750821352005
recv big obj:22.34M
recv big obj:22.34M
recv big obj:22.34M
recv big obj:22.34M
recv big obj:22.34M
recv big obj:22.34M
recv big obj:22.34M
recv big obj:22.34M
train -epoch~201,loss=8.187862483282516e-05,use time:668.6695580482483
recv big obj:22.34M
recv big obj:22.34M
recv big obj:22.34M
recv big obj:22.34M
recv big obj:22.34M
recv big obj:22.34M
recv big obj:22.34M
recv big obj:22.34M
train -epoch~202,loss=8.204434819162999e-05,use time:667.836677312851
recv big obj:22.34M
recv big obj:22.34M
recv big obj:22.34M
recv big obj:22.34M
recv big obj:22.34M
recv big obj:22.34M
recv big obj:22.34M
recv big obj:22.34M
train -epoch~203,loss=8.223251795243415e-05,use time:666.6843450069427
recv big obj:22.34M
recv big obj:22.34M
recv big obj:22.34M
recv big obj:22.34M
recv big obj:22.34M
recv big obj:22.34M
recv big obj:22.34M
recv big obj:22.34M
train -epoch~204,loss=8.243094361205294e-05,use time:655.1796133518219
recv big obj:22.34M
recv big obj:22.34M
recv big obj:22.34M
recv big obj:22.34M
recv big obj:22.34M
recv big obj:22.34M
recv big obj:22.34M
recv big obj:22.34M
train -epoch~205,loss=8.264498851531244e-05,use time:653.8655428886414
recv big obj:22.34M
recv big obj:22.34M
recv big obj:22.34M
recv big obj:22.34M
recv big obj:22.34M
recv big obj:22.34M
recv big obj:22.34M
recv big obj:22.34M
train -epoch~206,loss=8.285832339424816e-05,use time:668.7602598667145
recv big obj:22.34M
recv big obj:22.34M
recv big obj:22.34M
recv big obj:22.34M
recv big obj:22.34M
recv big obj:22.34M
recv big obj:22.34M
recv big obj:22.34M
train -epoch~207,loss=8.308900643896777e-05,use time:666.1426086425781
recv big obj:22.34M
recv big obj:22.34M
recv big obj:22.34M
recv big obj:22.34M
recv big obj:22.34M
recv big obj:22.34M
recv big obj:22.34M
recv big obj:22.34M
train -epoch~208,loss=8.329033633344807e-05,use time:668.1195704936981
recv big obj:22.34M
recv big obj:22.34M
recv big obj:22.34M
recv big obj:22.34M
recv big obj:22.34M
recv big obj:22.34M
recv big obj:22.34M
recv big obj:22.34M
train -epoch~209,loss=8.348520941581228e-05,use time:655.0279302597046
recv big obj:22.34M
recv big obj:22.34M
recv big obj:22.34M
recv big obj:22.34M
recv big obj:22.34M
recv big obj:22.34M
recv big obj:22.34M
recv big obj:22.34M
train -epoch~210,loss=8.36929467277514e-05,use time:653.3194046020508
recv big obj:22.34M
recv big obj:22.34M
recv big obj:22.34M
recv big obj:22.34M
recv big obj:22.34M
recv big obj:22.34M
recv big obj:22.34M
recv big obj:22.34M
train -epoch~211,loss=8.389742978579305e-05,use time:653.9136173725128
recv big obj:22.34M
recv big obj:22.34M
recv big obj:22.34M
recv big obj:22.34M
recv big obj:22.34M
recv big obj:22.34M
recv big obj:22.34M
recv big obj:22.34M
train -epoch~212,loss=8.40951048030547e-05,use time:656.8030292987823
recv big obj:22.34M
recv big obj:22.34M
recv big obj:22.34M
recv big obj:22.34M
recv big obj:22.34M
recv big obj:22.34M
recv big obj:22.34M
recv big obj:22.34M
train -epoch~213,loss=8.429267192695989e-05,use time:668.4045073986053
recv big obj:22.34M
recv big obj:22.34M
recv big obj:22.34M
recv big obj:22.34M
recv big obj:22.34M
recv big obj:22.34M
recv big obj:22.34M
recv big obj:22.34M
train -epoch~214,loss=8.446398887826947e-05,use time:692.0118520259857
recv big obj:22.34M
recv big obj:22.34M
recv big obj:22.34M
recv big obj:22.34M
recv big obj:22.34M
recv big obj:22.34M
recv big obj:22.34M
recv big obj:22.34M
train -epoch~215,loss=8.46316633396782e-05,use time:673.8188683986664
recv big obj:22.34M
recv big obj:22.34M
recv big obj:22.34M
recv big obj:22.34M
recv big obj:22.34M
recv big obj:22.34M
recv big obj:22.34M
recv big obj:22.34M
train -epoch~216,loss=8.480270725158334e-05,use time:676.9785706996918
recv big obj:22.34M
recv big obj:22.34M
recv big obj:22.34M
recv big obj:22.34M
recv big obj:22.34M
recv big obj:22.34M
recv big obj:22.34M
recv big obj:22.34M
train -epoch~217,loss=8.498054253323061e-05,use time:672.0014662742615
recv big obj:22.34M
recv big obj:22.34M
recv big obj:22.34M
recv big obj:22.34M
recv big obj:22.34M
recv big obj:22.34M
recv big obj:22.34M
recv big obj:22.34M
train -epoch~218,loss=8.511882711900398e-05,use time:701.715874671936
recv big obj:22.34M
recv big obj:22.34M
recv big obj:22.34M
recv big obj:22.34M
recv big obj:22.34M
recv big obj:22.34M
recv big obj:22.34M
recv big obj:22.34M
train -epoch~219,loss=8.526935373993184e-05,use time:663.4118454456329
recv big obj:22.34M
recv big obj:22.34M
recv big obj:22.34M
recv big obj:22.34M
recv big obj:22.34M
recv big obj:22.34M
recv big obj:22.34M
recv big obj:22.34M
train -epoch~220,loss=8.537024624274637e-05,use time:671.4115669727325
recv big obj:22.34M
recv big obj:22.34M
recv big obj:22.34M
recv big obj:22.34M
recv big obj:22.34M
recv big obj:22.34M
recv big obj:22.34M
recv big obj:22.34M
train -epoch~221,loss=8.545173361198977e-05,use time:675.1488146781921
recv big obj:22.34M
recv big obj:22.34M
recv big obj:22.34M
recv big obj:22.34M
recv big obj:22.34M
recv big obj:22.34M
recv big obj:22.34M
recv big obj:22.34M
train -epoch~222,loss=8.547818293664023e-05,use time:666.026994228363
recv big obj:22.34M
recv big obj:22.34M
recv big obj:22.34M
recv big obj:22.34M
recv big obj:22.34M
recv big obj:22.34M
recv big obj:22.34M
recv big obj:22.34M
train -epoch~223,loss=8.546847170691762e-05,use time:677.469580411911
recv big obj:22.34M
recv big obj:22.34M
recv big obj:22.34M
recv big obj:22.34M
recv big obj:22.34M
recv big obj:22.34M
recv big obj:22.34M
recv big obj:22.34M
train -epoch~224,loss=8.546447030312265e-05,use time:668.1697018146515
recv big obj:22.34M
recv big obj:22.34M
recv big obj:22.34M
recv big obj:22.34M
recv big obj:22.34M
recv big obj:22.34M
recv big obj:22.34M
recv big obj:22.34M
train -epoch~225,loss=8.556724416848738e-05,use time:667.3044512271881
recv big obj:22.34M
recv big obj:22.34M
recv big obj:22.34M
recv big obj:22.34M
recv big obj:22.34M
recv big obj:22.34M
recv big obj:22.34M
recv big obj:22.34M
train -epoch~226,loss=8.567869432226871e-05,use time:677.9290988445282
recv big obj:22.34M
recv big obj:22.34M
recv big obj:22.34M
recv big obj:22.34M
recv big obj:22.34M
recv big obj:22.34M
recv big obj:22.34M
recv big obj:22.34M
train -epoch~227,loss=8.579380359151401e-05,use time:662.8270382881165
recv big obj:22.34M
recv big obj:22.34M
recv big obj:22.34M
recv big obj:22.34M
recv big obj:22.34M
recv big obj:22.34M
recv big obj:22.34M
recv big obj:22.34M
train -epoch~228,loss=8.591167573285929e-05,use time:660.8502247333527
recv big obj:22.34M
recv big obj:22.34M
recv big obj:22.34M
recv big obj:22.34M
recv big obj:22.34M
recv big obj:22.34M
recv big obj:22.34M
recv big obj:22.34M
train -epoch~229,loss=8.601211306086043e-05,use time:665.2343790531158
recv big obj:22.34M
recv big obj:22.34M
recv big obj:22.34M
recv big obj:22.34M
recv big obj:22.34M
recv big obj:22.34M
recv big obj:22.34M
recv big obj:22.34M
train -epoch~230,loss=8.611062658019364e-05,use time:669.9994776248932
recv big obj:22.34M
recv big obj:22.34M
recv big obj:22.34M
recv big obj:22.34M
recv big obj:22.34M
recv big obj:22.34M
recv big obj:22.34M
recv big obj:22.34M
train -epoch~231,loss=8.621596720331581e-05,use time:677.1298463344574
recv big obj:22.34M
recv big obj:22.34M
recv big obj:22.34M
recv big obj:22.34M
recv big obj:22.34M
recv big obj:22.34M
recv big obj:22.34M
recv big obj:22.34M
train -epoch~232,loss=8.632033595858958e-05,use time:661.6213014125824
recv big obj:22.34M
recv big obj:22.34M
recv big obj:22.34M
recv big obj:22.34M
recv big obj:22.34M
recv big obj:22.34M
recv big obj:22.34M
recv big obj:22.34M
train -epoch~233,loss=8.644498658213706e-05,use time:662.4598805904388
recv big obj:22.34M
recv big obj:22.34M
recv big obj:22.34M
recv big obj:22.34M
recv big obj:22.34M
recv big obj:22.34M
recv big obj:22.34M
recv big obj:22.34M
train -epoch~234,loss=8.656922395857692e-05,use time:656.6507341861725
recv big obj:22.34M
recv big obj:22.34M
recv big obj:22.34M
recv big obj:22.34M
recv big obj:22.34M
recv big obj:22.34M
recv big obj:22.34M
recv big obj:22.34M
train -epoch~235,loss=8.668431595651782e-05,use time:664.4096157550812
recv big obj:22.34M
recv big obj:22.34M
recv big obj:22.34M
recv big obj:22.34M
recv big obj:22.34M
recv big obj:22.34M
recv big obj:22.34M
recv big obj:22.34M
train -epoch~236,loss=8.681170740601374e-05,use time:668.9312789440155
recv big obj:22.34M
recv big obj:22.34M
recv big obj:22.34M
recv big obj:22.34M
recv big obj:22.34M
recv big obj:22.34M
recv big obj:22.34M
recv big obj:22.34M
train -epoch~237,loss=8.69444131058117e-05,use time:659.4728977680206
recv big obj:22.34M
recv big obj:22.34M
recv big obj:22.34M
recv big obj:22.34M
recv big obj:22.34M
recv big obj:22.34M
recv big obj:22.34M
recv big obj:22.34M
train -epoch~238,loss=8.708012572242296e-05,use time:667.1568756103516
recv big obj:22.34M
recv big obj:22.34M
recv big obj:22.34M
recv big obj:22.34M
recv big obj:22.34M
recv big obj:22.34M
recv big obj:22.34M
recv big obj:22.34M
train -epoch~239,loss=8.719585386643303e-05,use time:668.6424586772919
recv big obj:22.34M
recv big obj:22.34M
recv big obj:22.34M
recv big obj:22.34M
recv big obj:22.34M
recv big obj:22.34M
recv big obj:22.34M
recv big obj:22.34M
train -epoch~240,loss=8.733047471650935e-05,use time:672.5446128845215
recv big obj:22.34M
recv big obj:22.34M
recv big obj:22.34M
recv big obj:22.34M
recv big obj:22.34M
recv big obj:22.34M
recv big obj:22.34M
recv big obj:22.34M
train -epoch~241,loss=8.74432848286233e-05,use time:702.2913093566895
recv big obj:22.34M
recv big obj:22.34M
recv big obj:22.34M
recv big obj:22.34M
recv big obj:22.34M
recv big obj:22.34M
recv big obj:22.34M
recv big obj:22.34M
train -epoch~242,loss=8.757474949561584e-05,use time:682.5260679721832
recv big obj:22.34M
recv big obj:22.34M
recv big obj:22.34M
recv big obj:22.34M
recv big obj:22.34M
recv big obj:22.34M
recv big obj:22.34M
recv big obj:22.34M
train -epoch~243,loss=8.768848480031012e-05,use time:672.4501230716705
recv big obj:22.34M
recv big obj:22.34M
recv big obj:22.34M
recv big obj:22.34M
recv big obj:22.34M
recv big obj:22.34M
recv big obj:22.34M
recv big obj:22.34M
train -epoch~244,loss=8.782133797467396e-05,use time:659.2578928470612
recv big obj:22.34M
recv big obj:22.34M
recv big obj:22.34M
recv big obj:22.34M
recv big obj:22.34M
recv big obj:22.34M
recv big obj:22.34M
recv big obj:22.34M
train -epoch~245,loss=8.797331151981779e-05,use time:663.903486251831
recv big obj:22.34M
recv big obj:22.34M
recv big obj:22.34M
recv big obj:22.34M
recv big obj:22.34M
recv big obj:22.34M
recv big obj:22.34M
recv big obj:22.34M
train -epoch~246,loss=8.813125915366982e-05,use time:706.7916066646576
recv big obj:22.34M
recv big obj:22.34M
recv big obj:22.34M
recv big obj:22.34M
recv big obj:22.34M
recv big obj:22.34M
recv big obj:22.34M
recv big obj:22.34M
train -epoch~247,loss=8.829608000269218e-05,use time:672.4779798984528
recv big obj:22.34M
recv big obj:22.34M
recv big obj:22.34M
recv big obj:22.34M
recv big obj:22.34M
recv big obj:22.34M
recv big obj:22.34M
recv big obj:22.34M
train -epoch~248,loss=8.846818291203817e-05,use time:681.2443563938141
recv big obj:22.34M
recv big obj:22.34M
recv big obj:22.34M
recv big obj:22.34M
recv big obj:22.34M
recv big obj:22.34M
recv big obj:22.34M
recv big obj:22.34M
train -epoch~249,loss=8.863108895639016e-05,use time:665.7135212421417
fl-fednas gives "opt supermask:[2, 7, 20, 11, 11, 60, 11, 2]" on Physics.
