controller configures over, waiting for connect request from clients
controller broadcasts datasetname:cora over
controller broadcasts model over
recv big obj:13.82M
recv big obj:13.82M
recv big obj:13.82M
train -epoch~0,loss=1.9502300858497619,use time:53.63594174385071
recv big obj:13.82M
recv big obj:13.82M
recv big obj:13.82M
train -epoch~1,loss=4.548394748142787,use time:40.8652081489563
recv big obj:13.82M
recv big obj:13.82M
recv big obj:13.82M
train -epoch~2,loss=2.7532002993992397,use time:40.83692145347595
recv big obj:13.82M
recv big obj:13.82M
recv big obj:13.82M
train -epoch~3,loss=2.6199911236763,use time:41.31758904457092
recv big obj:13.82M
recv big obj:13.82M
recv big obj:13.82M
train -epoch~4,loss=1.7437893833432878,use time:41.28897500038147
recv big obj:13.82M
recv big obj:13.82M
recv big obj:13.82M
train -epoch~5,loss=1.4939234290804182,use time:41.48253512382507
recv big obj:13.82M
recv big obj:13.82M
recv big obj:13.82M
train -epoch~6,loss=1.0527809381484987,use time:41.4853789806366
recv big obj:13.82M
recv big obj:13.82M
recv big obj:13.82M
train -epoch~7,loss=0.803599454675402,use time:41.078957319259644
recv big obj:13.82M
recv big obj:13.82M
recv big obj:13.82M
train -epoch~8,loss=0.5841207563877107,use time:40.84044551849365
recv big obj:13.82M
recv big obj:13.82M
recv big obj:13.82M
train -epoch~9,loss=0.40605553431170327,use time:41.07775521278381
recv big obj:13.82M
recv big obj:13.82M
recv big obj:13.82M
train -epoch~10,loss=0.273271838256291,use time:40.82333588600159
recv big obj:13.82M
recv big obj:13.82M
recv big obj:13.82M
train -epoch~11,loss=0.215093378509794,use time:40.8564338684082
recv big obj:13.82M
recv big obj:13.82M
recv big obj:13.82M
train -epoch~12,loss=0.2421307025211198,use time:40.6124632358551
recv big obj:13.82M
recv big obj:13.82M
recv big obj:13.82M
train -epoch~13,loss=0.1282774400498186,use time:40.66702747344971
recv big obj:13.82M
recv big obj:13.82M
recv big obj:13.82M
train -epoch~14,loss=0.07168053675975118,use time:40.63959860801697
recv big obj:13.82M
recv big obj:13.82M
recv big obj:13.82M
train -epoch~15,loss=0.06927296178681511,use time:40.636372804641724
recv big obj:13.82M
recv big obj:13.82M
recv big obj:13.82M
train -epoch~16,loss=0.04091456044199211,use time:40.7068145275116
recv big obj:13.82M
recv big obj:13.82M
recv big obj:13.82M
train -epoch~17,loss=0.028142642283013893,use time:40.75852155685425
recv big obj:13.82M
recv big obj:13.82M
recv big obj:13.82M
train -epoch~18,loss=0.011544032088880028,use time:40.70319747924805
recv big obj:13.82M
recv big obj:13.82M
recv big obj:13.82M
train -epoch~19,loss=0.008517905843577214,use time:40.77434325218201
recv big obj:13.82M
recv big obj:13.82M
recv big obj:13.82M
train -epoch~20,loss=0.0045643846620805565,use time:40.99569344520569
recv big obj:13.82M
recv big obj:13.82M
recv big obj:13.82M
train -epoch~21,loss=0.0030106289075255126,use time:41.493308544158936
recv big obj:13.82M
recv big obj:13.82M
recv big obj:13.82M
train -epoch~22,loss=0.0013870818112211834,use time:41.38822841644287
recv big obj:13.82M
recv big obj:13.82M
recv big obj:13.82M
train -epoch~23,loss=0.0008029827918757551,use time:41.154946088790894
recv big obj:13.82M
recv big obj:13.82M
recv big obj:13.82M
train -epoch~24,loss=0.0007848810611384188,use time:41.31625485420227
recv big obj:13.82M
recv big obj:13.82M
recv big obj:13.82M
train -epoch~25,loss=0.0011166104283932199,use time:40.71290111541748
recv big obj:13.82M
recv big obj:13.82M
recv big obj:13.82M
train -epoch~26,loss=0.0009244945180918356,use time:40.661409854888916
recv big obj:13.82M
recv big obj:13.82M
recv big obj:13.82M
train -epoch~27,loss=0.0007725758168297554,use time:40.68204474449158
recv big obj:13.82M
recv big obj:13.82M
recv big obj:13.82M
train -epoch~28,loss=0.0005692059637762473,use time:40.779088735580444
recv big obj:13.82M
recv big obj:13.82M
recv big obj:13.82M
train -epoch~29,loss=0.00037718864581880293,use time:41.09263753890991
recv big obj:13.82M
recv big obj:13.82M
recv big obj:13.82M
train -epoch~30,loss=0.00024131183974012468,use time:40.96272873878479
recv big obj:13.82M
recv big obj:13.82M
recv big obj:13.82M
train -epoch~31,loss=0.000157733416251306,use time:41.115588665008545
recv big obj:13.82M
recv big obj:13.82M
recv big obj:13.82M
train -epoch~32,loss=0.00011207100085032706,use time:41.155038595199585
recv big obj:13.82M
recv big obj:13.82M
recv big obj:13.82M
train -epoch~33,loss=8.554450656187587e-05,use time:41.121063470840454
recv big obj:13.82M
recv big obj:13.82M
recv big obj:13.82M
train -epoch~34,loss=6.800218330421818e-05,use time:41.0536744594574
recv big obj:13.82M
recv big obj:13.82M
recv big obj:13.82M
train -epoch~35,loss=5.5307905495283197e-05,use time:40.91279482841492
recv big obj:13.82M
recv big obj:13.82M
recv big obj:13.82M
train -epoch~36,loss=4.643229232377572e-05,use time:41.06903433799744
recv big obj:13.82M
recv big obj:13.82M
recv big obj:13.82M
train -epoch~37,loss=3.9442090980758496e-05,use time:41.23759388923645
recv big obj:13.82M
recv big obj:13.82M
recv big obj:13.82M
train -epoch~38,loss=3.415966304081459e-05,use time:41.18977475166321
recv big obj:13.82M
recv big obj:13.82M
recv big obj:13.82M
train -epoch~39,loss=3.026948310694674e-05,use time:41.10170078277588
recv big obj:13.82M
recv big obj:13.82M
recv big obj:13.82M
train -epoch~40,loss=2.744569866471076e-05,use time:40.66940927505493
recv big obj:13.82M
recv big obj:13.82M
recv big obj:13.82M
train -epoch~41,loss=2.5334808326858497e-05,use time:40.94721245765686
recv big obj:13.82M
recv big obj:13.82M
recv big obj:13.82M
train -epoch~42,loss=2.366349308431381e-05,use time:40.82077383995056
recv big obj:13.82M
recv big obj:13.82M
recv big obj:13.82M
train -epoch~43,loss=2.240789959354775e-05,use time:40.835968255996704
recv big obj:13.82M
recv big obj:13.82M
recv big obj:13.82M
train -epoch~44,loss=2.142681244419821e-05,use time:40.85112452507019
recv big obj:13.82M
recv big obj:13.82M
recv big obj:13.82M
train -epoch~45,loss=2.058908134391199e-05,use time:41.174378633499146
recv big obj:13.82M
recv big obj:13.82M
recv big obj:13.82M
train -epoch~46,loss=1.9832882838142854e-05,use time:41.46914720535278
recv big obj:13.82M
recv big obj:13.82M
recv big obj:13.82M
train -epoch~47,loss=1.9104490450315226e-05,use time:41.597296714782715
recv big obj:13.82M
recv big obj:13.82M
recv big obj:13.82M
train -epoch~48,loss=1.8414233480663307e-05,use time:41.175559520721436
recv big obj:13.82M
recv big obj:13.82M
recv big obj:13.82M
train -epoch~49,loss=1.7737778567347308e-05,use time:40.83290958404541
recv big obj:13.82M
recv big obj:13.82M
recv big obj:13.82M
train -epoch~50,loss=1.7078787297058237e-05,use time:40.78753900527954
recv big obj:13.82M
recv big obj:13.82M
recv big obj:13.82M
train -epoch~51,loss=1.6418219580113404e-05,use time:40.958136558532715
recv big obj:13.82M
recv big obj:13.82M
recv big obj:13.82M
train -epoch~52,loss=1.576537644203719e-05,use time:40.74259638786316
recv big obj:13.82M
recv big obj:13.82M
recv big obj:13.82M
train -epoch~53,loss=1.5127505340777654e-05,use time:41.55643153190613
recv big obj:13.82M
recv big obj:13.82M
recv big obj:13.82M
train -epoch~54,loss=1.4524232041627068e-05,use time:41.47045660018921
recv big obj:13.82M
recv big obj:13.82M
recv big obj:13.82M
train -epoch~55,loss=1.3908171305437073e-05,use time:41.082563638687134
recv big obj:13.82M
recv big obj:13.82M
recv big obj:13.82M
train -epoch~56,loss=1.3318792356845474e-05,use time:41.29697942733765
recv big obj:13.82M
recv big obj:13.82M
recv big obj:13.82M
train -epoch~57,loss=1.2759841138176854e-05,use time:41.46211910247803
recv big obj:13.82M
recv big obj:13.82M
recv big obj:13.82M
train -epoch~58,loss=1.2241531846614506e-05,use time:46.09197497367859
recv big obj:13.82M
recv big obj:13.82M
recv big obj:13.82M
train -epoch~59,loss=1.1753666012737084e-05,use time:45.76825141906738
recv big obj:13.82M
recv big obj:13.82M
recv big obj:13.82M
train -epoch~60,loss=1.1289576689575501e-05,use time:40.72778844833374
recv big obj:13.82M
recv big obj:13.82M
recv big obj:13.82M
train -epoch~61,loss=1.0866687859691282e-05,use time:40.764026165008545
recv big obj:13.82M
recv big obj:13.82M
recv big obj:13.82M
train -epoch~62,loss=1.0508661931193534e-05,use time:40.94110369682312
recv big obj:13.82M
recv big obj:13.82M
recv big obj:13.82M
train -epoch~63,loss=1.0181026670709669e-05,use time:40.7234148979187
recv big obj:13.82M
recv big obj:13.82M
recv big obj:13.82M
train -epoch~64,loss=9.869967211021244e-06,use time:40.78506398200989
recv big obj:13.82M
recv big obj:13.82M
recv big obj:13.82M
train -epoch~65,loss=9.592866503485962e-06,use time:40.78875803947449
recv big obj:13.82M
recv big obj:13.82M
recv big obj:13.82M
train -epoch~66,loss=9.347909696901167e-06,use time:41.3537757396698
recv big obj:13.82M
recv big obj:13.82M
recv big obj:13.82M
train -epoch~67,loss=9.147639002549112e-06,use time:41.50886607170105
recv big obj:13.82M
recv big obj:13.82M
recv big obj:13.82M
train -epoch~68,loss=8.96915633867528e-06,use time:45.13543200492859
recv big obj:13.82M
recv big obj:13.82M
recv big obj:13.82M
train -epoch~69,loss=8.814518722439452e-06,use time:45.24265933036804
recv big obj:13.82M
recv big obj:13.82M
recv big obj:13.82M
train -epoch~70,loss=8.690821407851347e-06,use time:45.18279576301575
recv big obj:13.82M
recv big obj:13.82M
recv big obj:13.82M
train -epoch~71,loss=8.563692368365342e-06,use time:44.70539045333862
recv big obj:13.82M
recv big obj:13.82M
recv big obj:13.82M
train -epoch~72,loss=8.474529925349218e-06,use time:44.62989687919617
recv big obj:13.82M
recv big obj:13.82M
recv big obj:13.82M
train -epoch~73,loss=8.402180817159075e-06,use time:40.99202346801758
recv big obj:13.82M
recv big obj:13.82M
recv big obj:13.82M
train -epoch~74,loss=8.333157165907323e-06,use time:40.925113916397095
recv big obj:13.82M
recv big obj:13.82M
recv big obj:13.82M
train -epoch~75,loss=8.274210469088368e-06,use time:40.932111501693726
recv big obj:13.82M
recv big obj:13.82M
recv big obj:13.82M
train -epoch~76,loss=8.236532656675471e-06,use time:40.948859214782715
recv big obj:13.82M
recv big obj:13.82M
recv big obj:13.82M
train -epoch~77,loss=8.196791986847529e-06,use time:41.06749653816223
recv big obj:13.82M
recv big obj:13.82M
recv big obj:13.82M
train -epoch~78,loss=8.176214266443692e-06,use time:41.01172947883606
recv big obj:13.82M
recv big obj:13.82M
recv big obj:13.82M
train -epoch~79,loss=8.1573420434974e-06,use time:41.082661151885986
recv big obj:13.82M
recv big obj:13.82M
recv big obj:13.82M
train -epoch~80,loss=8.143406440857298e-06,use time:41.066145181655884
recv big obj:13.82M
recv big obj:13.82M
recv big obj:13.82M
train -epoch~81,loss=8.153413942376834e-06,use time:41.11549639701843
recv big obj:13.82M
recv big obj:13.82M
recv big obj:13.82M
train -epoch~82,loss=8.164775616543402e-06,use time:40.98566007614136
recv big obj:13.82M
recv big obj:13.82M
recv big obj:13.82M
train -epoch~83,loss=8.185259197749214e-06,use time:41.24765419960022
recv big obj:13.82M
recv big obj:13.82M
recv big obj:13.82M
train -epoch~84,loss=8.207209462593061e-06,use time:41.59875798225403
recv big obj:13.82M
recv big obj:13.82M
recv big obj:13.82M
train -epoch~85,loss=8.24076649743282e-06,use time:41.55556344985962
recv big obj:13.82M
recv big obj:13.82M
recv big obj:13.82M
train -epoch~86,loss=8.276750882682141e-06,use time:41.61835527420044
recv big obj:13.82M
recv big obj:13.82M
recv big obj:13.82M
train -epoch~87,loss=8.325171302203671e-06,use time:41.53764796257019
recv big obj:13.82M
recv big obj:13.82M
recv big obj:13.82M
train -epoch~88,loss=8.36931622611051e-06,use time:41.479230642318726
recv big obj:13.82M
recv big obj:13.82M
recv big obj:13.82M
train -epoch~89,loss=8.413629952234e-06,use time:41.48908615112305
recv big obj:13.82M
recv big obj:13.82M
recv big obj:13.82M
train -epoch~90,loss=8.476368553341932e-06,use time:41.569626331329346
recv big obj:13.82M
recv big obj:13.82M
recv big obj:13.82M
train -epoch~91,loss=8.538481811878487e-06,use time:41.66817116737366
recv big obj:13.82M
recv big obj:13.82M
recv big obj:13.82M
train -epoch~92,loss=8.604786541712072e-06,use time:46.01899170875549
recv big obj:13.82M
recv big obj:13.82M
recv big obj:13.82M
train -epoch~93,loss=8.67818985820382e-06,use time:45.945828676223755
recv big obj:13.82M
recv big obj:13.82M
recv big obj:13.82M
train -epoch~94,loss=8.74860293151869e-06,use time:45.995752811431885
recv big obj:13.82M
recv big obj:13.82M
recv big obj:13.82M
train -epoch~95,loss=8.827982505213835e-06,use time:45.75537347793579
recv big obj:13.82M
recv big obj:13.82M
recv big obj:13.82M
train -epoch~96,loss=8.921225863949595e-06,use time:45.697779178619385
recv big obj:13.82M
recv big obj:13.82M
recv big obj:13.82M
train -epoch~97,loss=9.005339247128827e-06,use time:45.729487657547
recv big obj:13.82M
recv big obj:13.82M
recv big obj:13.82M
train -epoch~98,loss=9.099492360421989e-06,use time:40.891374588012695
recv big obj:13.82M
recv big obj:13.82M
recv big obj:13.82M
train -epoch~99,loss=9.195208323425114e-06,use time:40.88963174819946
recv big obj:13.82M
recv big obj:13.82M
recv big obj:13.82M
train -epoch~100,loss=9.29294626205644e-06,use time:40.73112487792969
recv big obj:13.82M
recv big obj:13.82M
recv big obj:13.82M
train -epoch~101,loss=9.394272293710466e-06,use time:40.646087646484375
recv big obj:13.82M
recv big obj:13.82M
recv big obj:13.82M
train -epoch~102,loss=9.498919254318546e-06,use time:40.580846309661865
recv big obj:13.82M
recv big obj:13.82M
recv big obj:13.82M
train -epoch~103,loss=9.596100406789836e-06,use time:40.764748334884644
recv big obj:13.82M
recv big obj:13.82M
recv big obj:13.82M
train -epoch~104,loss=9.715861824588502e-06,use time:41.26235318183899
recv big obj:13.82M
recv big obj:13.82M
recv big obj:13.82M
train -epoch~105,loss=9.826735081982667e-06,use time:41.199655532836914
recv big obj:13.82M
recv big obj:13.82M
recv big obj:13.82M
train -epoch~106,loss=9.935240151597619e-06,use time:41.049872636795044
recv big obj:13.82M
recv big obj:13.82M
recv big obj:13.82M
train -epoch~107,loss=1.0057734789370442e-05,use time:41.09659171104431
recv big obj:13.82M
recv big obj:13.82M
recv big obj:13.82M
train -epoch~108,loss=1.0181531791074251e-05,use time:41.16667723655701
recv big obj:13.82M
recv big obj:13.82M
recv big obj:13.82M
train -epoch~109,loss=1.0307488219041261e-05,use time:41.324968576431274
recv big obj:13.82M
recv big obj:13.82M
recv big obj:13.82M
train -epoch~110,loss=1.0430541306050144e-05,use time:40.762551069259644
recv big obj:13.82M
recv big obj:13.82M
recv big obj:13.82M
train -epoch~111,loss=1.055724843744039e-05,use time:40.82887673377991
recv big obj:13.82M
recv big obj:13.82M
recv big obj:13.82M
train -epoch~112,loss=1.0678538819774987e-05,use time:40.94427824020386
recv big obj:13.82M
recv big obj:13.82M
recv big obj:13.82M
train -epoch~113,loss=1.0799496041207541e-05,use time:41.01205921173096
recv big obj:13.82M
recv big obj:13.82M
recv big obj:13.82M
train -epoch~114,loss=1.0930624141890023e-05,use time:41.409016132354736
recv big obj:13.82M
recv big obj:13.82M
recv big obj:13.82M
train -epoch~115,loss=1.1058433230053717e-05,use time:48.145939350128174
recv big obj:13.82M
recv big obj:13.82M
recv big obj:13.82M
train -epoch~116,loss=1.120153232737461e-05,use time:50.6003041267395
recv big obj:13.82M
recv big obj:13.82M
recv big obj:13.82M
train -epoch~117,loss=1.1333786622864344e-05,use time:50.40735220909119
recv big obj:13.82M
recv big obj:13.82M
recv big obj:13.82M
train -epoch~118,loss=1.1482256461801756e-05,use time:41.343523025512695
recv big obj:13.82M
recv big obj:13.82M
recv big obj:13.82M
train -epoch~119,loss=1.162357800369916e-05,use time:40.879849672317505
recv big obj:13.82M
recv big obj:13.82M
recv big obj:13.82M
train -epoch~120,loss=1.176275662016581e-05,use time:40.97530817985535
recv big obj:13.82M
recv big obj:13.82M
recv big obj:13.82M
train -epoch~121,loss=1.1899495932863958e-05,use time:40.802159786224365
recv big obj:13.82M
recv big obj:13.82M
recv big obj:13.82M
train -epoch~122,loss=1.203601443973769e-05,use time:40.946094036102295
recv big obj:13.82M
recv big obj:13.82M
recv big obj:13.82M
train -epoch~123,loss=1.2178787060942601e-05,use time:41.07294416427612
recv big obj:13.82M
recv big obj:13.82M
recv big obj:13.82M
train -epoch~124,loss=1.232352195594493e-05,use time:40.89026117324829
recv big obj:13.82M
recv big obj:13.82M
recv big obj:13.82M
train -epoch~125,loss=1.2475910001999832e-05,use time:40.92343783378601
recv big obj:13.82M
recv big obj:13.82M
recv big obj:13.82M
train -epoch~126,loss=1.2606617539339432e-05,use time:41.39655590057373
recv big obj:13.82M
recv big obj:13.82M
recv big obj:13.82M
train -epoch~127,loss=1.2753437139118823e-05,use time:41.46320033073425
recv big obj:13.82M
recv big obj:13.82M
recv big obj:13.82M
train -epoch~128,loss=1.2893597834460837e-05,use time:41.38155961036682
recv big obj:13.82M
recv big obj:13.82M
recv big obj:13.82M
train -epoch~129,loss=1.3035909770613736e-05,use time:41.462249755859375
recv big obj:13.82M
recv big obj:13.82M
recv big obj:13.82M
train -epoch~130,loss=1.3176599298146488e-05,use time:41.47261166572571
recv big obj:13.82M
recv big obj:13.82M
recv big obj:13.82M
train -epoch~131,loss=1.3325257168617099e-05,use time:41.44088625907898
recv big obj:13.82M
recv big obj:13.82M
recv big obj:13.82M
train -epoch~132,loss=1.3469205701507496e-05,use time:41.545567989349365
recv big obj:13.82M
recv big obj:13.82M
recv big obj:13.82M
train -epoch~133,loss=1.3619955513734438e-05,use time:40.929431200027466
recv big obj:13.82M
recv big obj:13.82M
recv big obj:13.82M
train -epoch~134,loss=1.3774373811819325e-05,use time:40.98099231719971
recv big obj:13.82M
recv big obj:13.82M
recv big obj:13.82M
train -epoch~135,loss=1.3913417309855245e-05,use time:40.97951030731201
recv big obj:13.82M
recv big obj:13.82M
recv big obj:13.82M
train -epoch~136,loss=1.40666921652155e-05,use time:41.247775077819824
recv big obj:13.82M
recv big obj:13.82M
recv big obj:13.82M
train -epoch~137,loss=1.4218674342763345e-05,use time:41.609039306640625
recv big obj:13.82M
recv big obj:13.82M
recv big obj:13.82M
train -epoch~138,loss=1.4365126077921429e-05,use time:41.6323459148407
recv big obj:13.82M
recv big obj:13.82M
recv big obj:13.82M
train -epoch~139,loss=1.45196866729488e-05,use time:41.76564693450928
recv big obj:13.82M
recv big obj:13.82M
recv big obj:13.82M
train -epoch~140,loss=1.4682320800472683e-05,use time:41.266544342041016
recv big obj:13.82M
recv big obj:13.82M
recv big obj:13.82M
train -epoch~141,loss=1.485950395882745e-05,use time:40.973119497299194
recv big obj:13.82M
recv big obj:13.82M
recv big obj:13.82M
train -epoch~142,loss=1.5023453540509634e-05,use time:40.846784591674805
recv big obj:13.82M
recv big obj:13.82M
recv big obj:13.82M
train -epoch~143,loss=1.5197472852638125e-05,use time:40.9093554019928
recv big obj:13.82M
recv big obj:13.82M
recv big obj:13.82M
train -epoch~144,loss=1.5375520901475932e-05,use time:41.07496404647827
recv big obj:13.82M
recv big obj:13.82M
recv big obj:13.82M
train -epoch~145,loss=1.5547181776907693e-05,use time:41.329070806503296
recv big obj:13.82M
recv big obj:13.82M
recv big obj:13.82M
train -epoch~146,loss=1.572192192855125e-05,use time:41.44773888587952
recv big obj:13.82M
recv big obj:13.82M
recv big obj:13.82M
train -epoch~147,loss=1.591157260918408e-05,use time:41.05683612823486
recv big obj:13.82M
recv big obj:13.82M
recv big obj:13.82M
train -epoch~148,loss=1.6091730464852714e-05,use time:40.67601251602173
recv big obj:13.82M
recv big obj:13.82M
recv big obj:13.82M
train -epoch~149,loss=1.627523297429434e-05,use time:41.03205227851868
recv big obj:13.82M
recv big obj:13.82M
recv big obj:13.82M
train -epoch~150,loss=1.6458786623323767e-05,use time:41.49606275558472
recv big obj:13.82M
recv big obj:13.82M
recv big obj:13.82M
train -epoch~151,loss=1.6653284352027443e-05,use time:41.34505820274353
recv big obj:13.82M
recv big obj:13.82M
recv big obj:13.82M
train -epoch~152,loss=1.6836375432051552e-05,use time:40.92582607269287
recv big obj:13.82M
recv big obj:13.82M
recv big obj:13.82M
train -epoch~153,loss=1.7022932115651202e-05,use time:41.12603998184204
recv big obj:13.82M
recv big obj:13.82M
recv big obj:13.82M
train -epoch~154,loss=1.722525143382622e-05,use time:40.938247203826904
recv big obj:13.82M
recv big obj:13.82M
recv big obj:13.82M
train -epoch~155,loss=1.7413225357034077e-05,use time:40.89780116081238
recv big obj:13.82M
recv big obj:13.82M
recv big obj:13.82M
train -epoch~156,loss=1.7613441260826742e-05,use time:41.32285213470459
recv big obj:13.82M
recv big obj:13.82M
recv big obj:13.82M
train -epoch~157,loss=1.7805735413795836e-05,use time:41.75631761550903
recv big obj:13.82M
recv big obj:13.82M
recv big obj:13.82M
train -epoch~158,loss=1.8015832003064652e-05,use time:41.141711950302124
recv big obj:13.82M
recv big obj:13.82M
recv big obj:13.82M
train -epoch~159,loss=1.8216743514390795e-05,use time:40.900981426239014
recv big obj:13.82M
recv big obj:13.82M
recv big obj:13.82M
train -epoch~160,loss=1.8427617253889496e-05,use time:41.00124764442444
recv big obj:13.82M
recv big obj:13.82M
recv big obj:13.82M
train -epoch~161,loss=1.8638393404606695e-05,use time:40.98378396034241
recv big obj:13.82M
recv big obj:13.82M
recv big obj:13.82M
train -epoch~162,loss=1.8853895250815965e-05,use time:41.23299813270569
recv big obj:13.82M
recv big obj:13.82M
recv big obj:13.82M
train -epoch~163,loss=1.906493381674019e-05,use time:41.01489853858948
recv big obj:13.82M
recv big obj:13.82M
recv big obj:13.82M
train -epoch~164,loss=1.9282506946183277e-05,use time:40.92210412025452
recv big obj:13.82M
recv big obj:13.82M
recv big obj:13.82M
train -epoch~165,loss=1.9515068236484824e-05,use time:40.56312441825867
recv big obj:13.82M
recv big obj:13.82M
recv big obj:13.82M
train -epoch~166,loss=1.9739584149647272e-05,use time:40.77873134613037
recv big obj:13.82M
recv big obj:13.82M
recv big obj:13.82M
train -epoch~167,loss=1.9962677963901242e-05,use time:40.71381998062134
recv big obj:13.82M
recv big obj:13.82M
recv big obj:13.82M
train -epoch~168,loss=2.0191806236523137e-05,use time:40.70430850982666
recv big obj:13.82M
recv big obj:13.82M
recv big obj:13.82M
train -epoch~169,loss=2.042674824614161e-05,use time:40.877047300338745
recv big obj:13.82M
recv big obj:13.82M
recv big obj:13.82M
train -epoch~170,loss=2.0665834680195464e-05,use time:41.12558841705322
recv big obj:13.82M
recv big obj:13.82M
recv big obj:13.82M
train -epoch~171,loss=2.0907684328059465e-05,use time:41.37174391746521
recv big obj:13.82M
recv big obj:13.82M
recv big obj:13.82M
train -epoch~172,loss=2.1131018534755902e-05,use time:49.956055641174316
recv big obj:13.82M
recv big obj:13.82M
recv big obj:13.82M
train -epoch~173,loss=2.136957694217147e-05,use time:49.61849403381348
recv big obj:13.82M
recv big obj:13.82M
recv big obj:13.82M
train -epoch~174,loss=2.1622206362995452e-05,use time:49.911174058914185
recv big obj:13.82M
recv big obj:13.82M
recv big obj:13.82M
train -epoch~175,loss=2.1850199599222312e-05,use time:50.08967471122742
recv big obj:13.82M
recv big obj:13.82M
recv big obj:13.82M
train -epoch~176,loss=2.2090865513746394e-05,use time:50.0155975818634
recv big obj:13.82M
recv big obj:13.82M
recv big obj:13.82M
train -epoch~177,loss=2.2344231989076693e-05,use time:49.693764448165894
recv big obj:13.82M
recv big obj:13.82M
recv big obj:13.82M
train -epoch~178,loss=2.2585830070706186e-05,use time:49.7236647605896
recv big obj:13.82M
recv big obj:13.82M
recv big obj:13.82M
train -epoch~179,loss=2.2827751620622753e-05,use time:45.35570931434631
recv big obj:13.82M
recv big obj:13.82M
recv big obj:13.82M
train -epoch~180,loss=2.305611641142085e-05,use time:40.748002767562866
recv big obj:13.82M
recv big obj:13.82M
recv big obj:13.82M
train -epoch~181,loss=2.329920529778714e-05,use time:41.69082975387573
recv big obj:13.82M
recv big obj:13.82M
recv big obj:13.82M
train -epoch~182,loss=2.3550016716658968e-05,use time:40.91937327384949
recv big obj:13.82M
recv big obj:13.82M
recv big obj:13.82M
train -epoch~183,loss=2.381808356273853e-05,use time:40.95164179801941
recv big obj:13.82M
recv big obj:13.82M
recv big obj:13.82M
train -epoch~184,loss=2.4074775735373676e-05,use time:40.84008526802063
recv big obj:13.82M
recv big obj:13.82M
recv big obj:13.82M
train -epoch~185,loss=2.4328117043686302e-05,use time:40.768418312072754
recv big obj:13.82M
recv big obj:13.82M
recv big obj:13.82M
train -epoch~186,loss=2.458384891984419e-05,use time:41.408716917037964
recv big obj:13.82M
recv big obj:13.82M
recv big obj:13.82M
train -epoch~187,loss=2.4862978534656577e-05,use time:41.5956449508667
recv big obj:13.82M
recv big obj:13.82M
recv big obj:13.82M
train -epoch~188,loss=2.5142390092826515e-05,use time:46.46910762786865
recv big obj:13.82M
recv big obj:13.82M
recv big obj:13.82M
train -epoch~189,loss=2.5432866901350543e-05,use time:46.52938914299011
recv big obj:13.82M
recv big obj:13.82M
recv big obj:13.82M
train -epoch~190,loss=2.5726610380973267e-05,use time:46.318482637405396
recv big obj:13.82M
recv big obj:13.82M
recv big obj:13.82M
train -epoch~191,loss=2.601392183610837e-05,use time:46.11867380142212
recv big obj:13.82M
recv big obj:13.82M
recv big obj:13.82M
train -epoch~192,loss=2.62994541117223e-05,use time:46.08819556236267
recv big obj:13.82M
recv big obj:13.82M
recv big obj:13.82M
train -epoch~193,loss=2.6592330375154106e-05,use time:45.96099591255188
recv big obj:13.82M
recv big obj:13.82M
recv big obj:13.82M
train -epoch~194,loss=2.6885400412928513e-05,use time:45.90152382850647
recv big obj:13.82M
recv big obj:13.82M
recv big obj:13.82M
train -epoch~195,loss=2.7182418437275502e-05,use time:41.65510439872742
recv big obj:13.82M
recv big obj:13.82M
recv big obj:13.82M
train -epoch~196,loss=2.7485909699212896e-05,use time:40.91738200187683
recv big obj:13.82M
recv big obj:13.82M
recv big obj:13.82M
train -epoch~197,loss=2.7779845004261007e-05,use time:41.82968187332153
recv big obj:13.82M
recv big obj:13.82M
recv big obj:13.82M
train -epoch~198,loss=2.810109064219952e-05,use time:46.45020818710327
recv big obj:13.82M
recv big obj:13.82M
recv big obj:13.82M
train -epoch~199,loss=2.8403427937259297e-05,use time:41.55602693557739
recv big obj:13.82M
recv big obj:13.82M
recv big obj:13.82M
train -epoch~200,loss=2.8705555009115154e-05,use time:40.95443773269653
recv big obj:13.82M
recv big obj:13.82M
recv big obj:13.82M
train -epoch~201,loss=2.9009338010967312e-05,use time:41.09034299850464
recv big obj:13.82M
recv big obj:13.82M
recv big obj:13.82M
train -epoch~202,loss=2.9314923605332816e-05,use time:41.15851402282715
recv big obj:13.82M
recv big obj:13.82M
recv big obj:13.82M
train -epoch~203,loss=2.959824741992634e-05,use time:41.06361150741577
recv big obj:13.82M
recv big obj:13.82M
recv big obj:13.82M
train -epoch~204,loss=2.9910739872970487e-05,use time:41.22012543678284
recv big obj:13.82M
recv big obj:13.82M
recv big obj:13.82M
train -epoch~205,loss=3.022703928893731e-05,use time:41.11217474937439
recv big obj:13.82M
recv big obj:13.82M
recv big obj:13.82M
train -epoch~206,loss=3.05365509380603e-05,use time:41.03830146789551
recv big obj:13.82M
recv big obj:13.82M
recv big obj:13.82M
train -epoch~207,loss=3.0858684086914375e-05,use time:40.85801696777344
recv big obj:13.82M
recv big obj:13.82M
recv big obj:13.82M
train -epoch~208,loss=3.118828447311119e-05,use time:40.89557242393494
recv big obj:13.82M
recv big obj:13.82M
recv big obj:13.82M
train -epoch~209,loss=3.1515903694006344e-05,use time:41.098965644836426
recv big obj:13.82M
recv big obj:13.82M
recv big obj:13.82M
train -epoch~210,loss=3.183893040841213e-05,use time:45.963414669036865
recv big obj:13.82M
recv big obj:13.82M
recv big obj:13.82M
train -epoch~211,loss=3.2163936261245646e-05,use time:45.72181677818298
recv big obj:13.82M
recv big obj:13.82M
recv big obj:13.82M
train -epoch~212,loss=3.248877967832543e-05,use time:41.00224423408508
recv big obj:13.82M
recv big obj:13.82M
recv big obj:13.82M
train -epoch~213,loss=3.282985656239491e-05,use time:40.925626039505005
recv big obj:13.82M
recv big obj:13.82M
recv big obj:13.82M
train -epoch~214,loss=3.314860402627216e-05,use time:40.92109704017639
recv big obj:13.82M
recv big obj:13.82M
recv big obj:13.82M
train -epoch~215,loss=3.3491640091857077e-05,use time:40.96646451950073
recv big obj:13.82M
recv big obj:13.82M
recv big obj:13.82M
train -epoch~216,loss=3.3811963788009184e-05,use time:41.149487018585205
recv big obj:13.82M
recv big obj:13.82M
recv big obj:13.82M
train -epoch~217,loss=3.414693060871546e-05,use time:40.99693560600281
recv big obj:13.82M
recv big obj:13.82M
recv big obj:13.82M
train -epoch~218,loss=3.449643726136336e-05,use time:41.074896574020386
recv big obj:13.82M
recv big obj:13.82M
recv big obj:13.82M
train -epoch~219,loss=3.4852029343060816e-05,use time:41.336692333221436
recv big obj:13.82M
recv big obj:13.82M
recv big obj:13.82M
train -epoch~220,loss=3.519670047223502e-05,use time:41.15040588378906
recv big obj:13.82M
recv big obj:13.82M
recv big obj:13.82M
train -epoch~221,loss=3.554000491671364e-05,use time:41.38326406478882
recv big obj:13.82M
recv big obj:13.82M
recv big obj:13.82M
train -epoch~222,loss=3.590285915769138e-05,use time:41.041566133499146
recv big obj:13.82M
recv big obj:13.82M
recv big obj:13.82M
train -epoch~223,loss=3.623685752245365e-05,use time:41.1988000869751
recv big obj:13.82M
recv big obj:13.82M
recv big obj:13.82M
train -epoch~224,loss=3.656861003297049e-05,use time:41.28659105300903
recv big obj:13.82M
recv big obj:13.82M
recv big obj:13.82M
train -epoch~225,loss=3.6922712336360874e-05,use time:41.401742696762085
recv big obj:13.82M
recv big obj:13.82M
recv big obj:13.82M
train -epoch~226,loss=3.72814794120911e-05,use time:41.441972494125366
recv big obj:13.82M
recv big obj:13.82M
recv big obj:13.82M
train -epoch~227,loss=3.7624768031361915e-05,use time:40.84178590774536
recv big obj:13.82M
recv big obj:13.82M
recv big obj:13.82M
train -epoch~228,loss=3.7983742315970755e-05,use time:40.97506618499756
recv big obj:13.82M
recv big obj:13.82M
recv big obj:13.82M
train -epoch~229,loss=3.833857993283476e-05,use time:40.856977462768555
recv big obj:13.82M
recv big obj:13.82M
recv big obj:13.82M
train -epoch~230,loss=3.8689897493376135e-05,use time:40.94559907913208
recv big obj:13.82M
recv big obj:13.82M
recv big obj:13.82M
train -epoch~231,loss=3.903524767728024e-05,use time:41.41676712036133
recv big obj:13.82M
recv big obj:13.82M
recv big obj:13.82M
train -epoch~232,loss=3.939210239747938e-05,use time:41.29677653312683
recv big obj:13.82M
recv big obj:13.82M
recv big obj:13.82M
train -epoch~233,loss=3.9744811666813416e-05,use time:40.92130661010742
recv big obj:13.82M
recv big obj:13.82M
recv big obj:13.82M
train -epoch~234,loss=4.0090498467699426e-05,use time:40.86794471740723
recv big obj:13.82M
recv big obj:13.82M
recv big obj:13.82M
train -epoch~235,loss=4.0451264352928514e-05,use time:40.891255617141724
recv big obj:13.82M
recv big obj:13.82M
recv big obj:13.82M
train -epoch~236,loss=4.080101282722483e-05,use time:41.38976502418518
recv big obj:13.82M
recv big obj:13.82M
recv big obj:13.82M
train -epoch~237,loss=4.113975563606281e-05,use time:41.502111196517944
recv big obj:13.82M
recv big obj:13.82M
recv big obj:13.82M
train -epoch~238,loss=4.148956816477169e-05,use time:41.41321516036987
recv big obj:13.82M
recv big obj:13.82M
recv big obj:13.82M
train -epoch~239,loss=4.18567043587765e-05,use time:41.457998752593994
recv big obj:13.82M
recv big obj:13.82M
recv big obj:13.82M
train -epoch~240,loss=4.220261279052855e-05,use time:41.69196844100952
recv big obj:13.82M
recv big obj:13.82M
recv big obj:13.82M
train -epoch~241,loss=4.2558731365716085e-05,use time:41.10433650016785
recv big obj:13.82M
recv big obj:13.82M
recv big obj:13.82M
train -epoch~242,loss=4.2891692360821513e-05,use time:40.84614157676697
recv big obj:13.82M
recv big obj:13.82M
recv big obj:13.82M
train -epoch~243,loss=4.3261854495670244e-05,use time:40.95972657203674
recv big obj:13.82M
recv big obj:13.82M
recv big obj:13.82M
train -epoch~244,loss=4.3609965047965363e-05,use time:41.06204700469971
recv big obj:13.82M
recv big obj:13.82M
recv big obj:13.82M
train -epoch~245,loss=4.396434048560747e-05,use time:41.262731313705444
recv big obj:13.82M
recv big obj:13.82M
recv big obj:13.82M
train -epoch~246,loss=4.43229015218094e-05,use time:41.48637056350708
recv big obj:13.82M
recv big obj:13.82M
recv big obj:13.82M
train -epoch~247,loss=4.4667473671974485e-05,use time:43.995546102523804
recv big obj:13.82M
recv big obj:13.82M
recv big obj:13.82M
train -epoch~248,loss=4.4996580410432736e-05,use time:49.74102544784546
recv big obj:13.82M
recv big obj:13.82M
recv big obj:13.82M
train -epoch~249,loss=4.537432126068909e-05,use time:49.92122936248779
fl-fednas gives "opt supermask:[5, 9, 19, 19, 11, 38, 50, 1]" on cora.
