controller configures over, waiting for connect request from clients
controller broadcasts datasetname:citeseer over
controller broadcasts model over
recv big obj:16.59M
recv big obj:16.59M
recv big obj:16.59M
train -epoch~0,loss=1.7842078059911728,use time:68.74853467941284
recv big obj:16.59M
recv big obj:16.59M
recv big obj:16.59M
train -epoch~1,loss=2.248747249444326,use time:54.37418460845947
recv big obj:16.59M
recv big obj:16.59M
recv big obj:16.59M
train -epoch~2,loss=2.8096518466869993,use time:54.79075026512146
recv big obj:16.59M
recv big obj:16.59M
recv big obj:16.59M
train -epoch~3,loss=2.2312897642453513,use time:54.41004514694214
recv big obj:16.59M
recv big obj:16.59M
recv big obj:16.59M
train -epoch~4,loss=1.234020153681437,use time:54.310317516326904
recv big obj:16.59M
recv big obj:16.59M
recv big obj:16.59M
train -epoch~5,loss=0.8281027724345525,use time:54.38396692276001
recv big obj:16.59M
recv big obj:16.59M
recv big obj:16.59M
train -epoch~6,loss=0.6722886189818382,use time:54.87358474731445
recv big obj:16.59M
recv big obj:16.59M
recv big obj:16.59M
train -epoch~7,loss=0.4007428400218487,use time:54.35782313346863
recv big obj:16.59M
recv big obj:16.59M
recv big obj:16.59M
train -epoch~8,loss=0.25249725456039107,use time:54.48765683174133
recv big obj:16.59M
recv big obj:16.59M
recv big obj:16.59M
train -epoch~9,loss=0.17218581338723501,use time:54.74248385429382
recv big obj:16.59M
recv big obj:16.59M
recv big obj:16.59M
train -epoch~10,loss=0.11672343996663889,use time:54.838226079940796
recv big obj:16.59M
recv big obj:16.59M
recv big obj:16.59M
train -epoch~11,loss=0.07211945112794638,use time:54.39904308319092
recv big obj:16.59M
recv big obj:16.59M
recv big obj:16.59M
train -epoch~12,loss=0.03710677490259211,use time:54.0780463218689
recv big obj:16.59M
recv big obj:16.59M
recv big obj:16.59M
train -epoch~13,loss=0.028810401912778616,use time:54.01979327201843
recv big obj:16.59M
recv big obj:16.59M
recv big obj:16.59M
train -epoch~14,loss=0.012885411017729591,use time:53.93292593955994
recv big obj:16.59M
recv big obj:16.59M
recv big obj:16.59M
train -epoch~15,loss=0.0065335290516183395,use time:54.13311243057251
recv big obj:16.59M
recv big obj:16.59M
recv big obj:16.59M
train -epoch~16,loss=0.006046980619430542,use time:53.87606120109558
recv big obj:16.59M
recv big obj:16.59M
recv big obj:16.59M
train -epoch~17,loss=0.00476536369145227,use time:54.36721110343933
recv big obj:16.59M
recv big obj:16.59M
recv big obj:16.59M
train -epoch~18,loss=0.0036767302857091027,use time:54.31709551811218
recv big obj:16.59M
recv big obj:16.59M
recv big obj:16.59M
train -epoch~19,loss=0.002153679008188192,use time:54.1769700050354
recv big obj:16.59M
recv big obj:16.59M
recv big obj:16.59M
train -epoch~20,loss=0.002348879800896005,use time:54.49591660499573
recv big obj:16.59M
recv big obj:16.59M
recv big obj:16.59M
train -epoch~21,loss=0.00136435145092643,use time:54.41543173789978
recv big obj:16.59M
recv big obj:16.59M
recv big obj:16.59M
train -epoch~22,loss=0.0011530526086668638,use time:54.51509189605713
recv big obj:16.59M
recv big obj:16.59M
recv big obj:16.59M
train -epoch~23,loss=0.000711152173607843,use time:54.21010684967041
recv big obj:16.59M
recv big obj:16.59M
recv big obj:16.59M
train -epoch~24,loss=0.0006661707023643733,use time:54.12931847572327
recv big obj:16.59M
recv big obj:16.59M
recv big obj:16.59M
train -epoch~25,loss=0.0006597375904675573,use time:54.17166543006897
recv big obj:16.59M
recv big obj:16.59M
recv big obj:16.59M
train -epoch~26,loss=0.000506564553991969,use time:54.14897346496582
recv big obj:16.59M
recv big obj:16.59M
recv big obj:16.59M
train -epoch~27,loss=0.00038543660260377993,use time:54.13641142845154
recv big obj:16.59M
recv big obj:16.59M
recv big obj:16.59M
train -epoch~28,loss=0.0002926180136455514,use time:54.10030508041382
recv big obj:16.59M
recv big obj:16.59M
recv big obj:16.59M
train -epoch~29,loss=0.00023875609000848877,use time:54.284385204315186
recv big obj:16.59M
recv big obj:16.59M
recv big obj:16.59M
train -epoch~30,loss=0.00020456611218833132,use time:54.32630228996277
recv big obj:16.59M
recv big obj:16.59M
recv big obj:16.59M
train -epoch~31,loss=0.00016202827168854128,use time:54.36102890968323
recv big obj:16.59M
recv big obj:16.59M
recv big obj:16.59M
train -epoch~32,loss=0.00013282553913995798,use time:54.37059950828552
recv big obj:16.59M
recv big obj:16.59M
recv big obj:16.59M
train -epoch~33,loss=0.00011918535134706568,use time:55.35232734680176
recv big obj:16.59M
recv big obj:16.59M
recv big obj:16.59M
train -epoch~34,loss=0.00010238099643326375,use time:55.674591302871704
recv big obj:16.59M
recv big obj:16.59M
recv big obj:16.59M
train -epoch~35,loss=8.403331560202787e-05,use time:54.37954807281494
recv big obj:16.59M
recv big obj:16.59M
recv big obj:16.59M
train -epoch~36,loss=7.277243706009054e-05,use time:54.545952558517456
recv big obj:16.59M
recv big obj:16.59M
recv big obj:16.59M
train -epoch~37,loss=6.596504219184376e-05,use time:54.93086338043213
recv big obj:16.59M
recv big obj:16.59M
recv big obj:16.59M
train -epoch~38,loss=5.962404052676599e-05,use time:55.50661015510559
recv big obj:16.59M
recv big obj:16.59M
recv big obj:16.59M
train -epoch~39,loss=5.2733316844448076e-05,use time:54.85813808441162
recv big obj:16.59M
recv big obj:16.59M
recv big obj:16.59M
train -epoch~40,loss=4.6839936127677596e-05,use time:54.79314851760864
recv big obj:16.59M
recv big obj:16.59M
recv big obj:16.59M
train -epoch~41,loss=4.2812159620098094e-05,use time:54.32321071624756
recv big obj:16.59M
recv big obj:16.59M
recv big obj:16.59M
train -epoch~42,loss=3.958344440964841e-05,use time:55.372031927108765
recv big obj:16.59M
recv big obj:16.59M
recv big obj:16.59M
train -epoch~43,loss=3.594141093306765e-05,use time:55.13317251205444
recv big obj:16.59M
recv big obj:16.59M
recv big obj:16.59M
train -epoch~44,loss=3.216262473415554e-05,use time:55.029664278030396
recv big obj:16.59M
recv big obj:16.59M
recv big obj:16.59M
train -epoch~45,loss=2.913933740463411e-05,use time:55.07665276527405
recv big obj:16.59M
recv big obj:16.59M
recv big obj:16.59M
train -epoch~46,loss=2.6916454634336635e-05,use time:55.17537069320679
recv big obj:16.59M
recv big obj:16.59M
recv big obj:16.59M
train -epoch~47,loss=2.5277137604954682e-05,use time:54.961562633514404
recv big obj:16.59M
recv big obj:16.59M
recv big obj:16.59M
train -epoch~48,loss=2.3778983248234905e-05,use time:54.32370853424072
recv big obj:16.59M
recv big obj:16.59M
recv big obj:16.59M
train -epoch~49,loss=2.2171058934835248e-05,use time:54.25035309791565
recv big obj:16.59M
recv big obj:16.59M
recv big obj:16.59M
train -epoch~50,loss=2.0631820210799862e-05,use time:54.29046082496643
recv big obj:16.59M
recv big obj:16.59M
recv big obj:16.59M
train -epoch~51,loss=1.928968288211763e-05,use time:54.85706377029419
recv big obj:16.59M
recv big obj:16.59M
recv big obj:16.59M
train -epoch~52,loss=1.8351945541894565e-05,use time:55.294591188430786
recv big obj:16.59M
recv big obj:16.59M
recv big obj:16.59M
train -epoch~53,loss=1.7638156776911273e-05,use time:54.677046060562134
recv big obj:16.59M
recv big obj:16.59M
recv big obj:16.59M
train -epoch~54,loss=1.7016383547267346e-05,use time:54.413224935531616
recv big obj:16.59M
recv big obj:16.59M
recv big obj:16.59M
train -epoch~55,loss=1.6388200007118787e-05,use time:54.49166989326477
recv big obj:16.59M
recv big obj:16.59M
recv big obj:16.59M
train -epoch~56,loss=1.580342309637217e-05,use time:53.86662769317627
recv big obj:16.59M
recv big obj:16.59M
recv big obj:16.59M
train -epoch~57,loss=1.5171631323103915e-05,use time:54.28956437110901
recv big obj:16.59M
recv big obj:16.59M
recv big obj:16.59M
train -epoch~58,loss=1.4644166694684676e-05,use time:54.54085111618042
recv big obj:16.59M
recv big obj:16.59M
recv big obj:16.59M
train -epoch~59,loss=1.4211735586873905e-05,use time:54.70117473602295
recv big obj:16.59M
recv big obj:16.59M
recv big obj:16.59M
train -epoch~60,loss=1.3891454725486103e-05,use time:54.834197759628296
recv big obj:16.59M
recv big obj:16.59M
recv big obj:16.59M
train -epoch~61,loss=1.3614825161785877e-05,use time:54.76650834083557
recv big obj:16.59M
recv big obj:16.59M
recv big obj:16.59M
train -epoch~62,loss=1.3301156959263e-05,use time:54.75681209564209
recv big obj:16.59M
recv big obj:16.59M
recv big obj:16.59M
train -epoch~63,loss=1.2939424244962082e-05,use time:55.338988304138184
recv big obj:16.59M
recv big obj:16.59M
recv big obj:16.59M
train -epoch~64,loss=1.2678705784215556e-05,use time:55.098172664642334
recv big obj:16.59M
recv big obj:16.59M
recv big obj:16.59M
train -epoch~65,loss=1.2406429481378229e-05,use time:54.415345907211304
recv big obj:16.59M
recv big obj:16.59M
recv big obj:16.59M
train -epoch~66,loss=1.2234617370173357e-05,use time:54.35688018798828
recv big obj:16.59M
recv big obj:16.59M
recv big obj:16.59M
train -epoch~67,loss=1.2106519619692334e-05,use time:54.34584045410156
recv big obj:16.59M
recv big obj:16.59M
recv big obj:16.59M
train -epoch~68,loss=1.1950890827468658e-05,use time:55.0157425403595
recv big obj:16.59M
recv big obj:16.59M
recv big obj:16.59M
train -epoch~69,loss=1.1905862900600065e-05,use time:55.241485595703125
recv big obj:16.59M
recv big obj:16.59M
recv big obj:16.59M
train -epoch~70,loss=1.182138452785845e-05,use time:55.28548336029053
recv big obj:16.59M
recv big obj:16.59M
recv big obj:16.59M
train -epoch~71,loss=1.1792682097204002e-05,use time:55.27513909339905
recv big obj:16.59M
recv big obj:16.59M
recv big obj:16.59M
train -epoch~72,loss=1.176893699531926e-05,use time:54.549317359924316
recv big obj:16.59M
recv big obj:16.59M
recv big obj:16.59M
train -epoch~73,loss=1.1774012752615212e-05,use time:54.466344356536865
recv big obj:16.59M
recv big obj:16.59M
recv big obj:16.59M
train -epoch~74,loss=1.1780564776131541e-05,use time:54.30762076377869
recv big obj:16.59M
recv big obj:16.59M
recv big obj:16.59M
train -epoch~75,loss=1.1808558070924844e-05,use time:55.22389030456543
recv big obj:16.59M
recv big obj:16.59M
recv big obj:16.59M
train -epoch~76,loss=1.1814315205545729e-05,use time:55.2347195148468
recv big obj:16.59M
recv big obj:16.59M
recv big obj:16.59M
train -epoch~77,loss=1.1837029286236126e-05,use time:55.33733081817627
recv big obj:16.59M
recv big obj:16.59M
recv big obj:16.59M
train -epoch~78,loss=1.1834131418216504e-05,use time:54.9514262676239
recv big obj:16.59M
recv big obj:16.59M
recv big obj:16.59M
train -epoch~79,loss=1.1848819809756606e-05,use time:54.75629234313965
recv big obj:16.59M
recv big obj:16.59M
recv big obj:16.59M
train -epoch~80,loss=1.1872858995805776e-05,use time:54.59316658973694
recv big obj:16.59M
recv big obj:16.59M
recv big obj:16.59M
train -epoch~81,loss=1.1917918347611097e-05,use time:54.17991399765015
recv big obj:16.59M
recv big obj:16.59M
recv big obj:16.59M
train -epoch~82,loss=1.1973598608013466e-05,use time:54.112072706222534
recv big obj:16.59M
recv big obj:16.59M
recv big obj:16.59M
train -epoch~83,loss=1.2038554823827022e-05,use time:54.39429330825806
recv big obj:16.59M
recv big obj:16.59M
recv big obj:16.59M
train -epoch~84,loss=1.2090618985401608e-05,use time:54.1745924949646
recv big obj:16.59M
recv big obj:16.59M
recv big obj:16.59M
train -epoch~85,loss=1.2195983060792058e-05,use time:54.36919164657593
recv big obj:16.59M
recv big obj:16.59M
recv big obj:16.59M
train -epoch~86,loss=1.2244205673065759e-05,use time:54.51697778701782
recv big obj:16.59M
recv big obj:16.59M
recv big obj:16.59M
train -epoch~87,loss=1.2334786475776127e-05,use time:54.27029299736023
recv big obj:16.59M
recv big obj:16.59M
recv big obj:16.59M
train -epoch~88,loss=1.2418336164425151e-05,use time:54.22728252410889
recv big obj:16.59M
recv big obj:16.59M
recv big obj:16.59M
train -epoch~89,loss=1.2518895042982573e-05,use time:54.48241686820984
recv big obj:16.59M
recv big obj:16.59M
recv big obj:16.59M
train -epoch~90,loss=1.2603210914600519e-05,use time:55.352437257766724
recv big obj:16.59M
recv big obj:16.59M
recv big obj:16.59M
train -epoch~91,loss=1.2705886632602414e-05,use time:55.604732513427734
recv big obj:16.59M
recv big obj:16.59M
recv big obj:16.59M
train -epoch~92,loss=1.2766076404583751e-05,use time:55.236013889312744
recv big obj:16.59M
recv big obj:16.59M
recv big obj:16.59M
train -epoch~93,loss=1.2828020857114097e-05,use time:55.37201690673828
recv big obj:16.59M
recv big obj:16.59M
recv big obj:16.59M
train -epoch~94,loss=1.2920829571309394e-05,use time:54.91652011871338
recv big obj:16.59M
recv big obj:16.59M
recv big obj:16.59M
train -epoch~95,loss=1.3033029697832415e-05,use time:55.0310378074646
recv big obj:16.59M
recv big obj:16.59M
recv big obj:16.59M
train -epoch~96,loss=1.3153917478803123e-05,use time:54.56390976905823
recv big obj:16.59M
recv big obj:16.59M
recv big obj:16.59M
train -epoch~97,loss=1.3242395093963447e-05,use time:54.47189807891846
recv big obj:16.59M
recv big obj:16.59M
recv big obj:16.59M
train -epoch~98,loss=1.3362503172705448e-05,use time:54.670405626297
recv big obj:16.59M
recv big obj:16.59M
recv big obj:16.59M
train -epoch~99,loss=1.3481660251576006e-05,use time:54.44828510284424
recv big obj:16.59M
recv big obj:16.59M
recv big obj:16.59M
train -epoch~100,loss=1.3611912834221584e-05,use time:54.52741885185242
recv big obj:16.59M
recv big obj:16.59M
recv big obj:16.59M
train -epoch~101,loss=1.3707594604284168e-05,use time:54.449663162231445
recv big obj:16.59M
recv big obj:16.59M
recv big obj:16.59M
train -epoch~102,loss=1.3847875758680555e-05,use time:54.909087896347046
recv big obj:16.59M
recv big obj:16.59M
recv big obj:16.59M
train -epoch~103,loss=1.3969728636690586e-05,use time:55.27876091003418
recv big obj:16.59M
recv big obj:16.59M
recv big obj:16.59M
train -epoch~104,loss=1.4080216999445838e-05,use time:54.50524306297302
recv big obj:16.59M
recv big obj:16.59M
recv big obj:16.59M
train -epoch~105,loss=1.4192864000506233e-05,use time:54.81173396110535
recv big obj:16.59M
recv big obj:16.59M
recv big obj:16.59M
train -epoch~106,loss=1.4346802762095951e-05,use time:55.000749349594116
recv big obj:16.59M
recv big obj:16.59M
recv big obj:16.59M
train -epoch~107,loss=1.4453153217649136e-05,use time:54.85081624984741
recv big obj:16.59M
recv big obj:16.59M
recv big obj:16.59M
train -epoch~108,loss=1.460046869776003e-05,use time:54.54931902885437
recv big obj:16.59M
recv big obj:16.59M
recv big obj:16.59M
train -epoch~109,loss=1.475832126137296e-05,use time:54.56602883338928
recv big obj:16.59M
recv big obj:16.59M
recv big obj:16.59M
train -epoch~110,loss=1.4898990533159425e-05,use time:54.25562524795532
recv big obj:16.59M
recv big obj:16.59M
recv big obj:16.59M
train -epoch~111,loss=1.5070865951353578e-05,use time:54.32034230232239
recv big obj:16.59M
recv big obj:16.59M
recv big obj:16.59M
train -epoch~112,loss=1.52338486524665e-05,use time:54.3760826587677
recv big obj:16.59M
recv big obj:16.59M
recv big obj:16.59M
train -epoch~113,loss=1.53725216591738e-05,use time:54.23536276817322
recv big obj:16.59M
recv big obj:16.59M
recv big obj:16.59M
train -epoch~114,loss=1.5556735244596588e-05,use time:54.30729794502258
recv big obj:16.59M
recv big obj:16.59M
recv big obj:16.59M
train -epoch~115,loss=1.5730729633863422e-05,use time:54.547003507614136
recv big obj:16.59M
recv big obj:16.59M
recv big obj:16.59M
train -epoch~116,loss=1.5908523929889878e-05,use time:54.26929259300232
recv big obj:16.59M
recv big obj:16.59M
recv big obj:16.59M
train -epoch~117,loss=1.605825089730691e-05,use time:54.21777272224426
recv big obj:16.59M
recv big obj:16.59M
recv big obj:16.59M
train -epoch~118,loss=1.623866631916826e-05,use time:54.02131390571594
recv big obj:16.59M
recv big obj:16.59M
recv big obj:16.59M
train -epoch~119,loss=1.640537218842534e-05,use time:54.16439127922058
recv big obj:16.59M
recv big obj:16.59M
recv big obj:16.59M
train -epoch~120,loss=1.657087688045067e-05,use time:54.37039566040039
recv big obj:16.59M
recv big obj:16.59M
recv big obj:16.59M
train -epoch~121,loss=1.6751316290234776e-05,use time:54.52061986923218
recv big obj:16.59M
recv big obj:16.59M
recv big obj:16.59M
train -epoch~122,loss=1.6922116780430464e-05,use time:54.174580812454224
recv big obj:16.59M
recv big obj:16.59M
recv big obj:16.59M
train -epoch~123,loss=1.709424013066988e-05,use time:54.49871301651001
recv big obj:16.59M
recv big obj:16.59M
recv big obj:16.59M
train -epoch~124,loss=1.7274649167120515e-05,use time:54.51002335548401
recv big obj:16.59M
recv big obj:16.59M
recv big obj:16.59M
train -epoch~125,loss=1.7472190052103542e-05,use time:54.5459623336792
recv big obj:16.59M
recv big obj:16.59M
recv big obj:16.59M
train -epoch~126,loss=1.763996048490905e-05,use time:55.186671018600464
recv big obj:16.59M
recv big obj:16.59M
recv big obj:16.59M
train -epoch~127,loss=1.780826380581857e-05,use time:54.611647844314575
recv big obj:16.59M
recv big obj:16.59M
recv big obj:16.59M
train -epoch~128,loss=1.799408804951478e-05,use time:54.58661866188049
recv big obj:16.59M
recv big obj:16.59M
recv big obj:16.59M
train -epoch~129,loss=1.8163549422448945e-05,use time:54.529837131500244
recv big obj:16.59M
recv big obj:16.59M
recv big obj:16.59M
train -epoch~130,loss=1.834477241876205e-05,use time:54.830339670181274
recv big obj:16.59M
recv big obj:16.59M
recv big obj:16.59M
train -epoch~131,loss=1.8511969036201968e-05,use time:54.33449387550354
recv big obj:16.59M
recv big obj:16.59M
recv big obj:16.59M
train -epoch~132,loss=1.8703109011160755e-05,use time:54.729809284210205
recv big obj:16.59M
recv big obj:16.59M
recv big obj:16.59M
train -epoch~133,loss=1.8853842069196013e-05,use time:55.251466274261475
recv big obj:16.59M
recv big obj:16.59M
recv big obj:16.59M
train -epoch~134,loss=1.9041909221565824e-05,use time:55.0469856262207
recv big obj:16.59M
recv big obj:16.59M
recv big obj:16.59M
train -epoch~135,loss=1.9196664425180643e-05,use time:54.416380167007446
recv big obj:16.59M
recv big obj:16.59M
recv big obj:16.59M
train -epoch~136,loss=1.9341071758087004e-05,use time:54.162330865859985
recv big obj:16.59M
recv big obj:16.59M
recv big obj:16.59M
train -epoch~137,loss=1.9540489821186686e-05,use time:54.94794678688049
recv big obj:16.59M
recv big obj:16.59M
recv big obj:16.59M
train -epoch~138,loss=1.9697569598520204e-05,use time:54.45131587982178
recv big obj:16.59M
recv big obj:16.59M
recv big obj:16.59M
train -epoch~139,loss=1.9870456526405178e-05,use time:54.33981800079346
recv big obj:16.59M
recv big obj:16.59M
recv big obj:16.59M
train -epoch~140,loss=2.0040239159394936e-05,use time:54.481545209884644
recv big obj:16.59M
recv big obj:16.59M
recv big obj:16.59M
train -epoch~141,loss=2.0234821742330194e-05,use time:54.30993700027466
recv big obj:16.59M
recv big obj:16.59M
recv big obj:16.59M
train -epoch~142,loss=2.038930801973038e-05,use time:54.2021689414978
recv big obj:16.59M
recv big obj:16.59M
recv big obj:16.59M
train -epoch~143,loss=2.0570603358767887e-05,use time:54.225887060165405
recv big obj:16.59M
recv big obj:16.59M
recv big obj:16.59M
train -epoch~144,loss=2.073017234730893e-05,use time:54.000239610672
recv big obj:16.59M
recv big obj:16.59M
recv big obj:16.59M
train -epoch~145,loss=2.089892338593321e-05,use time:53.97432208061218
recv big obj:16.59M
recv big obj:16.59M
recv big obj:16.59M
train -epoch~146,loss=2.1050907112870238e-05,use time:54.19140934944153
recv big obj:16.59M
recv big obj:16.59M
recv big obj:16.59M
train -epoch~147,loss=2.121167394382913e-05,use time:54.1592698097229
recv big obj:16.59M
recv big obj:16.59M
recv big obj:16.59M
train -epoch~148,loss=2.137829322161148e-05,use time:53.91288089752197
recv big obj:16.59M
recv big obj:16.59M
recv big obj:16.59M
train -epoch~149,loss=2.152554295283456e-05,use time:54.27665567398071
recv big obj:16.59M
recv big obj:16.59M
recv big obj:16.59M
train -epoch~150,loss=2.168387199693219e-05,use time:54.41091823577881
recv big obj:16.59M
recv big obj:16.59M
recv big obj:16.59M
train -epoch~151,loss=2.1822140638505516e-05,use time:54.24767994880676
recv big obj:16.59M
recv big obj:16.59M
recv big obj:16.59M
train -epoch~152,loss=2.1958022652294556e-05,use time:54.13356041908264
recv big obj:16.59M
recv big obj:16.59M
recv big obj:16.59M
train -epoch~153,loss=2.2090490631399007e-05,use time:54.53345775604248
recv big obj:16.59M
recv big obj:16.59M
recv big obj:16.59M
train -epoch~154,loss=2.2219284611916617e-05,use time:53.01130652427673
recv big obj:16.59M
recv big obj:16.59M
recv big obj:16.59M
train -epoch~155,loss=2.2354195872746157e-05,use time:52.71101665496826
recv big obj:16.59M
recv big obj:16.59M
recv big obj:16.59M
train -epoch~156,loss=2.2486062259000995e-05,use time:52.72636604309082
recv big obj:16.59M
recv big obj:16.59M
recv big obj:16.59M
train -epoch~157,loss=2.259652476747457e-05,use time:52.658095836639404
recv big obj:16.59M
recv big obj:16.59M
recv big obj:16.59M
train -epoch~158,loss=2.272246090721334e-05,use time:52.61633491516113
recv big obj:16.59M
recv big obj:16.59M
recv big obj:16.59M
train -epoch~159,loss=2.285127908407958e-05,use time:52.62666845321655
recv big obj:16.59M
recv big obj:16.59M
recv big obj:16.59M
train -epoch~160,loss=2.2960042050120442e-05,use time:52.618513345718384
recv big obj:16.59M
recv big obj:16.59M
recv big obj:16.59M
train -epoch~161,loss=2.309943634296966e-05,use time:52.59585237503052
recv big obj:16.59M
recv big obj:16.59M
recv big obj:16.59M
train -epoch~162,loss=2.3195749217090146e-05,use time:52.60496163368225
recv big obj:16.59M
recv big obj:16.59M
recv big obj:16.59M
train -epoch~163,loss=2.3317613132197344e-05,use time:52.69819736480713
recv big obj:16.59M
recv big obj:16.59M
recv big obj:16.59M
train -epoch~164,loss=2.3443659832385798e-05,use time:52.467305183410645
recv big obj:16.59M
recv big obj:16.59M
recv big obj:16.59M
train -epoch~165,loss=2.3591802592666987e-05,use time:52.660553216934204
recv big obj:16.59M
recv big obj:16.59M
recv big obj:16.59M
train -epoch~166,loss=2.3706648600333814e-05,use time:52.70218515396118
recv big obj:16.59M
recv big obj:16.59M
recv big obj:16.59M
train -epoch~167,loss=2.3817180893577948e-05,use time:52.59256958961487
recv big obj:16.59M
recv big obj:16.59M
recv big obj:16.59M
train -epoch~168,loss=2.39508758189307e-05,use time:52.588924407958984
recv big obj:16.59M
recv big obj:16.59M
recv big obj:16.59M
train -epoch~169,loss=2.4108832008096215e-05,use time:52.592347621917725
recv big obj:16.59M
recv big obj:16.59M
recv big obj:16.59M
train -epoch~170,loss=2.4239257299996098e-05,use time:52.62941861152649
recv big obj:16.59M
recv big obj:16.59M
recv big obj:16.59M
train -epoch~171,loss=2.440968679214469e-05,use time:52.645230770111084
recv big obj:16.59M
recv big obj:16.59M
recv big obj:16.59M
train -epoch~172,loss=2.4524597392883152e-05,use time:52.540440797805786
recv big obj:16.59M
recv big obj:16.59M
recv big obj:16.59M
train -epoch~173,loss=2.463130783780798e-05,use time:52.64991736412048
recv big obj:16.59M
recv big obj:16.59M
recv big obj:16.59M
train -epoch~174,loss=2.4764141471678158e-05,use time:52.62577223777771
recv big obj:16.59M
recv big obj:16.59M
recv big obj:16.59M
train -epoch~175,loss=2.491156866805492e-05,use time:52.614819288253784
recv big obj:16.59M
recv big obj:16.59M
recv big obj:16.59M
train -epoch~176,loss=2.5045955794666952e-05,use time:52.725332498550415
recv big obj:16.59M
recv big obj:16.59M
recv big obj:16.59M
train -epoch~177,loss=2.5156473839160753e-05,use time:52.67987132072449
recv big obj:16.59M
recv big obj:16.59M
recv big obj:16.59M
train -epoch~178,loss=2.529622543079313e-05,use time:52.64411926269531
recv big obj:16.59M
recv big obj:16.59M
recv big obj:16.59M
train -epoch~179,loss=2.5475462583320525e-05,use time:52.6918261051178
recv big obj:16.59M
recv big obj:16.59M
recv big obj:16.59M
train -epoch~180,loss=2.5591837811589357e-05,use time:52.659326791763306
recv big obj:16.59M
recv big obj:16.59M
recv big obj:16.59M
train -epoch~181,loss=2.570079648952136e-05,use time:52.80597972869873
recv big obj:16.59M
recv big obj:16.59M
recv big obj:16.59M
train -epoch~182,loss=2.5843346937411603e-05,use time:52.630857706069946
recv big obj:16.59M
recv big obj:16.59M
recv big obj:16.59M
train -epoch~183,loss=2.599754956615167e-05,use time:52.71622180938721
recv big obj:16.59M
recv big obj:16.59M
recv big obj:16.59M
train -epoch~184,loss=2.6147815712344404e-05,use time:52.53790330886841
recv big obj:16.59M
recv big obj:16.59M
recv big obj:16.59M
train -epoch~185,loss=2.628089972252686e-05,use time:52.63175845146179
recv big obj:16.59M
recv big obj:16.59M
recv big obj:16.59M
train -epoch~186,loss=2.642574296866466e-05,use time:52.69040250778198
recv big obj:16.59M
recv big obj:16.59M
recv big obj:16.59M
train -epoch~187,loss=2.6590227321321436e-05,use time:52.60088038444519
recv big obj:16.59M
recv big obj:16.59M
recv big obj:16.59M
train -epoch~188,loss=2.67558779872464e-05,use time:52.810197591781616
recv big obj:16.59M
recv big obj:16.59M
recv big obj:16.59M
train -epoch~189,loss=2.6886729187935998e-05,use time:52.651450395584106
recv big obj:16.59M
recv big obj:16.59M
recv big obj:16.59M
train -epoch~190,loss=2.70126178065766e-05,use time:52.65165662765503
recv big obj:16.59M
recv big obj:16.59M
recv big obj:16.59M
train -epoch~191,loss=2.7203992393272834e-05,use time:52.74921703338623
recv big obj:16.59M
recv big obj:16.59M
recv big obj:16.59M
train -epoch~192,loss=2.7356834683208337e-05,use time:52.62114667892456
recv big obj:16.59M
recv big obj:16.59M
recv big obj:16.59M
train -epoch~193,loss=2.7479071983786223e-05,use time:52.64787411689758
recv big obj:16.59M
recv big obj:16.59M
recv big obj:16.59M
train -epoch~194,loss=2.7665172903349834e-05,use time:52.59041786193848
recv big obj:16.59M
recv big obj:16.59M
recv big obj:16.59M
train -epoch~195,loss=2.786588735640786e-05,use time:52.76438283920288
recv big obj:16.59M
recv big obj:16.59M
recv big obj:16.59M
train -epoch~196,loss=2.8047478849657637e-05,use time:52.57899808883667
recv big obj:16.59M
recv big obj:16.59M
recv big obj:16.59M
train -epoch~197,loss=2.815610813892514e-05,use time:52.618722438812256
recv big obj:16.59M
recv big obj:16.59M
recv big obj:16.59M
train -epoch~198,loss=2.8364610481427615e-05,use time:52.76819896697998
recv big obj:16.59M
recv big obj:16.59M
recv big obj:16.59M
train -epoch~199,loss=2.8582394027883616e-05,use time:52.723142862319946
recv big obj:16.59M
recv big obj:16.59M
recv big obj:16.59M
train -epoch~200,loss=2.8784412203701017e-05,use time:52.66454529762268
recv big obj:16.59M
recv big obj:16.59M
recv big obj:16.59M
train -epoch~201,loss=2.893701578917292e-05,use time:52.69560503959656
recv big obj:16.59M
recv big obj:16.59M
recv big obj:16.59M
train -epoch~202,loss=2.9185541431312835e-05,use time:52.684242725372314
recv big obj:16.59M
recv big obj:16.59M
recv big obj:16.59M
train -epoch~203,loss=2.944115711519165e-05,use time:56.98630690574646
recv big obj:16.59M
recv big obj:16.59M
recv big obj:16.59M
train -epoch~204,loss=2.9580695960855035e-05,use time:54.00086307525635
recv big obj:16.59M
recv big obj:16.59M
recv big obj:16.59M
train -epoch~205,loss=2.9764242829818006e-05,use time:56.04071402549744
recv big obj:16.59M
recv big obj:16.59M
recv big obj:16.59M
train -epoch~206,loss=3.005953233999511e-05,use time:55.03320264816284
recv big obj:16.59M
recv big obj:16.59M
recv big obj:16.59M
train -epoch~207,loss=3.0292439646473213e-05,use time:55.051594495773315
recv big obj:16.59M
recv big obj:16.59M
recv big obj:16.59M
train -epoch~208,loss=3.047417931156815e-05,use time:57.155083894729614
recv big obj:16.59M
recv big obj:16.59M
recv big obj:16.59M
train -epoch~209,loss=3.07124519925613e-05,use time:54.478392362594604
recv big obj:16.59M
recv big obj:16.59M
recv big obj:16.59M
train -epoch~210,loss=3.09591086988803e-05,use time:55.8464195728302
recv big obj:16.59M
recv big obj:16.59M
recv big obj:16.59M
train -epoch~211,loss=3.113960671422925e-05,use time:55.299827337265015
recv big obj:16.59M
recv big obj:16.59M
recv big obj:16.59M
train -epoch~212,loss=3.1357445550384e-05,use time:55.97357940673828
recv big obj:16.59M
recv big obj:16.59M
recv big obj:16.59M
train -epoch~213,loss=3.165853809150576e-05,use time:54.90310525894165
recv big obj:16.59M
recv big obj:16.59M
recv big obj:16.59M
train -epoch~214,loss=3.192486527344347e-05,use time:54.77181029319763
recv big obj:16.59M
recv big obj:16.59M
recv big obj:16.59M
train -epoch~215,loss=3.225976297471789e-05,use time:54.4206600189209
recv big obj:16.59M
recv big obj:16.59M
recv big obj:16.59M
train -epoch~216,loss=3.2561910605484926e-05,use time:55.16984677314758
recv big obj:16.59M
recv big obj:16.59M
recv big obj:16.59M
train -epoch~217,loss=3.28421410813462e-05,use time:54.85448169708252
recv big obj:16.59M
recv big obj:16.59M
recv big obj:16.59M
train -epoch~218,loss=3.31314803740194e-05,use time:54.71244549751282
recv big obj:16.59M
recv big obj:16.59M
recv big obj:16.59M
train -epoch~219,loss=3.344820076260173e-05,use time:54.25694704055786
recv big obj:16.59M
recv big obj:16.59M
recv big obj:16.59M
train -epoch~220,loss=3.370778760351338e-05,use time:55.8411226272583
recv big obj:16.59M
recv big obj:16.59M
recv big obj:16.59M
train -epoch~221,loss=3.4004430669180394e-05,use time:55.026416540145874
recv big obj:16.59M
recv big obj:16.59M
recv big obj:16.59M
train -epoch~222,loss=3.4344667180145436e-05,use time:54.87953329086304
recv big obj:16.59M
recv big obj:16.59M
recv big obj:16.59M
train -epoch~223,loss=3.465272781492482e-05,use time:55.051926374435425
recv big obj:16.59M
recv big obj:16.59M
recv big obj:16.59M
train -epoch~224,loss=3.491138780494414e-05,use time:55.77540349960327
recv big obj:16.59M
recv big obj:16.59M
recv big obj:16.59M
train -epoch~225,loss=3.527203610550107e-05,use time:54.21211886405945
recv big obj:16.59M
recv big obj:16.59M
recv big obj:16.59M
train -epoch~226,loss=3.5561566164687974e-05,use time:54.62546920776367
recv big obj:16.59M
recv big obj:16.59M
recv big obj:16.59M
train -epoch~227,loss=3.578704028465533e-05,use time:54.53650259971619
recv big obj:16.59M
recv big obj:16.59M
recv big obj:16.59M
train -epoch~228,loss=3.601810878232452e-05,use time:58.58812069892883
recv big obj:16.59M
recv big obj:16.59M
recv big obj:16.59M
train -epoch~229,loss=3.632111846248638e-05,use time:55.47070789337158
recv big obj:16.59M
recv big obj:16.59M
recv big obj:16.59M
train -epoch~230,loss=3.661439101657986e-05,use time:54.222899436950684
recv big obj:16.59M
recv big obj:16.59M
recv big obj:16.59M
train -epoch~231,loss=3.6876370738051875e-05,use time:54.85790395736694
recv big obj:16.59M
recv big obj:16.59M
recv big obj:16.59M
train -epoch~232,loss=3.723286469418478e-05,use time:54.811525106430054
recv big obj:16.59M
recv big obj:16.59M
recv big obj:16.59M
train -epoch~233,loss=3.749963426950369e-05,use time:55.10605716705322
recv big obj:16.59M
recv big obj:16.59M
recv big obj:16.59M
train -epoch~234,loss=3.773920457206259e-05,use time:55.08861422538757
recv big obj:16.59M
recv big obj:16.59M
recv big obj:16.59M
train -epoch~235,loss=3.8014192417297935e-05,use time:53.8393919467926
recv big obj:16.59M
recv big obj:16.59M
recv big obj:16.59M
train -epoch~236,loss=3.835339308958889e-05,use time:60.423720598220825
recv big obj:16.59M
recv big obj:16.59M
recv big obj:16.59M
train -epoch~237,loss=3.857668692338242e-05,use time:55.05169057846069
recv big obj:16.59M
recv big obj:16.59M
recv big obj:16.59M
train -epoch~238,loss=3.887246020894963e-05,use time:54.95965552330017
recv big obj:16.59M
recv big obj:16.59M
recv big obj:16.59M
train -epoch~239,loss=3.922039710838969e-05,use time:55.015196323394775
recv big obj:16.59M
recv big obj:16.59M
recv big obj:16.59M
train -epoch~240,loss=3.9494808485566565e-05,use time:54.6535108089447
recv big obj:16.59M
recv big obj:16.59M
recv big obj:16.59M
train -epoch~241,loss=3.971998921770137e-05,use time:55.003543853759766
recv big obj:16.59M
recv big obj:16.59M
recv big obj:16.59M
train -epoch~242,loss=4.00082011159005e-05,use time:54.80529713630676
recv big obj:16.59M
recv big obj:16.59M
recv big obj:16.59M
train -epoch~243,loss=4.0245326241953684e-05,use time:54.700359582901
recv big obj:16.59M
recv big obj:16.59M
recv big obj:16.59M
train -epoch~244,loss=4.0558724019016765e-05,use time:61.540507555007935
recv big obj:16.59M
recv big obj:16.59M
recv big obj:16.59M
train -epoch~245,loss=4.090004085810506e-05,use time:54.74791383743286
recv big obj:16.59M
recv big obj:16.59M
recv big obj:16.59M
train -epoch~246,loss=4.121377992305497e-05,use time:56.16790151596069
recv big obj:16.59M
recv big obj:16.59M
recv big obj:16.59M
train -epoch~247,loss=4.148655852986849e-05,use time:54.94688272476196
recv big obj:16.59M
recv big obj:16.59M
recv big obj:16.59M
train -epoch~248,loss=4.18324480051524e-05,use time:55.118351459503174
recv big obj:16.59M
recv big obj:16.59M
recv big obj:16.59M
train -epoch~249,loss=4.210549862667297e-05,use time:55.17182230949402
fl-fednas gives "opt supermask:[5, 10, 9, 11, 21, 11, 11, 2]" on citeseer.
