controller configures over, waiting for connect request from clients
controller broadcasts datasetname:pubmed over
controller broadcasts model over
recv big obj:12.68M
recv big obj:12.68M
recv big obj:12.68M
train -epoch~0,loss=1.1084184169769287,use time:288.43706369400024
recv big obj:12.68M
recv big obj:12.68M
recv big obj:12.68M
train -epoch~1,loss=1.4888269265492757,use time:276.5099904537201
recv big obj:12.68M
recv big obj:12.68M
recv big obj:12.68M
train -epoch~2,loss=4.144492363929749,use time:274.90905022621155
recv big obj:12.68M
recv big obj:12.68M
recv big obj:12.68M
train -epoch~3,loss=1.0869510014851889,use time:276.6715326309204
recv big obj:12.68M
recv big obj:12.68M
recv big obj:12.68M
train -epoch~4,loss=1.9439663648605345,use time:277.4876103401184
recv big obj:12.68M
recv big obj:12.68M
recv big obj:12.68M
train -epoch~5,loss=0.6627211809158325,use time:276.31645011901855
recv big obj:12.68M
recv big obj:12.68M
recv big obj:12.68M
train -epoch~6,loss=0.7289539178212484,use time:277.38332533836365
recv big obj:12.68M
recv big obj:12.68M
recv big obj:12.68M
train -epoch~7,loss=0.5374526838461557,use time:275.98125672340393
recv big obj:12.68M
recv big obj:12.68M
recv big obj:12.68M
train -epoch~8,loss=0.3783149311939875,use time:277.11961102485657
recv big obj:12.68M
recv big obj:12.68M
recv big obj:12.68M
train -epoch~9,loss=0.2728533814350764,use time:277.03879737854004
recv big obj:12.68M
recv big obj:12.68M
recv big obj:12.68M
train -epoch~10,loss=0.19467308570941289,use time:276.5259540081024
recv big obj:12.68M
recv big obj:12.68M
recv big obj:12.68M
train -epoch~11,loss=0.12695652147134145,use time:277.41459012031555
recv big obj:12.68M
recv big obj:12.68M
recv big obj:12.68M
train -epoch~12,loss=0.08572096601128577,use time:276.8955502510071
recv big obj:12.68M
recv big obj:12.68M
recv big obj:12.68M
train -epoch~13,loss=0.05645503550767899,use time:275.44844460487366
recv big obj:12.68M
recv big obj:12.68M
recv big obj:12.68M
train -epoch~14,loss=0.04599096216261386,use time:277.63070487976074
recv big obj:12.68M
recv big obj:12.68M
recv big obj:12.68M
train -epoch~15,loss=0.02640838554749886,use time:275.9905261993408
recv big obj:12.68M
recv big obj:12.68M
recv big obj:12.68M
train -epoch~16,loss=0.01586695471778512,use time:276.6797273159027
recv big obj:12.68M
recv big obj:12.68M
recv big obj:12.68M
train -epoch~17,loss=0.008575652912259101,use time:277.3990876674652
recv big obj:12.68M
recv big obj:12.68M
recv big obj:12.68M
train -epoch~18,loss=0.0042714568786323065,use time:275.4839451313019
recv big obj:12.68M
recv big obj:12.68M
recv big obj:12.68M
train -epoch~19,loss=0.0024818229023367165,use time:276.63716530799866
recv big obj:12.68M
recv big obj:12.68M
recv big obj:12.68M
train -epoch~20,loss=0.0016288960352540014,use time:275.7184600830078
recv big obj:12.68M
recv big obj:12.68M
recv big obj:12.68M
train -epoch~21,loss=0.0011876245650152364,use time:275.0004436969757
recv big obj:12.68M
recv big obj:12.68M
recv big obj:12.68M
train -epoch~22,loss=0.0008501099267353613,use time:276.5721673965454
recv big obj:12.68M
recv big obj:12.68M
recv big obj:12.68M
train -epoch~23,loss=0.000652894238010049,use time:274.85112500190735
recv big obj:12.68M
recv big obj:12.68M
recv big obj:12.68M
train -epoch~24,loss=0.0005731127477095773,use time:276.5174820423126
recv big obj:12.68M
recv big obj:12.68M
recv big obj:12.68M
train -epoch~25,loss=0.0003921863584158321,use time:276.62585043907166
recv big obj:12.68M
recv big obj:12.68M
recv big obj:12.68M
train -epoch~26,loss=0.00025324109592474994,use time:275.38346695899963
recv big obj:12.68M
recv big obj:12.68M
recv big obj:12.68M
train -epoch~27,loss=0.0001801414618967101,use time:276.60553526878357
recv big obj:12.68M
recv big obj:12.68M
recv big obj:12.68M
train -epoch~28,loss=0.00012877486684980492,use time:275.74334359169006
recv big obj:12.68M
recv big obj:12.68M
recv big obj:12.68M
train -epoch~29,loss=9.385599356998379e-05,use time:274.908650636673
recv big obj:12.68M
recv big obj:12.68M
recv big obj:12.68M
train -epoch~30,loss=7.194238254063141e-05,use time:276.6904351711273
recv big obj:12.68M
recv big obj:12.68M
recv big obj:12.68M
train -epoch~31,loss=5.619810447872927e-05,use time:275.8734676837921
recv big obj:12.68M
recv big obj:12.68M
recv big obj:12.68M
train -epoch~32,loss=4.565977251331787e-05,use time:276.4370174407959
recv big obj:12.68M
recv big obj:12.68M
recv big obj:12.68M
train -epoch~33,loss=3.9556734736834184e-05,use time:276.6194758415222
recv big obj:12.68M
recv big obj:12.68M
recv big obj:12.68M
train -epoch~34,loss=3.46200421214841e-05,use time:275.2948968410492
recv big obj:12.68M
recv big obj:12.68M
recv big obj:12.68M
train -epoch~35,loss=3.0754400601532934e-05,use time:276.54975605010986
recv big obj:12.68M
recv big obj:12.68M
recv big obj:12.68M
train -epoch~36,loss=2.7838322421303018e-05,use time:275.82761812210083
recv big obj:12.68M
recv big obj:12.68M
recv big obj:12.68M
train -epoch~37,loss=2.5650222535963015e-05,use time:274.9300353527069
recv big obj:12.68M
recv big obj:12.68M
recv big obj:12.68M
train -epoch~38,loss=2.369182881617841e-05,use time:276.83283400535583
recv big obj:12.68M
recv big obj:12.68M
recv big obj:12.68M
train -epoch~39,loss=2.1720573992449015e-05,use time:275.9802963733673
recv big obj:12.68M
recv big obj:12.68M
recv big obj:12.68M
train -epoch~40,loss=1.9683246500790118e-05,use time:275.96321535110474
recv big obj:12.68M
recv big obj:12.68M
recv big obj:12.68M
train -epoch~41,loss=1.7659299616449667e-05,use time:276.5327112674713
recv big obj:12.68M
recv big obj:12.68M
recv big obj:12.68M
train -epoch~42,loss=1.5777569418181275e-05,use time:275.30185055732727
recv big obj:12.68M
recv big obj:12.68M
recv big obj:12.68M
train -epoch~43,loss=1.4101097500921847e-05,use time:276.7569603919983
recv big obj:12.68M
recv big obj:12.68M
recv big obj:12.68M
train -epoch~44,loss=1.264392955514874e-05,use time:277.23989939689636
recv big obj:12.68M
recv big obj:12.68M
recv big obj:12.68M
train -epoch~45,loss=1.1423217135112886e-05,use time:275.19503688812256
recv big obj:12.68M
recv big obj:12.68M
recv big obj:12.68M
train -epoch~46,loss=1.0416855820949422e-05,use time:276.95310854911804
recv big obj:12.68M
recv big obj:12.68M
recv big obj:12.68M
train -epoch~47,loss=9.575194417266175e-06,use time:277.95352268218994
recv big obj:12.68M
recv big obj:12.68M
recv big obj:12.68M
train -epoch~48,loss=8.868876784617895e-06,use time:275.3505434989929
recv big obj:12.68M
recv big obj:12.68M
recv big obj:12.68M
train -epoch~49,loss=8.271474477320832e-06,use time:277.2395806312561
recv big obj:12.68M
recv big obj:12.68M
recv big obj:12.68M
train -epoch~50,loss=7.801193502624907e-06,use time:275.18718671798706
recv big obj:12.68M
recv big obj:12.68M
recv big obj:12.68M
train -epoch~51,loss=7.4235611009498825e-06,use time:276.5482122898102
recv big obj:12.68M
recv big obj:12.68M
recv big obj:12.68M
train -epoch~52,loss=7.0871834244220135e-06,use time:277.5822260379791
recv big obj:12.68M
recv big obj:12.68M
recv big obj:12.68M
train -epoch~53,loss=6.814031000127822e-06,use time:276.05317282676697
recv big obj:12.68M
recv big obj:12.68M
recv big obj:12.68M
train -epoch~54,loss=6.5757306856539796e-06,use time:276.7068202495575
recv big obj:12.68M
recv big obj:12.68M
recv big obj:12.68M
train -epoch~55,loss=6.364334437118184e-06,use time:276.05299735069275
recv big obj:12.68M
recv big obj:12.68M
recv big obj:12.68M
train -epoch~56,loss=6.1804677595015765e-06,use time:275.2499520778656
recv big obj:12.68M
recv big obj:12.68M
recv big obj:12.68M
train -epoch~57,loss=5.992205948738653e-06,use time:276.6792664527893
recv big obj:12.68M
recv big obj:12.68M
recv big obj:12.68M
train -epoch~58,loss=5.83865125918237e-06,use time:275.5286953449249
recv big obj:12.68M
recv big obj:12.68M
recv big obj:12.68M
train -epoch~59,loss=5.699073578095218e-06,use time:277.06871700286865
recv big obj:12.68M
recv big obj:12.68M
recv big obj:12.68M
train -epoch~60,loss=5.562707156059332e-06,use time:276.98064708709717
recv big obj:12.68M
recv big obj:12.68M
recv big obj:12.68M
train -epoch~61,loss=5.462454252362174e-06,use time:275.23546862602234
recv big obj:12.68M
recv big obj:12.68M
recv big obj:12.68M
train -epoch~62,loss=5.377482966650859e-06,use time:276.55672097206116
recv big obj:12.68M
recv big obj:12.68M
recv big obj:12.68M
train -epoch~63,loss=5.300925840856507e-06,use time:276.1076080799103
recv big obj:12.68M
recv big obj:12.68M
recv big obj:12.68M
train -epoch~64,loss=5.248281953148156e-06,use time:274.9372458457947
recv big obj:12.68M
recv big obj:12.68M
recv big obj:12.68M
train -epoch~65,loss=5.204722598743198e-06,use time:276.80832529067993
recv big obj:12.68M
recv big obj:12.68M
recv big obj:12.68M
train -epoch~66,loss=5.172136616238276e-06,use time:275.17255544662476
recv big obj:12.68M
recv big obj:12.68M
recv big obj:12.68M
train -epoch~67,loss=5.158807243788033e-06,use time:276.5776584148407
recv big obj:12.68M
recv big obj:12.68M
recv big obj:12.68M
train -epoch~68,loss=5.152433853557644e-06,use time:276.9203751087189
recv big obj:12.68M
recv big obj:12.68M
recv big obj:12.68M
train -epoch~69,loss=5.15860566944563e-06,use time:275.3940546512604
recv big obj:12.68M
recv big obj:12.68M
recv big obj:12.68M
train -epoch~70,loss=5.177554506493228e-06,use time:276.24708104133606
recv big obj:12.68M
recv big obj:12.68M
recv big obj:12.68M
train -epoch~71,loss=5.196926955856422e-06,use time:275.897314786911
recv big obj:12.68M
recv big obj:12.68M
recv big obj:12.68M
train -epoch~72,loss=5.2256989268547235e-06,use time:275.18667125701904
recv big obj:12.68M
recv big obj:12.68M
recv big obj:12.68M
train -epoch~73,loss=5.266286082890777e-06,use time:276.7170011997223
recv big obj:12.68M
recv big obj:12.68M
recv big obj:12.68M
train -epoch~74,loss=5.31286935559668e-06,use time:275.9538743495941
recv big obj:12.68M
recv big obj:12.68M
recv big obj:12.68M
train -epoch~75,loss=5.36437642040255e-06,use time:276.41970705986023
recv big obj:12.68M
recv big obj:12.68M
recv big obj:12.68M
train -epoch~76,loss=5.425247672974365e-06,use time:276.5312023162842
recv big obj:12.68M
recv big obj:12.68M
recv big obj:12.68M
train -epoch~77,loss=5.49107750581849e-06,use time:275.0006022453308
recv big obj:12.68M
recv big obj:12.68M
recv big obj:12.68M
train -epoch~78,loss=5.559207935827241e-06,use time:276.2445590496063
recv big obj:12.68M
recv big obj:12.68M
recv big obj:12.68M
train -epoch~79,loss=5.621885793516412e-06,use time:275.6471416950226
recv big obj:12.68M
recv big obj:12.68M
recv big obj:12.68M
train -epoch~80,loss=5.697833512385841e-06,use time:274.55367040634155
recv big obj:12.68M
recv big obj:12.68M
recv big obj:12.68M
train -epoch~81,loss=5.773524147419569e-06,use time:276.5366265773773
recv big obj:12.68M
recv big obj:12.68M
recv big obj:12.68M
train -epoch~82,loss=5.850231415630939e-06,use time:276.64640760421753
recv big obj:12.68M
recv big obj:12.68M
recv big obj:12.68M
train -epoch~83,loss=5.924262783688997e-06,use time:275.9472539424896
recv big obj:12.68M
recv big obj:12.68M
recv big obj:12.68M
train -epoch~84,loss=5.994427495655448e-06,use time:276.57092213630676
recv big obj:12.68M
recv big obj:12.68M
recv big obj:12.68M
train -epoch~85,loss=6.0644857815835465e-06,use time:274.9609971046448
recv big obj:12.68M
recv big obj:12.68M
recv big obj:12.68M
train -epoch~86,loss=6.1405762153299294e-06,use time:276.43997836112976
recv big obj:12.68M
recv big obj:12.68M
recv big obj:12.68M
train -epoch~87,loss=6.212915786818485e-06,use time:275.7637691497803
recv big obj:12.68M
recv big obj:12.68M
recv big obj:12.68M
train -epoch~88,loss=6.282826689130161e-06,use time:274.6553611755371
recv big obj:12.68M
recv big obj:12.68M
recv big obj:12.68M
train -epoch~89,loss=6.355565619742264e-06,use time:276.4538643360138
recv big obj:12.68M
recv big obj:12.68M
recv big obj:12.68M
train -epoch~90,loss=6.447647016708895e-06,use time:276.48163747787476
recv big obj:12.68M
recv big obj:12.68M
recv big obj:12.68M
train -epoch~91,loss=6.537615718116285e-06,use time:275.5811357498169
recv big obj:12.68M
recv big obj:12.68M
recv big obj:12.68M
train -epoch~92,loss=6.63068729712298e-06,use time:276.25951170921326
recv big obj:12.68M
recv big obj:12.68M
recv big obj:12.68M
train -epoch~93,loss=6.718422703973677e-06,use time:274.7394642829895
recv big obj:12.68M
recv big obj:12.68M
recv big obj:12.68M
train -epoch~94,loss=6.814993488054218e-06,use time:276.36193919181824
recv big obj:12.68M
recv big obj:12.68M
recv big obj:12.68M
train -epoch~95,loss=6.90420330708245e-06,use time:275.92700719833374
recv big obj:12.68M
recv big obj:12.68M
recv big obj:12.68M
train -epoch~96,loss=6.989184506286013e-06,use time:274.4903314113617
recv big obj:12.68M
recv big obj:12.68M
recv big obj:12.68M
train -epoch~97,loss=7.074139011820079e-06,use time:276.2377474308014
recv big obj:12.68M
recv big obj:12.68M
recv big obj:12.68M
train -epoch~98,loss=7.163148423690776e-06,use time:277.690390586853
recv big obj:12.68M
recv big obj:12.68M
recv big obj:12.68M
train -epoch~99,loss=7.251123952300986e-06,use time:274.7813766002655
recv big obj:12.68M
recv big obj:12.68M
recv big obj:12.68M
train -epoch~100,loss=7.336953406896403e-06,use time:275.92593336105347
recv big obj:12.68M
recv big obj:12.68M
recv big obj:12.68M
train -epoch~101,loss=7.414568729776268e-06,use time:274.59686732292175
recv big obj:12.68M
recv big obj:12.68M
recv big obj:12.68M
train -epoch~102,loss=7.499072383628421e-06,use time:275.88779878616333
recv big obj:12.68M
recv big obj:12.68M
recv big obj:12.68M
train -epoch~103,loss=7.578490522064384e-06,use time:275.89351415634155
recv big obj:12.68M
recv big obj:12.68M
recv big obj:12.68M
train -epoch~104,loss=7.663975732915181e-06,use time:275.6445097923279
recv big obj:12.68M
recv big obj:12.68M
recv big obj:12.68M
train -epoch~105,loss=7.743169908280833e-06,use time:276.0618095397949
recv big obj:12.68M
recv big obj:12.68M
recv big obj:12.68M
train -epoch~106,loss=7.821067295784209e-06,use time:276.0336821079254
recv big obj:12.68M
recv big obj:12.68M
recv big obj:12.68M
train -epoch~107,loss=7.89422794393128e-06,use time:274.571302652359
recv big obj:12.68M
recv big obj:12.68M
recv big obj:12.68M
train -epoch~108,loss=7.965892291394993e-06,use time:276.36280369758606
recv big obj:12.68M
recv big obj:12.68M
recv big obj:12.68M
train -epoch~109,loss=8.038112355279736e-06,use time:274.4876124858856
recv big obj:12.68M
recv big obj:12.68M
recv big obj:12.68M
train -epoch~110,loss=8.108939361288019e-06,use time:276.01022386550903
recv big obj:12.68M
recv big obj:12.68M
recv big obj:12.68M
train -epoch~111,loss=8.176566552720033e-06,use time:276.43514585494995
recv big obj:12.68M
recv big obj:12.68M
recv big obj:12.68M
train -epoch~112,loss=8.254657374588228e-06,use time:274.9611699581146
recv big obj:12.68M
recv big obj:12.68M
recv big obj:12.68M
train -epoch~113,loss=8.328675433707151e-06,use time:275.93997025489807
recv big obj:12.68M
recv big obj:12.68M
recv big obj:12.68M
train -epoch~114,loss=8.396456890598833e-06,use time:275.33580923080444
recv big obj:12.68M
recv big obj:12.68M
recv big obj:12.68M
train -epoch~115,loss=8.463477312640559e-06,use time:287.2016863822937
recv big obj:12.68M
recv big obj:12.68M
recv big obj:12.68M
train -epoch~116,loss=8.538087877241196e-06,use time:293.4028551578522
recv big obj:12.68M
recv big obj:12.68M
recv big obj:12.68M
train -epoch~117,loss=8.610853334782102e-06,use time:288.1330614089966
recv big obj:12.68M
recv big obj:12.68M
recv big obj:12.68M
train -epoch~118,loss=8.691376873078601e-06,use time:276.701623916626
recv big obj:12.68M
recv big obj:12.68M
recv big obj:12.68M
train -epoch~119,loss=8.768840173919064e-06,use time:277.4949507713318
recv big obj:12.68M
recv big obj:12.68M
recv big obj:12.68M
train -epoch~120,loss=8.837171177826046e-06,use time:275.3447518348694
recv big obj:12.68M
recv big obj:12.68M
recv big obj:12.68M
train -epoch~121,loss=8.910731745951733e-06,use time:276.50624322891235
recv big obj:12.68M
recv big obj:12.68M
recv big obj:12.68M
train -epoch~122,loss=8.982182347002284e-06,use time:275.6750736236572
recv big obj:12.68M
recv big obj:12.68M
recv big obj:12.68M
train -epoch~123,loss=9.045158973700988e-06,use time:274.8699014186859
recv big obj:12.68M
recv big obj:12.68M
recv big obj:12.68M
train -epoch~124,loss=9.118457091972233e-06,use time:276.51108837127686
recv big obj:12.68M
recv big obj:12.68M
recv big obj:12.68M
train -epoch~125,loss=9.185041502253929e-06,use time:274.8210988044739
recv big obj:12.68M
recv big obj:12.68M
recv big obj:12.68M
train -epoch~126,loss=9.254004574662152e-06,use time:276.31356549263
recv big obj:12.68M
recv big obj:12.68M
recv big obj:12.68M
train -epoch~127,loss=9.329211570729967e-06,use time:276.7083079814911
recv big obj:12.68M
recv big obj:12.68M
recv big obj:12.68M
train -epoch~128,loss=9.389978943848594e-06,use time:275.31172227859497
recv big obj:12.68M
recv big obj:12.68M
recv big obj:12.68M
train -epoch~129,loss=9.4562190194362e-06,use time:276.1316466331482
recv big obj:12.68M
recv big obj:12.68M
recv big obj:12.68M
train -epoch~130,loss=9.522004196090469e-06,use time:275.6095416545868
recv big obj:12.68M
recv big obj:12.68M
recv big obj:12.68M
train -epoch~131,loss=9.592364676791476e-06,use time:274.79416513442993
recv big obj:12.68M
recv big obj:12.68M
recv big obj:12.68M
train -epoch~132,loss=9.65468446641656e-06,use time:276.31904673576355
recv big obj:12.68M
recv big obj:12.68M
recv big obj:12.68M
train -epoch~133,loss=9.719969026870482e-06,use time:275.7086524963379
recv big obj:12.68M
recv big obj:12.68M
recv big obj:12.68M
train -epoch~134,loss=9.800991665542823e-06,use time:276.0986421108246
recv big obj:12.68M
recv big obj:12.68M
recv big obj:12.68M
train -epoch~135,loss=9.869389486993896e-06,use time:276.282160282135
recv big obj:12.68M
recv big obj:12.68M
recv big obj:12.68M
train -epoch~136,loss=9.935841141365624e-06,use time:274.94200325012207
recv big obj:12.68M
recv big obj:12.68M
recv big obj:12.68M
train -epoch~137,loss=1.002069851286554e-05,use time:276.40624022483826
recv big obj:12.68M
recv big obj:12.68M
recv big obj:12.68M
train -epoch~138,loss=1.0086441458649157e-05,use time:275.7619333267212
recv big obj:12.68M
recv big obj:12.68M
recv big obj:12.68M
train -epoch~139,loss=1.016738227311483e-05,use time:274.85767912864685
recv big obj:12.68M
recv big obj:12.68M
recv big obj:12.68M
train -epoch~140,loss=1.024197608785471e-05,use time:276.5139071941376
recv big obj:12.68M
recv big obj:12.68M
recv big obj:12.68M
train -epoch~141,loss=1.0323043352400418e-05,use time:276.90304470062256
recv big obj:12.68M
recv big obj:12.68M
recv big obj:12.68M
train -epoch~142,loss=1.0407171824529845e-05,use time:275.42788577079773
recv big obj:12.68M
recv big obj:12.68M
recv big obj:12.68M
train -epoch~143,loss=1.047117478568301e-05,use time:276.8118772506714
recv big obj:12.68M
recv big obj:12.68M
recv big obj:12.68M
train -epoch~144,loss=1.0551842903320598e-05,use time:275.15561509132385
recv big obj:12.68M
recv big obj:12.68M
recv big obj:12.68M
train -epoch~145,loss=1.0636151788882368e-05,use time:276.3925518989563
recv big obj:12.68M
recv big obj:12.68M
recv big obj:12.68M
train -epoch~146,loss=1.0719621908113671e-05,use time:276.39010858535767
recv big obj:12.68M
recv big obj:12.68M
recv big obj:12.68M
train -epoch~147,loss=1.0804405853074665e-05,use time:275.24959802627563
recv big obj:12.68M
recv big obj:12.68M
recv big obj:12.68M
train -epoch~148,loss=1.0902371832344215e-05,use time:276.57966589927673
recv big obj:12.68M
recv big obj:12.68M
recv big obj:12.68M
train -epoch~149,loss=1.1000081425057336e-05,use time:276.72470331192017
recv big obj:12.68M
recv big obj:12.68M
recv big obj:12.68M
train -epoch~150,loss=1.1102893980326674e-05,use time:275.17047333717346
recv big obj:12.68M
recv big obj:12.68M
recv big obj:12.68M
train -epoch~151,loss=1.1218517253534325e-05,use time:276.75907015800476
recv big obj:12.68M
recv big obj:12.68M
recv big obj:12.68M
train -epoch~152,loss=1.1320018772191057e-05,use time:275.0857698917389
recv big obj:12.68M
recv big obj:12.68M
recv big obj:12.68M
train -epoch~153,loss=1.1430079757701605e-05,use time:276.84220147132874
recv big obj:12.68M
recv big obj:12.68M
recv big obj:12.68M
train -epoch~154,loss=1.1538103171915281e-05,use time:277.4295120239258
recv big obj:12.68M
recv big obj:12.68M
recv big obj:12.68M
train -epoch~155,loss=1.1643371514461857e-05,use time:274.98534989356995
recv big obj:12.68M
recv big obj:12.68M
recv big obj:12.68M
train -epoch~156,loss=1.1757791950609921e-05,use time:276.2410910129547
recv big obj:12.68M
recv big obj:12.68M
recv big obj:12.68M
train -epoch~157,loss=1.187327537384893e-05,use time:275.3976058959961
recv big obj:12.68M
recv big obj:12.68M
recv big obj:12.68M
train -epoch~158,loss=1.1987736009662815e-05,use time:274.48620986938477
recv big obj:12.68M
recv big obj:12.68M
recv big obj:12.68M
train -epoch~159,loss=1.2105073043737017e-05,use time:276.4835138320923
recv big obj:12.68M
recv big obj:12.68M
recv big obj:12.68M
train -epoch~160,loss=1.2209486339997967e-05,use time:274.54782700538635
recv big obj:12.68M
recv big obj:12.68M
recv big obj:12.68M
train -epoch~161,loss=1.2322768695109215e-05,use time:276.33076429367065
recv big obj:12.68M
recv big obj:12.68M
recv big obj:12.68M
train -epoch~162,loss=1.2449197523286178e-05,use time:276.63770508766174
recv big obj:12.68M
recv big obj:12.68M
recv big obj:12.68M
train -epoch~163,loss=1.2548848189908313e-05,use time:274.9806888103485
recv big obj:12.68M
recv big obj:12.68M
recv big obj:12.68M
train -epoch~164,loss=1.2664426958508556e-05,use time:276.20607233047485
recv big obj:12.68M
recv big obj:12.68M
recv big obj:12.68M
train -epoch~165,loss=1.2783687786092439e-05,use time:275.4730966091156
recv big obj:12.68M
recv big obj:12.68M
recv big obj:12.68M
train -epoch~166,loss=1.2905116212399056e-05,use time:274.7520034313202
recv big obj:12.68M
recv big obj:12.68M
recv big obj:12.68M
train -epoch~167,loss=1.301982238146593e-05,use time:276.4131395816803
recv big obj:12.68M
recv big obj:12.68M
recv big obj:12.68M
train -epoch~168,loss=1.313728780587553e-05,use time:275.88880372047424
recv big obj:12.68M
recv big obj:12.68M
recv big obj:12.68M
train -epoch~169,loss=1.3269970804685726e-05,use time:276.2238709926605
recv big obj:12.68M
recv big obj:12.68M
recv big obj:12.68M
train -epoch~170,loss=1.3393855685232362e-05,use time:276.3988118171692
recv big obj:12.68M
recv big obj:12.68M
recv big obj:12.68M
train -epoch~171,loss=1.3524901320730956e-05,use time:274.8790793418884
recv big obj:12.68M
recv big obj:12.68M
recv big obj:12.68M
train -epoch~172,loss=1.3653469917092783e-05,use time:276.5444903373718
recv big obj:12.68M
recv big obj:12.68M
recv big obj:12.68M
train -epoch~173,loss=1.3791758283332457e-05,use time:275.7785818576813
recv big obj:12.68M
recv big obj:12.68M
recv big obj:12.68M
train -epoch~174,loss=1.3920031809296535e-05,use time:274.833781003952
recv big obj:12.68M
recv big obj:12.68M
recv big obj:12.68M
train -epoch~175,loss=1.4045855095901061e-05,use time:276.5737748146057
recv big obj:12.68M
recv big obj:12.68M
recv big obj:12.68M
train -epoch~176,loss=1.416164726227483e-05,use time:275.921484708786
recv big obj:12.68M
recv big obj:12.68M
recv big obj:12.68M
train -epoch~177,loss=1.4290977651398863e-05,use time:275.8187367916107
recv big obj:12.68M
recv big obj:12.68M
recv big obj:12.68M
train -epoch~178,loss=1.4414399750724745e-05,use time:276.6121060848236
recv big obj:12.68M
recv big obj:12.68M
recv big obj:12.68M
train -epoch~179,loss=1.453663689972018e-05,use time:275.02222061157227
recv big obj:12.68M
recv big obj:12.68M
recv big obj:12.68M
train -epoch~180,loss=1.4682044578269901e-05,use time:276.468957901001
recv big obj:12.68M
recv big obj:12.68M
recv big obj:12.68M
train -epoch~181,loss=1.4810864558967297e-05,use time:276.2914516925812
recv big obj:12.68M
recv big obj:12.68M
recv big obj:12.68M
train -epoch~182,loss=1.493167170944313e-05,use time:274.8252534866333
recv big obj:12.68M
recv big obj:12.68M
recv big obj:12.68M
train -epoch~183,loss=1.5045740838104393e-05,use time:276.6253025531769
recv big obj:12.68M
recv big obj:12.68M
recv big obj:12.68M
train -epoch~184,loss=1.5184308419217509e-05,use time:278.23863887786865
recv big obj:12.68M
recv big obj:12.68M
recv big obj:12.68M
train -epoch~185,loss=1.5302983896011332e-05,use time:274.97863388061523
recv big obj:12.68M
recv big obj:12.68M
recv big obj:12.68M
train -epoch~186,loss=1.5434346096299123e-05,use time:276.45305371284485
recv big obj:12.68M
recv big obj:12.68M
recv big obj:12.68M
train -epoch~187,loss=1.5536394554753014e-05,use time:274.89508080482483
recv big obj:12.68M
recv big obj:12.68M
recv big obj:12.68M
train -epoch~188,loss=1.5666316721762995e-05,use time:276.7057611942291
recv big obj:12.68M
recv big obj:12.68M
recv big obj:12.68M
train -epoch~189,loss=1.581316264491761e-05,use time:276.66481041908264
recv big obj:12.68M
recv big obj:12.68M
recv big obj:12.68M
train -epoch~190,loss=1.5921041206941785e-05,use time:275.36780619621277
recv big obj:12.68M
recv big obj:12.68M
recv big obj:12.68M
train -epoch~191,loss=1.606190107850125e-05,use time:276.3477599620819
recv big obj:12.68M
recv big obj:12.68M
recv big obj:12.68M
train -epoch~192,loss=1.6186263686298237e-05,use time:276.365918636322
recv big obj:12.68M
recv big obj:12.68M
recv big obj:12.68M
train -epoch~193,loss=1.6320989743690006e-05,use time:274.9349694252014
recv big obj:12.68M
recv big obj:12.68M
recv big obj:12.68M
train -epoch~194,loss=1.6467395713940883e-05,use time:276.3842222690582
recv big obj:12.68M
recv big obj:12.68M
recv big obj:12.68M
train -epoch~195,loss=1.6586553889889426e-05,use time:274.81474590301514
recv big obj:12.68M
recv big obj:12.68M
recv big obj:12.68M
train -epoch~196,loss=1.6734688870201353e-05,use time:276.56593918800354
recv big obj:12.68M
recv big obj:12.68M
recv big obj:12.68M
train -epoch~197,loss=1.6872678558380963e-05,use time:276.4265077114105
recv big obj:12.68M
recv big obj:12.68M
recv big obj:12.68M
train -epoch~198,loss=1.7007963348684524e-05,use time:275.0883901119232
recv big obj:12.68M
recv big obj:12.68M
recv big obj:12.68M
train -epoch~199,loss=1.716748186784874e-05,use time:276.2724437713623
recv big obj:12.68M
recv big obj:12.68M
recv big obj:12.68M
train -epoch~200,loss=1.730506689151904e-05,use time:276.7409007549286
recv big obj:12.68M
recv big obj:12.68M
recv big obj:12.68M
train -epoch~201,loss=1.7433135872124696e-05,use time:274.59663796424866
recv big obj:12.68M
recv big obj:12.68M
recv big obj:12.68M
train -epoch~202,loss=1.7573012337379622e-05,use time:276.53121161460876
recv big obj:12.68M
recv big obj:12.68M
recv big obj:12.68M
train -epoch~203,loss=1.7719687093631364e-05,use time:275.86851477622986
recv big obj:12.68M
recv big obj:12.68M
recv big obj:12.68M
train -epoch~204,loss=1.7840536505294342e-05,use time:276.37282252311707
recv big obj:12.68M
recv big obj:12.68M
recv big obj:12.68M
train -epoch~205,loss=1.7959453483247974e-05,use time:276.36167645454407
recv big obj:12.68M
recv big obj:12.68M
recv big obj:12.68M
train -epoch~206,loss=1.8104974697052966e-05,use time:275.0347030162811
recv big obj:12.68M
recv big obj:12.68M
recv big obj:12.68M
train -epoch~207,loss=1.8242210110959907e-05,use time:276.07416558265686
recv big obj:12.68M
recv big obj:12.68M
recv big obj:12.68M
train -epoch~208,loss=1.8383820558180258e-05,use time:275.62527775764465
recv big obj:12.68M
recv big obj:12.68M
recv big obj:12.68M
train -epoch~209,loss=1.8502520470065063e-05,use time:274.7408289909363
recv big obj:12.68M
recv big obj:12.68M
recv big obj:12.68M
train -epoch~210,loss=1.8632810436732447e-05,use time:276.3236997127533
recv big obj:12.68M
recv big obj:12.68M
recv big obj:12.68M
train -epoch~211,loss=1.875027749823251e-05,use time:276.04235553741455
recv big obj:12.68M
recv big obj:12.68M
recv big obj:12.68M
train -epoch~212,loss=1.891708179755369e-05,use time:276.06872367858887
recv big obj:12.68M
recv big obj:12.68M
recv big obj:12.68M
train -epoch~213,loss=1.9066502075778166e-05,use time:276.23430275917053
recv big obj:12.68M
recv big obj:12.68M
recv big obj:12.68M
train -epoch~214,loss=1.9194880648380302e-05,use time:275.0362184047699
recv big obj:12.68M
recv big obj:12.68M
recv big obj:12.68M
train -epoch~215,loss=1.9323387399102406e-05,use time:276.4520151615143
recv big obj:12.68M
recv big obj:12.68M
recv big obj:12.68M
train -epoch~216,loss=1.9449204228294547e-05,use time:275.83702087402344
recv big obj:12.68M
recv big obj:12.68M
recv big obj:12.68M
train -epoch~217,loss=1.9596150256499337e-05,use time:274.15130496025085
recv big obj:12.68M
recv big obj:12.68M
recv big obj:12.68M
train -epoch~218,loss=1.968564411072293e-05,use time:275.8993287086487
recv big obj:12.68M
recv big obj:12.68M
recv big obj:12.68M
train -epoch~219,loss=1.9808168629727638e-05,use time:301.6276021003723
recv big obj:12.68M
recv big obj:12.68M
recv big obj:12.68M
train -epoch~220,loss=1.9942469164864937e-05,use time:275.21632862091064
recv big obj:12.68M
recv big obj:12.68M
recv big obj:12.68M
train -epoch~221,loss=2.0062427271720177e-05,use time:275.7914764881134
recv big obj:12.68M
recv big obj:12.68M
recv big obj:12.68M
train -epoch~222,loss=2.0212121125950943e-05,use time:274.4862947463989
recv big obj:12.68M
recv big obj:12.68M
recv big obj:12.68M
train -epoch~223,loss=2.03512024503046e-05,use time:275.7770025730133
recv big obj:12.68M
recv big obj:12.68M
recv big obj:12.68M
train -epoch~224,loss=2.044238481175853e-05,use time:275.4151363372803
recv big obj:12.68M
recv big obj:12.68M
recv big obj:12.68M
train -epoch~225,loss=2.053994455006129e-05,use time:274.1579957008362
recv big obj:12.68M
recv big obj:12.68M
recv big obj:12.68M
train -epoch~226,loss=2.0639428839785978e-05,use time:328.959196805954
recv big obj:12.68M
recv big obj:12.68M
recv big obj:12.68M
train -epoch~227,loss=2.0744410661185006e-05,use time:277.5910642147064
recv big obj:12.68M
recv big obj:12.68M
recv big obj:12.68M
train -epoch~228,loss=2.0858432253589854e-05,use time:302.3384494781494
recv big obj:12.68M
recv big obj:12.68M
recv big obj:12.68M
train -epoch~229,loss=2.096972899986819e-05,use time:306.538782119751
recv big obj:12.68M
recv big obj:12.68M
recv big obj:12.68M
train -epoch~230,loss=2.1081101719270617e-05,use time:275.2272436618805
recv big obj:12.68M
recv big obj:12.68M
recv big obj:12.68M
train -epoch~231,loss=2.1159582926581302e-05,use time:295.0191798210144
recv big obj:12.68M
recv big obj:12.68M
recv big obj:12.68M
train -epoch~232,loss=2.1225497584964613e-05,use time:329.1809756755829
recv big obj:12.68M
recv big obj:12.68M
recv big obj:12.68M
train -epoch~233,loss=2.129724834958324e-05,use time:276.3056261539459
recv big obj:12.68M
recv big obj:12.68M
recv big obj:12.68M
train -epoch~234,loss=2.1378401531061778e-05,use time:276.2189311981201
recv big obj:12.68M
recv big obj:12.68M
recv big obj:12.68M
train -epoch~235,loss=2.1429155822261237e-05,use time:275.4162995815277
recv big obj:12.68M
recv big obj:12.68M
recv big obj:12.68M
train -epoch~236,loss=2.1510482838493772e-05,use time:274.79760575294495
recv big obj:12.68M
recv big obj:12.68M
recv big obj:12.68M
train -epoch~237,loss=2.151957699728276e-05,use time:276.3889663219452
recv big obj:12.68M
recv big obj:12.68M
recv big obj:12.68M
train -epoch~238,loss=2.1624933651764877e-05,use time:274.73640298843384
recv big obj:12.68M
recv big obj:12.68M
recv big obj:12.68M
train -epoch~239,loss=2.1639742287031064e-05,use time:276.1826593875885
recv big obj:12.68M
recv big obj:12.68M
recv big obj:12.68M
train -epoch~240,loss=2.1649376503773964e-05,use time:276.71597599983215
recv big obj:12.68M
recv big obj:12.68M
recv big obj:12.68M
train -epoch~241,loss=2.1672877483069897e-05,use time:274.91091132164
recv big obj:12.68M
recv big obj:12.68M
recv big obj:12.68M
train -epoch~242,loss=2.171597061533248e-05,use time:276.231458902359
recv big obj:12.68M
recv big obj:12.68M
recv big obj:12.68M
train -epoch~243,loss=2.1719364000697775e-05,use time:275.75407123565674
recv big obj:12.68M
recv big obj:12.68M
recv big obj:12.68M
train -epoch~244,loss=2.1679356905224267e-05,use time:274.89775705337524
recv big obj:12.68M
recv big obj:12.68M
recv big obj:12.68M
train -epoch~245,loss=2.1737298872418854e-05,use time:276.3482527732849
recv big obj:12.68M
recv big obj:12.68M
recv big obj:12.68M
train -epoch~246,loss=2.172741569665959e-05,use time:275.8568754196167
recv big obj:12.68M
recv big obj:12.68M
recv big obj:12.68M
train -epoch~247,loss=2.1699675320026774e-05,use time:276.28286027908325
recv big obj:12.68M
recv big obj:12.68M
recv big obj:12.68M
train -epoch~248,loss=2.1719370124628767e-05,use time:276.3748288154602
recv big obj:12.68M
recv big obj:12.68M
recv big obj:12.68M
train -epoch~249,loss=2.179574482094419e-05,use time:274.9848291873932
fl-fednas gives "opt supermask:[3, 10, 10, 10, 46, 22, 10, 2]" on pubmed.
