controller configures over, waiting for connect request from clients
controller broadcasts datasetname:corafull over
controller broadcasts model over
0
1
2
3
4
5
6
7
8
9
10
11
12
13
14
15
16
17
18
19
20
21
22
23
24
25
26
27
28
29
30
31
32
33
34
35
36
37
38
39
40
41
42
43
44
45
46
47
48
49
Epoch:1~Dataset:corafull~Supermask:[3, 8, 2, 1, 4, 10, 9, 1]
result as
{'accu': 0.0, 'time': 6.333423137664795, 'num_params': 616155}
time long:662.455258846283

controller configures over, waiting for connect request from clients
controller broadcasts datasetname:corafull over
controller broadcasts model over
0
1
2
3
4
5
6
7
8
9
10
11
12
13
14
15
16
17
18
19
20
21
22
23
24
25
26
27
28
29
30
31
32
33
34
35
36
37
38
39
40
41
42
43
44
45
46
47
48
49
Epoch:2~Dataset:corafull~Supermask:[1, 2, 11, 10, 2, 8, 6, 4]
result as
{'accu': 0.17099999999999999, 'time': 6.571972370147705, 'num_params': 616155}
time long:684.9719347953796

controller configures over, waiting for connect request from clients
controller broadcasts datasetname:corafull over
controller broadcasts model over
0
1
2
3
4
5
6
7
8
9
10
11
12
13
14
15
16
17
18
19
20
21
22
23
24
25
26
27
28
29
30
31
32
33
34
35
36
37
38
39
40
41
42
43
44
45
46
47
48
49
Epoch:3~Dataset:corafull~Supermask:[1, 2, 9, 8, 12, 5, 10, 2]
result as
{'accu': 0.16399999999999998, 'time': 6.466088056564331, 'num_params': 616155}
time long:690.7756397724152

controller configures over, waiting for connect request from clients
controller broadcasts datasetname:corafull over
controller broadcasts model over
0
1
2
3
4
5
6
7
8
9
10
11
12
13
14
15
16
17
18
19
20
21
22
23
24
25
26
27
28
29
30
31
32
33
34
35
36
37
38
39
40
41
42
43
44
45
46
47
48
49
Epoch:4~Dataset:corafull~Supermask:[1, 6, 5, 10, 10, 9, 0, 3]
result as
{'accu': 0.015, 'time': 6.27118706703186, 'num_params': 616155}
time long:686.7226252555847

controller configures over, waiting for connect request from clients
controller broadcasts datasetname:corafull over
controller broadcasts model over
0
1
2
3
4
5
6
7
8
9
10
11
12
13
14
15
16
17
18
19
20
21
22
23
24
25
26
27
28
29
30
31
32
33
34
35
36
37
38
39
40
41
42
43
44
45
46
47
48
49
Epoch:5~Dataset:corafull~Supermask:[2, 6, 7, 11, 3, 7, 6, 3]
result as
{'accu': 0.023, 'time': 6.876339912414551, 'num_params': 616155}
time long:696.2852568626404

controller configures over, waiting for connect request from clients
controller broadcasts datasetname:corafull over
controller broadcasts model over
0
1
2
3
4
5
6
7
8
9
10
11
12
13
14
15
16
17
18
19
20
21
22
23
24
25
26
27
28
29
30
31
32
33
34
35
36
37
38
39
40
41
42
43
44
45
46
47
48
49
Epoch:6~Dataset:corafull~Supermask:[3, 0, 5, 9, 2, 1, 10, 1]
result as
{'accu': 0.141, 'time': 6.739886045455933, 'num_params': 616155}
time long:652.6148059368134

controller configures over, waiting for connect request from clients
controller broadcasts datasetname:corafull over
controller broadcasts model over
0
1
2
3
4
5
6
7
8
9
10
11
12
13
14
15
16
17
18
19
20
21
22
23
24
25
26
27
28
29
30
31
32
33
34
35
36
37
38
39
40
41
42
43
44
45
46
47
48
49
Epoch:7~Dataset:corafull~Supermask:[5, 7, 8, 4, 7, 3, 2, 4]
result as
{'accu': 0.11699999999999999, 'time': 6.148484230041504, 'num_params': 616155}
time long:662.773449420929

controller configures over, waiting for connect request from clients
controller broadcasts datasetname:corafull over
controller broadcasts model over
0
1
2
3
4
5
6
7
8
9
10
11
12
13
14
15
16
17
18
19
20
21
22
23
24
25
26
27
28
29
30
31
32
33
34
35
36
37
38
39
40
41
42
43
44
45
46
47
48
49
Epoch:8~Dataset:corafull~Supermask:[1, 0, 5, 7, 10, 5, 6, 1]
result as
{'accu': 0.064, 'time': 6.5846168994903564, 'num_params': 616155}
time long:677.775812625885

controller configures over, waiting for connect request from clients
controller broadcasts datasetname:corafull over
controller broadcasts model over
0
1
2
3
4
5
6
7
8
9
10
11
12
13
14
15
16
17
18
19
20
21
22
23
24
25
26
27
28
29
30
31
32
33
34
35
36
37
38
39
40
41
42
43
44
45
46
47
48
49
Epoch:9~Dataset:corafull~Supermask:[3, 7, 2, 12, 3, 6, 4, 5]
result as
{'accu': 0.004999999999999999, 'time': 6.609652996063232, 'num_params': 616155}
time long:674.06933426857

controller configures over, waiting for connect request from clients
controller broadcasts datasetname:corafull over
controller broadcasts model over
0
1
2
3
4
5
6
7
8
9
10
11
12
13
14
15
16
17
18
19
20
21
22
23
24
25
26
27
28
29
30
31
32
33
34
35
36
37
38
39
40
41
42
43
44
45
46
47
48
49
Epoch:10~Dataset:corafull~Supermask:[5, 0, 11, 0, 9, 12, 3, 4]
result as
{'accu': 0.165, 'time': 7.027345418930054, 'num_params': 616155}
time long:687.4839179515839

controller configures over, waiting for connect request from clients
controller broadcasts datasetname:corafull over
controller broadcasts model over
0
1
2
3
4
5
6
7
8
9
10
11
12
13
14
15
16
17
18
19
20
21
22
23
24
25
26
27
28
29
30
31
32
33
34
35
36
37
38
39
40
41
42
43
44
45
46
47
48
49
Epoch:11~Dataset:corafull~Supermask:[3, 8, 12, 12, 11, 11, 1, 2]
result as
{'accu': 0.002, 'time': 6.586934566497803, 'num_params': 616155}
time long:683.3091905117035

controller configures over, waiting for connect request from clients
controller broadcasts datasetname:corafull over
controller broadcasts model over
0
1
2
3
4
5
6
7
8
9
10
11
12
13
14
15
16
17
18
19
20
21
22
23
24
25
26
27
28
29
30
31
32
33
34
35
36
37
38
39
40
41
42
43
44
45
46
47
48
49
Epoch:12~Dataset:corafull~Supermask:[4, 9, 0, 3, 1, 1, 1, 2]
result as
{'accu': 0.016, 'time': 6.545362710952759, 'num_params': 616155}
time long:716.2743813991547

controller configures over, waiting for connect request from clients
controller broadcasts datasetname:corafull over
controller broadcasts model over
0
1
2
3
4
5
6
7
8
9
10
11
12
13
14
15
16
17
18
19
20
21
22
23
24
25
26
27
28
29
30
31
32
33
34
35
36
37
38
39
40
41
42
43
44
45
46
47
48
49
Epoch:13~Dataset:corafull~Supermask:[1, 4, 4, 0, 9, 4, 5, 5]
result as
{'accu': 0.128, 'time': 6.482464075088501, 'num_params': 616155}
time long:666.2861671447754

controller configures over, waiting for connect request from clients
controller broadcasts datasetname:corafull over
controller broadcasts model over
0
1
2
3
4
5
6
7
8
9
10
11
12
13
14
15
16
17
18
19
20
21
22
23
24
25
26
27
28
29
30
31
32
33
34
35
36
37
38
39
40
41
42
43
44
45
46
47
48
49
Epoch:14~Dataset:corafull~Supermask:[5, 7, 4, 1, 4, 5, 3, 3]
result as
{'accu': 0.007, 'time': 6.31046986579895, 'num_params': 616155}
time long:680.668609380722

controller configures over, waiting for connect request from clients
controller broadcasts datasetname:corafull over
controller broadcasts model over
0
1
2
3
4
5
6
7
8
9
10
11
12
13
14
15
16
17
18
19
20
21
22
23
24
25
26
27
28
29
30
31
32
33
34
35
36
37
38
39
40
41
42
43
44
45
46
47
48
49
Epoch:15~Dataset:corafull~Supermask:[1, 11, 1, 0, 10, 7, 3, 4]
result as
{'accu': 0.0, 'time': 6.822657108306885, 'num_params': 616155}
time long:692.281576871872

controller configures over, waiting for connect request from clients
controller broadcasts datasetname:corafull over
controller broadcasts model over
0
1
2
3
4
5
6
7
8
9
10
11
12
13
14
15
16
17
18
19
20
21
22
23
24
25
26
27
28
29
30
31
32
33
34
35
36
37
38
39
40
41
42
43
44
45
46
47
48
49
Epoch:16~Dataset:corafull~Supermask:[1, 1, 1, 4, 4, 10, 3, 2]
result as
{'accu': 0.14800000000000002, 'time': 6.712656497955322, 'num_params': 616155}
time long:697.1517815589905

controller configures over, waiting for connect request from clients
controller broadcasts datasetname:corafull over
controller broadcasts model over
0
1
2
3
4
5
6
7
8
9
10
11
12
13
14
15
16
17
18
19
20
21
22
23
24
25
26
27
28
29
30
31
32
33
34
35
36
37
38
39
40
41
42
43
44
45
46
47
48
49
Epoch:17~Dataset:corafull~Supermask:[3, 11, 8, 11, 8, 5, 12, 5]
result as
{'accu': 0.269, 'time': 6.63425087928772, 'num_params': 616155}
time long:690.7688167095184

controller configures over, waiting for connect request from clients
controller broadcasts datasetname:corafull over
controller broadcasts model over
0
1
2
3
4
5
6
7
8
9
10
11
12
13
14
15
16
17
18
19
20
21
22
23
24
25
26
27
28
29
30
31
32
33
34
35
36
37
38
39
40
41
42
43
44
45
46
47
48
49
Epoch:18~Dataset:corafull~Supermask:[3, 2, 2, 4, 4, 3, 4, 3]
result as
{'accu': 0.0, 'time': 6.570434808731079, 'num_params': 616155}
time long:703.6883900165558

controller configures over, waiting for connect request from clients
controller broadcasts datasetname:corafull over
controller broadcasts model over
0
1
2
3
4
5
6
7
8
9
10
11
12
13
14
15
16
17
18
19
20
21
22
23
24
25
26
27
28
29
30
31
32
33
34
35
36
37
38
39
40
41
42
43
44
45
46
47
48
49
Epoch:19~Dataset:corafull~Supermask:[1, 8, 10, 7, 7, 9, 11, 3]
result as
{'accu': 0.008, 'time': 6.528005838394165, 'num_params': 616155}
time long:700.323828458786

controller configures over, waiting for connect request from clients
controller broadcasts datasetname:corafull over
controller broadcasts model over
0
1
2
3
4
5
6
7
8
9
10
11
12
13
14
15
16
17
18
19
20
21
22
23
24
25
26
27
28
29
30
31
32
33
34
35
36
37
38
39
40
41
42
43
44
45
46
47
48
49
Epoch:20~Dataset:corafull~Supermask:[2, 11, 9, 0, 5, 0, 7, 1]
result as
{'accu': 0.0019999999999999996, 'time': 6.848515748977661, 'num_params': 616155}
time long:698.1333839893341

controller configures over, waiting for connect request from clients
controller broadcasts datasetname:corafull over
controller broadcasts model over
0
1
2
3
4
5
6
7
8
9
10
11
12
13
14
15
16
17
18
19
20
21
22
23
24
25
26
27
28
29
30
31
32
33
34
35
36
37
38
39
40
41
42
43
44
45
46
47
48
49
Epoch:21~Dataset:corafull~Supermask:[2, 1, 10, 7, 4, 12, 1, 3]
result as
{'accu': 0.155, 'time': 8.163942813873291, 'num_params': 616155}
time long:692.7568731307983

controller configures over, waiting for connect request from clients
controller broadcasts datasetname:corafull over
controller broadcasts model over
0
1
2
3
4
5
6
7
8
9
10
11
12
13
14
15
16
17
18
19
20
21
22
23
24
25
26
27
28
29
30
31
32
33
34
35
36
37
38
39
40
41
42
43
44
45
46
47
48
49
Epoch:22~Dataset:corafull~Supermask:[2, 2, 10, 4, 4, 12, 10, 2]
result as
{'accu': 0.0009999999999999998, 'time': 7.357806921005249, 'num_params': 616155}
time long:695.4405190944672

controller configures over, waiting for connect request from clients
controller broadcasts datasetname:corafull over
controller broadcasts model over
0
1
2
3
4
5
6
7
8
9
10
11
12
13
14
15
16
17
18
19
20
21
22
23
24
25
26
27
28
29
30
31
32
33
34
35
36
37
38
39
40
41
42
43
44
45
46
47
48
49
Epoch:23~Dataset:corafull~Supermask:[2, 6, 2, 0, 8, 6, 6, 2]
result as
{'accu': 0.165, 'time': 6.34344220161438, 'num_params': 616155}
time long:679.0238947868347

controller configures over, waiting for connect request from clients
controller broadcasts datasetname:corafull over
controller broadcasts model over
0
1
2
3
4
5
6
7
8
9
10
11
12
13
14
15
16
17
18
19
20
21
22
23
24
25
26
27
28
29
30
31
32
33
34
35
36
37
38
39
40
41
42
43
44
45
46
47
48
49
Epoch:24~Dataset:corafull~Supermask:[3, 7, 6, 10, 5, 3, 2, 2]
result as
{'accu': 0.4809999999999999, 'time': 6.605109453201294, 'num_params': 616155}
time long:689.8532810211182

controller configures over, waiting for connect request from clients
controller broadcasts datasetname:corafull over
controller broadcasts model over
0
1
2
3
4
5
6
7
8
9
10
11
12
13
14
15
16
17
18
19
20
21
22
23
24
25
26
27
28
29
30
31
32
33
34
35
36
37
38
39
40
41
42
43
44
45
46
47
48
49
Epoch:25~Dataset:corafull~Supermask:[1, 7, 9, 3, 4, 3, 9, 3]
result as
{'accu': 0.004999999999999999, 'time': 6.466166734695435, 'num_params': 616155}
time long:663.7426154613495

controller configures over, waiting for connect request from clients
controller broadcasts datasetname:corafull over
controller broadcasts model over
0
1
2
3
4
5
6
7
8
9
10
11
12
13
14
15
16
17
18
19
20
21
22
23
24
25
26
27
28
29
30
31
32
33
34
35
36
37
38
39
40
41
42
43
44
45
46
47
48
49
Epoch:26~Dataset:corafull~Supermask:[3, 2, 4, 9, 9, 8, 0, 1]
result as
{'accu': 0.152, 'time': 6.427460193634033, 'num_params': 616155}
time long:670.4034504890442

controller configures over, waiting for connect request from clients
controller broadcasts datasetname:corafull over
controller broadcasts model over
0
1
2
3
4
5
6
7
8
9
10
11
12
13
14
15
16
17
18
19
20
21
22
23
24
25
26
27
28
29
30
31
32
33
34
35
36
37
38
39
40
41
42
43
44
45
46
47
48
49
Epoch:27~Dataset:corafull~Supermask:[3, 7, 10, 4, 0, 6, 8, 3]
result as
{'accu': 0.002, 'time': 6.602156400680542, 'num_params': 616155}
time long:680.5857434272766

controller configures over, waiting for connect request from clients
controller broadcasts datasetname:corafull over
controller broadcasts model over
0
1
2
3
4
5
6
7
8
9
10
11
12
13
14
15
16
17
18
19
20
21
22
23
24
25
26
27
28
29
30
31
32
33
34
35
36
37
38
39
40
41
42
43
44
45
46
47
48
49
Epoch:28~Dataset:corafull~Supermask:[3, 8, 0, 8, 9, 7, 9, 5]
result as
{'accu': 0.14700000000000002, 'time': 6.4845967292785645, 'num_params': 616155}
time long:691.7744555473328

controller configures over, waiting for connect request from clients
controller broadcasts datasetname:corafull over
controller broadcasts model over
0
1
2
3
4
5
6
7
8
9
10
11
12
13
14
15
16
17
18
19
20
21
22
23
24
25
26
27
28
29
30
31
32
33
34
35
36
37
38
39
40
41
42
43
44
45
46
47
48
49
Epoch:29~Dataset:corafull~Supermask:[2, 0, 0, 11, 3, 1, 8, 2]
result as
{'accu': 0.015, 'time': 6.605408191680908, 'num_params': 616155}
time long:697.199919462204

controller configures over, waiting for connect request from clients
controller broadcasts datasetname:corafull over
controller broadcasts model over
0
1
2
3
4
5
6
7
8
9
10
11
12
13
14
15
16
17
18
19
20
21
22
23
24
25
26
27
28
29
30
31
32
33
34
35
36
37
38
39
40
41
42
43
44
45
46
47
48
49
Epoch:30~Dataset:corafull~Supermask:[3, 4, 12, 11, 12, 11, 3, 4]
result as
{'accu': 0.043000000000000003, 'time': 6.798705577850342, 'num_params': 616155}
time long:697.566686630249

controller configures over, waiting for connect request from clients
controller broadcasts datasetname:corafull over
controller broadcasts model over
0
1
2
3
4
5
6
7
8
9
10
11
12
13
14
15
16
17
18
19
20
21
22
23
24
25
26
27
28
29
30
31
32
33
34
35
36
37
38
39
40
41
42
43
44
45
46
47
48
49
Epoch:31~Dataset:corafull~Supermask:[3, 1, 9, 3, 5, 6, 9, 2]
result as
{'accu': 0.239, 'time': 6.4950971603393555, 'num_params': 616155}
time long:698.5474781990051

controller configures over, waiting for connect request from clients
controller broadcasts datasetname:corafull over
controller broadcasts model over
0
1
2
3
4
5
6
7
8
9
10
11
12
13
14
15
16
17
18
19
20
21
22
23
24
25
26
27
28
29
30
31
32
33
34
35
36
37
38
39
40
41
42
43
44
45
46
47
48
49
Epoch:32~Dataset:corafull~Supermask:[1, 1, 4, 4, 10, 1, 3, 2]
result as
{'accu': 0.166, 'time': 6.421822786331177, 'num_params': 616155}
time long:655.2632477283478

controller configures over, waiting for connect request from clients
controller broadcasts datasetname:corafull over
controller broadcasts model over
0
1
2
3
4
5
6
7
8
9
10
11
12
13
14
15
16
17
18
19
20
21
22
23
24
25
26
27
28
29
30
31
32
33
34
35
36
37
38
39
40
41
42
43
44
45
46
47
48
49
Epoch:33~Dataset:corafull~Supermask:[3, 5, 12, 8, 12, 5, 11, 4]
result as
{'accu': 0.113, 'time': 6.591091632843018, 'num_params': 616155}
time long:677.4983513355255

controller configures over, waiting for connect request from clients
controller broadcasts datasetname:corafull over
controller broadcasts model over
0
1
2
3
4
5
6
7
8
9
10
11
12
13
14
15
16
17
18
19
20
21
22
23
24
25
26
27
28
29
30
31
32
33
34
35
36
37
38
39
40
41
42
43
44
45
46
47
48
49
Epoch:34~Dataset:corafull~Supermask:[2, 6, 12, 1, 7, 12, 2, 2]
result as
{'accu': 0.258, 'time': 7.12176775932312, 'num_params': 616155}
time long:697.4462254047394

controller configures over, waiting for connect request from clients
controller broadcasts datasetname:corafull over
controller broadcasts model over
0
1
2
3
4
5
6
7
8
9
10
11
12
13
14
15
16
17
18
19
20
21
22
23
24
25
26
27
28
29
30
31
32
33
34
35
36
37
38
39
40
41
42
43
44
45
46
47
48
49
Epoch:35~Dataset:corafull~Supermask:[1, 10, 6, 4, 2, 8, 0, 5]
result as
{'accu': 0.157, 'time': 6.88709568977356, 'num_params': 616155}
time long:698.9898838996887

controller configures over, waiting for connect request from clients
controller broadcasts datasetname:corafull over
controller broadcasts model over
0
1
2
3
4
5
6
7
8
9
10
11
12
13
14
15
16
17
18
19
20
21
22
23
24
25
26
27
28
29
30
31
32
33
34
35
36
37
38
39
40
41
42
43
44
45
46
47
48
49
Epoch:36~Dataset:corafull~Supermask:[1, 2, 9, 2, 12, 12, 4, 1]
result as
{'accu': 0.016, 'time': 7.048699378967285, 'num_params': 616155}
time long:705.4524235725403

controller configures over, waiting for connect request from clients
controller broadcasts datasetname:corafull over
controller broadcasts model over
0
1
2
3
4
5
6
7
8
9
10
11
12
13
14
15
16
17
18
19
20
21
22
23
24
25
26
27
28
29
30
31
32
33
34
35
36
37
38
39
40
41
42
43
44
45
46
47
48
49
Epoch:37~Dataset:corafull~Supermask:[2, 10, 5, 1, 9, 6, 0, 5]
result as
{'accu': 0.002, 'time': 6.453393459320068, 'num_params': 616155}
time long:677.5860130786896

controller configures over, waiting for connect request from clients
controller broadcasts datasetname:corafull over
controller broadcasts model over
0
1
2
3
4
5
6
7
8
9
10
11
12
13
14
15
16
17
18
19
20
21
22
23
24
25
26
27
28
29
30
31
32
33
34
35
36
37
38
39
40
41
42
43
44
45
46
47
48
49
Epoch:38~Dataset:corafull~Supermask:[5, 2, 2, 7, 12, 10, 6, 1]
result as
{'accu': 0.292, 'time': 6.2830657958984375, 'num_params': 616155}
time long:672.5476729869843

controller configures over, waiting for connect request from clients
controller broadcasts datasetname:corafull over
controller broadcasts model over
0
1
2
3
4
5
6
7
8
9
10
11
12
13
14
15
16
17
18
19
20
21
22
23
24
25
26
27
28
29
30
31
32
33
34
35
36
37
38
39
40
41
42
43
44
45
46
47
48
49
Epoch:39~Dataset:corafull~Supermask:[5, 10, 11, 7, 7, 2, 8, 5]
result as
{'accu': 0.166, 'time': 6.813861131668091, 'num_params': 616155}
time long:688.2594482898712

controller configures over, waiting for connect request from clients
controller broadcasts datasetname:corafull over
controller broadcasts model over
0
1
2
3
4
5
6
7
8
9
10
11
12
13
14
15
16
17
18
19
20
21
22
23
24
25
26
27
28
29
30
31
32
33
34
35
36
37
38
39
40
41
42
43
44
45
46
47
48
49
Epoch:40~Dataset:corafull~Supermask:[2, 5, 12, 12, 11, 5, 0, 4]
result as
{'accu': 0.038, 'time': 6.533933639526367, 'num_params': 616155}
time long:678.2211973667145

controller configures over, waiting for connect request from clients
controller broadcasts datasetname:corafull over
controller broadcasts model over
0
1
2
3
4
5
6
7
8
9
10
11
12
13
14
15
16
17
18
19
20
21
22
23
24
25
26
27
28
29
30
31
32
33
34
35
36
37
38
39
40
41
42
43
44
45
46
47
48
49
Epoch:41~Dataset:corafull~Supermask:[4, 3, 5, 1, 3, 5, 4, 4]
result as
{'accu': 0.166, 'time': 6.8082475662231445, 'num_params': 616155}
time long:723.0076324939728

controller configures over, waiting for connect request from clients
controller broadcasts datasetname:corafull over
controller broadcasts model over
0
1
2
3
4
5
6
7
8
9
10
11
12
13
14
15
16
17
18
19
20
21
22
23
24
25
26
27
28
29
30
31
32
33
34
35
36
37
38
39
40
41
42
43
44
45
46
47
48
49
Epoch:42~Dataset:corafull~Supermask:[2, 0, 3, 8, 7, 4, 0, 5]
result as
{'accu': 0.166, 'time': 7.051168441772461, 'num_params': 616155}
time long:701.2018702030182

controller configures over, waiting for connect request from clients
controller broadcasts datasetname:corafull over
controller broadcasts model over
0
1
2
3
4
5
6
7
8
9
10
11
12
13
14
15
16
17
18
19
20
21
22
23
24
25
26
27
28
29
30
31
32
33
34
35
36
37
38
39
40
41
42
43
44
45
46
47
48
49
Epoch:43~Dataset:corafull~Supermask:[3, 5, 11, 0, 2, 3, 7, 1]
result as
{'accu': 0.127, 'time': 6.78076171875, 'num_params': 616155}
time long:687.9220199584961

controller configures over, waiting for connect request from clients
controller broadcasts datasetname:corafull over
controller broadcasts model over
0
1
2
3
4
5
6
7
8
9
10
11
12
13
14
15
16
17
18
19
20
21
22
23
24
25
26
27
28
29
30
31
32
33
34
35
36
37
38
39
40
41
42
43
44
45
46
47
48
49
Epoch:44~Dataset:corafull~Supermask:[1, 4, 5, 12, 9, 8, 11, 2]
result as
{'accu': 0.356, 'time': 6.705099105834961, 'num_params': 616155}
time long:671.49072265625

controller configures over, waiting for connect request from clients
controller broadcasts datasetname:corafull over
controller broadcasts model over
0
1
2
3
4
5
6
7
8
9
10
11
12
13
14
15
16
17
18
19
20
21
22
23
24
25
26
27
28
29
30
31
32
33
34
35
36
37
38
39
40
41
42
43
44
45
46
47
48
49
Epoch:45~Dataset:corafull~Supermask:[5, 2, 1, 0, 2, 3, 4, 5]
result as
{'accu': 0.113, 'time': 7.14570164680481, 'num_params': 616155}
time long:709.2227034568787

controller configures over, waiting for connect request from clients
controller broadcasts datasetname:corafull over
controller broadcasts model over
0
1
2
3
4
5
6
7
8
9
10
11
12
13
14
15
16
17
18
19
20
21
22
23
24
25
26
27
28
29
30
31
32
33
34
35
36
37
38
39
40
41
42
43
44
45
46
47
48
49
Epoch:46~Dataset:corafull~Supermask:[4, 1, 7, 11, 11, 11, 2, 3]
result as
{'accu': 0.163, 'time': 6.604440450668335, 'num_params': 616155}
time long:681.0527176856995

controller configures over, waiting for connect request from clients
controller broadcasts datasetname:corafull over
controller broadcasts model over
0
1
2
3
4
5
6
7
8
9
10
11
12
13
14
15
16
17
18
19
20
21
22
23
24
25
26
27
28
29
30
31
32
33
34
35
36
37
38
39
40
41
42
43
44
45
46
47
48
49
Epoch:47~Dataset:corafull~Supermask:[5, 9, 3, 1, 3, 11, 11, 4]
result as
{'accu': 0.023, 'time': 6.532891035079956, 'num_params': 616155}
time long:683.7515070438385

controller configures over, waiting for connect request from clients
controller broadcasts datasetname:corafull over
controller broadcasts model over
0
1
2
3
4
5
6
7
8
9
10
11
12
13
14
15
16
17
18
19
20
21
22
23
24
25
26
27
28
29
30
31
32
33
34
35
36
37
38
39
40
41
42
43
44
45
46
47
48
49
Epoch:48~Dataset:corafull~Supermask:[5, 0, 9, 5, 10, 4, 2, 3]
result as
{'accu': 0.008, 'time': 7.557701349258423, 'num_params': 616155}
time long:677.1473650932312

controller configures over, waiting for connect request from clients
controller broadcasts datasetname:corafull over
controller broadcasts model over
0
1
2
3
4
5
6
7
8
9
10
11
12
13
14
15
16
17
18
19
20
21
22
23
24
25
26
27
28
29
30
31
32
33
34
35
36
37
38
39
40
41
42
43
44
45
46
47
48
49
Epoch:49~Dataset:corafull~Supermask:[3, 0, 10, 3, 6, 9, 11, 4]
result as
{'accu': 0.0, 'time': 6.711130857467651, 'num_params': 616155}
time long:662.1523993015289

controller configures over, waiting for connect request from clients
controller broadcasts datasetname:corafull over
controller broadcasts model over
0
1
2
3
4
5
6
7
8
9
10
11
12
13
14
15
16
17
18
19
20
21
22
23
24
25
26
27
28
29
30
31
32
33
34
35
36
37
38
39
40
41
42
43
44
45
46
47
48
49
Epoch:50~Dataset:corafull~Supermask:[1, 5, 4, 12, 12, 10, 5, 3]
result as
{'accu': 0.009, 'time': 6.5023510456085205, 'num_params': 616155}
time long:679.5564997196198

controller configures over, waiting for connect request from clients
controller broadcasts datasetname:corafull over
controller broadcasts model over
0
1
2
3
4
5
6
7
8
9
10
11
12
13
14
15
16
17
18
19
20
21
22
23
24
25
26
27
28
29
30
31
32
33
34
35
36
37
38
39
40
41
42
43
44
45
46
47
48
49
Epoch:51~Dataset:corafull~Supermask:[5, 3, 9, 7, 5, 4, 9, 2]
result as
{'accu': 0.0, 'time': 6.657682180404663, 'num_params': 616155}
time long:670.3624224662781

controller configures over, waiting for connect request from clients
controller broadcasts datasetname:corafull over
controller broadcasts model over
0
1
2
3
4
5
6
7
8
9
10
11
12
13
14
15
16
17
18
19
20
21
22
23
24
25
26
27
28
29
30
31
32
33
34
35
36
37
38
39
40
41
42
43
44
45
46
47
48
49
Epoch:52~Dataset:corafull~Supermask:[5, 11, 0, 6, 10, 0, 12, 4]
result as
{'accu': 0.018000000000000002, 'time': 7.108525514602661, 'num_params': 616155}
time long:713.3057527542114

controller configures over, waiting for connect request from clients
controller broadcasts datasetname:corafull over
controller broadcasts model over
0
1
2
3
4
5
6
7
8
9
10
11
12
13
14
15
16
17
18
19
20
21
22
23
24
25
26
27
28
29
30
31
32
33
34
35
36
37
38
39
40
41
42
43
44
45
46
47
48
49
Epoch:53~Dataset:corafull~Supermask:[2, 0, 8, 2, 2, 4, 2, 1]
result as
{'accu': 0.0009999999999999998, 'time': 6.407473087310791, 'num_params': 616155}
time long:689.3977837562561

controller configures over, waiting for connect request from clients
controller broadcasts datasetname:corafull over
controller broadcasts model over
0
1
2
3
4
5
6
7
8
9
10
11
12
13
14
15
16
17
18
19
20
21
22
23
24
25
26
27
28
29
30
31
32
33
34
35
36
37
38
39
40
41
42
43
44
45
46
47
48
49
Epoch:54~Dataset:corafull~Supermask:[4, 3, 4, 5, 8, 0, 1, 5]
result as
{'accu': 0.0, 'time': 6.617369651794434, 'num_params': 616155}
time long:697.3215970993042

controller configures over, waiting for connect request from clients
controller broadcasts datasetname:corafull over
controller broadcasts model over
0
1
2
3
4
5
6
7
8
9
10
11
12
13
14
15
16
17
18
19
20
21
22
23
24
25
26
27
28
29
30
31
32
33
34
35
36
37
38
39
40
41
42
43
44
45
46
47
48
49
Epoch:55~Dataset:corafull~Supermask:[3, 2, 4, 0, 0, 7, 9, 5]
result as
{'accu': 0.165, 'time': 6.672095537185669, 'num_params': 616155}
time long:681.7305564880371

controller configures over, waiting for connect request from clients
controller broadcasts datasetname:corafull over
controller broadcasts model over
0
1
2
3
4
5
6
7
8
9
10
11
12
13
14
15
16
17
18
19
20
21
22
23
24
25
26
27
28
29
30
31
32
33
34
35
36
37
38
39
40
41
42
43
44
45
46
47
48
49
Epoch:56~Dataset:corafull~Supermask:[4, 7, 4, 8, 2, 3, 10, 5]
result as
{'accu': 0.123, 'time': 6.460780143737793, 'num_params': 616155}
time long:683.736364364624

controller configures over, waiting for connect request from clients
controller broadcasts datasetname:corafull over
controller broadcasts model over
0
1
2
3
4
5
6
7
8
9
10
11
12
13
14
15
16
17
18
19
20
21
22
23
24
25
26
27
28
29
30
31
32
33
34
35
36
37
38
39
40
41
42
43
44
45
46
47
48
49
Epoch:57~Dataset:corafull~Supermask:[2, 2, 9, 7, 10, 10, 5, 5]
result as
{'accu': 0.022999999999999996, 'time': 6.987210750579834, 'num_params': 616155}
time long:683.577908039093

controller configures over, waiting for connect request from clients
controller broadcasts datasetname:corafull over
controller broadcasts model over
0
1
2
3
4
5
6
7
8
9
10
11
12
13
14
15
16
17
18
19
20
21
22
23
24
25
26
27
28
29
30
31
32
33
34
35
36
37
38
39
40
41
42
43
44
45
46
47
48
49
Epoch:58~Dataset:corafull~Supermask:[5, 4, 10, 1, 10, 4, 9, 2]
result as
{'accu': 0.0, 'time': 6.882854700088501, 'num_params': 616155}
time long:716.2630913257599

controller configures over, waiting for connect request from clients
controller broadcasts datasetname:corafull over
controller broadcasts model over
0
1
2
3
4
5
6
7
8
9
10
11
12
13
14
15
16
17
18
19
20
21
22
23
24
25
26
27
28
29
30
31
32
33
34
35
36
37
38
39
40
41
42
43
44
45
46
47
48
49
Epoch:59~Dataset:corafull~Supermask:[4, 10, 12, 0, 1, 0, 3, 3]
result as
{'accu': 0.158, 'time': 6.566454172134399, 'num_params': 616155}
time long:688.5981991291046

controller configures over, waiting for connect request from clients
controller broadcasts datasetname:corafull over
controller broadcasts model over
0
1
2
3
4
5
6
7
8
9
10
11
12
13
14
15
16
17
18
19
20
21
22
23
24
25
26
27
28
29
30
31
32
33
34
35
36
37
38
39
40
41
42
43
44
45
46
47
48
49
Epoch:60~Dataset:corafull~Supermask:[2, 2, 1, 9, 2, 3, 9, 4]
result as
{'accu': 0.148, 'time': 6.545948028564453, 'num_params': 616155}
time long:677.1471507549286

controller configures over, waiting for connect request from clients
controller broadcasts datasetname:corafull over
controller broadcasts model over
0
1
2
3
4
5
6
7
8
9
10
11
12
13
14
15
16
17
18
19
20
21
22
23
24
25
26
27
28
29
30
31
32
33
34
35
36
37
38
39
40
41
42
43
44
45
46
47
48
49
Epoch:61~Dataset:corafull~Supermask:[1, 8, 0, 11, 5, 12, 8, 3]
result as
{'accu': 0.034, 'time': 6.5129125118255615, 'num_params': 616155}
time long:699.5340187549591

controller configures over, waiting for connect request from clients
controller broadcasts datasetname:corafull over
controller broadcasts model over
0
1
2
3
4
5
6
7
8
9
10
11
12
13
14
15
16
17
18
19
20
21
22
23
24
25
26
27
28
29
30
31
32
33
34
35
36
37
38
39
40
41
42
43
44
45
46
47
48
49
Epoch:62~Dataset:corafull~Supermask:[5, 5, 0, 6, 12, 12, 11, 3]
result as
{'accu': 0.0, 'time': 7.141419410705566, 'num_params': 616155}
time long:689.8181490898132

controller configures over, waiting for connect request from clients
controller broadcasts datasetname:corafull over
controller broadcasts model over
0
1
2
3
4
5
6
7
8
9
10
11
12
13
14
15
16
17
18
19
20
21
22
23
24
25
26
27
28
29
30
31
32
33
34
35
36
37
38
39
40
41
42
43
44
45
46
47
48
49
Epoch:63~Dataset:corafull~Supermask:[1, 6, 12, 9, 9, 2, 5, 1]
result as
{'accu': 0.019999999999999997, 'time': 6.777781009674072, 'num_params': 616155}
time long:703.6473658084869

controller configures over, waiting for connect request from clients
controller broadcasts datasetname:corafull over
controller broadcasts model over
0
1
2
3
4
5
6
7
8
9
10
11
12
13
14
15
16
17
18
19
20
21
22
23
24
25
26
27
28
29
30
31
32
33
34
35
36
37
38
39
40
41
42
43
44
45
46
47
48
49
Epoch:64~Dataset:corafull~Supermask:[3, 3, 2, 7, 8, 5, 0, 3]
result as
{'accu': 0.0, 'time': 6.349693298339844, 'num_params': 616155}
time long:666.7950115203857

controller configures over, waiting for connect request from clients
controller broadcasts datasetname:corafull over
controller broadcasts model over
0
1
2
3
4
5
6
7
8
9
10
11
12
13
14
15
16
17
18
19
20
21
22
23
24
25
26
27
28
29
30
31
32
33
34
35
36
37
38
39
40
41
42
43
44
45
46
47
48
49
Epoch:65~Dataset:corafull~Supermask:[4, 8, 7, 11, 1, 3, 4, 3]
result as
{'accu': 0.159, 'time': 6.601025342941284, 'num_params': 616155}
time long:682.1887822151184

controller configures over, waiting for connect request from clients
controller broadcasts datasetname:corafull over
controller broadcasts model over
0
1
2
3
4
5
6
7
8
9
10
11
12
13
14
15
16
17
18
19
20
21
22
23
24
25
26
27
28
29
30
31
32
33
34
35
36
37
38
39
40
41
42
43
44
45
46
47
48
49
Epoch:66~Dataset:corafull~Supermask:[5, 5, 12, 12, 7, 10, 10, 4]
result as
{'accu': 0.051, 'time': 6.999316930770874, 'num_params': 616155}
time long:680.1338107585907

controller configures over, waiting for connect request from clients
controller broadcasts datasetname:corafull over
controller broadcasts model over
0
1
2
3
4
5
6
7
8
9
10
11
12
13
14
15
16
17
18
19
20
21
22
23
24
25
26
27
28
29
30
31
32
33
34
35
36
37
38
39
40
41
42
43
44
45
46
47
48
49
Epoch:67~Dataset:corafull~Supermask:[3, 1, 3, 0, 9, 3, 4, 3]
result as
{'accu': 0.0, 'time': 6.25620436668396, 'num_params': 616155}
time long:673.0048835277557

controller configures over, waiting for connect request from clients
controller broadcasts datasetname:corafull over
controller broadcasts model over
0
1
2
3
4
5
6
7
8
9
10
11
12
13
14
15
16
17
18
19
20
21
22
23
24
25
26
27
28
29
30
31
32
33
34
35
36
37
38
39
40
41
42
43
44
45
46
47
48
49
Epoch:68~Dataset:corafull~Supermask:[1, 0, 3, 5, 10, 11, 7, 4]
result as
{'accu': 0.107, 'time': 6.567580223083496, 'num_params': 616155}
time long:675.7987148761749

controller configures over, waiting for connect request from clients
controller broadcasts datasetname:corafull over
controller broadcasts model over
0
1
2
3
4
5
6
7
8
9
10
11
12
13
14
15
16
17
18
19
20
21
22
23
24
25
26
27
28
29
30
31
32
33
34
35
36
37
38
39
40
41
42
43
44
45
46
47
48
49
Epoch:69~Dataset:corafull~Supermask:[1, 4, 6, 6, 5, 10, 8, 5]
result as
{'accu': 0.015, 'time': 6.423369407653809, 'num_params': 616155}
time long:660.1919355392456

controller configures over, waiting for connect request from clients
controller broadcasts datasetname:corafull over
controller broadcasts model over
0
1
2
3
4
5
6
7
8
9
10
11
12
13
14
15
16
17
18
19
20
21
22
23
24
25
26
27
28
29
30
31
32
33
34
35
36
37
38
39
40
41
42
43
44
45
46
47
48
49
Epoch:70~Dataset:corafull~Supermask:[5, 9, 6, 1, 3, 5, 10, 5]
result as
{'accu': 0.169, 'time': 6.2422521114349365, 'num_params': 616155}
time long:648.0255427360535

controller configures over, waiting for connect request from clients
controller broadcasts datasetname:corafull over
controller broadcasts model over
0
1
2
3
4
5
6
7
8
9
10
11
12
13
14
15
16
17
18
19
20
21
22
23
24
25
26
27
28
29
30
31
32
33
34
35
36
37
38
39
40
41
42
43
44
45
46
47
48
49
Epoch:71~Dataset:corafull~Supermask:[1, 2, 11, 8, 1, 9, 11, 3]
result as
{'accu': 0.166, 'time': 6.396631240844727, 'num_params': 616155}
time long:679.5303270816803

controller configures over, waiting for connect request from clients
controller broadcasts datasetname:corafull over
controller broadcasts model over
0
1
2
3
4
5
6
7
8
9
10
11
12
13
14
15
16
17
18
19
20
21
22
23
24
25
26
27
28
29
30
31
32
33
34
35
36
37
38
39
40
41
42
43
44
45
46
47
48
49
Epoch:72~Dataset:corafull~Supermask:[4, 2, 3, 11, 12, 4, 10, 2]
result as
{'accu': 0.151, 'time': 6.640843152999878, 'num_params': 616155}
time long:683.0720298290253

controller configures over, waiting for connect request from clients
controller broadcasts datasetname:corafull over
controller broadcasts model over
0
1
2
3
4
5
6
7
8
9
10
11
12
13
14
15
16
17
18
19
20
21
22
23
24
25
26
27
28
29
30
31
32
33
34
35
36
37
38
39
40
41
42
43
44
45
46
47
48
49
Epoch:73~Dataset:corafull~Supermask:[4, 2, 2, 1, 11, 1, 11, 5]
result as
{'accu': 0.165, 'time': 7.925414085388184, 'num_params': 616155}
time long:686.0046095848083

controller configures over, waiting for connect request from clients
controller broadcasts datasetname:corafull over
controller broadcasts model over
0
1
2
3
4
5
6
7
8
9
10
11
12
13
14
15
16
17
18
19
20
21
22
23
24
25
26
27
28
29
30
31
32
33
34
35
36
37
38
39
40
41
42
43
44
45
46
47
48
49
Epoch:74~Dataset:corafull~Supermask:[3, 1, 5, 0, 11, 1, 8, 4]
result as
{'accu': 0.272, 'time': 6.226535797119141, 'num_params': 616155}
time long:668.9333305358887

controller configures over, waiting for connect request from clients
controller broadcasts datasetname:corafull over
controller broadcasts model over
0
1
2
3
4
5
6
7
8
9
10
11
12
13
14
15
16
17
18
19
20
21
22
23
24
25
26
27
28
29
30
31
32
33
34
35
36
37
38
39
40
41
42
43
44
45
46
47
48
49
Epoch:75~Dataset:corafull~Supermask:[3, 11, 3, 2, 2, 6, 9, 4]
result as
{'accu': 0.17500000000000002, 'time': 6.327073097229004, 'num_params': 616155}
time long:669.887228012085

controller configures over, waiting for connect request from clients
controller broadcasts datasetname:corafull over
controller broadcasts model over
0
1
2
3
4
5
6
7
8
9
10
11
12
13
14
15
16
17
18
19
20
21
22
23
24
25
26
27
28
29
30
31
32
33
34
35
36
37
38
39
40
41
42
43
44
45
46
47
48
49
Epoch:76~Dataset:corafull~Supermask:[4, 11, 8, 9, 11, 11, 0, 2]
result as
{'accu': 0.010999999999999998, 'time': 6.458684206008911, 'num_params': 616155}
time long:675.7668583393097

controller configures over, waiting for connect request from clients
controller broadcasts datasetname:corafull over
controller broadcasts model over
0
1
2
3
4
5
6
7
8
9
10
11
12
13
14
15
16
17
18
19
20
21
22
23
24
25
26
27
28
29
30
31
32
33
34
35
36
37
38
39
40
41
42
43
44
45
46
47
48
49
Epoch:77~Dataset:corafull~Supermask:[1, 8, 3, 3, 6, 8, 7, 3]
result as
{'accu': 0.162, 'time': 6.879755735397339, 'num_params': 616155}
time long:669.6004378795624

controller configures over, waiting for connect request from clients
controller broadcasts datasetname:corafull over
controller broadcasts model over
0
1
2
3
4
5
6
7
8
9
10
11
12
13
14
15
16
17
18
19
20
21
22
23
24
25
26
27
28
29
30
31
32
33
34
35
36
37
38
39
40
41
42
43
44
45
46
47
48
49
Epoch:78~Dataset:corafull~Supermask:[5, 11, 0, 11, 9, 1, 3, 1]
result as
{'accu': 0.0, 'time': 6.311054229736328, 'num_params': 616155}
time long:685.4614267349243

controller configures over, waiting for connect request from clients
controller broadcasts datasetname:corafull over
controller broadcasts model over
0
1
2
3
4
5
6
7
8
9
10
11
12
13
14
15
16
17
18
19
20
21
22
23
24
25
26
27
28
29
30
31
32
33
34
35
36
37
38
39
40
41
42
43
44
45
46
47
48
49
Epoch:79~Dataset:corafull~Supermask:[2, 2, 9, 6, 7, 0, 7, 2]
result as
{'accu': 0.20199999999999996, 'time': 6.520955562591553, 'num_params': 616155}
time long:673.6288306713104

controller configures over, waiting for connect request from clients
controller broadcasts datasetname:corafull over
controller broadcasts model over
0
1
2
3
4
5
6
7
8
9
10
11
12
13
14
15
16
17
18
19
20
21
22
23
24
25
26
27
28
29
30
31
32
33
34
35
36
37
38
39
40
41
42
43
44
45
46
47
48
49
Epoch:80~Dataset:corafull~Supermask:[1, 3, 8, 12, 12, 9, 10, 3]
result as
{'accu': 0.153, 'time': 6.571402072906494, 'num_params': 616155}
time long:672.0183718204498

controller configures over, waiting for connect request from clients
controller broadcasts datasetname:corafull over
controller broadcasts model over
0
1
2
3
4
5
6
7
8
9
10
11
12
13
14
15
16
17
18
19
20
21
22
23
24
25
26
27
28
29
30
31
32
33
34
35
36
37
38
39
40
41
42
43
44
45
46
47
48
49
Epoch:81~Dataset:corafull~Supermask:[2, 8, 8, 3, 0, 11, 10, 3]
result as
{'accu': 0.0, 'time': 6.414306163787842, 'num_params': 616155}
time long:659.1156692504883

controller configures over, waiting for connect request from clients
controller broadcasts datasetname:corafull over
controller broadcasts model over
0
1
2
3
4
5
6
7
8
9
10
11
12
13
14
15
16
17
18
19
20
21
22
23
24
25
26
27
28
29
30
31
32
33
34
35
36
37
38
39
40
41
42
43
44
45
46
47
48
49
Epoch:82~Dataset:corafull~Supermask:[3, 8, 6, 3, 5, 1, 0, 1]
result as
{'accu': 0.009, 'time': 6.437458276748657, 'num_params': 616155}
time long:697.3458390235901

controller configures over, waiting for connect request from clients
controller broadcasts datasetname:corafull over
controller broadcasts model over
0
1
2
3
4
5
6
7
8
9
10
11
12
13
14
15
16
17
18
19
20
21
22
23
24
25
26
27
28
29
30
31
32
33
34
35
36
37
38
39
40
41
42
43
44
45
46
47
48
49
Epoch:83~Dataset:corafull~Supermask:[1, 5, 11, 4, 7, 12, 2, 1]
result as
{'accu': 0.16799999999999998, 'time': 6.435183763504028, 'num_params': 616155}
time long:658.8395628929138

controller configures over, waiting for connect request from clients
controller broadcasts datasetname:corafull over
controller broadcasts model over
0
1
2
3
4
5
6
7
8
9
10
11
12
13
14
15
16
17
18
19
20
21
22
23
24
25
26
27
28
29
30
31
32
33
34
35
36
37
38
39
40
41
42
43
44
45
46
47
48
49
Epoch:84~Dataset:corafull~Supermask:[4, 1, 12, 8, 9, 11, 2, 5]
result as
{'accu': 0.13799999999999998, 'time': 6.245761394500732, 'num_params': 616155}
time long:673.1160132884979

controller configures over, waiting for connect request from clients
controller broadcasts datasetname:corafull over
controller broadcasts model over
0
1
2
3
4
5
6
7
8
9
10
11
12
13
14
15
16
17
18
19
20
21
22
23
24
25
26
27
28
29
30
31
32
33
34
35
36
37
38
39
40
41
42
43
44
45
46
47
48
49
Epoch:85~Dataset:corafull~Supermask:[5, 4, 11, 6, 2, 9, 8, 2]
result as
{'accu': 0.444, 'time': 6.637548446655273, 'num_params': 616155}
time long:675.0832962989807

controller configures over, waiting for connect request from clients
controller broadcasts datasetname:corafull over
controller broadcasts model over
0
1
2
3
4
5
6
7
8
9
10
11
12
13
14
15
16
17
18
19
20
21
22
23
24
25
26
27
28
29
30
31
32
33
34
35
36
37
38
39
40
41
42
43
44
45
46
47
48
49
Epoch:86~Dataset:corafull~Supermask:[3, 2, 12, 0, 1, 7, 7, 2]
result as
{'accu': 0.11499999999999999, 'time': 6.469106197357178, 'num_params': 616155}
time long:679.3648555278778

controller configures over, waiting for connect request from clients
controller broadcasts datasetname:corafull over
controller broadcasts model over
0
1
2
3
4
5
6
7
8
9
10
11
12
13
14
15
16
17
18
19
20
21
22
23
24
25
26
27
28
29
30
31
32
33
34
35
36
37
38
39
40
41
42
43
44
45
46
47
48
49
Epoch:87~Dataset:corafull~Supermask:[2, 1, 3, 7, 8, 6, 4, 2]
result as
{'accu': 0.034999999999999996, 'time': 6.529923915863037, 'num_params': 616155}
time long:688.896234035492

controller configures over, waiting for connect request from clients
controller broadcasts datasetname:corafull over
controller broadcasts model over
0
1
2
3
4
5
6
7
8
9
10
11
12
13
14
15
16
17
18
19
20
21
22
23
24
25
26
27
28
29
30
31
32
33
34
35
36
37
38
39
40
41
42
43
44
45
46
47
48
49
Epoch:88~Dataset:corafull~Supermask:[5, 1, 0, 9, 5, 6, 2, 3]
result as
{'accu': 0.321, 'time': 6.7705395221710205, 'num_params': 616155}
time long:677.3543908596039

controller configures over, waiting for connect request from clients
controller broadcasts datasetname:corafull over
controller broadcasts model over
0
1
2
3
4
5
6
7
8
9
10
11
12
13
14
15
16
17
18
19
20
21
22
23
24
25
26
27
28
29
30
31
32
33
34
35
36
37
38
39
40
41
42
43
44
45
46
47
48
49
Epoch:89~Dataset:corafull~Supermask:[2, 10, 5, 11, 2, 12, 6, 5]
result as
{'accu': 0.09299999999999999, 'time': 6.328770399093628, 'num_params': 616155}
time long:666.144704580307

controller configures over, waiting for connect request from clients
controller broadcasts datasetname:corafull over
controller broadcasts model over
0
1
2
3
4
5
6
7
8
9
10
11
12
13
14
15
16
17
18
19
20
21
22
23
24
25
26
27
28
29
30
31
32
33
34
35
36
37
38
39
40
41
42
43
44
45
46
47
48
49
Epoch:90~Dataset:corafull~Supermask:[2, 10, 7, 0, 5, 8, 8, 1]
result as
{'accu': 0.169, 'time': 6.429880380630493, 'num_params': 616155}
time long:670.6306686401367

controller configures over, waiting for connect request from clients
controller broadcasts datasetname:corafull over
controller broadcasts model over
0
1
2
3
4
5
6
7
8
9
10
11
12
13
14
15
16
17
18
19
20
21
22
23
24
25
26
27
28
29
30
31
32
33
34
35
36
37
38
39
40
41
42
43
44
45
46
47
48
49
Epoch:91~Dataset:corafull~Supermask:[1, 0, 7, 12, 1, 9, 4, 1]
result as
{'accu': 0.028, 'time': 6.709489107131958, 'num_params': 616155}
time long:673.4245090484619

controller configures over, waiting for connect request from clients
controller broadcasts datasetname:corafull over
controller broadcasts model over
0
1
2
3
4
5
6
7
8
9
10
11
12
13
14
15
16
17
18
19
20
21
22
23
24
25
26
27
28
29
30
31
32
33
34
35
36
37
38
39
40
41
42
43
44
45
46
47
48
49
Epoch:92~Dataset:corafull~Supermask:[4, 8, 12, 7, 4, 3, 9, 1]
result as
{'accu': 0.016, 'time': 6.569861888885498, 'num_params': 616155}
time long:688.6528131961823

controller configures over, waiting for connect request from clients
controller broadcasts datasetname:corafull over
controller broadcasts model over
0
1
2
3
4
5
6
7
8
9
10
11
12
13
14
15
16
17
18
19
20
21
22
23
24
25
26
27
28
29
30
31
32
33
34
35
36
37
38
39
40
41
42
43
44
45
46
47
48
49
Epoch:93~Dataset:corafull~Supermask:[4, 11, 11, 7, 8, 6, 2, 1]
result as
{'accu': 0.011999999999999999, 'time': 6.5855114459991455, 'num_params': 616155}
time long:657.1139862537384

controller configures over, waiting for connect request from clients
controller broadcasts datasetname:corafull over
controller broadcasts model over
0
1
2
3
4
5
6
7
8
9
10
11
12
13
14
15
16
17
18
19
20
21
22
23
24
25
26
27
28
29
30
31
32
33
34
35
36
37
38
39
40
41
42
43
44
45
46
47
48
49
Epoch:94~Dataset:corafull~Supermask:[5, 0, 0, 8, 11, 2, 0, 5]
result as
{'accu': 0.125, 'time': 6.4594104290008545, 'num_params': 616155}
time long:665.1435565948486

controller configures over, waiting for connect request from clients
controller broadcasts datasetname:corafull over
controller broadcasts model over
0
1
2
3
4
5
6
7
8
9
10
11
12
13
14
15
16
17
18
19
20
21
22
23
24
25
26
27
28
29
30
31
32
33
34
35
36
37
38
39
40
41
42
43
44
45
46
47
48
49
Epoch:95~Dataset:corafull~Supermask:[5, 11, 2, 0, 2, 3, 12, 5]
result as
{'accu': 0.0009999999999999998, 'time': 6.746715545654297, 'num_params': 616155}
time long:658.5947313308716

controller configures over, waiting for connect request from clients
controller broadcasts datasetname:corafull over
controller broadcasts model over
0
1
2
3
4
5
6
7
8
9
10
11
12
13
14
15
16
17
18
19
20
21
22
23
24
25
26
27
28
29
30
31
32
33
34
35
36
37
38
39
40
41
42
43
44
45
46
47
48
49
Epoch:96~Dataset:corafull~Supermask:[5, 0, 3, 9, 7, 11, 6, 2]
result as
{'accu': 0.144, 'time': 6.688101291656494, 'num_params': 616155}
time long:679.2372739315033

controller configures over, waiting for connect request from clients
controller broadcasts datasetname:corafull over
controller broadcasts model over
0
1
2
3
4
5
6
7
8
9
10
11
12
13
14
15
16
17
18
19
20
21
22
23
24
25
26
27
28
29
30
31
32
33
34
35
36
37
38
39
40
41
42
43
44
45
46
47
48
49
Epoch:97~Dataset:corafull~Supermask:[2, 6, 6, 9, 9, 4, 8, 4]
result as
{'accu': 0.0, 'time': 6.439678192138672, 'num_params': 616155}
time long:676.5096514225006

controller configures over, waiting for connect request from clients
controller broadcasts datasetname:corafull over
controller broadcasts model over
0
1
2
3
4
5
6
7
8
9
10
11
12
13
14
15
16
17
18
19
20
21
22
23
24
25
26
27
28
29
30
31
32
33
34
35
36
37
38
39
40
41
42
43
44
45
46
47
48
49
Epoch:98~Dataset:corafull~Supermask:[4, 0, 7, 12, 9, 6, 11, 4]
result as
{'accu': 0.17800000000000002, 'time': 6.796632528305054, 'num_params': 616155}
time long:670.1491446495056

controller configures over, waiting for connect request from clients
controller broadcasts datasetname:corafull over
controller broadcasts model over
0
1
2
3
4
5
6
7
8
9
10
11
12
13
14
15
16
17
18
19
20
21
22
23
24
25
26
27
28
29
30
31
32
33
34
35
36
37
38
39
40
41
42
43
44
45
46
47
48
49
Epoch:99~Dataset:corafull~Supermask:[1, 5, 2, 11, 5, 11, 11, 3]
result as
{'accu': 0.003, 'time': 6.831487655639648, 'num_params': 616155}
time long:663.6931686401367

controller configures over, waiting for connect request from clients
controller broadcasts datasetname:corafull over
controller broadcasts model over
0
1
2
3
4
5
6
7
8
9
10
11
12
13
14
15
16
17
18
19
20
21
22
23
24
25
26
27
28
29
30
31
32
33
34
35
36
37
38
39
40
41
42
43
44
45
46
47
48
49
Epoch:100~Dataset:corafull~Supermask:[2, 8, 3, 4, 9, 12, 10, 5]
result as
{'accu': 0.015, 'time': 6.3714799880981445, 'num_params': 616155}
time long:678.8463122844696

controller configures over, waiting for connect request from clients
controller broadcasts datasetname:corafull over
controller broadcasts model over
0
1
2
3
4
5
6
7
8
9
10
11
12
13
14
15
16
17
18
19
20
21
22
23
24
25
26
27
28
29
30
31
32
33
34
35
36
37
38
39
40
41
42
43
44
45
46
47
48
49
Epoch:101~Dataset:corafull~Supermask:[3, 1, 2, 11, 9, 6, 10, 3]
result as
{'accu': 0.238, 'time': 6.2271950244903564, 'num_params': 616155}
time long:665.0420491695404

controller configures over, waiting for connect request from clients
controller broadcasts datasetname:corafull over
controller broadcasts model over
0
1
2
3
4
5
6
7
8
9
10
11
12
13
14
15
16
17
18
19
20
21
22
23
24
25
26
27
28
29
30
31
32
33
34
35
36
37
38
39
40
41
42
43
44
45
46
47
48
49
Epoch:102~Dataset:corafull~Supermask:[5, 6, 11, 7, 12, 6, 10, 4]
result as
{'accu': 0.015, 'time': 6.264939308166504, 'num_params': 616155}
time long:647.893102645874

controller configures over, waiting for connect request from clients
controller broadcasts datasetname:corafull over
controller broadcasts model over
0
1
2
3
4
5
6
7
8
9
10
11
12
13
14
15
16
17
18
19
20
21
22
23
24
25
26
27
28
29
30
31
32
33
34
35
36
37
38
39
40
41
42
43
44
45
46
47
48
49
Epoch:103~Dataset:corafull~Supermask:[4, 10, 9, 7, 7, 11, 1, 1]
result as
{'accu': 0.167, 'time': 6.612135171890259, 'num_params': 616155}
time long:673.493025302887

controller configures over, waiting for connect request from clients
controller broadcasts datasetname:corafull over
controller broadcasts model over
0
1
2
3
4
5
6
7
8
9
10
11
12
13
14
15
16
17
18
19
20
21
22
23
24
25
26
27
28
29
30
31
32
33
34
35
36
37
38
39
40
41
42
43
44
45
46
47
48
49
Epoch:104~Dataset:corafull~Supermask:[3, 5, 4, 1, 2, 7, 8, 1]
result as
{'accu': 0.013999999999999999, 'time': 6.31563663482666, 'num_params': 616155}
time long:672.562750339508

controller configures over, waiting for connect request from clients
controller broadcasts datasetname:corafull over
controller broadcasts model over
0
1
2
3
4
5
6
7
8
9
10
11
12
13
14
15
16
17
18
19
20
21
22
23
24
25
26
27
28
29
30
31
32
33
34
35
36
37
38
39
40
41
42
43
44
45
46
47
48
49
Epoch:105~Dataset:corafull~Supermask:[2, 10, 7, 5, 10, 6, 10, 1]
result as
{'accu': 0.267, 'time': 6.1250128746032715, 'num_params': 616155}
time long:651.7173566818237

controller configures over, waiting for connect request from clients
controller broadcasts datasetname:corafull over
controller broadcasts model over
0
1
2
3
4
5
6
7
8
9
10
11
12
13
14
15
16
17
18
19
20
21
22
23
24
25
26
27
28
29
30
31
32
33
34
35
36
37
38
39
40
41
42
43
44
45
46
47
48
49
Epoch:106~Dataset:corafull~Supermask:[5, 9, 0, 1, 12, 10, 2, 1]
result as
{'accu': 0.281, 'time': 6.191337585449219, 'num_params': 616155}
time long:652.6966545581818

controller configures over, waiting for connect request from clients
controller broadcasts datasetname:corafull over
controller broadcasts model over
0
1
2
3
4
5
6
7
8
9
10
11
12
13
14
15
16
17
18
19
20
21
22
23
24
25
26
27
28
29
30
31
32
33
34
35
36
37
38
39
40
41
42
43
44
45
46
47
48
49
Epoch:107~Dataset:corafull~Supermask:[5, 3, 12, 11, 3, 8, 2, 4]
result as
{'accu': 0.054, 'time': 6.272292613983154, 'num_params': 616155}
time long:684.9772555828094

controller configures over, waiting for connect request from clients
controller broadcasts datasetname:corafull over
controller broadcasts model over
0
1
2
3
4
5
6
7
8
9
10
11
12
13
14
15
16
17
18
19
20
21
22
23
24
25
26
27
28
29
30
31
32
33
34
35
36
37
38
39
40
41
42
43
44
45
46
47
48
49
Epoch:108~Dataset:corafull~Supermask:[1, 7, 8, 5, 10, 2, 10, 4]
result as
{'accu': 0.12, 'time': 6.625994443893433, 'num_params': 616155}
time long:685.3019413948059

controller configures over, waiting for connect request from clients
controller broadcasts datasetname:corafull over
controller broadcasts model over
0
1
2
3
4
5
6
7
8
9
10
11
12
13
14
15
16
17
18
19
20
21
22
23
24
25
26
27
28
29
30
31
32
33
34
35
36
37
38
39
40
41
42
43
44
45
46
47
48
49
Epoch:109~Dataset:corafull~Supermask:[3, 1, 4, 8, 0, 1, 3, 4]
result as
{'accu': 0.169, 'time': 6.367159843444824, 'num_params': 616155}
time long:671.9638361930847

controller configures over, waiting for connect request from clients
controller broadcasts datasetname:corafull over
controller broadcasts model over
0
1
2
3
4
5
6
7
8
9
10
11
12
13
14
15
16
17
18
19
20
21
22
23
24
25
26
27
28
29
30
31
32
33
34
35
36
37
38
39
40
41
42
43
44
45
46
47
48
49
Epoch:110~Dataset:corafull~Supermask:[2, 7, 4, 10, 6, 4, 9, 1]
result as
{'accu': 0.0, 'time': 6.285563707351685, 'num_params': 616155}
time long:679.2608823776245

controller configures over, waiting for connect request from clients
controller broadcasts datasetname:corafull over
controller broadcasts model over
0
1
2
3
4
5
6
7
8
9
10
11
12
13
14
15
16
17
18
19
20
21
22
23
24
25
26
27
28
29
30
31
32
33
34
35
36
37
38
39
40
41
42
43
44
45
46
47
48
49
Epoch:111~Dataset:corafull~Supermask:[5, 1, 1, 7, 12, 0, 3, 2]
result as
{'accu': 0.161, 'time': 7.381065845489502, 'num_params': 616155}
time long:698.9020843505859

controller configures over, waiting for connect request from clients
controller broadcasts datasetname:corafull over
controller broadcasts model over
0
1
2
3
4
5
6
7
8
9
10
11
12
13
14
15
16
17
18
19
20
21
22
23
24
25
26
27
28
29
30
31
32
33
34
35
36
37
38
39
40
41
42
43
44
45
46
47
48
49
Epoch:112~Dataset:corafull~Supermask:[3, 3, 9, 5, 6, 10, 0, 1]
result as
{'accu': 0.044, 'time': 6.10765528678894, 'num_params': 616155}
time long:656.1845979690552

controller configures over, waiting for connect request from clients
controller broadcasts datasetname:corafull over
controller broadcasts model over
0
1
2
3
4
5
6
7
8
9
10
11
12
13
14
15
16
17
18
19
20
21
22
23
24
25
26
27
28
29
30
31
32
33
34
35
36
37
38
39
40
41
42
43
44
45
46
47
48
49
Epoch:113~Dataset:corafull~Supermask:[4, 6, 4, 10, 3, 9, 9, 4]
result as
{'accu': 0.245, 'time': 6.653123617172241, 'num_params': 616155}
time long:649.2519750595093

controller configures over, waiting for connect request from clients
controller broadcasts datasetname:corafull over
controller broadcasts model over
0
1
2
3
4
5
6
7
8
9
10
11
12
13
14
15
16
17
18
19
20
21
22
23
24
25
26
27
28
29
30
31
32
33
34
35
36
37
38
39
40
41
42
43
44
45
46
47
48
49
Epoch:114~Dataset:corafull~Supermask:[3, 7, 4, 5, 11, 4, 0, 1]
result as
{'accu': 0.142, 'time': 6.710137367248535, 'num_params': 616155}
time long:676.0210723876953

controller configures over, waiting for connect request from clients
controller broadcasts datasetname:corafull over
controller broadcasts model over
0
1
2
3
4
5
6
7
8
9
10
11
12
13
14
15
16
17
18
19
20
21
22
23
24
25
26
27
28
29
30
31
32
33
34
35
36
37
38
39
40
41
42
43
44
45
46
47
48
49
Epoch:115~Dataset:corafull~Supermask:[2, 5, 7, 11, 0, 12, 7, 5]
result as
{'accu': 0.002, 'time': 6.540877342224121, 'num_params': 616155}
time long:695.3352510929108

controller configures over, waiting for connect request from clients
controller broadcasts datasetname:corafull over
controller broadcasts model over
0
1
2
3
4
5
6
7
8
9
10
11
12
13
14
15
16
17
18
19
20
21
22
23
24
25
26
27
28
29
30
31
32
33
34
35
36
37
38
39
40
41
42
43
44
45
46
47
48
49
Epoch:116~Dataset:corafull~Supermask:[2, 10, 0, 4, 6, 7, 3, 5]
result as
{'accu': 0.0, 'time': 6.682554721832275, 'num_params': 616155}
time long:697.3130393028259

controller configures over, waiting for connect request from clients
controller broadcasts datasetname:corafull over
controller broadcasts model over
0
1
2
3
4
5
6
7
8
9
10
11
12
13
14
15
16
17
18
19
20
21
22
23
24
25
26
27
28
29
30
31
32
33
34
35
36
37
38
39
40
41
42
43
44
45
46
47
48
49
Epoch:117~Dataset:corafull~Supermask:[5, 7, 3, 10, 7, 10, 9, 4]
result as
{'accu': 0.222, 'time': 6.657634019851685, 'num_params': 616155}
time long:708.7258291244507

controller configures over, waiting for connect request from clients
controller broadcasts datasetname:corafull over
controller broadcasts model over
0
1
2
3
4
5
6
7
8
9
10
11
12
13
14
15
16
17
18
19
20
21
22
23
24
25
26
27
28
29
30
31
32
33
34
35
36
37
38
39
40
41
42
43
44
45
46
47
48
49
Epoch:118~Dataset:corafull~Supermask:[4, 9, 6, 8, 7, 10, 0, 3]
result as
{'accu': 0.068, 'time': 6.4996497631073, 'num_params': 616155}
time long:663.5300719738007

controller configures over, waiting for connect request from clients
controller broadcasts datasetname:corafull over
controller broadcasts model over
0
1
2
3
4
5
6
7
8
9
10
11
12
13
14
15
16
17
18
19
20
21
22
23
24
25
26
27
28
29
30
31
32
33
34
35
36
37
38
39
40
41
42
43
44
45
46
47
48
49
Epoch:119~Dataset:corafull~Supermask:[1, 3, 10, 8, 2, 10, 3, 2]
result as
{'accu': 0.004999999999999999, 'time': 6.405872821807861, 'num_params': 616155}
time long:686.402978181839

controller configures over, waiting for connect request from clients
controller broadcasts datasetname:corafull over
controller broadcasts model over
0
1
2
3
4
5
6
7
8
9
10
11
12
13
14
15
16
17
18
19
20
21
22
23
24
25
26
27
28
29
30
31
32
33
34
35
36
37
38
39
40
41
42
43
44
45
46
47
48
49
Epoch:120~Dataset:corafull~Supermask:[3, 7, 4, 8, 11, 10, 5, 4]
result as
{'accu': 0.31699999999999995, 'time': 7.2642822265625, 'num_params': 616155}
time long:700.1168496608734

controller configures over, waiting for connect request from clients
controller broadcasts datasetname:corafull over
controller broadcasts model over
0
1
2
3
4
5
6
7
8
9
10
11
12
13
14
15
16
17
18
19
20
21
22
23
24
25
26
27
28
29
30
31
32
33
34
35
36
37
38
39
40
41
42
43
44
45
46
47
48
49
Epoch:121~Dataset:corafull~Supermask:[1, 7, 9, 6, 7, 9, 4, 5]
result as
{'accu': 0.005, 'time': 6.549957513809204, 'num_params': 616155}
time long:674.9065647125244

controller configures over, waiting for connect request from clients
controller broadcasts datasetname:corafull over
controller broadcasts model over
0
1
2
3
4
5
6
7
8
9
10
11
12
13
14
15
16
17
18
19
20
21
22
23
24
25
26
27
28
29
30
31
32
33
34
35
36
37
38
39
40
41
42
43
44
45
46
47
48
49
Epoch:122~Dataset:corafull~Supermask:[2, 7, 5, 0, 2, 9, 10, 4]
result as
{'accu': 0.0, 'time': 6.672084808349609, 'num_params': 616155}
time long:657.8673739433289

controller configures over, waiting for connect request from clients
controller broadcasts datasetname:corafull over
controller broadcasts model over
0
1
2
3
4
5
6
7
8
9
10
11
12
13
14
15
16
17
18
19
20
21
22
23
24
25
26
27
28
29
30
31
32
33
34
35
36
37
38
39
40
41
42
43
44
45
46
47
48
49
Epoch:123~Dataset:corafull~Supermask:[5, 9, 0, 1, 5, 7, 7, 5]
result as
{'accu': 0.244, 'time': 6.748053550720215, 'num_params': 616155}
time long:669.5506212711334

controller configures over, waiting for connect request from clients
controller broadcasts datasetname:corafull over
controller broadcasts model over
0
1
2
3
4
5
6
7
8
9
10
11
12
13
14
15
16
17
18
19
20
21
22
23
24
25
26
27
28
29
30
31
32
33
34
35
36
37
38
39
40
41
42
43
44
45
46
47
48
49
Epoch:124~Dataset:corafull~Supermask:[4, 9, 0, 1, 8, 2, 3, 2]
result as
{'accu': 0.303, 'time': 6.8836729526519775, 'num_params': 616155}
time long:688.6378893852234

controller configures over, waiting for connect request from clients
controller broadcasts datasetname:corafull over
controller broadcasts model over
0
1
2
3
4
5
6
7
8
9
10
11
12
13
14
15
16
17
18
19
20
21
22
23
24
25
26
27
28
29
30
31
32
33
34
35
36
37
38
39
40
41
42
43
44
45
46
47
48
49
Epoch:125~Dataset:corafull~Supermask:[5, 10, 5, 4, 11, 2, 10, 2]
result as
{'accu': 0.0, 'time': 6.5680251121521, 'num_params': 616155}
time long:661.414605140686

controller configures over, waiting for connect request from clients
controller broadcasts datasetname:corafull over
controller broadcasts model over
0
1
2
3
4
5
6
7
8
9
10
11
12
13
14
15
16
17
18
19
20
21
22
23
24
25
26
27
28
29
30
31
32
33
34
35
36
37
38
39
40
41
42
43
44
45
46
47
48
49
Epoch:126~Dataset:corafull~Supermask:[1, 5, 1, 11, 11, 3, 4, 1]
result as
{'accu': 0.131, 'time': 7.2353081703186035, 'num_params': 616155}
time long:679.9883048534393

controller configures over, waiting for connect request from clients
controller broadcasts datasetname:corafull over
controller broadcasts model over
0
1
2
3
4
5
6
7
8
9
10
11
12
13
14
15
16
17
18
19
20
21
22
23
24
25
26
27
28
29
30
31
32
33
34
35
36
37
38
39
40
41
42
43
44
45
46
47
48
49
Epoch:127~Dataset:corafull~Supermask:[1, 4, 0, 12, 3, 5, 10, 2]
result as
{'accu': 0.032, 'time': 6.258880853652954, 'num_params': 616155}
time long:683.4424965381622

controller configures over, waiting for connect request from clients
controller broadcasts datasetname:corafull over
controller broadcasts model over
0
1
2
3
4
5
6
7
8
9
10
11
12
13
14
15
16
17
18
19
20
21
22
23
24
25
26
27
28
29
30
31
32
33
34
35
36
37
38
39
40
41
42
43
44
45
46
47
48
49
Epoch:128~Dataset:corafull~Supermask:[1, 2, 5, 2, 3, 10, 8, 4]
result as
{'accu': 0.396, 'time': 6.221561670303345, 'num_params': 616155}
time long:677.0402891635895

controller configures over, waiting for connect request from clients
controller broadcasts datasetname:corafull over
controller broadcasts model over
0
1
2
3
4
5
6
7
8
9
10
11
12
13
14
15
16
17
18
19
20
21
22
23
24
25
26
27
28
29
30
31
32
33
34
35
36
37
38
39
40
41
42
43
44
45
46
47
48
49
Epoch:129~Dataset:corafull~Supermask:[3, 11, 3, 0, 3, 3, 5, 1]
result as
{'accu': 0.0, 'time': 6.662949800491333, 'num_params': 616155}
time long:689.0834290981293

controller configures over, waiting for connect request from clients
controller broadcasts datasetname:corafull over
controller broadcasts model over
0
1
2
3
4
5
6
7
8
9
10
11
12
13
14
15
16
17
18
19
20
21
22
23
24
25
26
27
28
29
30
31
32
33
34
35
36
37
38
39
40
41
42
43
44
45
46
47
48
49
Epoch:130~Dataset:corafull~Supermask:[3, 10, 8, 9, 2, 2, 12, 1]
result as
{'accu': 0.0, 'time': 6.297611713409424, 'num_params': 616155}
time long:660.934079170227

controller configures over, waiting for connect request from clients
controller broadcasts datasetname:corafull over
controller broadcasts model over
0
1
2
3
4
5
6
7
8
9
10
11
12
13
14
15
16
17
18
19
20
21
22
23
24
25
26
27
28
29
30
31
32
33
34
35
36
37
38
39
40
41
42
43
44
45
46
47
48
49
Epoch:131~Dataset:corafull~Supermask:[2, 10, 3, 10, 12, 2, 4, 5]
result as
{'accu': 0.004, 'time': 6.48231315612793, 'num_params': 616155}
time long:674.8344535827637

controller configures over, waiting for connect request from clients
controller broadcasts datasetname:corafull over
controller broadcasts model over
0
1
2
3
4
5
6
7
8
9
10
11
12
13
14
15
16
17
18
19
20
21
22
23
24
25
26
27
28
29
30
31
32
33
34
35
36
37
38
39
40
41
42
43
44
45
46
47
48
49
Epoch:132~Dataset:corafull~Supermask:[3, 9, 12, 6, 1, 9, 1, 3]
result as
{'accu': 0.163, 'time': 6.439323902130127, 'num_params': 616155}
time long:670.1948175430298

controller configures over, waiting for connect request from clients
controller broadcasts datasetname:corafull over
controller broadcasts model over
0
1
2
3
4
5
6
7
8
9
10
11
12
13
14
15
16
17
18
19
20
21
22
23
24
25
26
27
28
29
30
31
32
33
34
35
36
37
38
39
40
41
42
43
44
45
46
47
48
49
Epoch:133~Dataset:corafull~Supermask:[3, 5, 5, 4, 6, 9, 6, 2]
result as
{'accu': 0.13599999999999998, 'time': 6.494539260864258, 'num_params': 616155}
time long:691.4852106571198

controller configures over, waiting for connect request from clients
controller broadcasts datasetname:corafull over
controller broadcasts model over
0
1
2
3
4
5
6
7
8
9
10
11
12
13
14
15
16
17
18
19
20
21
22
23
24
25
26
27
28
29
30
31
32
33
34
35
36
37
38
39
40
41
42
43
44
45
46
47
48
49
Epoch:134~Dataset:corafull~Supermask:[5, 9, 8, 3, 12, 10, 2, 2]
result as
{'accu': 0.131, 'time': 6.35471773147583, 'num_params': 616155}
time long:682.1770689487457

controller configures over, waiting for connect request from clients
controller broadcasts datasetname:corafull over
controller broadcasts model over
0
1
2
3
4
5
6
7
8
9
10
11
12
13
14
15
16
17
18
19
20
21
22
23
24
25
26
27
28
29
30
31
32
33
34
35
36
37
38
39
40
41
42
43
44
45
46
47
48
49
Epoch:135~Dataset:corafull~Supermask:[1, 8, 9, 6, 9, 3, 3, 4]
result as
{'accu': 0.013999999999999999, 'time': 6.467216730117798, 'num_params': 616155}
time long:664.968621969223

controller configures over, waiting for connect request from clients
controller broadcasts datasetname:corafull over
controller broadcasts model over
0
1
2
3
4
5
6
7
8
9
10
11
12
13
14
15
16
17
18
19
20
21
22
23
24
25
26
27
28
29
30
31
32
33
34
35
36
37
38
39
40
41
42
43
44
45
46
47
48
49
Epoch:136~Dataset:corafull~Supermask:[2, 8, 12, 6, 4, 12, 4, 1]
result as
{'accu': 0.0, 'time': 6.317481279373169, 'num_params': 616155}
time long:661.1905384063721

controller configures over, waiting for connect request from clients
controller broadcasts datasetname:corafull over
controller broadcasts model over
0
1
2
3
4
5
6
7
8
9
10
11
12
13
14
15
16
17
18
19
20
21
22
23
24
25
26
27
28
29
30
31
32
33
34
35
36
37
38
39
40
41
42
43
44
45
46
47
48
49
Epoch:137~Dataset:corafull~Supermask:[2, 5, 10, 3, 11, 1, 1, 2]
result as
{'accu': 0.166, 'time': 6.478968143463135, 'num_params': 616155}
time long:681.1819312572479

controller configures over, waiting for connect request from clients
controller broadcasts datasetname:corafull over
controller broadcasts model over
0
1
2
3
4
5
6
7
8
9
10
11
12
13
14
15
16
17
18
19
20
21
22
23
24
25
26
27
28
29
30
31
32
33
34
35
36
37
38
39
40
41
42
43
44
45
46
47
48
49
Epoch:138~Dataset:corafull~Supermask:[4, 7, 5, 1, 11, 10, 2, 4]
result as
{'accu': 0.0, 'time': 6.104954719543457, 'num_params': 616155}
time long:634.3935942649841

controller configures over, waiting for connect request from clients
controller broadcasts datasetname:corafull over
controller broadcasts model over
0
1
2
3
4
5
6
7
8
9
10
11
12
13
14
15
16
17
18
19
20
21
22
23
24
25
26
27
28
29
30
31
32
33
34
35
36
37
38
39
40
41
42
43
44
45
46
47
48
49
Epoch:139~Dataset:corafull~Supermask:[3, 8, 12, 4, 11, 2, 4, 2]
result as
{'accu': 0.05199999999999999, 'time': 6.383502721786499, 'num_params': 616155}
time long:662.315571308136

controller configures over, waiting for connect request from clients
controller broadcasts datasetname:corafull over
controller broadcasts model over
0
1
2
3
4
5
6
7
8
9
10
11
12
13
14
15
16
17
18
19
20
21
22
23
24
25
26
27
28
29
30
31
32
33
34
35
36
37
38
39
40
41
42
43
44
45
46
47
48
49
Epoch:140~Dataset:corafull~Supermask:[5, 6, 4, 1, 7, 5, 7, 5]
result as
{'accu': 0.165, 'time': 6.442892551422119, 'num_params': 616155}
time long:671.1218826770782

controller configures over, waiting for connect request from clients
controller broadcasts datasetname:corafull over
controller broadcasts model over
0
1
2
3
4
5
6
7
8
9
10
11
12
13
14
15
16
17
18
19
20
21
22
23
24
25
26
27
28
29
30
31
32
33
34
35
36
37
38
39
40
41
42
43
44
45
46
47
48
49
Epoch:141~Dataset:corafull~Supermask:[4, 6, 4, 1, 8, 9, 9, 3]
result as
{'accu': 0.19399999999999998, 'time': 6.373754024505615, 'num_params': 616155}
time long:667.324508190155

controller configures over, waiting for connect request from clients
controller broadcasts datasetname:corafull over
controller broadcasts model over
0
1
2
3
4
5
6
7
8
9
10
11
12
13
14
15
16
17
18
19
20
21
22
23
24
25
26
27
28
29
30
31
32
33
34
35
36
37
38
39
40
41
42
43
44
45
46
47
48
49
Epoch:142~Dataset:corafull~Supermask:[4, 2, 4, 3, 4, 9, 6, 3]
result as
{'accu': 0.166, 'time': 6.707404136657715, 'num_params': 616155}
time long:706.4709980487823

controller configures over, waiting for connect request from clients
controller broadcasts datasetname:corafull over
controller broadcasts model over
0
1
2
3
4
5
6
7
8
9
10
11
12
13
14
15
16
17
18
19
20
21
22
23
24
25
26
27
28
29
30
31
32
33
34
35
36
37
38
39
40
41
42
43
44
45
46
47
48
49
Epoch:143~Dataset:corafull~Supermask:[4, 11, 8, 4, 5, 1, 1, 5]
result as
{'accu': 0.143, 'time': 6.565938472747803, 'num_params': 616155}
time long:666.4178171157837

controller configures over, waiting for connect request from clients
controller broadcasts datasetname:corafull over
controller broadcasts model over
0
1
2
3
4
5
6
7
8
9
10
11
12
13
14
15
16
17
18
19
20
21
22
23
24
25
26
27
28
29
30
31
32
33
34
35
36
37
38
39
40
41
42
43
44
45
46
47
48
49
Epoch:144~Dataset:corafull~Supermask:[1, 3, 12, 6, 9, 10, 3, 5]
result as
{'accu': 0.002, 'time': 6.454731225967407, 'num_params': 616155}
time long:652.7017734050751

controller configures over, waiting for connect request from clients
controller broadcasts datasetname:corafull over
controller broadcasts model over
0
1
2
3
4
5
6
7
8
9
10
11
12
13
14
15
16
17
18
19
20
21
22
23
24
25
26
27
28
29
30
31
32
33
34
35
36
37
38
39
40
41
42
43
44
45
46
47
48
49
Epoch:145~Dataset:corafull~Supermask:[5, 7, 9, 11, 2, 7, 9, 2]
result as
{'accu': 0.003, 'time': 6.432388782501221, 'num_params': 616155}
time long:650.1425015926361

controller configures over, waiting for connect request from clients
controller broadcasts datasetname:corafull over
controller broadcasts model over
0
1
2
3
4
5
6
7
8
9
10
11
12
13
14
15
16
17
18
19
20
21
22
23
24
25
26
27
28
29
30
31
32
33
34
35
36
37
38
39
40
41
42
43
44
45
46
47
48
49
Epoch:146~Dataset:corafull~Supermask:[3, 10, 7, 1, 10, 0, 1, 3]
result as
{'accu': 0.311, 'time': 7.623732328414917, 'num_params': 616155}
time long:669.1715080738068

controller configures over, waiting for connect request from clients
controller broadcasts datasetname:corafull over
controller broadcasts model over
0
1
2
3
4
5
6
7
8
9
10
11
12
13
14
15
16
17
18
19
20
21
22
23
24
25
26
27
28
29
30
31
32
33
34
35
36
37
38
39
40
41
42
43
44
45
46
47
48
49
Epoch:147~Dataset:corafull~Supermask:[4, 11, 6, 2, 9, 11, 1, 4]
result as
{'accu': 0.165, 'time': 6.5131261348724365, 'num_params': 616155}
time long:659.8800101280212

controller configures over, waiting for connect request from clients
controller broadcasts datasetname:corafull over
controller broadcasts model over
0
1
2
3
4
5
6
7
8
9
10
11
12
13
14
15
16
17
18
19
20
21
22
23
24
25
26
27
28
29
30
31
32
33
34
35
36
37
38
39
40
41
42
43
44
45
46
47
48
49
Epoch:148~Dataset:corafull~Supermask:[5, 2, 0, 6, 10, 9, 2, 1]
result as
{'accu': 0.05, 'time': 6.141087532043457, 'num_params': 616155}
time long:676.7598142623901

controller configures over, waiting for connect request from clients
controller broadcasts datasetname:corafull over
controller broadcasts model over
0
1
2
3
4
5
6
7
8
9
10
11
12
13
14
15
16
17
18
19
20
21
22
23
24
25
26
27
28
29
30
31
32
33
34
35
36
37
38
39
40
41
42
43
44
45
46
47
48
49
Epoch:149~Dataset:corafull~Supermask:[2, 5, 4, 8, 8, 10, 2, 5]
result as
{'accu': 0.252, 'time': 6.272149085998535, 'num_params': 616155}
time long:656.9739742279053

controller configures over, waiting for connect request from clients
controller broadcasts datasetname:corafull over
controller broadcasts model over
0
1
2
3
4
5
6
7
8
9
10
11
12
13
14
15
16
17
18
19
20
21
22
23
24
25
26
27
28
29
30
31
32
33
34
35
36
37
38
39
40
41
42
43
44
45
46
47
48
49
Epoch:150~Dataset:corafull~Supermask:[4, 11, 10, 9, 10, 6, 4, 2]
result as
{'accu': 0.013, 'time': 6.736814022064209, 'num_params': 616155}
time long:661.452474117279

controller configures over, waiting for connect request from clients
controller broadcasts datasetname:corafull over
controller broadcasts model over
0
1
2
3
4
5
6
7
8
9
10
11
12
13
14
15
16
17
18
19
20
21
22
23
24
25
26
27
28
29
30
31
32
33
34
35
36
37
38
39
40
41
42
43
44
45
46
47
48
49
Epoch:151~Dataset:corafull~Supermask:[3, 1, 12, 5, 6, 2, 11, 2]
result as
{'accu': 0.0009999999999999998, 'time': 8.16085958480835, 'num_params': 616155}
time long:744.4625234603882

controller configures over, waiting for connect request from clients
controller broadcasts datasetname:corafull over
controller broadcasts model over
0
1
2
3
4
5
6
7
8
9
10
11
12
13
14
15
16
17
18
19
20
21
22
23
24
25
26
27
28
29
30
31
32
33
34
35
36
37
38
39
40
41
42
43
44
45
46
47
48
49
Epoch:152~Dataset:corafull~Supermask:[5, 2, 8, 3, 8, 6, 5, 4]
result as
{'accu': 0.015, 'time': 6.987317085266113, 'num_params': 616155}
time long:755.5213015079498

controller configures over, waiting for connect request from clients
controller broadcasts datasetname:corafull over
controller broadcasts model over
0
1
2
3
4
5
6
7
8
9
10
11
12
13
14
15
16
17
18
19
20
21
22
23
24
25
26
27
28
29
30
31
32
33
34
35
36
37
38
39
40
41
42
43
44
45
46
47
48
49
Epoch:153~Dataset:corafull~Supermask:[3, 1, 12, 0, 9, 10, 3, 3]
result as
{'accu': 0.004999999999999999, 'time': 7.582001447677612, 'num_params': 616155}
time long:759.5866973400116

controller configures over, waiting for connect request from clients
controller broadcasts datasetname:corafull over
controller broadcasts model over
0
1
2
3
4
5
6
7
8
9
10
11
12
13
14
15
16
17
18
19
20
21
22
23
24
25
26
27
28
29
30
31
32
33
34
35
36
37
38
39
40
41
42
43
44
45
46
47
48
49
Epoch:154~Dataset:corafull~Supermask:[2, 6, 2, 4, 1, 9, 3, 2]
result as
{'accu': 0.0, 'time': 7.841594696044922, 'num_params': 616155}
time long:735.758819103241

controller configures over, waiting for connect request from clients
controller broadcasts datasetname:corafull over
controller broadcasts model over
0
1
2
3
4
5
6
7
8
9
10
11
12
13
14
15
16
17
18
19
20
21
22
23
24
25
26
27
28
29
30
31
32
33
34
35
36
37
38
39
40
41
42
43
44
45
46
47
48
49
Epoch:155~Dataset:corafull~Supermask:[3, 8, 11, 11, 10, 3, 10, 3]
result as
{'accu': 0.013, 'time': 7.650646924972534, 'num_params': 616155}
time long:802.7622385025024

controller configures over, waiting for connect request from clients
controller broadcasts datasetname:corafull over
controller broadcasts model over
0
1
2
3
4
5
6
7
8
9
10
11
12
13
14
15
16
17
18
19
20
21
22
23
24
25
26
27
28
29
30
31
32
33
34
35
36
37
38
39
40
41
42
43
44
45
46
47
48
49
Epoch:156~Dataset:corafull~Supermask:[5, 10, 2, 8, 7, 10, 11, 2]
result as
{'accu': 0.127, 'time': 8.281803369522095, 'num_params': 616155}
time long:826.1736168861389

controller configures over, waiting for connect request from clients
controller broadcasts datasetname:corafull over
controller broadcasts model over
0
1
2
3
4
5
6
7
8
9
10
11
12
13
14
15
16
17
18
19
20
21
22
23
24
25
26
27
28
29
30
31
32
33
34
35
36
37
38
39
40
41
42
43
44
45
46
47
48
49
Epoch:157~Dataset:corafull~Supermask:[1, 7, 1, 12, 8, 5, 11, 3]
result as
{'accu': 0.013999999999999999, 'time': 8.188469409942627, 'num_params': 616155}
time long:857.8982172012329

controller configures over, waiting for connect request from clients
controller broadcasts datasetname:corafull over
controller broadcasts model over
0
1
2
3
4
5
6
7
8
9
10
11
12
13
14
15
16
17
18
19
20
21
22
23
24
25
26
27
28
29
30
31
32
33
34
35
36
37
38
39
40
41
42
43
44
45
46
47
48
49
Epoch:158~Dataset:corafull~Supermask:[4, 11, 0, 10, 10, 10, 4, 4]
result as
{'accu': 0.153, 'time': 9.849339723587036, 'num_params': 616155}
time long:857.3450453281403

controller configures over, waiting for connect request from clients
controller broadcasts datasetname:corafull over
controller broadcasts model over
0
1
2
3
4
5
6
7
8
9
10
11
12
13
14
15
16
17
18
19
20
21
22
23
24
25
26
27
28
29
30
31
32
33
34
35
36
37
38
39
40
41
42
43
44
45
46
47
48
49
Epoch:159~Dataset:corafull~Supermask:[1, 11, 7, 7, 6, 1, 8, 3]
result as
{'accu': 0.167, 'time': 8.400823831558228, 'num_params': 616155}
time long:823.9849565029144

controller configures over, waiting for connect request from clients
controller broadcasts datasetname:corafull over
controller broadcasts model over
0
1
2
3
4
5
6
7
8
9
10
11
12
13
14
15
16
17
18
19
20
21
22
23
24
25
26
27
28
29
30
31
32
33
34
35
36
37
38
39
40
41
42
43
44
45
46
47
48
49
Epoch:160~Dataset:corafull~Supermask:[1, 10, 8, 3, 9, 8, 2, 4]
result as
{'accu': 0.013, 'time': 7.697837591171265, 'num_params': 616155}
time long:860.3154408931732

controller configures over, waiting for connect request from clients
controller broadcasts datasetname:corafull over
controller broadcasts model over
0
1
2
3
4
5
6
7
8
9
10
11
12
13
14
15
16
17
18
19
20
21
22
23
24
25
26
27
28
29
30
31
32
33
34
35
36
37
38
39
40
41
42
43
44
45
46
47
48
49
Epoch:161~Dataset:corafull~Supermask:[4, 3, 2, 9, 10, 1, 10, 3]
result as
{'accu': 0.166, 'time': 8.78702163696289, 'num_params': 616155}
time long:831.9760131835938

controller configures over, waiting for connect request from clients
controller broadcasts datasetname:corafull over
controller broadcasts model over
0
1
2
3
4
5
6
7
8
9
10
11
12
13
14
15
16
17
18
19
20
21
22
23
24
25
26
27
28
29
30
31
32
33
34
35
36
37
38
39
40
41
42
43
44
45
46
47
48
49
Epoch:162~Dataset:corafull~Supermask:[2, 3, 11, 9, 12, 8, 4, 2]
result as
{'accu': 0.138, 'time': 7.878075838088989, 'num_params': 616155}
time long:861.1477417945862

controller configures over, waiting for connect request from clients
controller broadcasts datasetname:corafull over
controller broadcasts model over
0
1
2
3
4
5
6
7
8
9
10
11
12
13
14
15
16
17
18
19
20
21
22
23
24
25
26
27
28
29
30
31
32
33
34
35
36
37
38
39
40
41
42
43
44
45
46
47
48
49
Epoch:163~Dataset:corafull~Supermask:[1, 1, 4, 7, 2, 5, 7, 3]
result as
{'accu': 0.046, 'time': 7.556028127670288, 'num_params': 616155}
time long:710.0750272274017

controller configures over, waiting for connect request from clients
controller broadcasts datasetname:corafull over
controller broadcasts model over
0
1
2
3
4
5
6
7
8
9
10
11
12
13
14
15
16
17
18
19
20
21
22
23
24
25
26
27
28
29
30
31
32
33
34
35
36
37
38
39
40
41
42
43
44
45
46
47
48
49
Epoch:164~Dataset:corafull~Supermask:[5, 8, 11, 3, 3, 5, 6, 1]
result as
{'accu': 0.064, 'time': 6.3765740394592285, 'num_params': 616155}
time long:684.2996323108673

controller configures over, waiting for connect request from clients
controller broadcasts datasetname:corafull over
controller broadcasts model over
0
1
2
3
4
5
6
7
8
9
10
11
12
13
14
15
16
17
18
19
20
21
22
23
24
25
26
27
28
29
30
31
32
33
34
35
36
37
38
39
40
41
42
43
44
45
46
47
48
49
Epoch:165~Dataset:corafull~Supermask:[3, 8, 11, 1, 11, 12, 11, 2]
result as
{'accu': 0.22199999999999998, 'time': 6.237078666687012, 'num_params': 616155}
time long:655.9708802700043

controller configures over, waiting for connect request from clients
controller broadcasts datasetname:corafull over
controller broadcasts model over
0
1
2
3
4
5
6
7
8
9
10
11
12
13
14
15
16
17
18
19
20
21
22
23
24
25
26
27
28
29
30
31
32
33
34
35
36
37
38
39
40
41
42
43
44
45
46
47
48
49
Epoch:166~Dataset:corafull~Supermask:[2, 8, 5, 12, 10, 12, 7, 4]
result as
{'accu': 0.065, 'time': 6.178580284118652, 'num_params': 616155}
time long:653.7729599475861

controller configures over, waiting for connect request from clients
controller broadcasts datasetname:corafull over
controller broadcasts model over
0
1
2
3
4
5
6
7
8
9
10
11
12
13
14
15
16
17
18
19
20
21
22
23
24
25
26
27
28
29
30
31
32
33
34
35
36
37
38
39
40
41
42
43
44
45
46
47
48
49
Epoch:167~Dataset:corafull~Supermask:[3, 4, 6, 9, 3, 7, 7, 3]
result as
{'accu': 0.0, 'time': 6.091403961181641, 'num_params': 616155}
time long:646.141063451767

controller configures over, waiting for connect request from clients
controller broadcasts datasetname:corafull over
controller broadcasts model over
0
1
2
3
4
5
6
7
8
9
10
11
12
13
14
15
16
17
18
19
20
21
22
23
24
25
26
27
28
29
30
31
32
33
34
35
36
37
38
39
40
41
42
43
44
45
46
47
48
49
Epoch:168~Dataset:corafull~Supermask:[4, 4, 6, 2, 4, 4, 11, 4]
result as
{'accu': 0.165, 'time': 6.308347225189209, 'num_params': 616155}
time long:661.3857305049896

controller configures over, waiting for connect request from clients
controller broadcasts datasetname:corafull over
controller broadcasts model over
0
1
2
3
4
5
6
7
8
9
10
11
12
13
14
15
16
17
18
19
20
21
22
23
24
25
26
27
28
29
30
31
32
33
34
35
36
37
38
39
40
41
42
43
44
45
46
47
48
49
Epoch:169~Dataset:corafull~Supermask:[2, 8, 11, 5, 0, 1, 10, 4]
result as
{'accu': 0.009999999999999998, 'time': 6.067636489868164, 'num_params': 616155}
time long:661.5926468372345

controller configures over, waiting for connect request from clients
controller broadcasts datasetname:corafull over
controller broadcasts model over
0
1
2
3
4
5
6
7
8
9
10
11
12
13
14
15
16
17
18
19
20
21
22
23
24
25
26
27
28
29
30
31
32
33
34
35
36
37
38
39
40
41
42
43
44
45
46
47
48
49
Epoch:170~Dataset:corafull~Supermask:[5, 7, 3, 3, 11, 0, 5, 4]
result as
{'accu': 0.165, 'time': 6.110080003738403, 'num_params': 616155}
time long:645.2271988391876

controller configures over, waiting for connect request from clients
controller broadcasts datasetname:corafull over
controller broadcasts model over
0
1
2
3
4
5
6
7
8
9
10
11
12
13
14
15
16
17
18
19
20
21
22
23
24
25
26
27
28
29
30
31
32
33
34
35
36
37
38
39
40
41
42
43
44
45
46
47
48
49
Epoch:171~Dataset:corafull~Supermask:[1, 0, 2, 2, 2, 8, 1, 5]
result as
{'accu': 0.033999999999999996, 'time': 6.221790790557861, 'num_params': 616155}
time long:643.4096210002899

controller configures over, waiting for connect request from clients
controller broadcasts datasetname:corafull over
controller broadcasts model over
0
1
2
3
4
5
6
7
8
9
10
11
12
13
14
15
16
17
18
19
20
21
22
23
24
25
26
27
28
29
30
31
32
33
34
35
36
37
38
39
40
41
42
43
44
45
46
47
48
49
Epoch:172~Dataset:corafull~Supermask:[5, 1, 3, 9, 10, 9, 1, 1]
result as
{'accu': 0.067, 'time': 6.489546060562134, 'num_params': 616155}
time long:640.8795809745789

controller configures over, waiting for connect request from clients
controller broadcasts datasetname:corafull over
controller broadcasts model over
0
1
2
3
4
5
6
7
8
9
10
11
12
13
14
15
16
17
18
19
20
21
22
23
24
25
26
27
28
29
30
31
32
33
34
35
36
37
38
39
40
41
42
43
44
45
46
47
48
49
Epoch:173~Dataset:corafull~Supermask:[2, 3, 5, 7, 2, 6, 5, 5]
result as
{'accu': 0.020999999999999998, 'time': 6.260123014450073, 'num_params': 616155}
time long:649.1014499664307

controller configures over, waiting for connect request from clients
controller broadcasts datasetname:corafull over
controller broadcasts model over
0
1
2
3
4
5
6
7
8
9
10
11
12
13
14
15
16
17
18
19
20
21
22
23
24
25
26
27
28
29
30
31
32
33
34
35
36
37
38
39
40
41
42
43
44
45
46
47
48
49
Epoch:174~Dataset:corafull~Supermask:[5, 4, 3, 11, 5, 4, 1, 2]
result as
{'accu': 0.248, 'time': 6.2704691886901855, 'num_params': 616155}
time long:662.8919682502747

controller configures over, waiting for connect request from clients
controller broadcasts datasetname:corafull over
controller broadcasts model over
0
1
2
3
4
5
6
7
8
9
10
11
12
13
14
15
16
17
18
19
20
21
22
23
24
25
26
27
28
29
30
31
32
33
34
35
36
37
38
39
40
41
42
43
44
45
46
47
48
49
Epoch:175~Dataset:corafull~Supermask:[1, 5, 7, 4, 6, 11, 3, 1]
result as
{'accu': 0.013000000000000001, 'time': 6.226327657699585, 'num_params': 616155}
time long:672.6269283294678

controller configures over, waiting for connect request from clients
controller broadcasts datasetname:corafull over
controller broadcasts model over
0
1
2
3
4
5
6
7
8
9
10
11
12
13
14
15
16
17
18
19
20
21
22
23
24
25
26
27
28
29
30
31
32
33
34
35
36
37
38
39
40
41
42
43
44
45
46
47
48
49
Epoch:176~Dataset:corafull~Supermask:[3, 6, 3, 6, 8, 9, 6, 1]
result as
{'accu': 0.166, 'time': 6.38046669960022, 'num_params': 616155}
time long:674.9216544628143

controller configures over, waiting for connect request from clients
controller broadcasts datasetname:corafull over
controller broadcasts model over
0
1
2
3
4
5
6
7
8
9
10
11
12
13
14
15
16
17
18
19
20
21
22
23
24
25
26
27
28
29
30
31
32
33
34
35
36
37
38
39
40
41
42
43
44
45
46
47
48
49
Epoch:177~Dataset:corafull~Supermask:[1, 3, 7, 2, 8, 12, 8, 4]
result as
{'accu': 0.20400000000000001, 'time': 6.313055753707886, 'num_params': 616155}
time long:660.8497717380524

controller configures over, waiting for connect request from clients
controller broadcasts datasetname:corafull over
controller broadcasts model over
0
1
2
3
4
5
6
7
8
9
10
11
12
13
14
15
16
17
18
19
20
21
22
23
24
25
26
27
28
29
30
31
32
33
34
35
36
37
38
39
40
41
42
43
44
45
46
47
48
49
Epoch:178~Dataset:corafull~Supermask:[1, 0, 3, 7, 10, 9, 9, 3]
result as
{'accu': 0.004, 'time': 6.20603609085083, 'num_params': 616155}
time long:643.9054064750671

controller configures over, waiting for connect request from clients
controller broadcasts datasetname:corafull over
controller broadcasts model over
0
1
2
3
4
5
6
7
8
9
10
11
12
13
14
15
16
17
18
19
20
21
22
23
24
25
26
27
28
29
30
31
32
33
34
35
36
37
38
39
40
41
42
43
44
45
46
47
48
49
Epoch:179~Dataset:corafull~Supermask:[2, 8, 5, 12, 6, 7, 3, 1]
result as
{'accu': 0.165, 'time': 5.798467636108398, 'num_params': 616155}
time long:601.2596051692963

controller configures over, waiting for connect request from clients
controller broadcasts datasetname:corafull over
controller broadcasts model over
0
1
2
3
4
5
6
7
8
9
10
11
12
13
14
15
16
17
18
19
20
21
22
23
24
25
26
27
28
29
30
31
32
33
34
35
36
37
38
39
40
41
42
43
44
45
46
47
48
49
Epoch:180~Dataset:corafull~Supermask:[1, 9, 12, 11, 8, 10, 12, 5]
result as
{'accu': 0.064, 'time': 5.757822513580322, 'num_params': 616155}
time long:599.0408697128296

controller configures over, waiting for connect request from clients
controller broadcasts datasetname:corafull over
controller broadcasts model over
0
1
2
3
4
5
6
7
8
9
10
11
12
13
14
15
16
17
18
19
20
21
22
23
24
25
26
27
28
29
30
31
32
33
34
35
36
37
38
39
40
41
42
43
44
45
46
47
48
49
Epoch:181~Dataset:corafull~Supermask:[4, 1, 9, 12, 10, 4, 12, 1]
result as
{'accu': 0.19699999999999998, 'time': 5.897943496704102, 'num_params': 616155}
time long:634.3300547599792

controller configures over, waiting for connect request from clients
controller broadcasts datasetname:corafull over
controller broadcasts model over
0
1
2
3
4
5
6
7
8
9
10
11
12
13
14
15
16
17
18
19
20
21
22
23
24
25
26
27
28
29
30
31
32
33
34
35
36
37
38
39
40
41
42
43
44
45
46
47
48
49
Epoch:182~Dataset:corafull~Supermask:[5, 2, 11, 2, 8, 4, 2, 2]
result as
{'accu': 0.0, 'time': 6.243728399276733, 'num_params': 616155}
time long:633.0514118671417

controller configures over, waiting for connect request from clients
controller broadcasts datasetname:corafull over
controller broadcasts model over
0
1
2
3
4
5
6
7
8
9
10
11
12
13
14
15
16
17
18
19
20
21
22
23
24
25
26
27
28
29
30
31
32
33
34
35
36
37
38
39
40
41
42
43
44
45
46
47
48
49
Epoch:183~Dataset:corafull~Supermask:[4, 3, 11, 5, 12, 12, 9, 4]
result as
{'accu': 0.013000000000000001, 'time': 5.882066488265991, 'num_params': 616155}
time long:643.4363069534302

controller configures over, waiting for connect request from clients
controller broadcasts datasetname:corafull over
controller broadcasts model over
0
1
2
3
4
5
6
7
8
9
10
11
12
13
14
15
16
17
18
19
20
21
22
23
24
25
26
27
28
29
30
31
32
33
34
35
36
37
38
39
40
41
42
43
44
45
46
47
48
49
Epoch:184~Dataset:corafull~Supermask:[5, 4, 9, 4, 8, 1, 11, 2]
result as
{'accu': 0.155, 'time': 5.82965874671936, 'num_params': 616155}
time long:612.2509920597076

controller configures over, waiting for connect request from clients
controller broadcasts datasetname:corafull over
controller broadcasts model over
0
1
2
3
4
5
6
7
8
9
10
11
12
13
14
15
16
17
18
19
20
21
22
23
24
25
26
27
28
29
30
31
32
33
34
35
36
37
38
39
40
41
42
43
44
45
46
47
48
49
Epoch:185~Dataset:corafull~Supermask:[4, 10, 9, 7, 10, 5, 6, 1]
result as
{'accu': 0.007, 'time': 5.940688371658325, 'num_params': 616155}
time long:634.6549966335297

controller configures over, waiting for connect request from clients
controller broadcasts datasetname:corafull over
controller broadcasts model over
0
1
2
3
4
5
6
7
8
9
10
11
12
13
14
15
16
17
18
19
20
21
22
23
24
25
26
27
28
29
30
31
32
33
34
35
36
37
38
39
40
41
42
43
44
45
46
47
48
49
Epoch:186~Dataset:corafull~Supermask:[4, 4, 5, 3, 10, 12, 0, 4]
result as
{'accu': 0.36300000000000004, 'time': 5.734616994857788, 'num_params': 616155}
time long:632.8935210704803

controller configures over, waiting for connect request from clients
controller broadcasts datasetname:corafull over
controller broadcasts model over
0
1
2
3
4
5
6
7
8
9
10
11
12
13
14
15
16
17
18
19
20
21
22
23
24
25
26
27
28
29
30
31
32
33
34
35
36
37
38
39
40
41
42
43
44
45
46
47
48
49
Epoch:187~Dataset:corafull~Supermask:[3, 11, 1, 1, 1, 9, 1, 2]
result as
{'accu': 0.17200000000000001, 'time': 6.117713689804077, 'num_params': 616155}
time long:645.3610680103302

controller configures over, waiting for connect request from clients
controller broadcasts datasetname:corafull over
controller broadcasts model over
0
1
2
3
4
5
6
7
8
9
10
11
12
13
14
15
16
17
18
19
20
21
22
23
24
25
26
27
28
29
30
31
32
33
34
35
36
37
38
39
40
41
42
43
44
45
46
47
48
49
Epoch:188~Dataset:corafull~Supermask:[2, 1, 7, 12, 0, 1, 2, 3]
result as
{'accu': 0.242, 'time': 6.028601169586182, 'num_params': 616155}
time long:636.0769467353821

controller configures over, waiting for connect request from clients
controller broadcasts datasetname:corafull over
controller broadcasts model over
0
1
2
3
4
5
6
7
8
9
10
11
12
13
14
15
16
17
18
19
20
21
22
23
24
25
26
27
28
29
30
31
32
33
34
35
36
37
38
39
40
41
42
43
44
45
46
47
48
49
Epoch:189~Dataset:corafull~Supermask:[5, 11, 2, 9, 6, 11, 5, 5]
result as
{'accu': 0.0, 'time': 5.679110050201416, 'num_params': 616155}
time long:620.7556188106537

controller configures over, waiting for connect request from clients
controller broadcasts datasetname:corafull over
controller broadcasts model over
0
1
2
3
4
5
6
7
8
9
10
11
12
13
14
15
16
17
18
19
20
21
22
23
24
25
26
27
28
29
30
31
32
33
34
35
36
37
38
39
40
41
42
43
44
45
46
47
48
49
Epoch:190~Dataset:corafull~Supermask:[3, 11, 0, 3, 8, 1, 4, 5]
result as
{'accu': 0.158, 'time': 5.875396490097046, 'num_params': 616155}
time long:599.083544254303

controller configures over, waiting for connect request from clients
controller broadcasts datasetname:corafull over
controller broadcasts model over
0
1
2
3
4
5
6
7
8
9
10
11
12
13
14
15
16
17
18
19
20
21
22
23
24
25
26
27
28
29
30
31
32
33
34
35
36
37
38
39
40
41
42
43
44
45
46
47
48
49
Epoch:191~Dataset:corafull~Supermask:[5, 4, 11, 7, 1, 3, 3, 1]
result as
{'accu': 0.0, 'time': 5.822827577590942, 'num_params': 616155}
time long:607.0329329967499

controller configures over, waiting for connect request from clients
controller broadcasts datasetname:corafull over
controller broadcasts model over
0
1
2
3
4
5
6
7
8
9
10
11
12
13
14
15
16
17
18
19
20
21
22
23
24
25
26
27
28
29
30
31
32
33
34
35
36
37
38
39
40
41
42
43
44
45
46
47
48
49
Epoch:192~Dataset:corafull~Supermask:[3, 7, 4, 2, 9, 12, 12, 2]
result as
{'accu': 0.007, 'time': 7.859486818313599, 'num_params': 616155}
time long:870.2621622085571

controller configures over, waiting for connect request from clients
controller broadcasts datasetname:corafull over
controller broadcasts model over
0
1
2
3
4
5
6
7
8
9
10
11
12
13
14
15
16
17
18
19
20
21
22
23
24
25
26
27
28
29
30
31
32
33
34
35
36
37
38
39
40
41
42
43
44
45
46
47
48
49
Epoch:193~Dataset:corafull~Supermask:[4, 9, 1, 12, 6, 10, 2, 2]
result as
{'accu': 0.164, 'time': 6.358290672302246, 'num_params': 616155}
time long:646.392787694931

controller configures over, waiting for connect request from clients
controller broadcasts datasetname:corafull over
controller broadcasts model over
0
1
2
3
4
5
6
7
8
9
10
11
12
13
14
15
16
17
18
19
20
21
22
23
24
25
26
27
28
29
30
31
32
33
34
35
36
37
38
39
40
41
42
43
44
45
46
47
48
49
Epoch:194~Dataset:corafull~Supermask:[2, 3, 3, 10, 2, 2, 10, 3]
result as
{'accu': 0.001, 'time': 6.390365123748779, 'num_params': 616155}
time long:660.9439520835876

controller configures over, waiting for connect request from clients
controller broadcasts datasetname:corafull over
controller broadcasts model over
0
1
2
3
4
5
6
7
8
9
10
11
12
13
14
15
16
17
18
19
20
21
22
23
24
25
26
27
28
29
30
31
32
33
34
35
36
37
38
39
40
41
42
43
44
45
46
47
48
49
Epoch:195~Dataset:corafull~Supermask:[5, 4, 3, 4, 10, 2, 12, 4]
result as
{'accu': 0.009, 'time': 6.4928200244903564, 'num_params': 616155}
time long:661.4433717727661

controller configures over, waiting for connect request from clients
controller broadcasts datasetname:corafull over
controller broadcasts model over
0
1
2
3
4
5
6
7
8
9
10
11
12
13
14
15
16
17
18
19
20
21
22
23
24
25
26
27
28
29
30
31
32
33
34
35
36
37
38
39
40
41
42
43
44
45
46
47
48
49
Epoch:196~Dataset:corafull~Supermask:[2, 11, 1, 0, 1, 12, 2, 5]
result as
{'accu': 0.08299999999999999, 'time': 6.455180406570435, 'num_params': 616155}
time long:649.486870765686

controller configures over, waiting for connect request from clients
controller broadcasts datasetname:corafull over
controller broadcasts model over
0
1
2
3
4
5
6
7
8
9
10
11
12
13
14
15
16
17
18
19
20
21
22
23
24
25
26
27
28
29
30
31
32
33
34
35
36
37
38
39
40
41
42
43
44
45
46
47
48
49
Epoch:197~Dataset:corafull~Supermask:[5, 2, 3, 7, 6, 11, 1, 5]
result as
{'accu': 0.163, 'time': 6.975262403488159, 'num_params': 616155}
time long:671.8103904724121

controller configures over, waiting for connect request from clients
controller broadcasts datasetname:corafull over
controller broadcasts model over
0
1
2
3
4
5
6
7
8
9
10
11
12
13
14
15
16
17
18
19
20
21
22
23
24
25
26
27
28
29
30
31
32
33
34
35
36
37
38
39
40
41
42
43
44
45
46
47
48
49
Epoch:198~Dataset:corafull~Supermask:[3, 0, 1, 6, 10, 6, 11, 4]
result as
{'accu': 0.135, 'time': 6.616508722305298, 'num_params': 616155}
time long:659.508837223053

controller configures over, waiting for connect request from clients
controller broadcasts datasetname:corafull over
controller broadcasts model over
0
1
2
3
4
5
6
7
8
9
10
11
12
13
14
15
16
17
18
19
20
21
22
23
24
25
26
27
28
29
30
31
32
33
34
35
36
37
38
39
40
41
42
43
44
45
46
47
48
49
Epoch:199~Dataset:corafull~Supermask:[4, 1, 12, 4, 8, 2, 11, 1]
result as
{'accu': 0.181, 'time': 6.4093639850616455, 'num_params': 616155}
time long:680.6536772251129

controller configures over, waiting for connect request from clients
controller broadcasts datasetname:corafull over
controller broadcasts model over
0
1
2
3
4
5
6
7
8
9
10
11
12
13
14
15
16
17
18
19
20
21
22
23
24
25
26
27
28
29
30
31
32
33
34
35
36
37
38
39
40
41
42
43
44
45
46
47
48
49
Epoch:200~Dataset:corafull~Supermask:[3, 1, 10, 1, 8, 6, 7, 4]
result as
{'accu': 0.109, 'time': 7.9041478633880615, 'num_params': 616155}
time long:641.6863157749176

