controller configures over, waiting for connect request from clients
controller broadcasts datasetname:pubmed over
controller broadcasts model over
0
1
2
3
4
5
6
7
8
9
10
11
12
13
14
15
16
17
18
19
20
21
22
23
24
25
26
27
28
29
30
31
32
33
34
35
36
37
38
39
40
41
42
43
44
45
46
47
48
49
Epoch:1~Dataset:pubmed~Supermask:[3, 7, 7, 7, 8, 11, 3, 3]
result as
{'accu': 0.453, 'time': 6.072134733200073, 'num_params': 86360}
time long:538.104336977005

controller configures over, waiting for connect request from clients
controller broadcasts datasetname:pubmed over
controller broadcasts model over
0
1
2
3
4
5
6
7
8
9
10
11
12
13
14
15
16
17
18
19
20
21
22
23
24
25
26
27
28
29
30
31
32
33
34
35
36
37
38
39
40
41
42
43
44
45
46
47
48
49
Epoch:2~Dataset:pubmed~Supermask:[3, 10, 10, 6, 10, 4, 7, 3]
result as
{'accu': 0.522, 'time': 4.70344614982605, 'num_params': 86360}
time long:521.090386390686

controller configures over, waiting for connect request from clients
controller broadcasts datasetname:pubmed over
controller broadcasts model over
0
1
2
3
4
5
6
7
8
9
10
11
12
13
14
15
16
17
18
19
20
21
22
23
24
25
26
27
28
29
30
31
32
33
34
35
36
37
38
39
40
41
42
43
44
45
46
47
48
49
Epoch:3~Dataset:pubmed~Supermask:[3, 1, 11, 4, 2, 11, 2, 5]
result as
{'accu': 0.40700000000000003, 'time': 4.598791122436523, 'num_params': 86360}
time long:532.679087638855

controller configures over, waiting for connect request from clients
controller broadcasts datasetname:pubmed over
controller broadcasts model over
0
1
2
3
4
5
6
7
8
9
10
11
12
13
14
15
16
17
18
19
20
21
22
23
24
25
26
27
28
29
30
31
32
33
34
35
36
37
38
39
40
41
42
43
44
45
46
47
48
49
Epoch:4~Dataset:pubmed~Supermask:[4, 11, 7, 6, 5, 11, 11, 4]
result as
{'accu': 0.40900000000000003, 'time': 4.249017000198364, 'num_params': 86360}
time long:502.0036771297455

controller configures over, waiting for connect request from clients
controller broadcasts datasetname:pubmed over
controller broadcasts model over
0
1
2
3
4
5
6
7
8
9
10
11
12
13
14
15
16
17
18
19
20
21
22
23
24
25
26
27
28
29
30
31
32
33
34
35
36
37
38
39
40
41
42
43
44
45
46
47
48
49
Epoch:5~Dataset:pubmed~Supermask:[5, 10, 7, 12, 2, 11, 0, 4]
result as
{'accu': 0.529, 'time': 4.963826894760132, 'num_params': 86360}
time long:527.7628111839294

controller configures over, waiting for connect request from clients
controller broadcasts datasetname:pubmed over
controller broadcasts model over
0
1
2
3
4
5
6
7
8
9
10
11
12
13
14
15
16
17
18
19
20
21
22
23
24
25
26
27
28
29
30
31
32
33
34
35
36
37
38
39
40
41
42
43
44
45
46
47
48
49
Epoch:6~Dataset:pubmed~Supermask:[2, 0, 9, 11, 5, 7, 3, 5]
result as
{'accu': 0.18, 'time': 4.676494598388672, 'num_params': 86360}
time long:524.0619897842407

controller configures over, waiting for connect request from clients
controller broadcasts datasetname:pubmed over
controller broadcasts model over
0
1
2
3
4
5
6
7
8
9
10
11
12
13
14
15
16
17
18
19
20
21
22
23
24
25
26
27
28
29
30
31
32
33
34
35
36
37
38
39
40
41
42
43
44
45
46
47
48
49
Epoch:7~Dataset:pubmed~Supermask:[4, 1, 4, 4, 8, 10, 6, 4]
result as
{'accu': 0.41300000000000003, 'time': 4.370344400405884, 'num_params': 86360}
time long:521.9673862457275

controller configures over, waiting for connect request from clients
controller broadcasts datasetname:pubmed over
controller broadcasts model over
0
1
2
3
4
5
6
7
8
9
10
11
12
13
14
15
16
17
18
19
20
21
22
23
24
25
26
27
28
29
30
31
32
33
34
35
36
37
38
39
40
41
42
43
44
45
46
47
48
49
Epoch:8~Dataset:pubmed~Supermask:[5, 9, 8, 10, 3, 11, 10, 3]
result as
{'accu': 0.411, 'time': 5.6220862865448, 'num_params': 86360}
time long:529.4594211578369

controller configures over, waiting for connect request from clients
controller broadcasts datasetname:pubmed over
controller broadcasts model over
0
1
2
3
4
5
6
7
8
9
10
11
12
13
14
15
16
17
18
19
20
21
22
23
24
25
26
27
28
29
30
31
32
33
34
35
36
37
38
39
40
41
42
43
44
45
46
47
48
49
Epoch:9~Dataset:pubmed~Supermask:[4, 0, 0, 4, 6, 6, 10, 1]
result as
{'accu': 0.40700000000000003, 'time': 4.296586990356445, 'num_params': 86360}
time long:496.240603685379

controller configures over, waiting for connect request from clients
controller broadcasts datasetname:pubmed over
controller broadcasts model over
0
1
2
3
4
5
6
7
8
9
10
11
12
13
14
15
16
17
18
19
20
21
22
23
24
25
26
27
28
29
30
31
32
33
34
35
36
37
38
39
40
41
42
43
44
45
46
47
48
49
Epoch:10~Dataset:pubmed~Supermask:[2, 9, 4, 0, 9, 1, 11, 4]
result as
{'accu': 0.45400000000000007, 'time': 4.652461528778076, 'num_params': 86360}
time long:547.6953749656677

controller configures over, waiting for connect request from clients
controller broadcasts datasetname:pubmed over
controller broadcasts model over
0
1
2
3
4
5
6
7
8
9
10
11
12
13
14
15
16
17
18
19
20
21
22
23
24
25
26
27
28
29
30
31
32
33
34
35
36
37
38
39
40
41
42
43
44
45
46
47
48
49
Epoch:11~Dataset:pubmed~Supermask:[2, 8, 5, 6, 11, 3, 3, 2]
result as
{'accu': 0.407, 'time': 5.287162780761719, 'num_params': 86360}
time long:513.4889571666718

controller configures over, waiting for connect request from clients
controller broadcasts datasetname:pubmed over
controller broadcasts model over
0
1
2
3
4
5
6
7
8
9
10
11
12
13
14
15
16
17
18
19
20
21
22
23
24
25
26
27
28
29
30
31
32
33
34
35
36
37
38
39
40
41
42
43
44
45
46
47
48
49
Epoch:12~Dataset:pubmed~Supermask:[1, 7, 2, 0, 2, 11, 8, 2]
result as
{'accu': 0.407, 'time': 5.602312326431274, 'num_params': 86360}
time long:533.0429453849792

controller configures over, waiting for connect request from clients
controller broadcasts datasetname:pubmed over
controller broadcasts model over
0
1
2
3
4
5
6
7
8
9
10
11
12
13
14
15
16
17
18
19
20
21
22
23
24
25
26
27
28
29
30
31
32
33
34
35
36
37
38
39
40
41
42
43
44
45
46
47
48
49
Epoch:13~Dataset:pubmed~Supermask:[4, 11, 10, 6, 9, 10, 2, 2]
result as
{'accu': 0.412, 'time': 6.1060497760772705, 'num_params': 86360}
time long:533.686182975769

controller configures over, waiting for connect request from clients
controller broadcasts datasetname:pubmed over
controller broadcasts model over
0
1
2
3
4
5
6
7
8
9
10
11
12
13
14
15
16
17
18
19
20
21
22
23
24
25
26
27
28
29
30
31
32
33
34
35
36
37
38
39
40
41
42
43
44
45
46
47
48
49
Epoch:14~Dataset:pubmed~Supermask:[1, 3, 3, 6, 2, 0, 9, 1]
result as
{'accu': 0.40900000000000003, 'time': 4.766015529632568, 'num_params': 86360}
time long:540.8539535999298

controller configures over, waiting for connect request from clients
controller broadcasts datasetname:pubmed over
controller broadcasts model over
0
1
2
3
4
5
6
7
8
9
10
11
12
13
14
15
16
17
18
19
20
21
22
23
24
25
26
27
28
29
30
31
32
33
34
35
36
37
38
39
40
41
42
43
44
45
46
47
48
49
Epoch:15~Dataset:pubmed~Supermask:[4, 8, 0, 5, 0, 1, 5, 5]
result as
{'accu': 0.486, 'time': 4.249413013458252, 'num_params': 86360}
time long:512.5485785007477

controller configures over, waiting for connect request from clients
controller broadcasts datasetname:pubmed over
controller broadcasts model over
0
1
2
3
4
5
6
7
8
9
10
11
12
13
14
15
16
17
18
19
20
21
22
23
24
25
26
27
28
29
30
31
32
33
34
35
36
37
38
39
40
41
42
43
44
45
46
47
48
49
Epoch:16~Dataset:pubmed~Supermask:[2, 6, 0, 12, 11, 6, 3, 4]
result as
{'accu': 0.41900000000000004, 'time': 4.656949996948242, 'num_params': 86360}
time long:511.66868686676025

controller configures over, waiting for connect request from clients
controller broadcasts datasetname:pubmed over
controller broadcasts model over
0
1
2
3
4
5
6
7
8
9
10
11
12
13
14
15
16
17
18
19
20
21
22
23
24
25
26
27
28
29
30
31
32
33
34
35
36
37
38
39
40
41
42
43
44
45
46
47
48
49
Epoch:17~Dataset:pubmed~Supermask:[5, 1, 11, 8, 0, 7, 10, 2]
result as
{'accu': 0.44, 'time': 5.106300115585327, 'num_params': 86360}
time long:526.6606097221375

controller configures over, waiting for connect request from clients
controller broadcasts datasetname:pubmed over
controller broadcasts model over
0
1
2
3
4
5
6
7
8
9
10
11
12
13
14
15
16
17
18
19
20
21
22
23
24
25
26
27
28
29
30
31
32
33
34
35
36
37
38
39
40
41
42
43
44
45
46
47
48
49
Epoch:18~Dataset:pubmed~Supermask:[4, 0, 10, 5, 11, 9, 9, 4]
result as
{'accu': 0.40099999999999997, 'time': 4.819108247756958, 'num_params': 86360}
time long:547.8588557243347

controller configures over, waiting for connect request from clients
controller broadcasts datasetname:pubmed over
controller broadcasts model over
0
1
2
3
4
5
6
7
8
9
10
11
12
13
14
15
16
17
18
19
20
21
22
23
24
25
26
27
28
29
30
31
32
33
34
35
36
37
38
39
40
41
42
43
44
45
46
47
48
49
Epoch:19~Dataset:pubmed~Supermask:[4, 6, 8, 8, 9, 8, 8, 4]
result as
{'accu': 0.40800000000000003, 'time': 4.632329702377319, 'num_params': 86360}
time long:532.8936517238617

controller configures over, waiting for connect request from clients
controller broadcasts datasetname:pubmed over
controller broadcasts model over
0
1
2
3
4
5
6
7
8
9
10
11
12
13
14
15
16
17
18
19
20
21
22
23
24
25
26
27
28
29
30
31
32
33
34
35
36
37
38
39
40
41
42
43
44
45
46
47
48
49
Epoch:20~Dataset:pubmed~Supermask:[4, 4, 6, 10, 8, 6, 9, 1]
result as
{'accu': 0.40700000000000003, 'time': 4.436393737792969, 'num_params': 86360}
time long:536.6648774147034

controller configures over, waiting for connect request from clients
controller broadcasts datasetname:pubmed over
controller broadcasts model over
0
1
2
3
4
5
6
7
8
9
10
11
12
13
14
15
16
17
18
19
20
21
22
23
24
25
26
27
28
29
30
31
32
33
34
35
36
37
38
39
40
41
42
43
44
45
46
47
48
49
Epoch:21~Dataset:pubmed~Supermask:[4, 9, 7, 12, 9, 2, 11, 4]
result as
{'accu': 0.403, 'time': 4.8139238357543945, 'num_params': 86360}
time long:553.6184499263763

controller configures over, waiting for connect request from clients
controller broadcasts datasetname:pubmed over
controller broadcasts model over
0
1
2
3
4
5
6
7
8
9
10
11
12
13
14
15
16
17
18
19
20
21
22
23
24
25
26
27
28
29
30
31
32
33
34
35
36
37
38
39
40
41
42
43
44
45
46
47
48
49
Epoch:22~Dataset:pubmed~Supermask:[3, 5, 3, 10, 0, 11, 3, 2]
result as
{'accu': 0.396, 'time': 4.8337321281433105, 'num_params': 86360}
time long:527.578910112381

controller configures over, waiting for connect request from clients
controller broadcasts datasetname:pubmed over
controller broadcasts model over
0
1
2
3
4
5
6
7
8
9
10
11
12
13
14
15
16
17
18
19
20
21
22
23
24
25
26
27
28
29
30
31
32
33
34
35
36
37
38
39
40
41
42
43
44
45
46
47
48
49
Epoch:23~Dataset:pubmed~Supermask:[1, 7, 1, 4, 10, 11, 1, 3]
result as
{'accu': 0.40700000000000003, 'time': 4.2819602489471436, 'num_params': 86360}
time long:545.1483540534973

controller configures over, waiting for connect request from clients
controller broadcasts datasetname:pubmed over
controller broadcasts model over
0
1
2
3
4
5
6
7
8
9
10
11
12
13
14
15
16
17
18
19
20
21
22
23
24
25
26
27
28
29
30
31
32
33
34
35
36
37
38
39
40
41
42
43
44
45
46
47
48
49
Epoch:24~Dataset:pubmed~Supermask:[1, 0, 0, 9, 5, 12, 5, 1]
result as
{'accu': 0.403, 'time': 4.715217351913452, 'num_params': 86360}
time long:501.95909571647644

controller configures over, waiting for connect request from clients
controller broadcasts datasetname:pubmed over
controller broadcasts model over
0
1
2
3
4
5
6
7
8
9
10
11
12
13
14
15
16
17
18
19
20
21
22
23
24
25
26
27
28
29
30
31
32
33
34
35
36
37
38
39
40
41
42
43
44
45
46
47
48
49
Epoch:25~Dataset:pubmed~Supermask:[5, 8, 6, 9, 7, 6, 0, 1]
result as
{'accu': 0.41300000000000003, 'time': 4.273354768753052, 'num_params': 86360}
time long:504.01023626327515

controller configures over, waiting for connect request from clients
controller broadcasts datasetname:pubmed over
controller broadcasts model over
0
1
2
3
4
5
6
7
8
9
10
11
12
13
14
15
16
17
18
19
20
21
22
23
24
25
26
27
28
29
30
31
32
33
34
35
36
37
38
39
40
41
42
43
44
45
46
47
48
49
Epoch:26~Dataset:pubmed~Supermask:[5, 8, 0, 6, 7, 7, 12, 4]
result as
{'accu': 0.45000000000000007, 'time': 4.771535396575928, 'num_params': 86360}
time long:536.186758518219

controller configures over, waiting for connect request from clients
controller broadcasts datasetname:pubmed over
controller broadcasts model over
0
1
2
3
4
5
6
7
8
9
10
11
12
13
14
15
16
17
18
19
20
21
22
23
24
25
26
27
28
29
30
31
32
33
34
35
36
37
38
39
40
41
42
43
44
45
46
47
48
49
Epoch:27~Dataset:pubmed~Supermask:[4, 5, 3, 6, 4, 7, 11, 1]
result as
{'accu': 0.355, 'time': 4.167292594909668, 'num_params': 86360}
time long:518.5608656406403

controller configures over, waiting for connect request from clients
controller broadcasts datasetname:pubmed over
controller broadcasts model over
0
1
2
3
4
5
6
7
8
9
10
11
12
13
14
15
16
17
18
19
20
21
22
23
24
25
26
27
28
29
30
31
32
33
34
35
36
37
38
39
40
41
42
43
44
45
46
47
48
49
Epoch:28~Dataset:pubmed~Supermask:[1, 11, 0, 5, 5, 1, 9, 4]
result as
{'accu': 0.5900000000000001, 'time': 4.789400815963745, 'num_params': 86360}
time long:516.1040594577789

controller configures over, waiting for connect request from clients
controller broadcasts datasetname:pubmed over
controller broadcasts model over
0
1
2
3
4
5
6
7
8
9
10
11
12
13
14
15
16
17
18
19
20
21
22
23
24
25
26
27
28
29
30
31
32
33
34
35
36
37
38
39
40
41
42
43
44
45
46
47
48
49
Epoch:29~Dataset:pubmed~Supermask:[1, 5, 6, 3, 6, 6, 11, 4]
result as
{'accu': 0.413, 'time': 4.9458043575286865, 'num_params': 86360}
time long:539.7137832641602

controller configures over, waiting for connect request from clients
controller broadcasts datasetname:pubmed over
controller broadcasts model over
0
1
2
3
4
5
6
7
8
9
10
11
12
13
14
15
16
17
18
19
20
21
22
23
24
25
26
27
28
29
30
31
32
33
34
35
36
37
38
39
40
41
42
43
44
45
46
47
48
49
Epoch:30~Dataset:pubmed~Supermask:[1, 2, 0, 4, 1, 9, 12, 4]
result as
{'accu': 0.42100000000000004, 'time': 4.502286434173584, 'num_params': 86360}
time long:532.3041753768921

controller configures over, waiting for connect request from clients
controller broadcasts datasetname:pubmed over
controller broadcasts model over
0
1
2
3
4
5
6
7
8
9
10
11
12
13
14
15
16
17
18
19
20
21
22
23
24
25
26
27
28
29
30
31
32
33
34
35
36
37
38
39
40
41
42
43
44
45
46
47
48
49
Epoch:31~Dataset:pubmed~Supermask:[2, 5, 7, 6, 7, 6, 7, 2]
result as
{'accu': 0.396, 'time': 4.519784212112427, 'num_params': 86360}
time long:514.5837976932526

controller configures over, waiting for connect request from clients
controller broadcasts datasetname:pubmed over
controller broadcasts model over
0
1
2
3
4
5
6
7
8
9
10
11
12
13
14
15
16
17
18
19
20
21
22
23
24
25
26
27
28
29
30
31
32
33
34
35
36
37
38
39
40
41
42
43
44
45
46
47
48
49
Epoch:32~Dataset:pubmed~Supermask:[5, 2, 6, 6, 4, 3, 8, 5]
result as
{'accu': 0.40700000000000003, 'time': 4.68136739730835, 'num_params': 86360}
time long:549.6477081775665

controller configures over, waiting for connect request from clients
controller broadcasts datasetname:pubmed over
controller broadcasts model over
0
1
2
3
4
5
6
7
8
9
10
11
12
13
14
15
16
17
18
19
20
21
22
23
24
25
26
27
28
29
30
31
32
33
34
35
36
37
38
39
40
41
42
43
44
45
46
47
48
49
Epoch:33~Dataset:pubmed~Supermask:[1, 9, 11, 6, 2, 3, 0, 3]
result as
{'accu': 0.489, 'time': 4.835859537124634, 'num_params': 86360}
time long:554.4938676357269

controller configures over, waiting for connect request from clients
controller broadcasts datasetname:pubmed over
controller broadcasts model over
0
1
2
3
4
5
6
7
8
9
10
11
12
13
14
15
16
17
18
19
20
21
22
23
24
25
26
27
28
29
30
31
32
33
34
35
36
37
38
39
40
41
42
43
44
45
46
47
48
49
Epoch:34~Dataset:pubmed~Supermask:[2, 5, 12, 2, 9, 1, 10, 1]
result as
{'accu': 0.408, 'time': 4.590003967285156, 'num_params': 86360}
time long:528.5171160697937

controller configures over, waiting for connect request from clients
controller broadcasts datasetname:pubmed over
controller broadcasts model over
0
1
2
3
4
5
6
7
8
9
10
11
12
13
14
15
16
17
18
19
20
21
22
23
24
25
26
27
28
29
30
31
32
33
34
35
36
37
38
39
40
41
42
43
44
45
46
47
48
49
Epoch:35~Dataset:pubmed~Supermask:[2, 11, 10, 0, 0, 5, 5, 2]
result as
{'accu': 0.415, 'time': 4.886123895645142, 'num_params': 86360}
time long:521.6656408309937

controller configures over, waiting for connect request from clients
controller broadcasts datasetname:pubmed over
controller broadcasts model over
0
1
2
3
4
5
6
7
8
9
10
11
12
13
14
15
16
17
18
19
20
21
22
23
24
25
26
27
28
29
30
31
32
33
34
35
36
37
38
39
40
41
42
43
44
45
46
47
48
49
Epoch:36~Dataset:pubmed~Supermask:[5, 6, 10, 2, 2, 9, 9, 2]
result as
{'accu': 0.404, 'time': 4.684053182601929, 'num_params': 86360}
time long:521.0841381549835

controller configures over, waiting for connect request from clients
controller broadcasts datasetname:pubmed over
controller broadcasts model over
0
1
2
3
4
5
6
7
8
9
10
11
12
13
14
15
16
17
18
19
20
21
22
23
24
25
26
27
28
29
30
31
32
33
34
35
36
37
38
39
40
41
42
43
44
45
46
47
48
49
Epoch:37~Dataset:pubmed~Supermask:[4, 0, 12, 3, 5, 0, 3, 1]
result as
{'accu': 0.407, 'time': 4.816514730453491, 'num_params': 86360}
time long:512.1818308830261

controller configures over, waiting for connect request from clients
controller broadcasts datasetname:pubmed over
controller broadcasts model over
0
1
2
3
4
5
6
7
8
9
10
11
12
13
14
15
16
17
18
19
20
21
22
23
24
25
26
27
28
29
30
31
32
33
34
35
36
37
38
39
40
41
42
43
44
45
46
47
48
49
Epoch:38~Dataset:pubmed~Supermask:[1, 9, 12, 0, 10, 8, 11, 2]
result as
{'accu': 0.429, 'time': 4.832619905471802, 'num_params': 86360}
time long:523.1855220794678

controller configures over, waiting for connect request from clients
controller broadcasts datasetname:pubmed over
controller broadcasts model over
0
1
2
3
4
5
6
7
8
9
10
11
12
13
14
15
16
17
18
19
20
21
22
23
24
25
26
27
28
29
30
31
32
33
34
35
36
37
38
39
40
41
42
43
44
45
46
47
48
49
Epoch:39~Dataset:pubmed~Supermask:[4, 8, 0, 12, 8, 12, 2, 1]
result as
{'accu': 0.398, 'time': 4.9859700202941895, 'num_params': 86360}
time long:537.0793242454529

controller configures over, waiting for connect request from clients
controller broadcasts datasetname:pubmed over
controller broadcasts model over
0
1
2
3
4
5
6
7
8
9
10
11
12
13
14
15
16
17
18
19
20
21
22
23
24
25
26
27
28
29
30
31
32
33
34
35
36
37
38
39
40
41
42
43
44
45
46
47
48
49
Epoch:40~Dataset:pubmed~Supermask:[3, 11, 6, 7, 2, 7, 2, 1]
result as
{'accu': 0.42000000000000004, 'time': 4.90587854385376, 'num_params': 86360}
time long:532.445422410965

controller configures over, waiting for connect request from clients
controller broadcasts datasetname:pubmed over
controller broadcasts model over
0
1
2
3
4
5
6
7
8
9
10
11
12
13
14
15
16
17
18
19
20
21
22
23
24
25
26
27
28
29
30
31
32
33
34
35
36
37
38
39
40
41
42
43
44
45
46
47
48
49
Epoch:41~Dataset:pubmed~Supermask:[3, 5, 7, 0, 10, 0, 2, 4]
result as
{'accu': 0.41300000000000003, 'time': 4.750911712646484, 'num_params': 86360}
time long:540.4610815048218

controller configures over, waiting for connect request from clients
controller broadcasts datasetname:pubmed over
controller broadcasts model over
0
1
2
3
4
5
6
7
8
9
10
11
12
13
14
15
16
17
18
19
20
21
22
23
24
25
26
27
28
29
30
31
32
33
34
35
36
37
38
39
40
41
42
43
44
45
46
47
48
49
Epoch:42~Dataset:pubmed~Supermask:[1, 7, 4, 4, 5, 7, 6, 5]
result as
{'accu': 0.40700000000000003, 'time': 4.8431971073150635, 'num_params': 86360}
time long:528.9006798267365

controller configures over, waiting for connect request from clients
controller broadcasts datasetname:pubmed over
controller broadcasts model over
0
1
2
3
4
5
6
7
8
9
10
11
12
13
14
15
16
17
18
19
20
21
22
23
24
25
26
27
28
29
30
31
32
33
34
35
36
37
38
39
40
41
42
43
44
45
46
47
48
49
Epoch:43~Dataset:pubmed~Supermask:[2, 8, 10, 10, 9, 1, 5, 4]
result as
{'accu': 0.41300000000000003, 'time': 4.554226875305176, 'num_params': 86360}
time long:534.2438607215881

controller configures over, waiting for connect request from clients
controller broadcasts datasetname:pubmed over
controller broadcasts model over
0
1
2
3
4
5
6
7
8
9
10
11
12
13
14
15
16
17
18
19
20
21
22
23
24
25
26
27
28
29
30
31
32
33
34
35
36
37
38
39
40
41
42
43
44
45
46
47
48
49
Epoch:44~Dataset:pubmed~Supermask:[4, 6, 12, 9, 4, 7, 10, 1]
result as
{'accu': 0.478, 'time': 4.892676115036011, 'num_params': 86360}
time long:515.6372630596161

controller configures over, waiting for connect request from clients
controller broadcasts datasetname:pubmed over
controller broadcasts model over
0
1
2
3
4
5
6
7
8
9
10
11
12
13
14
15
16
17
18
19
20
21
22
23
24
25
26
27
28
29
30
31
32
33
34
35
36
37
38
39
40
41
42
43
44
45
46
47
48
49
Epoch:45~Dataset:pubmed~Supermask:[3, 11, 9, 4, 6, 10, 8, 2]
result as
{'accu': 0.40099999999999997, 'time': 4.466305494308472, 'num_params': 86360}
time long:528.8639626502991

controller configures over, waiting for connect request from clients
controller broadcasts datasetname:pubmed over
controller broadcasts model over
0
1
2
3
4
5
6
7
8
9
10
11
12
13
14
15
16
17
18
19
20
21
22
23
24
25
26
27
28
29
30
31
32
33
34
35
36
37
38
39
40
41
42
43
44
45
46
47
48
49
Epoch:46~Dataset:pubmed~Supermask:[4, 8, 10, 8, 9, 10, 11, 4]
result as
{'accu': 0.39199999999999996, 'time': 4.826931715011597, 'num_params': 86360}
time long:521.7409570217133

controller configures over, waiting for connect request from clients
controller broadcasts datasetname:pubmed over
controller broadcasts model over
0
1
2
3
4
5
6
7
8
9
10
11
12
13
14
15
16
17
18
19
20
21
22
23
24
25
26
27
28
29
30
31
32
33
34
35
36
37
38
39
40
41
42
43
44
45
46
47
48
49
Epoch:47~Dataset:pubmed~Supermask:[1, 10, 1, 9, 8, 2, 8, 5]
result as
{'accu': 0.34500000000000003, 'time': 4.377916574478149, 'num_params': 86360}
time long:534.3891685009003

controller configures over, waiting for connect request from clients
controller broadcasts datasetname:pubmed over
controller broadcasts model over
0
1
2
3
4
5
6
7
8
9
10
11
12
13
14
15
16
17
18
19
20
21
22
23
24
25
26
27
28
29
30
31
32
33
34
35
36
37
38
39
40
41
42
43
44
45
46
47
48
49
Epoch:48~Dataset:pubmed~Supermask:[4, 2, 12, 11, 0, 2, 8, 5]
result as
{'accu': 0.537, 'time': 4.868232727050781, 'num_params': 86360}
time long:542.4306280612946

controller configures over, waiting for connect request from clients
controller broadcasts datasetname:pubmed over
controller broadcasts model over
0
1
2
3
4
5
6
7
8
9
10
11
12
13
14
15
16
17
18
19
20
21
22
23
24
25
26
27
28
29
30
31
32
33
34
35
36
37
38
39
40
41
42
43
44
45
46
47
48
49
Epoch:49~Dataset:pubmed~Supermask:[2, 2, 6, 8, 7, 3, 8, 3]
result as
{'accu': 0.395, 'time': 5.475381851196289, 'num_params': 86360}
time long:531.3683867454529

controller configures over, waiting for connect request from clients
controller broadcasts datasetname:pubmed over
controller broadcasts model over
0
1
2
3
4
5
6
7
8
9
10
11
12
13
14
15
16
17
18
19
20
21
22
23
24
25
26
27
28
29
30
31
32
33
34
35
36
37
38
39
40
41
42
43
44
45
46
47
48
49
Epoch:50~Dataset:pubmed~Supermask:[2, 1, 4, 11, 11, 5, 10, 5]
result as
{'accu': 0.43599999999999994, 'time': 4.522958517074585, 'num_params': 86360}
time long:548.9034180641174

controller configures over, waiting for connect request from clients
controller broadcasts datasetname:pubmed over
controller broadcasts model over
0
1
2
3
4
5
6
7
8
9
10
11
12
13
14
15
16
17
18
19
20
21
22
23
24
25
26
27
28
29
30
31
32
33
34
35
36
37
38
39
40
41
42
43
44
45
46
47
48
49
Epoch:51~Dataset:pubmed~Supermask:[2, 7, 10, 2, 12, 6, 7, 3]
result as
{'accu': 0.503, 'time': 4.631390810012817, 'num_params': 86360}
time long:528.8590788841248

controller configures over, waiting for connect request from clients
controller broadcasts datasetname:pubmed over
controller broadcasts model over
0
1
2
3
4
5
6
7
8
9
10
11
12
13
14
15
16
17
18
19
20
21
22
23
24
25
26
27
28
29
30
31
32
33
34
35
36
37
38
39
40
41
42
43
44
45
46
47
48
49
Epoch:52~Dataset:pubmed~Supermask:[2, 5, 10, 12, 1, 7, 12, 4]
result as
{'accu': 0.422, 'time': 4.729586124420166, 'num_params': 86360}
time long:533.3284239768982

controller configures over, waiting for connect request from clients
controller broadcasts datasetname:pubmed over
controller broadcasts model over
0
1
2
3
4
5
6
7
8
9
10
11
12
13
14
15
16
17
18
19
20
21
22
23
24
25
26
27
28
29
30
31
32
33
34
35
36
37
38
39
40
41
42
43
44
45
46
47
48
49
Epoch:53~Dataset:pubmed~Supermask:[4, 4, 1, 10, 9, 12, 7, 5]
result as
{'accu': 0.44, 'time': 4.599199533462524, 'num_params': 86360}
time long:545.9320368766785

controller configures over, waiting for connect request from clients
controller broadcasts datasetname:pubmed over
controller broadcasts model over
0
1
2
3
4
5
6
7
8
9
10
11
12
13
14
15
16
17
18
19
20
21
22
23
24
25
26
27
28
29
30
31
32
33
34
35
36
37
38
39
40
41
42
43
44
45
46
47
48
49
Epoch:54~Dataset:pubmed~Supermask:[4, 2, 1, 4, 9, 9, 12, 5]
result as
{'accu': 0.405, 'time': 4.673883676528931, 'num_params': 86360}
time long:531.9287531375885

controller configures over, waiting for connect request from clients
controller broadcasts datasetname:pubmed over
controller broadcasts model over
0
1
2
3
4
5
6
7
8
9
10
11
12
13
14
15
16
17
18
19
20
21
22
23
24
25
26
27
28
29
30
31
32
33
34
35
36
37
38
39
40
41
42
43
44
45
46
47
48
49
Epoch:55~Dataset:pubmed~Supermask:[2, 0, 1, 5, 2, 11, 12, 3]
result as
{'accu': 0.415, 'time': 4.757997274398804, 'num_params': 86360}
time long:514.2868094444275

controller configures over, waiting for connect request from clients
controller broadcasts datasetname:pubmed over
controller broadcasts model over
0
1
2
3
4
5
6
7
8
9
10
11
12
13
14
15
16
17
18
19
20
21
22
23
24
25
26
27
28
29
30
31
32
33
34
35
36
37
38
39
40
41
42
43
44
45
46
47
48
49
Epoch:56~Dataset:pubmed~Supermask:[4, 7, 7, 2, 4, 0, 6, 4]
result as
{'accu': 0.453, 'time': 4.700380563735962, 'num_params': 86360}
time long:536.6605136394501

controller configures over, waiting for connect request from clients
controller broadcasts datasetname:pubmed over
controller broadcasts model over
0
1
2
3
4
5
6
7
8
9
10
11
12
13
14
15
16
17
18
19
20
21
22
23
24
25
26
27
28
29
30
31
32
33
34
35
36
37
38
39
40
41
42
43
44
45
46
47
48
49
Epoch:57~Dataset:pubmed~Supermask:[4, 10, 5, 6, 2, 10, 0, 3]
result as
{'accu': 0.44599999999999995, 'time': 4.46716833114624, 'num_params': 86360}
time long:528.3184094429016

controller configures over, waiting for connect request from clients
controller broadcasts datasetname:pubmed over
controller broadcasts model over
0
1
2
3
4
5
6
7
8
9
10
11
12
13
14
15
16
17
18
19
20
21
22
23
24
25
26
27
28
29
30
31
32
33
34
35
36
37
38
39
40
41
42
43
44
45
46
47
48
49
Epoch:58~Dataset:pubmed~Supermask:[4, 7, 0, 10, 10, 7, 2, 3]
result as
{'accu': 0.656, 'time': 4.743372201919556, 'num_params': 86360}
time long:544.0123543739319

controller configures over, waiting for connect request from clients
controller broadcasts datasetname:pubmed over
controller broadcasts model over
0
1
2
3
4
5
6
7
8
9
10
11
12
13
14
15
16
17
18
19
20
21
22
23
24
25
26
27
28
29
30
31
32
33
34
35
36
37
38
39
40
41
42
43
44
45
46
47
48
49
Epoch:59~Dataset:pubmed~Supermask:[3, 1, 9, 8, 7, 4, 2, 3]
result as
{'accu': 0.399, 'time': 4.960309982299805, 'num_params': 86360}
time long:541.8880400657654

controller configures over, waiting for connect request from clients
controller broadcasts datasetname:pubmed over
controller broadcasts model over
0
1
2
3
4
5
6
7
8
9
10
11
12
13
14
15
16
17
18
19
20
21
22
23
24
25
26
27
28
29
30
31
32
33
34
35
36
37
38
39
40
41
42
43
44
45
46
47
48
49
Epoch:60~Dataset:pubmed~Supermask:[4, 1, 12, 1, 12, 2, 3, 2]
result as
{'accu': 0.407, 'time': 4.629907131195068, 'num_params': 86360}
time long:532.5102906227112

controller configures over, waiting for connect request from clients
controller broadcasts datasetname:pubmed over
controller broadcasts model over
0
1
2
3
4
5
6
7
8
9
10
11
12
13
14
15
16
17
18
19
20
21
22
23
24
25
26
27
28
29
30
31
32
33
34
35
36
37
38
39
40
41
42
43
44
45
46
47
48
49
Epoch:61~Dataset:pubmed~Supermask:[4, 9, 2, 2, 5, 9, 11, 2]
result as
{'accu': 0.43600000000000005, 'time': 4.688188791275024, 'num_params': 86360}
time long:539.6363706588745

controller configures over, waiting for connect request from clients
controller broadcasts datasetname:pubmed over
controller broadcasts model over
0
1
2
3
4
5
6
7
8
9
10
11
12
13
14
15
16
17
18
19
20
21
22
23
24
25
26
27
28
29
30
31
32
33
34
35
36
37
38
39
40
41
42
43
44
45
46
47
48
49
Epoch:62~Dataset:pubmed~Supermask:[3, 0, 9, 2, 3, 10, 6, 3]
result as
{'accu': 0.452, 'time': 4.678845405578613, 'num_params': 86360}
time long:528.9125416278839

controller configures over, waiting for connect request from clients
controller broadcasts datasetname:pubmed over
controller broadcasts model over
0
1
2
3
4
5
6
7
8
9
10
11
12
13
14
15
16
17
18
19
20
21
22
23
24
25
26
27
28
29
30
31
32
33
34
35
36
37
38
39
40
41
42
43
44
45
46
47
48
49
Epoch:63~Dataset:pubmed~Supermask:[5, 4, 8, 4, 3, 1, 5, 4]
result as
{'accu': 0.506, 'time': 4.94811749458313, 'num_params': 86360}
time long:541.0345735549927

controller configures over, waiting for connect request from clients
controller broadcasts datasetname:pubmed over
controller broadcasts model over
0
1
2
3
4
5
6
7
8
9
10
11
12
13
14
15
16
17
18
19
20
21
22
23
24
25
26
27
28
29
30
31
32
33
34
35
36
37
38
39
40
41
42
43
44
45
46
47
48
49
Epoch:64~Dataset:pubmed~Supermask:[3, 2, 11, 9, 10, 7, 10, 1]
result as
{'accu': 0.40700000000000003, 'time': 5.381639003753662, 'num_params': 86360}
time long:528.0546808242798

controller configures over, waiting for connect request from clients
controller broadcasts datasetname:pubmed over
controller broadcasts model over
0
1
2
3
4
5
6
7
8
9
10
11
12
13
14
15
16
17
18
19
20
21
22
23
24
25
26
27
28
29
30
31
32
33
34
35
36
37
38
39
40
41
42
43
44
45
46
47
48
49
Epoch:65~Dataset:pubmed~Supermask:[2, 8, 3, 7, 12, 6, 0, 3]
result as
{'accu': 0.402, 'time': 5.535566806793213, 'num_params': 86360}
time long:521.2869675159454

controller configures over, waiting for connect request from clients
controller broadcasts datasetname:pubmed over
controller broadcasts model over
0
1
2
3
4
5
6
7
8
9
10
11
12
13
14
15
16
17
18
19
20
21
22
23
24
25
26
27
28
29
30
31
32
33
34
35
36
37
38
39
40
41
42
43
44
45
46
47
48
49
Epoch:66~Dataset:pubmed~Supermask:[4, 4, 3, 4, 3, 7, 12, 3]
result as
{'accu': 0.41300000000000003, 'time': 4.456357002258301, 'num_params': 86360}
time long:505.7709119319916

controller configures over, waiting for connect request from clients
controller broadcasts datasetname:pubmed over
controller broadcasts model over
0
1
2
3
4
5
6
7
8
9
10
11
12
13
14
15
16
17
18
19
20
21
22
23
24
25
26
27
28
29
30
31
32
33
34
35
36
37
38
39
40
41
42
43
44
45
46
47
48
49
Epoch:67~Dataset:pubmed~Supermask:[5, 11, 4, 7, 0, 1, 1, 1]
result as
{'accu': 0.397, 'time': 4.6956822872161865, 'num_params': 86360}
time long:524.2160892486572

controller configures over, waiting for connect request from clients
controller broadcasts datasetname:pubmed over
controller broadcasts model over
0
1
2
3
4
5
6
7
8
9
10
11
12
13
14
15
16
17
18
19
20
21
22
23
24
25
26
27
28
29
30
31
32
33
34
35
36
37
38
39
40
41
42
43
44
45
46
47
48
49
Epoch:68~Dataset:pubmed~Supermask:[1, 11, 12, 11, 8, 11, 6, 4]
result as
{'accu': 0.42600000000000005, 'time': 4.783049583435059, 'num_params': 86360}
time long:539.43767786026

controller configures over, waiting for connect request from clients
controller broadcasts datasetname:pubmed over
controller broadcasts model over
0
1
2
3
4
5
6
7
8
9
10
11
12
13
14
15
16
17
18
19
20
21
22
23
24
25
26
27
28
29
30
31
32
33
34
35
36
37
38
39
40
41
42
43
44
45
46
47
48
49
Epoch:69~Dataset:pubmed~Supermask:[3, 8, 5, 4, 0, 0, 4, 2]
result as
{'accu': 0.40700000000000003, 'time': 4.398545503616333, 'num_params': 86360}
time long:511.651873588562

controller configures over, waiting for connect request from clients
controller broadcasts datasetname:pubmed over
controller broadcasts model over
0
1
2
3
4
5
6
7
8
9
10
11
12
13
14
15
16
17
18
19
20
21
22
23
24
25
26
27
28
29
30
31
32
33
34
35
36
37
38
39
40
41
42
43
44
45
46
47
48
49
Epoch:70~Dataset:pubmed~Supermask:[5, 6, 8, 12, 3, 2, 8, 3]
result as
{'accu': 0.507, 'time': 4.447126626968384, 'num_params': 86360}
time long:514.2787358760834

controller configures over, waiting for connect request from clients
controller broadcasts datasetname:pubmed over
controller broadcasts model over
0
1
2
3
4
5
6
7
8
9
10
11
12
13
14
15
16
17
18
19
20
21
22
23
24
25
26
27
28
29
30
31
32
33
34
35
36
37
38
39
40
41
42
43
44
45
46
47
48
49
Epoch:71~Dataset:pubmed~Supermask:[3, 7, 9, 8, 3, 4, 4, 4]
result as
{'accu': 0.18, 'time': 4.912058591842651, 'num_params': 86360}
time long:515.0008497238159

controller configures over, waiting for connect request from clients
controller broadcasts datasetname:pubmed over
controller broadcasts model over
0
1
2
3
4
5
6
7
8
9
10
11
12
13
14
15
16
17
18
19
20
21
22
23
24
25
26
27
28
29
30
31
32
33
34
35
36
37
38
39
40
41
42
43
44
45
46
47
48
49
Epoch:72~Dataset:pubmed~Supermask:[1, 1, 4, 8, 1, 5, 11, 3]
result as
{'accu': 0.464, 'time': 4.361042261123657, 'num_params': 86360}
time long:508.5094246864319

controller configures over, waiting for connect request from clients
controller broadcasts datasetname:pubmed over
controller broadcasts model over
0
1
2
3
4
5
6
7
8
9
10
11
12
13
14
15
16
17
18
19
20
21
22
23
24
25
26
27
28
29
30
31
32
33
34
35
36
37
38
39
40
41
42
43
44
45
46
47
48
49
Epoch:73~Dataset:pubmed~Supermask:[4, 7, 7, 6, 7, 8, 5, 3]
result as
{'accu': 0.47100000000000003, 'time': 4.271979808807373, 'num_params': 86360}
time long:510.72394824028015

controller configures over, waiting for connect request from clients
controller broadcasts datasetname:pubmed over
controller broadcasts model over
0
1
2
3
4
5
6
7
8
9
10
11
12
13
14
15
16
17
18
19
20
21
22
23
24
25
26
27
28
29
30
31
32
33
34
35
36
37
38
39
40
41
42
43
44
45
46
47
48
49
Epoch:74~Dataset:pubmed~Supermask:[5, 11, 6, 3, 3, 10, 4, 3]
result as
{'accu': 0.42100000000000004, 'time': 5.8652729988098145, 'num_params': 86360}
time long:522.8089983463287

controller configures over, waiting for connect request from clients
controller broadcasts datasetname:pubmed over
controller broadcasts model over
0
1
2
3
4
5
6
7
8
9
10
11
12
13
14
15
16
17
18
19
20
21
22
23
24
25
26
27
28
29
30
31
32
33
34
35
36
37
38
39
40
41
42
43
44
45
46
47
48
49
Epoch:75~Dataset:pubmed~Supermask:[5, 0, 8, 4, 6, 12, 1, 4]
result as
{'accu': 0.415, 'time': 4.403934955596924, 'num_params': 86360}
time long:537.3553867340088

controller configures over, waiting for connect request from clients
controller broadcasts datasetname:pubmed over
controller broadcasts model over
0
1
2
3
4
5
6
7
8
9
10
11
12
13
14
15
16
17
18
19
20
21
22
23
24
25
26
27
28
29
30
31
32
33
34
35
36
37
38
39
40
41
42
43
44
45
46
47
48
49
Epoch:76~Dataset:pubmed~Supermask:[1, 5, 7, 10, 11, 1, 1, 1]
result as
{'accu': 0.40700000000000003, 'time': 4.592955112457275, 'num_params': 86360}
time long:529.5033388137817

controller configures over, waiting for connect request from clients
controller broadcasts datasetname:pubmed over
controller broadcasts model over
0
1
2
3
4
5
6
7
8
9
10
11
12
13
14
15
16
17
18
19
20
21
22
23
24
25
26
27
28
29
30
31
32
33
34
35
36
37
38
39
40
41
42
43
44
45
46
47
48
49
Epoch:77~Dataset:pubmed~Supermask:[2, 0, 11, 12, 2, 0, 7, 5]
result as
{'accu': 0.541, 'time': 4.805021286010742, 'num_params': 86360}
time long:512.4121582508087

controller configures over, waiting for connect request from clients
controller broadcasts datasetname:pubmed over
controller broadcasts model over
0
1
2
3
4
5
6
7
8
9
10
11
12
13
14
15
16
17
18
19
20
21
22
23
24
25
26
27
28
29
30
31
32
33
34
35
36
37
38
39
40
41
42
43
44
45
46
47
48
49
Epoch:78~Dataset:pubmed~Supermask:[4, 8, 8, 8, 2, 12, 8, 3]
result as
{'accu': 0.28200000000000003, 'time': 4.562656402587891, 'num_params': 86360}
time long:524.4181530475616

controller configures over, waiting for connect request from clients
controller broadcasts datasetname:pubmed over
controller broadcasts model over
0
1
2
3
4
5
6
7
8
9
10
11
12
13
14
15
16
17
18
19
20
21
22
23
24
25
26
27
28
29
30
31
32
33
34
35
36
37
38
39
40
41
42
43
44
45
46
47
48
49
Epoch:79~Dataset:pubmed~Supermask:[3, 4, 2, 0, 9, 2, 10, 4]
result as
{'accu': 0.425, 'time': 4.56340217590332, 'num_params': 86360}
time long:540.3892476558685

controller configures over, waiting for connect request from clients
controller broadcasts datasetname:pubmed over
controller broadcasts model over
0
1
2
3
4
5
6
7
8
9
10
11
12
13
14
15
16
17
18
19
20
21
22
23
24
25
26
27
28
29
30
31
32
33
34
35
36
37
38
39
40
41
42
43
44
45
46
47
48
49
Epoch:80~Dataset:pubmed~Supermask:[4, 3, 11, 9, 4, 0, 3, 1]
result as
{'accu': 0.41900000000000004, 'time': 4.835278272628784, 'num_params': 86360}
time long:521.340224981308

controller configures over, waiting for connect request from clients
controller broadcasts datasetname:pubmed over
controller broadcasts model over
0
1
2
3
4
5
6
7
8
9
10
11
12
13
14
15
16
17
18
19
20
21
22
23
24
25
26
27
28
29
30
31
32
33
34
35
36
37
38
39
40
41
42
43
44
45
46
47
48
49
Epoch:81~Dataset:pubmed~Supermask:[3, 1, 4, 11, 12, 0, 9, 4]
result as
{'accu': 0.40299999999999997, 'time': 5.084070444107056, 'num_params': 86360}
time long:542.3823218345642

controller configures over, waiting for connect request from clients
controller broadcasts datasetname:pubmed over
controller broadcasts model over
0
1
2
3
4
5
6
7
8
9
10
11
12
13
14
15
16
17
18
19
20
21
22
23
24
25
26
27
28
29
30
31
32
33
34
35
36
37
38
39
40
41
42
43
44
45
46
47
48
49
Epoch:82~Dataset:pubmed~Supermask:[5, 3, 9, 12, 11, 2, 5, 1]
result as
{'accu': 0.28800000000000003, 'time': 4.631622552871704, 'num_params': 86360}
time long:556.4528167247772

controller configures over, waiting for connect request from clients
controller broadcasts datasetname:pubmed over
controller broadcasts model over
0
1
2
3
4
5
6
7
8
9
10
11
12
13
14
15
16
17
18
19
20
21
22
23
24
25
26
27
28
29
30
31
32
33
34
35
36
37
38
39
40
41
42
43
44
45
46
47
48
49
Epoch:83~Dataset:pubmed~Supermask:[4, 2, 11, 11, 4, 1, 5, 2]
result as
{'accu': 0.41800000000000004, 'time': 4.606118202209473, 'num_params': 86360}
time long:517.5324065685272

controller configures over, waiting for connect request from clients
controller broadcasts datasetname:pubmed over
controller broadcasts model over
0
1
2
3
4
5
6
7
8
9
10
11
12
13
14
15
16
17
18
19
20
21
22
23
24
25
26
27
28
29
30
31
32
33
34
35
36
37
38
39
40
41
42
43
44
45
46
47
48
49
Epoch:84~Dataset:pubmed~Supermask:[2, 10, 10, 6, 11, 9, 1, 5]
result as
{'accu': 0.409, 'time': 4.63203763961792, 'num_params': 86360}
time long:537.9989125728607

controller configures over, waiting for connect request from clients
controller broadcasts datasetname:pubmed over
controller broadcasts model over
0
1
2
3
4
5
6
7
8
9
10
11
12
13
14
15
16
17
18
19
20
21
22
23
24
25
26
27
28
29
30
31
32
33
34
35
36
37
38
39
40
41
42
43
44
45
46
47
48
49
Epoch:85~Dataset:pubmed~Supermask:[5, 9, 4, 11, 2, 0, 4, 5]
result as
{'accu': 0.398, 'time': 4.807917594909668, 'num_params': 86360}
time long:528.1472933292389

controller configures over, waiting for connect request from clients
controller broadcasts datasetname:pubmed over
controller broadcasts model over
0
1
2
3
4
5
6
7
8
9
10
11
12
13
14
15
16
17
18
19
20
21
22
23
24
25
26
27
28
29
30
31
32
33
34
35
36
37
38
39
40
41
42
43
44
45
46
47
48
49
Epoch:86~Dataset:pubmed~Supermask:[3, 4, 11, 3, 11, 9, 7, 3]
result as
{'accu': 0.42900000000000005, 'time': 4.715280294418335, 'num_params': 86360}
time long:518.8750183582306

controller configures over, waiting for connect request from clients
controller broadcasts datasetname:pubmed over
controller broadcasts model over
0
1
2
3
4
5
6
7
8
9
10
11
12
13
14
15
16
17
18
19
20
21
22
23
24
25
26
27
28
29
30
31
32
33
34
35
36
37
38
39
40
41
42
43
44
45
46
47
48
49
Epoch:87~Dataset:pubmed~Supermask:[1, 2, 7, 6, 5, 7, 7, 4]
result as
{'accu': 0.548, 'time': 4.754324913024902, 'num_params': 86360}
time long:502.0018491744995

controller configures over, waiting for connect request from clients
controller broadcasts datasetname:pubmed over
controller broadcasts model over
0
1
2
3
4
5
6
7
8
9
10
11
12
13
14
15
16
17
18
19
20
21
22
23
24
25
26
27
28
29
30
31
32
33
34
35
36
37
38
39
40
41
42
43
44
45
46
47
48
49
Epoch:88~Dataset:pubmed~Supermask:[4, 0, 5, 9, 12, 8, 8, 1]
result as
{'accu': 0.407, 'time': 4.215520620346069, 'num_params': 86360}
time long:515.2943425178528

controller configures over, waiting for connect request from clients
controller broadcasts datasetname:pubmed over
controller broadcasts model over
0
1
2
3
4
5
6
7
8
9
10
11
12
13
14
15
16
17
18
19
20
21
22
23
24
25
26
27
28
29
30
31
32
33
34
35
36
37
38
39
40
41
42
43
44
45
46
47
48
49
Epoch:89~Dataset:pubmed~Supermask:[3, 8, 5, 5, 2, 5, 1, 1]
result as
{'accu': 0.299, 'time': 4.66262412071228, 'num_params': 86360}
time long:519.6068596839905

controller configures over, waiting for connect request from clients
controller broadcasts datasetname:pubmed over
controller broadcasts model over
0
1
2
3
4
5
6
7
8
9
10
11
12
13
14
15
16
17
18
19
20
21
22
23
24
25
26
27
28
29
30
31
32
33
34
35
36
37
38
39
40
41
42
43
44
45
46
47
48
49
Epoch:90~Dataset:pubmed~Supermask:[5, 3, 5, 2, 12, 11, 4, 1]
result as
{'accu': 0.402, 'time': 4.789275407791138, 'num_params': 86360}
time long:523.5834491252899

controller configures over, waiting for connect request from clients
controller broadcasts datasetname:pubmed over
controller broadcasts model over
0
1
2
3
4
5
6
7
8
9
10
11
12
13
14
15
16
17
18
19
20
21
22
23
24
25
26
27
28
29
30
31
32
33
34
35
36
37
38
39
40
41
42
43
44
45
46
47
48
49
Epoch:91~Dataset:pubmed~Supermask:[4, 5, 1, 5, 3, 2, 0, 5]
result as
{'accu': 0.41300000000000003, 'time': 4.54389762878418, 'num_params': 86360}
time long:513.1409027576447

controller configures over, waiting for connect request from clients
controller broadcasts datasetname:pubmed over
controller broadcasts model over
0
1
2
3
4
5
6
7
8
9
10
11
12
13
14
15
16
17
18
19
20
21
22
23
24
25
26
27
28
29
30
31
32
33
34
35
36
37
38
39
40
41
42
43
44
45
46
47
48
49
Epoch:92~Dataset:pubmed~Supermask:[3, 6, 2, 11, 5, 11, 4, 2]
result as
{'accu': 0.541, 'time': 4.661703824996948, 'num_params': 86360}
time long:518.8913440704346

controller configures over, waiting for connect request from clients
controller broadcasts datasetname:pubmed over
controller broadcasts model over
0
1
2
3
4
5
6
7
8
9
10
11
12
13
14
15
16
17
18
19
20
21
22
23
24
25
26
27
28
29
30
31
32
33
34
35
36
37
38
39
40
41
42
43
44
45
46
47
48
49
Epoch:93~Dataset:pubmed~Supermask:[2, 5, 12, 9, 8, 10, 6, 4]
result as
{'accu': 0.42500000000000004, 'time': 4.81065821647644, 'num_params': 86360}
time long:547.652391910553

controller configures over, waiting for connect request from clients
controller broadcasts datasetname:pubmed over
controller broadcasts model over
0
1
2
3
4
5
6
7
8
9
10
11
12
13
14
15
16
17
18
19
20
21
22
23
24
25
26
27
28
29
30
31
32
33
34
35
36
37
38
39
40
41
42
43
44
45
46
47
48
49
Epoch:94~Dataset:pubmed~Supermask:[4, 10, 5, 8, 3, 3, 12, 1]
result as
{'accu': 0.40700000000000003, 'time': 4.87419867515564, 'num_params': 86360}
time long:544.62793135643

controller configures over, waiting for connect request from clients
controller broadcasts datasetname:pubmed over
controller broadcasts model over
0
1
2
3
4
5
6
7
8
9
10
11
12
13
14
15
16
17
18
19
20
21
22
23
24
25
26
27
28
29
30
31
32
33
34
35
36
37
38
39
40
41
42
43
44
45
46
47
48
49
Epoch:95~Dataset:pubmed~Supermask:[4, 3, 6, 12, 5, 10, 7, 1]
result as
{'accu': 0.409, 'time': 4.6190056800842285, 'num_params': 86360}
time long:523.6536602973938

controller configures over, waiting for connect request from clients
controller broadcasts datasetname:pubmed over
controller broadcasts model over
0
1
2
3
4
5
6
7
8
9
10
11
12
13
14
15
16
17
18
19
20
21
22
23
24
25
26
27
28
29
30
31
32
33
34
35
36
37
38
39
40
41
42
43
44
45
46
47
48
49
Epoch:96~Dataset:pubmed~Supermask:[4, 2, 9, 9, 9, 9, 2, 1]
result as
{'accu': 0.407, 'time': 5.856878757476807, 'num_params': 86360}
time long:501.68921542167664

controller configures over, waiting for connect request from clients
controller broadcasts datasetname:pubmed over
controller broadcasts model over
0
1
2
3
4
5
6
7
8
9
10
11
12
13
14
15
16
17
18
19
20
21
22
23
24
25
26
27
28
29
30
31
32
33
34
35
36
37
38
39
40
41
42
43
44
45
46
47
48
49
Epoch:97~Dataset:pubmed~Supermask:[2, 6, 2, 12, 8, 10, 9, 1]
result as
{'accu': 0.269, 'time': 4.3939666748046875, 'num_params': 86360}
time long:526.11465883255

controller configures over, waiting for connect request from clients
controller broadcasts datasetname:pubmed over
controller broadcasts model over
0
1
2
3
4
5
6
7
8
9
10
11
12
13
14
15
16
17
18
19
20
21
22
23
24
25
26
27
28
29
30
31
32
33
34
35
36
37
38
39
40
41
42
43
44
45
46
47
48
49
Epoch:98~Dataset:pubmed~Supermask:[1, 6, 6, 9, 5, 0, 3, 4]
result as
{'accu': 0.247, 'time': 4.775924444198608, 'num_params': 86360}
time long:524.5731067657471

controller configures over, waiting for connect request from clients
controller broadcasts datasetname:pubmed over
controller broadcasts model over
0
1
2
3
4
5
6
7
8
9
10
11
12
13
14
15
16
17
18
19
20
21
22
23
24
25
26
27
28
29
30
31
32
33
34
35
36
37
38
39
40
41
42
43
44
45
46
47
48
49
Epoch:99~Dataset:pubmed~Supermask:[4, 9, 0, 6, 6, 10, 6, 2]
result as
{'accu': 0.417, 'time': 4.731725454330444, 'num_params': 86360}
time long:529.1994762420654

controller configures over, waiting for connect request from clients
controller broadcasts datasetname:pubmed over
controller broadcasts model over
0
1
2
3
4
5
6
7
8
9
10
11
12
13
14
15
16
17
18
19
20
21
22
23
24
25
26
27
28
29
30
31
32
33
34
35
36
37
38
39
40
41
42
43
44
45
46
47
48
49
Epoch:100~Dataset:pubmed~Supermask:[3, 5, 5, 8, 1, 11, 5, 4]
result as
{'accu': 0.484, 'time': 4.55258321762085, 'num_params': 86360}
time long:520.0237460136414

controller configures over, waiting for connect request from clients
controller broadcasts datasetname:pubmed over
controller broadcasts model over
0
1
2
3
4
5
6
7
8
9
10
11
12
13
14
15
16
17
18
19
20
21
22
23
24
25
26
27
28
29
30
31
32
33
34
35
36
37
38
39
40
41
42
43
44
45
46
47
48
49
Epoch:101~Dataset:pubmed~Supermask:[2, 3, 0, 12, 8, 3, 4, 5]
result as
{'accu': 0.537, 'time': 5.343022108078003, 'num_params': 86360}
time long:526.2900636196136

controller configures over, waiting for connect request from clients
controller broadcasts datasetname:pubmed over
controller broadcasts model over
0
1
2
3
4
5
6
7
8
9
10
11
12
13
14
15
16
17
18
19
20
21
22
23
24
25
26
27
28
29
30
31
32
33
34
35
36
37
38
39
40
41
42
43
44
45
46
47
48
49
Epoch:102~Dataset:pubmed~Supermask:[1, 2, 9, 6, 7, 11, 3, 2]
result as
{'accu': 0.41300000000000003, 'time': 5.284534215927124, 'num_params': 86360}
time long:539.175873041153

controller configures over, waiting for connect request from clients
controller broadcasts datasetname:pubmed over
controller broadcasts model over
0
1
2
3
4
5
6
7
8
9
10
11
12
13
14
15
16
17
18
19
20
21
22
23
24
25
26
27
28
29
30
31
32
33
34
35
36
37
38
39
40
41
42
43
44
45
46
47
48
49
Epoch:103~Dataset:pubmed~Supermask:[3, 9, 5, 1, 8, 2, 1, 4]
result as
{'accu': 0.485, 'time': 4.705333709716797, 'num_params': 86360}
time long:531.1439816951752

controller configures over, waiting for connect request from clients
controller broadcasts datasetname:pubmed over
controller broadcasts model over
0
1
2
3
4
5
6
7
8
9
10
11
12
13
14
15
16
17
18
19
20
21
22
23
24
25
26
27
28
29
30
31
32
33
34
35
36
37
38
39
40
41
42
43
44
45
46
47
48
49
Epoch:104~Dataset:pubmed~Supermask:[4, 7, 3, 3, 9, 0, 4, 2]
result as
{'accu': 0.5489999999999999, 'time': 4.673328161239624, 'num_params': 86360}
time long:539.5172798633575

controller configures over, waiting for connect request from clients
controller broadcasts datasetname:pubmed over
controller broadcasts model over
0
1
2
3
4
5
6
7
8
9
10
11
12
13
14
15
16
17
18
19
20
21
22
23
24
25
26
27
28
29
30
31
32
33
34
35
36
37
38
39
40
41
42
43
44
45
46
47
48
49
Epoch:105~Dataset:pubmed~Supermask:[3, 4, 1, 9, 8, 8, 0, 3]
result as
{'accu': 0.40700000000000003, 'time': 4.669334173202515, 'num_params': 86360}
time long:521.0027132034302

controller configures over, waiting for connect request from clients
controller broadcasts datasetname:pubmed over
controller broadcasts model over
0
1
2
3
4
5
6
7
8
9
10
11
12
13
14
15
16
17
18
19
20
21
22
23
24
25
26
27
28
29
30
31
32
33
34
35
36
37
38
39
40
41
42
43
44
45
46
47
48
49
Epoch:106~Dataset:pubmed~Supermask:[4, 6, 3, 5, 5, 1, 1, 2]
result as
{'accu': 0.40700000000000003, 'time': 4.760937690734863, 'num_params': 86360}
time long:540.6687948703766

controller configures over, waiting for connect request from clients
controller broadcasts datasetname:pubmed over
controller broadcasts model over
0
1
2
3
4
5
6
7
8
9
10
11
12
13
14
15
16
17
18
19
20
21
22
23
24
25
26
27
28
29
30
31
32
33
34
35
36
37
38
39
40
41
42
43
44
45
46
47
48
49
Epoch:107~Dataset:pubmed~Supermask:[2, 1, 9, 7, 0, 6, 5, 4]
result as
{'accu': 0.403, 'time': 4.671504497528076, 'num_params': 86360}
time long:542.4876146316528

controller configures over, waiting for connect request from clients
controller broadcasts datasetname:pubmed over
controller broadcasts model over
0
1
2
3
4
5
6
7
8
9
10
11
12
13
14
15
16
17
18
19
20
21
22
23
24
25
26
27
28
29
30
31
32
33
34
35
36
37
38
39
40
41
42
43
44
45
46
47
48
49
Epoch:108~Dataset:pubmed~Supermask:[1, 3, 5, 12, 4, 10, 6, 3]
result as
{'accu': 0.403, 'time': 4.87816047668457, 'num_params': 86360}
time long:544.7466421127319

controller configures over, waiting for connect request from clients
controller broadcasts datasetname:pubmed over
controller broadcasts model over
0
1
2
3
4
5
6
7
8
9
10
11
12
13
14
15
16
17
18
19
20
21
22
23
24
25
26
27
28
29
30
31
32
33
34
35
36
37
38
39
40
41
42
43
44
45
46
47
48
49
Epoch:109~Dataset:pubmed~Supermask:[4, 11, 3, 7, 9, 11, 4, 5]
result as
{'accu': 0.415, 'time': 4.861724376678467, 'num_params': 86360}
time long:532.4817681312561

controller configures over, waiting for connect request from clients
controller broadcasts datasetname:pubmed over
controller broadcasts model over
0
1
2
3
4
5
6
7
8
9
10
11
12
13
14
15
16
17
18
19
20
21
22
23
24
25
26
27
28
29
30
31
32
33
34
35
36
37
38
39
40
41
42
43
44
45
46
47
48
49
Epoch:110~Dataset:pubmed~Supermask:[3, 1, 5, 1, 10, 11, 4, 4]
result as
{'accu': 0.41300000000000003, 'time': 4.670028209686279, 'num_params': 86360}
time long:524.8099908828735

controller configures over, waiting for connect request from clients
controller broadcasts datasetname:pubmed over
controller broadcasts model over
0
1
2
3
4
5
6
7
8
9
10
11
12
13
14
15
16
17
18
19
20
21
22
23
24
25
26
27
28
29
30
31
32
33
34
35
36
37
38
39
40
41
42
43
44
45
46
47
48
49
Epoch:111~Dataset:pubmed~Supermask:[4, 1, 9, 1, 3, 3, 9, 3]
result as
{'accu': 0.45999999999999996, 'time': 4.910623550415039, 'num_params': 86360}
time long:532.543426990509

controller configures over, waiting for connect request from clients
controller broadcasts datasetname:pubmed over
controller broadcasts model over
0
1
2
3
4
5
6
7
8
9
10
11
12
13
14
15
16
17
18
19
20
21
22
23
24
25
26
27
28
29
30
31
32
33
34
35
36
37
38
39
40
41
42
43
44
45
46
47
48
49
Epoch:112~Dataset:pubmed~Supermask:[3, 9, 12, 7, 5, 5, 11, 4]
result as
{'accu': 0.397, 'time': 4.842790365219116, 'num_params': 86360}
time long:549.7640814781189

controller configures over, waiting for connect request from clients
controller broadcasts datasetname:pubmed over
controller broadcasts model over
0
1
2
3
4
5
6
7
8
9
10
11
12
13
14
15
16
17
18
19
20
21
22
23
24
25
26
27
28
29
30
31
32
33
34
35
36
37
38
39
40
41
42
43
44
45
46
47
48
49
Epoch:113~Dataset:pubmed~Supermask:[2, 2, 1, 1, 2, 2, 3, 2]
result as
{'accu': 0.261, 'time': 4.384351968765259, 'num_params': 86360}
time long:529.7059721946716

controller configures over, waiting for connect request from clients
controller broadcasts datasetname:pubmed over
controller broadcasts model over
0
1
2
3
4
5
6
7
8
9
10
11
12
13
14
15
16
17
18
19
20
21
22
23
24
25
26
27
28
29
30
31
32
33
34
35
36
37
38
39
40
41
42
43
44
45
46
47
48
49
Epoch:114~Dataset:pubmed~Supermask:[4, 8, 12, 7, 8, 5, 9, 3]
result as
{'accu': 0.403, 'time': 4.5046608448028564, 'num_params': 86360}
time long:523.0945782661438

controller configures over, waiting for connect request from clients
controller broadcasts datasetname:pubmed over
controller broadcasts model over
0
1
2
3
4
5
6
7
8
9
10
11
12
13
14
15
16
17
18
19
20
21
22
23
24
25
26
27
28
29
30
31
32
33
34
35
36
37
38
39
40
41
42
43
44
45
46
47
48
49
Epoch:115~Dataset:pubmed~Supermask:[5, 3, 3, 12, 12, 11, 9, 4]
result as
{'accu': 0.408, 'time': 4.678025960922241, 'num_params': 86360}
time long:536.6345558166504

controller configures over, waiting for connect request from clients
controller broadcasts datasetname:pubmed over
controller broadcasts model over
0
1
2
3
4
5
6
7
8
9
10
11
12
13
14
15
16
17
18
19
20
21
22
23
24
25
26
27
28
29
30
31
32
33
34
35
36
37
38
39
40
41
42
43
44
45
46
47
48
49
Epoch:116~Dataset:pubmed~Supermask:[3, 2, 4, 12, 10, 7, 11, 1]
result as
{'accu': 0.512, 'time': 4.438530206680298, 'num_params': 86360}
time long:508.003604888916

controller configures over, waiting for connect request from clients
controller broadcasts datasetname:pubmed over
controller broadcasts model over
0
1
2
3
4
5
6
7
8
9
10
11
12
13
14
15
16
17
18
19
20
21
22
23
24
25
26
27
28
29
30
31
32
33
34
35
36
37
38
39
40
41
42
43
44
45
46
47
48
49
Epoch:117~Dataset:pubmed~Supermask:[2, 5, 9, 4, 1, 8, 12, 1]
result as
{'accu': 0.55, 'time': 4.427717208862305, 'num_params': 86360}
time long:521.7803590297699

controller configures over, waiting for connect request from clients
controller broadcasts datasetname:pubmed over
controller broadcasts model over
0
1
2
3
4
5
6
7
8
9
10
11
12
13
14
15
16
17
18
19
20
21
22
23
24
25
26
27
28
29
30
31
32
33
34
35
36
37
38
39
40
41
42
43
44
45
46
47
48
49
Epoch:118~Dataset:pubmed~Supermask:[4, 0, 1, 2, 10, 11, 10, 1]
result as
{'accu': 0.41600000000000004, 'time': 4.322526693344116, 'num_params': 86360}
time long:529.5429389476776

controller configures over, waiting for connect request from clients
controller broadcasts datasetname:pubmed over
controller broadcasts model over
0
1
2
3
4
5
6
7
8
9
10
11
12
13
14
15
16
17
18
19
20
21
22
23
24
25
26
27
28
29
30
31
32
33
34
35
36
37
38
39
40
41
42
43
44
45
46
47
48
49
Epoch:119~Dataset:pubmed~Supermask:[1, 2, 8, 1, 8, 3, 2, 1]
result as
{'accu': 0.40599999999999997, 'time': 4.233829021453857, 'num_params': 86360}
time long:514.7201972007751

controller configures over, waiting for connect request from clients
controller broadcasts datasetname:pubmed over
controller broadcasts model over
0
1
2
3
4
5
6
7
8
9
10
11
12
13
14
15
16
17
18
19
20
21
22
23
24
25
26
27
28
29
30
31
32
33
34
35
36
37
38
39
40
41
42
43
44
45
46
47
48
49
Epoch:120~Dataset:pubmed~Supermask:[2, 6, 8, 4, 9, 10, 12, 3]
result as
{'accu': 0.21, 'time': 6.004535436630249, 'num_params': 86360}
time long:531.506902217865

controller configures over, waiting for connect request from clients
controller broadcasts datasetname:pubmed over
controller broadcasts model over
0
1
2
3
4
5
6
7
8
9
10
11
12
13
14
15
16
17
18
19
20
21
22
23
24
25
26
27
28
29
30
31
32
33
34
35
36
37
38
39
40
41
42
43
44
45
46
47
48
49
Epoch:121~Dataset:pubmed~Supermask:[3, 8, 3, 12, 2, 12, 8, 2]
result as
{'accu': 0.3960000000000001, 'time': 4.329758405685425, 'num_params': 86360}
time long:528.9073729515076

controller configures over, waiting for connect request from clients
controller broadcasts datasetname:pubmed over
controller broadcasts model over
0
1
2
3
4
5
6
7
8
9
10
11
12
13
14
15
16
17
18
19
20
21
22
23
24
25
26
27
28
29
30
31
32
33
34
35
36
37
38
39
40
41
42
43
44
45
46
47
48
49
Epoch:122~Dataset:pubmed~Supermask:[1, 0, 1, 1, 8, 11, 0, 4]
result as
{'accu': 0.41400000000000003, 'time': 4.748857021331787, 'num_params': 86360}
time long:521.479234457016

controller configures over, waiting for connect request from clients
controller broadcasts datasetname:pubmed over
controller broadcasts model over
0
1
2
3
4
5
6
7
8
9
10
11
12
13
14
15
16
17
18
19
20
21
22
23
24
25
26
27
28
29
30
31
32
33
34
35
36
37
38
39
40
41
42
43
44
45
46
47
48
49
Epoch:123~Dataset:pubmed~Supermask:[1, 11, 1, 10, 0, 3, 3, 4]
result as
{'accu': 0.5449999999999999, 'time': 5.929351806640625, 'num_params': 86360}
time long:538.534786939621

controller configures over, waiting for connect request from clients
controller broadcasts datasetname:pubmed over
controller broadcasts model over
0
1
2
3
4
5
6
7
8
9
10
11
12
13
14
15
16
17
18
19
20
21
22
23
24
25
26
27
28
29
30
31
32
33
34
35
36
37
38
39
40
41
42
43
44
45
46
47
48
49
Epoch:124~Dataset:pubmed~Supermask:[5, 4, 7, 7, 2, 6, 1, 3]
result as
{'accu': 0.405, 'time': 4.69038987159729, 'num_params': 86360}
time long:526.8481600284576

controller configures over, waiting for connect request from clients
controller broadcasts datasetname:pubmed over
controller broadcasts model over
0
1
2
3
4
5
6
7
8
9
10
11
12
13
14
15
16
17
18
19
20
21
22
23
24
25
26
27
28
29
30
31
32
33
34
35
36
37
38
39
40
41
42
43
44
45
46
47
48
49
Epoch:125~Dataset:pubmed~Supermask:[2, 10, 10, 7, 11, 10, 5, 1]
result as
{'accu': 0.519, 'time': 5.859485626220703, 'num_params': 86360}
time long:527.4972112178802

controller configures over, waiting for connect request from clients
controller broadcasts datasetname:pubmed over
controller broadcasts model over
0
1
2
3
4
5
6
7
8
9
10
11
12
13
14
15
16
17
18
19
20
21
22
23
24
25
26
27
28
29
30
31
32
33
34
35
36
37
38
39
40
41
42
43
44
45
46
47
48
49
Epoch:126~Dataset:pubmed~Supermask:[2, 5, 3, 3, 8, 5, 9, 4]
result as
{'accu': 0.502, 'time': 4.310850381851196, 'num_params': 86360}
time long:524.8495373725891

controller configures over, waiting for connect request from clients
controller broadcasts datasetname:pubmed over
controller broadcasts model over
0
1
2
3
4
5
6
7
8
9
10
11
12
13
14
15
16
17
18
19
20
21
22
23
24
25
26
27
28
29
30
31
32
33
34
35
36
37
38
39
40
41
42
43
44
45
46
47
48
49
Epoch:127~Dataset:pubmed~Supermask:[5, 1, 0, 1, 6, 12, 2, 2]
result as
{'accu': 0.452, 'time': 4.760930776596069, 'num_params': 86360}
time long:525.1853358745575

controller configures over, waiting for connect request from clients
controller broadcasts datasetname:pubmed over
controller broadcasts model over
0
1
2
3
4
5
6
7
8
9
10
11
12
13
14
15
16
17
18
19
20
21
22
23
24
25
26
27
28
29
30
31
32
33
34
35
36
37
38
39
40
41
42
43
44
45
46
47
48
49
Epoch:128~Dataset:pubmed~Supermask:[3, 1, 11, 10, 6, 4, 9, 1]
result as
{'accu': 0.41899999999999993, 'time': 4.28706693649292, 'num_params': 86360}
time long:514.5261912345886

controller configures over, waiting for connect request from clients
controller broadcasts datasetname:pubmed over
controller broadcasts model over
0
1
2
3
4
5
6
7
8
9
10
11
12
13
14
15
16
17
18
19
20
21
22
23
24
25
26
27
28
29
30
31
32
33
34
35
36
37
38
39
40
41
42
43
44
45
46
47
48
49
Epoch:129~Dataset:pubmed~Supermask:[5, 0, 1, 12, 0, 0, 0, 4]
result as
{'accu': 0.405, 'time': 4.519345283508301, 'num_params': 86360}
time long:500.97080063819885

controller configures over, waiting for connect request from clients
controller broadcasts datasetname:pubmed over
controller broadcasts model over
0
1
2
3
4
5
6
7
8
9
10
11
12
13
14
15
16
17
18
19
20
21
22
23
24
25
26
27
28
29
30
31
32
33
34
35
36
37
38
39
40
41
42
43
44
45
46
47
48
49
Epoch:130~Dataset:pubmed~Supermask:[2, 2, 2, 4, 10, 8, 5, 5]
result as
{'accu': 0.496, 'time': 4.912178993225098, 'num_params': 86360}
time long:552.5223746299744

controller configures over, waiting for connect request from clients
controller broadcasts datasetname:pubmed over
controller broadcasts model over
0
1
2
3
4
5
6
7
8
9
10
11
12
13
14
15
16
17
18
19
20
21
22
23
24
25
26
27
28
29
30
31
32
33
34
35
36
37
38
39
40
41
42
43
44
45
46
47
48
49
Epoch:131~Dataset:pubmed~Supermask:[1, 1, 10, 2, 2, 9, 3, 4]
result as
{'accu': 0.427, 'time': 4.871304750442505, 'num_params': 86360}
time long:537.26642370224

controller configures over, waiting for connect request from clients
controller broadcasts datasetname:pubmed over
controller broadcasts model over
0
1
2
3
4
5
6
7
8
9
10
11
12
13
14
15
16
17
18
19
20
21
22
23
24
25
26
27
28
29
30
31
32
33
34
35
36
37
38
39
40
41
42
43
44
45
46
47
48
49
Epoch:132~Dataset:pubmed~Supermask:[1, 0, 10, 6, 10, 3, 1, 2]
result as
{'accu': 0.404, 'time': 4.578851938247681, 'num_params': 86360}
time long:537.5179681777954

controller configures over, waiting for connect request from clients
controller broadcasts datasetname:pubmed over
controller broadcasts model over
0
1
2
3
4
5
6
7
8
9
10
11
12
13
14
15
16
17
18
19
20
21
22
23
24
25
26
27
28
29
30
31
32
33
34
35
36
37
38
39
40
41
42
43
44
45
46
47
48
49
Epoch:133~Dataset:pubmed~Supermask:[4, 1, 12, 1, 5, 9, 0, 3]
result as
{'accu': 0.299, 'time': 4.76969575881958, 'num_params': 86360}
time long:516.951817035675

controller configures over, waiting for connect request from clients
controller broadcasts datasetname:pubmed over
controller broadcasts model over
0
1
2
3
4
5
6
7
8
9
10
11
12
13
14
15
16
17
18
19
20
21
22
23
24
25
26
27
28
29
30
31
32
33
34
35
36
37
38
39
40
41
42
43
44
45
46
47
48
49
Epoch:134~Dataset:pubmed~Supermask:[5, 4, 0, 10, 9, 11, 5, 3]
result as
{'accu': 0.424, 'time': 4.764851808547974, 'num_params': 86360}
time long:534.1306822299957

controller configures over, waiting for connect request from clients
controller broadcasts datasetname:pubmed over
controller broadcasts model over
0
1
2
3
4
5
6
7
8
9
10
11
12
13
14
15
16
17
18
19
20
21
22
23
24
25
26
27
28
29
30
31
32
33
34
35
36
37
38
39
40
41
42
43
44
45
46
47
48
49
Epoch:135~Dataset:pubmed~Supermask:[1, 0, 1, 12, 4, 9, 11, 2]
result as
{'accu': 0.425, 'time': 4.256267309188843, 'num_params': 86360}
time long:525.5793583393097

controller configures over, waiting for connect request from clients
controller broadcasts datasetname:pubmed over
controller broadcasts model over
0
1
2
3
4
5
6
7
8
9
10
11
12
13
14
15
16
17
18
19
20
21
22
23
24
25
26
27
28
29
30
31
32
33
34
35
36
37
38
39
40
41
42
43
44
45
46
47
48
49
Epoch:136~Dataset:pubmed~Supermask:[4, 8, 0, 4, 9, 5, 0, 2]
result as
{'accu': 0.407, 'time': 4.372059106826782, 'num_params': 86360}
time long:528.8359363079071

controller configures over, waiting for connect request from clients
controller broadcasts datasetname:pubmed over
controller broadcasts model over
0
1
2
3
4
5
6
7
8
9
10
11
12
13
14
15
16
17
18
19
20
21
22
23
24
25
26
27
28
29
30
31
32
33
34
35
36
37
38
39
40
41
42
43
44
45
46
47
48
49
Epoch:137~Dataset:pubmed~Supermask:[4, 10, 6, 6, 9, 0, 0, 5]
result as
{'accu': 0.41300000000000003, 'time': 4.342377424240112, 'num_params': 86360}
time long:527.2844591140747

controller configures over, waiting for connect request from clients
controller broadcasts datasetname:pubmed over
controller broadcasts model over
0
1
2
3
4
5
6
7
8
9
10
11
12
13
14
15
16
17
18
19
20
21
22
23
24
25
26
27
28
29
30
31
32
33
34
35
36
37
38
39
40
41
42
43
44
45
46
47
48
49
Epoch:138~Dataset:pubmed~Supermask:[2, 11, 10, 8, 1, 9, 9, 2]
result as
{'accu': 0.397, 'time': 4.757418155670166, 'num_params': 86360}
time long:545.5889723300934

controller configures over, waiting for connect request from clients
controller broadcasts datasetname:pubmed over
controller broadcasts model over
0
1
2
3
4
5
6
7
8
9
10
11
12
13
14
15
16
17
18
19
20
21
22
23
24
25
26
27
28
29
30
31
32
33
34
35
36
37
38
39
40
41
42
43
44
45
46
47
48
49
Epoch:139~Dataset:pubmed~Supermask:[1, 5, 4, 10, 5, 9, 12, 1]
result as
{'accu': 0.415, 'time': 5.087376356124878, 'num_params': 86360}
time long:536.2057454586029

controller configures over, waiting for connect request from clients
controller broadcasts datasetname:pubmed over
controller broadcasts model over
0
1
2
3
4
5
6
7
8
9
10
11
12
13
14
15
16
17
18
19
20
21
22
23
24
25
26
27
28
29
30
31
32
33
34
35
36
37
38
39
40
41
42
43
44
45
46
47
48
49
Epoch:140~Dataset:pubmed~Supermask:[1, 8, 3, 5, 10, 12, 9, 1]
result as
{'accu': 0.404, 'time': 4.654301166534424, 'num_params': 86360}
time long:538.8061628341675

controller configures over, waiting for connect request from clients
controller broadcasts datasetname:pubmed over
controller broadcasts model over
0
1
2
3
4
5
6
7
8
9
10
11
12
13
14
15
16
17
18
19
20
21
22
23
24
25
26
27
28
29
30
31
32
33
34
35
36
37
38
39
40
41
42
43
44
45
46
47
48
49
Epoch:141~Dataset:pubmed~Supermask:[4, 6, 9, 3, 8, 3, 1, 1]
result as
{'accu': 0.41900000000000004, 'time': 4.083618640899658, 'num_params': 86360}
time long:510.0359025001526

controller configures over, waiting for connect request from clients
controller broadcasts datasetname:pubmed over
controller broadcasts model over
0
1
2
3
4
5
6
7
8
9
10
11
12
13
14
15
16
17
18
19
20
21
22
23
24
25
26
27
28
29
30
31
32
33
34
35
36
37
38
39
40
41
42
43
44
45
46
47
48
49
Epoch:142~Dataset:pubmed~Supermask:[2, 2, 0, 10, 9, 10, 7, 1]
result as
{'accu': 0.424, 'time': 4.8286073207855225, 'num_params': 86360}
time long:541.2963831424713

controller configures over, waiting for connect request from clients
controller broadcasts datasetname:pubmed over
controller broadcasts model over
0
1
2
3
4
5
6
7
8
9
10
11
12
13
14
15
16
17
18
19
20
21
22
23
24
25
26
27
28
29
30
31
32
33
34
35
36
37
38
39
40
41
42
43
44
45
46
47
48
49
Epoch:143~Dataset:pubmed~Supermask:[2, 7, 2, 10, 4, 7, 5, 3]
result as
{'accu': 0.539, 'time': 4.3112664222717285, 'num_params': 86360}
time long:511.5259394645691

controller configures over, waiting for connect request from clients
controller broadcasts datasetname:pubmed over
controller broadcasts model over
0
1
2
3
4
5
6
7
8
9
10
11
12
13
14
15
16
17
18
19
20
21
22
23
24
25
26
27
28
29
30
31
32
33
34
35
36
37
38
39
40
41
42
43
44
45
46
47
48
49
Epoch:144~Dataset:pubmed~Supermask:[3, 0, 3, 12, 2, 9, 1, 2]
result as
{'accu': 0.18, 'time': 4.608621597290039, 'num_params': 86360}
time long:523.2637956142426

controller configures over, waiting for connect request from clients
controller broadcasts datasetname:pubmed over
controller broadcasts model over
0
1
2
3
4
5
6
7
8
9
10
11
12
13
14
15
16
17
18
19
20
21
22
23
24
25
26
27
28
29
30
31
32
33
34
35
36
37
38
39
40
41
42
43
44
45
46
47
48
49
Epoch:145~Dataset:pubmed~Supermask:[1, 7, 5, 12, 6, 5, 10, 4]
result as
{'accu': 0.496, 'time': 4.741151332855225, 'num_params': 86360}
time long:528.1949305534363

controller configures over, waiting for connect request from clients
controller broadcasts datasetname:pubmed over
controller broadcasts model over
0
1
2
3
4
5
6
7
8
9
10
11
12
13
14
15
16
17
18
19
20
21
22
23
24
25
26
27
28
29
30
31
32
33
34
35
36
37
38
39
40
41
42
43
44
45
46
47
48
49
Epoch:146~Dataset:pubmed~Supermask:[3, 2, 10, 4, 9, 7, 11, 3]
result as
{'accu': 0.41700000000000004, 'time': 4.527094602584839, 'num_params': 86360}
time long:528.4436600208282

controller configures over, waiting for connect request from clients
controller broadcasts datasetname:pubmed over
controller broadcasts model over
0
1
2
3
4
5
6
7
8
9
10
11
12
13
14
15
16
17
18
19
20
21
22
23
24
25
26
27
28
29
30
31
32
33
34
35
36
37
38
39
40
41
42
43
44
45
46
47
48
49
Epoch:147~Dataset:pubmed~Supermask:[1, 9, 9, 9, 3, 0, 3, 3]
result as
{'accu': 0.44499999999999995, 'time': 4.796935081481934, 'num_params': 86360}
time long:537.4157512187958

controller configures over, waiting for connect request from clients
controller broadcasts datasetname:pubmed over
controller broadcasts model over
0
1
2
3
4
5
6
7
8
9
10
11
12
13
14
15
16
17
18
19
20
21
22
23
24
25
26
27
28
29
30
31
32
33
34
35
36
37
38
39
40
41
42
43
44
45
46
47
48
49
Epoch:148~Dataset:pubmed~Supermask:[4, 7, 2, 2, 1, 7, 7, 4]
result as
{'accu': 0.458, 'time': 4.721783638000488, 'num_params': 86360}
time long:518.6102213859558

controller configures over, waiting for connect request from clients
controller broadcasts datasetname:pubmed over
controller broadcasts model over
0
1
2
3
4
5
6
7
8
9
10
11
12
13
14
15
16
17
18
19
20
21
22
23
24
25
26
27
28
29
30
31
32
33
34
35
36
37
38
39
40
41
42
43
44
45
46
47
48
49
Epoch:149~Dataset:pubmed~Supermask:[5, 4, 11, 10, 2, 8, 3, 5]
result as
{'accu': 0.407, 'time': 4.489556550979614, 'num_params': 86360}
time long:519.9872295856476

controller configures over, waiting for connect request from clients
controller broadcasts datasetname:pubmed over
controller broadcasts model over
0
1
2
3
4
5
6
7
8
9
10
11
12
13
14
15
16
17
18
19
20
21
22
23
24
25
26
27
28
29
30
31
32
33
34
35
36
37
38
39
40
41
42
43
44
45
46
47
48
49
Epoch:150~Dataset:pubmed~Supermask:[3, 5, 10, 12, 11, 1, 3, 5]
result as
{'accu': 0.41900000000000004, 'time': 4.850120306015015, 'num_params': 86360}
time long:528.4629158973694

controller configures over, waiting for connect request from clients
controller broadcasts datasetname:pubmed over
controller broadcasts model over
0
1
2
3
4
5
6
7
8
9
10
11
12
13
14
15
16
17
18
19
20
21
22
23
24
25
26
27
28
29
30
31
32
33
34
35
36
37
38
39
40
41
42
43
44
45
46
47
48
49
Epoch:151~Dataset:pubmed~Supermask:[2, 9, 5, 9, 2, 4, 2, 3]
result as
{'accu': 0.44600000000000006, 'time': 4.329620599746704, 'num_params': 86360}
time long:518.476096868515

controller configures over, waiting for connect request from clients
controller broadcasts datasetname:pubmed over
controller broadcasts model over
0
1
2
3
4
5
6
7
8
9
10
11
12
13
14
15
16
17
18
19
20
21
22
23
24
25
26
27
28
29
30
31
32
33
34
35
36
37
38
39
40
41
42
43
44
45
46
47
48
49
Epoch:152~Dataset:pubmed~Supermask:[5, 5, 10, 5, 8, 5, 4, 3]
result as
{'accu': 0.449, 'time': 4.731365919113159, 'num_params': 86360}
time long:515.0570526123047

controller configures over, waiting for connect request from clients
controller broadcasts datasetname:pubmed over
controller broadcasts model over
0
1
2
3
4
5
6
7
8
9
10
11
12
13
14
15
16
17
18
19
20
21
22
23
24
25
26
27
28
29
30
31
32
33
34
35
36
37
38
39
40
41
42
43
44
45
46
47
48
49
Epoch:153~Dataset:pubmed~Supermask:[2, 5, 1, 5, 1, 9, 7, 5]
result as
{'accu': 0.41400000000000003, 'time': 4.477571487426758, 'num_params': 86360}
time long:516.7234106063843

controller configures over, waiting for connect request from clients
controller broadcasts datasetname:pubmed over
controller broadcasts model over
0
1
2
3
4
5
6
7
8
9
10
11
12
13
14
15
16
17
18
19
20
21
22
23
24
25
26
27
28
29
30
31
32
33
34
35
36
37
38
39
40
41
42
43
44
45
46
47
48
49
Epoch:154~Dataset:pubmed~Supermask:[4, 8, 12, 0, 9, 9, 3, 1]
result as
{'accu': 0.399, 'time': 35.3354287147522, 'num_params': 86360}
time long:1587.9344563484192

controller configures over, waiting for connect request from clients
controller broadcasts datasetname:pubmed over
controller broadcasts model over
0
1
2
3
4
5
6
7
8
9
10
11
12
13
14
15
16
17
18
19
20
21
22
23
24
25
26
27
28
29
30
31
32
33
34
35
36
37
38
39
40
41
42
43
44
45
46
47
48
49
Epoch:155~Dataset:pubmed~Supermask:[5, 3, 1, 9, 2, 12, 7, 3]
result as
{'accu': 0.41200000000000003, 'time': 5.126239061355591, 'num_params': 86360}
time long:1083.5973718166351

controller configures over, waiting for connect request from clients
controller broadcasts datasetname:pubmed over
controller broadcasts model over
0
1
2
3
4
5
6
7
8
9
10
11
12
13
14
15
16
17
18
19
20
21
22
23
24
25
26
27
28
29
30
31
32
33
34
35
36
37
38
39
40
41
42
43
44
45
46
47
48
49
Epoch:156~Dataset:pubmed~Supermask:[4, 0, 4, 6, 10, 8, 1, 5]
result as
{'accu': 0.40700000000000003, 'time': 25.729294061660767, 'num_params': 86360}
time long:1588.6945328712463

controller configures over, waiting for connect request from clients
controller broadcasts datasetname:pubmed over
controller broadcasts model over
0
1
2
3
4
5
6
7
8
9
10
11
12
13
14
15
16
17
18
19
20
21
22
23
24
25
26
27
28
29
30
31
32
33
34
35
36
37
38
39
40
41
42
43
44
45
46
47
48
49
Epoch:157~Dataset:pubmed~Supermask:[3, 8, 0, 0, 7, 7, 8, 4]
result as
{'accu': 0.40700000000000003, 'time': 4.092812776565552, 'num_params': 86360}
time long:993.7614622116089

controller configures over, waiting for connect request from clients
controller broadcasts datasetname:pubmed over
controller broadcasts model over
0
1
2
3
4
5
6
7
8
9
10
11
12
13
14
15
16
17
18
19
20
21
22
23
24
25
26
27
28
29
30
31
32
33
34
35
36
37
38
39
40
41
42
43
44
45
46
47
48
49
Epoch:158~Dataset:pubmed~Supermask:[4, 8, 2, 9, 7, 2, 5, 3]
result as
{'accu': 0.407, 'time': 37.067588090896606, 'num_params': 86360}
time long:1273.2824230194092

controller configures over, waiting for connect request from clients
controller broadcasts datasetname:pubmed over
controller broadcasts model over
0
1
2
3
4
5
6
7
8
9
10
11
12
13
14
15
16
17
18
19
20
21
22
23
24
25
26
27
28
29
30
31
32
33
34
35
36
37
38
39
40
41
42
43
44
45
46
47
48
49
Epoch:159~Dataset:pubmed~Supermask:[5, 2, 7, 6, 12, 5, 6, 3]
result as
{'accu': 0.48600000000000004, 'time': 3.874934434890747, 'num_params': 86360}
time long:1393.7666251659393

controller configures over, waiting for connect request from clients
controller broadcasts datasetname:pubmed over
controller broadcasts model over
0
1
2
3
4
5
6
7
8
9
10
11
12
13
14
15
16
17
18
19
20
21
22
23
24
25
26
27
28
29
30
31
32
33
34
35
36
37
38
39
40
41
42
43
44
45
46
47
48
49
Epoch:160~Dataset:pubmed~Supermask:[4, 5, 12, 6, 0, 2, 11, 5]
result as
{'accu': 0.406, 'time': 4.971137523651123, 'num_params': 86360}
time long:1127.9181880950928

controller configures over, waiting for connect request from clients
controller broadcasts datasetname:pubmed over
controller broadcasts model over
0
1
2
3
4
5
6
7
8
9
10
11
12
13
14
15
16
17
18
19
20
21
22
23
24
25
26
27
28
29
30
31
32
33
34
35
36
37
38
39
40
41
42
43
44
45
46
47
48
49
Epoch:161~Dataset:pubmed~Supermask:[1, 8, 0, 4, 2, 1, 5, 1]
result as
{'accu': 0.44200000000000006, 'time': 3.9311864376068115, 'num_params': 86360}
time long:1724.3806676864624

controller configures over, waiting for connect request from clients
controller broadcasts datasetname:pubmed over
controller broadcasts model over
0
1
2
3
4
5
6
7
8
9
10
11
12
13
14
15
16
17
18
19
20
21
22
23
24
25
26
27
28
29
30
31
32
33
34
35
36
37
38
39
40
41
42
43
44
45
46
47
48
49
Epoch:162~Dataset:pubmed~Supermask:[5, 4, 11, 12, 9, 8, 12, 1]
result as
{'accu': 0.406, 'time': 31.122899532318115, 'num_params': 86360}
time long:793.2863223552704

controller configures over, waiting for connect request from clients
controller broadcasts datasetname:pubmed over
controller broadcasts model over
0
1
2
3
4
5
6
7
8
9
10
11
12
13
14
15
16
17
18
19
20
21
22
23
24
25
26
27
28
29
30
31
32
33
34
35
36
37
38
39
40
41
42
43
44
45
46
47
48
49
Epoch:163~Dataset:pubmed~Supermask:[3, 2, 2, 8, 10, 0, 5, 4]
result as
{'accu': 0.516, 'time': 3.844363212585449, 'num_params': 86360}
time long:1929.484804391861

controller configures over, waiting for connect request from clients
controller broadcasts datasetname:pubmed over
controller broadcasts model over
0
1
2
3
4
5
6
7
8
9
10
11
12
13
14
15
16
17
18
19
20
21
22
23
24
25
26
27
28
29
30
31
32
33
34
35
36
37
38
39
40
41
42
43
44
45
46
47
48
49
Epoch:164~Dataset:pubmed~Supermask:[2, 4, 5, 8, 6, 1, 0, 4]
result as
{'accu': 0.407, 'time': 4.473636150360107, 'num_params': 86360}
time long:506.96032881736755

controller configures over, waiting for connect request from clients
controller broadcasts datasetname:pubmed over
controller broadcasts model over
0
1
2
3
4
5
6
7
8
9
10
11
12
13
14
15
16
17
18
19
20
21
22
23
24
25
26
27
28
29
30
31
32
33
34
35
36
37
38
39
40
41
42
43
44
45
46
47
48
49
Epoch:165~Dataset:pubmed~Supermask:[1, 0, 7, 4, 10, 10, 5, 2]
result as
{'accu': 0.40700000000000003, 'time': 4.560086965560913, 'num_params': 86360}
time long:528.2566728591919

controller configures over, waiting for connect request from clients
controller broadcasts datasetname:pubmed over
controller broadcasts model over
0
1
2
3
4
5
6
7
8
9
10
11
12
13
14
15
16
17
18
19
20
21
22
23
24
25
26
27
28
29
30
31
32
33
34
35
36
37
38
39
40
41
42
43
44
45
46
47
48
49
Epoch:166~Dataset:pubmed~Supermask:[1, 7, 3, 5, 5, 2, 6, 1]
result as
{'accu': 0.362, 'time': 7.609908103942871, 'num_params': 86360}
time long:774.2255871295929

controller configures over, waiting for connect request from clients
controller broadcasts datasetname:pubmed over
controller broadcasts model over
0
1
2
3
4
5
6
7
8
9
10
11
12
13
14
15
16
17
18
19
20
21
22
23
24
25
26
27
28
29
30
31
32
33
34
35
36
37
38
39
40
41
42
43
44
45
46
47
48
49
Epoch:167~Dataset:pubmed~Supermask:[2, 8, 9, 0, 6, 10, 10, 5]
result as
{'accu': 0.445, 'time': 6.769051790237427, 'num_params': 86360}
time long:764.5810179710388

controller configures over, waiting for connect request from clients
controller broadcasts datasetname:pubmed over
controller broadcasts model over
0
1
2
3
4
5
6
7
8
9
10
11
12
13
14
15
16
17
18
19
20
21
22
23
24
25
26
27
28
29
30
31
32
33
34
35
36
37
38
39
40
41
42
43
44
45
46
47
48
49
Epoch:168~Dataset:pubmed~Supermask:[2, 4, 7, 0, 4, 0, 1, 4]
result as
{'accu': 0.40900000000000003, 'time': 6.8895673751831055, 'num_params': 86360}
time long:768.6153419017792

controller configures over, waiting for connect request from clients
controller broadcasts datasetname:pubmed over
controller broadcasts model over
0
1
2
3
4
5
6
7
8
9
10
11
12
13
14
15
16
17
18
19
20
21
22
23
24
25
26
27
28
29
30
31
32
33
34
35
36
37
38
39
40
41
42
43
44
45
46
47
48
49
Epoch:169~Dataset:pubmed~Supermask:[1, 10, 8, 9, 6, 8, 2, 4]
result as
{'accu': 0.5009999999999999, 'time': 7.836036443710327, 'num_params': 86360}
time long:786.0000095367432

controller configures over, waiting for connect request from clients
controller broadcasts datasetname:pubmed over
controller broadcasts model over
0
1
2
3
4
5
6
7
8
9
10
11
12
13
14
15
16
17
18
19
20
21
22
23
24
25
26
27
28
29
30
31
32
33
34
35
36
37
38
39
40
41
42
43
44
45
46
47
48
49
Epoch:170~Dataset:pubmed~Supermask:[1, 3, 7, 12, 4, 0, 9, 4]
result as
{'accu': 0.523, 'time': 6.922980070114136, 'num_params': 86360}
time long:780.8992531299591

controller configures over, waiting for connect request from clients
controller broadcasts datasetname:pubmed over
controller broadcasts model over
0
1
2
3
4
5
6
7
8
9
10
11
12
13
14
15
16
17
18
19
20
21
22
23
24
25
26
27
28
29
30
31
32
33
34
35
36
37
38
39
40
41
42
43
44
45
46
47
48
49
Epoch:171~Dataset:pubmed~Supermask:[2, 0, 2, 4, 6, 5, 11, 1]
result as
{'accu': 0.395, 'time': 8.063644647598267, 'num_params': 86360}
time long:773.5191218852997

controller configures over, waiting for connect request from clients
controller broadcasts datasetname:pubmed over
controller broadcasts model over
0
1
2
3
4
5
6
7
8
9
10
11
12
13
14
15
16
17
18
19
20
21
22
23
24
25
26
27
28
29
30
31
32
33
34
35
36
37
38
39
40
41
42
43
44
45
46
47
48
49
Epoch:172~Dataset:pubmed~Supermask:[4, 11, 11, 11, 6, 3, 1, 3]
result as
{'accu': 0.396, 'time': 7.7784833908081055, 'num_params': 86360}
time long:785.669436454773

controller configures over, waiting for connect request from clients
controller broadcasts datasetname:pubmed over
controller broadcasts model over
0
1
2
3
4
5
6
7
8
9
10
11
12
13
14
15
16
17
18
19
20
21
22
23
24
25
26
27
28
29
30
31
32
33
34
35
36
37
38
39
40
41
42
43
44
45
46
47
48
49
Epoch:173~Dataset:pubmed~Supermask:[5, 3, 0, 11, 5, 8, 12, 4]
result as
{'accu': 0.39899999999999997, 'time': 4.824427127838135, 'num_params': 86360}
time long:777.1374144554138

controller configures over, waiting for connect request from clients
controller broadcasts datasetname:pubmed over
controller broadcasts model over
0
1
2
3
4
5
6
7
8
9
10
11
12
13
14
15
16
17
18
19
20
21
22
23
24
25
26
27
28
29
30
31
32
33
34
35
36
37
38
39
40
41
42
43
44
45
46
47
48
49
Epoch:174~Dataset:pubmed~Supermask:[3, 9, 0, 5, 11, 6, 0, 1]
result as
{'accu': 0.415, 'time': 6.099938869476318, 'num_params': 86360}
time long:701.1592876911163

controller configures over, waiting for connect request from clients
controller broadcasts datasetname:pubmed over
controller broadcasts model over
0
1
2
3
4
5
6
7
8
9
10
11
12
13
14
15
16
17
18
19
20
21
22
23
24
25
26
27
28
29
30
31
32
33
34
35
36
37
38
39
40
41
42
43
44
45
46
47
48
49
Epoch:175~Dataset:pubmed~Supermask:[3, 5, 8, 8, 6, 8, 4, 2]
result as
{'accu': 0.401, 'time': 7.675097465515137, 'num_params': 86360}
time long:784.6432747840881

controller configures over, waiting for connect request from clients
controller broadcasts datasetname:pubmed over
controller broadcasts model over
0
1
2
3
4
5
6
7
8
9
10
11
12
13
14
15
16
17
18
19
20
21
22
23
24
25
26
27
28
29
30
31
32
33
34
35
36
37
38
39
40
41
42
43
44
45
46
47
48
49
Epoch:176~Dataset:pubmed~Supermask:[4, 4, 7, 10, 6, 11, 11, 4]
result as
{'accu': 0.391, 'time': 7.472262382507324, 'num_params': 86360}
time long:762.697624206543

controller configures over, waiting for connect request from clients
controller broadcasts datasetname:pubmed over
controller broadcasts model over
0
1
2
3
4
5
6
7
8
9
10
11
12
13
14
15
16
17
18
19
20
21
22
23
24
25
26
27
28
29
30
31
32
33
34
35
36
37
38
39
40
41
42
43
44
45
46
47
48
49
Epoch:177~Dataset:pubmed~Supermask:[1, 4, 0, 1, 12, 11, 5, 5]
result as
{'accu': 0.398, 'time': 7.3010101318359375, 'num_params': 86360}
time long:779.0587282180786

controller configures over, waiting for connect request from clients
controller broadcasts datasetname:pubmed over
controller broadcasts model over
0
1
2
3
4
5
6
7
8
9
10
11
12
13
14
15
16
17
18
19
20
21
22
23
24
25
26
27
28
29
30
31
32
33
34
35
36
37
38
39
40
41
42
43
44
45
46
47
48
49
Epoch:178~Dataset:pubmed~Supermask:[5, 1, 8, 4, 0, 12, 10, 1]
result as
{'accu': 0.418, 'time': 7.8110761642456055, 'num_params': 86360}
time long:805.1510918140411

controller configures over, waiting for connect request from clients
controller broadcasts datasetname:pubmed over
controller broadcasts model over
0
1
2
3
4
5
6
7
8
9
10
11
12
13
14
15
16
17
18
19
20
21
22
23
24
25
26
27
28
29
30
31
32
33
34
35
36
37
38
39
40
41
42
43
44
45
46
47
48
49
Epoch:179~Dataset:pubmed~Supermask:[5, 0, 0, 8, 4, 2, 10, 3]
result as
{'accu': 0.396, 'time': 7.447999954223633, 'num_params': 86360}
time long:814.1861598491669

controller configures over, waiting for connect request from clients
controller broadcasts datasetname:pubmed over
controller broadcasts model over
0
1
2
3
4
5
6
7
8
9
10
11
12
13
14
15
16
17
18
19
20
21
22
23
24
25
26
27
28
29
30
31
32
33
34
35
36
37
38
39
40
41
42
43
44
45
46
47
48
49
Epoch:180~Dataset:pubmed~Supermask:[5, 9, 0, 5, 11, 10, 4, 1]
result as
{'accu': 0.41300000000000003, 'time': 6.1543591022491455, 'num_params': 86360}
time long:819.6396555900574

controller configures over, waiting for connect request from clients
controller broadcasts datasetname:pubmed over
controller broadcasts model over
0
1
2
3
4
5
6
7
8
9
10
11
12
13
14
15
16
17
18
19
20
21
22
23
24
25
26
27
28
29
30
31
32
33
34
35
36
37
38
39
40
41
42
43
44
45
46
47
48
49
Epoch:181~Dataset:pubmed~Supermask:[5, 2, 9, 12, 9, 3, 10, 5]
result as
{'accu': 0.41300000000000003, 'time': 7.593244552612305, 'num_params': 86360}
time long:821.9442014694214

controller configures over, waiting for connect request from clients
controller broadcasts datasetname:pubmed over
controller broadcasts model over
0
1
2
3
4
5
6
7
8
9
10
11
12
13
14
15
16
17
18
19
20
21
22
23
24
25
26
27
28
29
30
31
32
33
34
35
36
37
38
39
40
41
42
43
44
45
46
47
48
49
Epoch:182~Dataset:pubmed~Supermask:[5, 9, 9, 0, 2, 5, 6, 2]
result as
{'accu': 0.53, 'time': 7.498992443084717, 'num_params': 86360}
time long:802.5700812339783

controller configures over, waiting for connect request from clients
controller broadcasts datasetname:pubmed over
controller broadcasts model over
0
1
2
3
4
5
6
7
8
9
10
11
12
13
14
15
16
17
18
19
20
21
22
23
24
25
26
27
28
29
30
31
32
33
34
35
36
37
38
39
40
41
42
43
44
45
46
47
48
49
Epoch:183~Dataset:pubmed~Supermask:[5, 11, 9, 10, 9, 10, 7, 3]
result as
{'accu': 0.40700000000000003, 'time': 7.394488096237183, 'num_params': 86360}
time long:798.8664486408234

controller configures over, waiting for connect request from clients
controller broadcasts datasetname:pubmed over
controller broadcasts model over
0
1
2
3
4
5
6
7
8
9
10
11
12
13
14
15
16
17
18
19
20
21
22
23
24
25
26
27
28
29
30
31
32
33
34
35
36
37
38
39
40
41
42
43
44
45
46
47
48
49
Epoch:184~Dataset:pubmed~Supermask:[5, 7, 0, 1, 12, 5, 11, 1]
result as
{'accu': 0.515, 'time': 7.303405046463013, 'num_params': 86360}
time long:821.2145962715149

controller configures over, waiting for connect request from clients
controller broadcasts datasetname:pubmed over
controller broadcasts model over
0
1
2
3
4
5
6
7
8
9
10
11
12
13
14
15
16
17
18
19
20
21
22
23
24
25
26
27
28
29
30
31
32
33
34
35
36
37
38
39
40
41
42
43
44
45
46
47
48
49
Epoch:185~Dataset:pubmed~Supermask:[4, 5, 2, 9, 6, 1, 4, 1]
result as
{'accu': 0.501, 'time': 7.119253396987915, 'num_params': 86360}
time long:814.1589305400848

controller configures over, waiting for connect request from clients
controller broadcasts datasetname:pubmed over
controller broadcasts model over
0
1
2
3
4
5
6
7
8
9
10
11
12
13
14
15
16
17
18
19
20
21
22
23
24
25
26
27
28
29
30
31
32
33
34
35
36
37
38
39
40
41
42
43
44
45
46
47
48
49
Epoch:186~Dataset:pubmed~Supermask:[1, 3, 6, 11, 9, 5, 9, 4]
result as
{'accu': 0.40700000000000003, 'time': 8.488148212432861, 'num_params': 86360}
time long:814.8958957195282

controller configures over, waiting for connect request from clients
controller broadcasts datasetname:pubmed over
controller broadcasts model over
0
1
2
3
4
5
6
7
8
9
10
11
12
13
14
15
16
17
18
19
20
21
22
23
24
25
26
27
28
29
30
31
32
33
34
35
36
37
38
39
40
41
42
43
44
45
46
47
48
49
Epoch:187~Dataset:pubmed~Supermask:[1, 5, 4, 7, 4, 4, 5, 3]
result as
{'accu': 0.40700000000000003, 'time': 7.912572145462036, 'num_params': 86360}
time long:794.8250432014465

controller configures over, waiting for connect request from clients
controller broadcasts datasetname:pubmed over
controller broadcasts model over
0
1
2
3
4
5
6
7
8
9
10
11
12
13
14
15
16
17
18
19
20
21
22
23
24
25
26
27
28
29
30
31
32
33
34
35
36
37
38
39
40
41
42
43
44
45
46
47
48
49
Epoch:188~Dataset:pubmed~Supermask:[1, 4, 0, 2, 10, 0, 8, 5]
result as
{'accu': 0.48, 'time': 6.283220291137695, 'num_params': 86360}
time long:776.5352895259857

controller configures over, waiting for connect request from clients
controller broadcasts datasetname:pubmed over
controller broadcasts model over
0
1
2
3
4
5
6
7
8
9
10
11
12
13
14
15
16
17
18
19
20
21
22
23
24
25
26
27
28
29
30
31
32
33
34
35
36
37
38
39
40
41
42
43
44
45
46
47
48
49
Epoch:189~Dataset:pubmed~Supermask:[1, 0, 9, 7, 8, 5, 10, 4]
result as
{'accu': 0.39499999999999996, 'time': 7.831775188446045, 'num_params': 86360}
time long:801.9681811332703

controller configures over, waiting for connect request from clients
controller broadcasts datasetname:pubmed over
controller broadcasts model over
0
1
2
3
4
5
6
7
8
9
10
11
12
13
14
15
16
17
18
19
20
21
22
23
24
25
26
27
28
29
30
31
32
33
34
35
36
37
38
39
40
41
42
43
44
45
46
47
48
49
Epoch:190~Dataset:pubmed~Supermask:[2, 4, 9, 6, 12, 7, 8, 3]
result as
{'accu': 0.41000000000000003, 'time': 7.758342027664185, 'num_params': 86360}
time long:784.9885742664337

controller configures over, waiting for connect request from clients
controller broadcasts datasetname:pubmed over
controller broadcasts model over
0
1
2
3
4
5
6
7
8
9
10
11
12
13
14
15
16
17
18
19
20
21
22
23
24
25
26
27
28
29
30
31
32
33
34
35
36
37
38
39
40
41
42
43
44
45
46
47
48
49
Epoch:191~Dataset:pubmed~Supermask:[1, 2, 4, 3, 2, 3, 10, 1]
result as
{'accu': 0.40599999999999997, 'time': 5.993260860443115, 'num_params': 86360}
time long:769.6374409198761

controller configures over, waiting for connect request from clients
controller broadcasts datasetname:pubmed over
controller broadcasts model over
0
1
2
3
4
5
6
7
8
9
10
11
12
13
14
15
16
17
18
19
20
21
22
23
24
25
26
27
28
29
30
31
32
33
34
35
36
37
38
39
40
41
42
43
44
45
46
47
48
49
Epoch:192~Dataset:pubmed~Supermask:[3, 6, 3, 6, 0, 0, 6, 5]
result as
{'accu': 0.399, 'time': 7.326416969299316, 'num_params': 86360}
time long:782.2510132789612

controller configures over, waiting for connect request from clients
controller broadcasts datasetname:pubmed over
controller broadcasts model over
0
1
2
3
4
5
6
7
8
9
10
11
12
13
14
15
16
17
18
19
20
21
22
23
24
25
26
27
28
29
30
31
32
33
34
35
36
37
38
39
40
41
42
43
44
45
46
47
48
49
Epoch:193~Dataset:pubmed~Supermask:[5, 6, 10, 11, 4, 11, 10, 2]
result as
{'accu': 0.5, 'time': 6.922554969787598, 'num_params': 86360}
time long:793.6067495346069

controller configures over, waiting for connect request from clients
controller broadcasts datasetname:pubmed over
controller broadcasts model over
0
1
2
3
4
5
6
7
8
9
10
11
12
13
14
15
16
17
18
19
20
21
22
23
24
25
26
27
28
29
30
31
32
33
34
35
36
37
38
39
40
41
42
43
44
45
46
47
48
49
Epoch:194~Dataset:pubmed~Supermask:[4, 5, 5, 9, 11, 6, 8, 5]
result as
{'accu': 0.41200000000000003, 'time': 7.8874311447143555, 'num_params': 86360}
time long:798.96329164505

controller configures over, waiting for connect request from clients
controller broadcasts datasetname:pubmed over
controller broadcasts model over
0
1
2
3
4
5
6
7
8
9
10
11
12
13
14
15
16
17
18
19
20
21
22
23
24
25
26
27
28
29
30
31
32
33
34
35
36
37
38
39
40
41
42
43
44
45
46
47
48
49
Epoch:195~Dataset:pubmed~Supermask:[4, 4, 4, 8, 12, 4, 0, 1]
result as
{'accu': 0.5780000000000001, 'time': 7.669795989990234, 'num_params': 86360}
time long:797.0453820228577

controller configures over, waiting for connect request from clients
controller broadcasts datasetname:pubmed over
controller broadcasts model over
0
1
2
3
4
5
6
7
8
9
10
11
12
13
14
15
16
17
18
19
20
21
22
23
24
25
26
27
28
29
30
31
32
33
34
35
36
37
38
39
40
41
42
43
44
45
46
47
48
49
Epoch:196~Dataset:pubmed~Supermask:[1, 6, 7, 7, 1, 7, 2, 3]
result as
{'accu': 0.41300000000000003, 'time': 7.798002481460571, 'num_params': 86360}
time long:777.250556230545

controller configures over, waiting for connect request from clients
controller broadcasts datasetname:pubmed over
controller broadcasts model over
0
1
2
3
4
5
6
7
8
9
10
11
12
13
14
15
16
17
18
19
20
21
22
23
24
25
26
27
28
29
30
31
32
33
34
35
36
37
38
39
40
41
42
43
44
45
46
47
48
49
Epoch:197~Dataset:pubmed~Supermask:[5, 8, 12, 8, 8, 2, 3, 1]
result as
{'accu': 0.407, 'time': 7.599120855331421, 'num_params': 86360}
time long:783.0791110992432

controller configures over, waiting for connect request from clients
controller broadcasts datasetname:pubmed over
controller broadcasts model over
0
1
2
3
4
5
6
7
8
9
10
11
12
13
14
15
16
17
18
19
20
21
22
23
24
25
26
27
28
29
30
31
32
33
34
35
36
37
38
39
40
41
42
43
44
45
46
47
48
49
Epoch:198~Dataset:pubmed~Supermask:[2, 11, 0, 3, 4, 12, 1, 3]
result as
{'accu': 0.509, 'time': 7.389393091201782, 'num_params': 86360}
time long:799.1419804096222

controller configures over, waiting for connect request from clients
controller broadcasts datasetname:pubmed over
controller broadcasts model over
0
1
2
3
4
5
6
7
8
9
10
11
12
13
14
15
16
17
18
19
20
21
22
23
24
25
26
27
28
29
30
31
32
33
34
35
36
37
38
39
40
41
42
43
44
45
46
47
48
49
Epoch:199~Dataset:pubmed~Supermask:[3, 2, 9, 9, 2, 0, 6, 4]
result as
{'accu': 0.40700000000000003, 'time': 7.482233047485352, 'num_params': 86360}
time long:795.4340014457703

controller configures over, waiting for connect request from clients
controller broadcasts datasetname:pubmed over
controller broadcasts model over
0
1
2
3
4
5
6
7
8
9
10
11
12
13
14
15
16
17
18
19
20
21
22
23
24
25
26
27
28
29
30
31
32
33
34
35
36
37
38
39
40
41
42
43
44
45
46
47
48
49
Epoch:200~Dataset:pubmed~Supermask:[2, 8, 3, 4, 2, 7, 6, 4]
result as
{'accu': 0.40700000000000003, 'time': 7.187476634979248, 'num_params': 86360}
time long:806.0517868995667

