controller configures over, waiting for connect request from clients
controller broadcasts datasetname:citeseer over
controller broadcasts model over
0
1
2
3
4
5
6
7
8
9
10
11
12
13
14
15
16
17
18
19
20
21
22
23
24
25
26
27
28
29
30
31
32
33
34
35
36
37
38
39
40
41
42
43
44
45
46
47
48
49
Epoch:1~Dataset:citeseer~Supermask:[4, 1, 6, 0, 7, 7, 12, 3]
result as
{'accu': 0.306, 'time': 1.145385980606079, 'num_params': 291547}
time long:202.69686675071716

controller configures over, waiting for connect request from clients
controller broadcasts datasetname:citeseer over
controller broadcasts model over
0
1
2
3
4
5
6
7
8
9
10
11
12
13
14
15
16
17
18
19
20
21
22
23
24
25
26
27
28
29
30
31
32
33
34
35
36
37
38
39
40
41
42
43
44
45
46
47
48
49
Epoch:2~Dataset:citeseer~Supermask:[5, 9, 12, 2, 12, 6, 8, 2]
result as
{'accu': 0.21200000000000002, 'time': 0.9865059852600098, 'num_params': 291547}
time long:149.8905599117279

controller configures over, waiting for connect request from clients
controller broadcasts datasetname:citeseer over
controller broadcasts model over
0
1
2
3
4
5
6
7
8
9
10
11
12
13
14
15
16
17
18
19
20
21
22
23
24
25
26
27
28
29
30
31
32
33
34
35
36
37
38
39
40
41
42
43
44
45
46
47
48
49
Epoch:3~Dataset:citeseer~Supermask:[3, 1, 11, 12, 11, 0, 4, 5]
result as
{'accu': 0.23200000000000004, 'time': 0.8075287342071533, 'num_params': 291547}
time long:144.67279529571533

controller configures over, waiting for connect request from clients
controller broadcasts datasetname:citeseer over
controller broadcasts model over
0
1
2
3
4
5
6
7
8
9
10
11
12
13
14
15
16
17
18
19
20
21
22
23
24
25
26
27
28
29
30
31
32
33
34
35
36
37
38
39
40
41
42
43
44
45
46
47
48
49
Epoch:4~Dataset:citeseer~Supermask:[3, 5, 2, 9, 3, 4, 2, 1]
result as
{'accu': 0.20400000000000001, 'time': 0.8895070552825928, 'num_params': 291547}
time long:152.38158512115479

controller configures over, waiting for connect request from clients
controller broadcasts datasetname:citeseer over
controller broadcasts model over
0
1
2
3
4
5
6
7
8
9
10
11
12
13
14
15
16
17
18
19
20
21
22
23
24
25
26
27
28
29
30
31
32
33
34
35
36
37
38
39
40
41
42
43
44
45
46
47
48
49
Epoch:5~Dataset:citeseer~Supermask:[4, 5, 1, 7, 5, 11, 2, 4]
result as
{'accu': 0.337, 'time': 0.9933741092681885, 'num_params': 291547}
time long:146.5302209854126

controller configures over, waiting for connect request from clients
controller broadcasts datasetname:citeseer over
controller broadcasts model over
0
1
2
3
4
5
6
7
8
9
10
11
12
13
14
15
16
17
18
19
20
21
22
23
24
25
26
27
28
29
30
31
32
33
34
35
36
37
38
39
40
41
42
43
44
45
46
47
48
49
Epoch:6~Dataset:citeseer~Supermask:[4, 1, 5, 12, 6, 1, 3, 3]
result as
{'accu': 0.258, 'time': 0.9471678733825684, 'num_params': 291547}
time long:142.36468958854675

controller configures over, waiting for connect request from clients
controller broadcasts datasetname:citeseer over
controller broadcasts model over
0
1
2
3
4
5
6
7
8
9
10
11
12
13
14
15
16
17
18
19
20
21
22
23
24
25
26
27
28
29
30
31
32
33
34
35
36
37
38
39
40
41
42
43
44
45
46
47
48
49
Epoch:7~Dataset:citeseer~Supermask:[3, 8, 2, 5, 11, 10, 0, 5]
result as
{'accu': 0.329, 'time': 0.8806109428405762, 'num_params': 291547}
time long:159.43575978279114

controller configures over, waiting for connect request from clients
controller broadcasts datasetname:citeseer over
controller broadcasts model over
0
1
2
3
4
5
6
7
8
9
10
11
12
13
14
15
16
17
18
19
20
21
22
23
24
25
26
27
28
29
30
31
32
33
34
35
36
37
38
39
40
41
42
43
44
45
46
47
48
49
Epoch:8~Dataset:citeseer~Supermask:[5, 6, 8, 0, 0, 0, 4, 1]
result as
{'accu': 0.275, 'time': 1.0466148853302002, 'num_params': 291547}
time long:149.75258088111877

controller configures over, waiting for connect request from clients
controller broadcasts datasetname:citeseer over
controller broadcasts model over
0
1
2
3
4
5
6
7
8
9
10
11
12
13
14
15
16
17
18
19
20
21
22
23
24
25
26
27
28
29
30
31
32
33
34
35
36
37
38
39
40
41
42
43
44
45
46
47
48
49
Epoch:9~Dataset:citeseer~Supermask:[1, 2, 6, 3, 2, 4, 7, 4]
result as
{'accu': 0.258, 'time': 1.0581669807434082, 'num_params': 291547}
time long:156.3390200138092

controller configures over, waiting for connect request from clients
controller broadcasts datasetname:citeseer over
controller broadcasts model over
0
1
2
3
4
5
6
7
8
9
10
11
12
13
14
15
16
17
18
19
20
21
22
23
24
25
26
27
28
29
30
31
32
33
34
35
36
37
38
39
40
41
42
43
44
45
46
47
48
49
Epoch:10~Dataset:citeseer~Supermask:[3, 3, 12, 8, 6, 5, 4, 2]
result as
{'accu': 0.17500000000000002, 'time': 1.0873520374298096, 'num_params': 291547}
time long:155.16689324378967

controller configures over, waiting for connect request from clients
controller broadcasts datasetname:citeseer over
controller broadcasts model over
0
1
2
3
4
5
6
7
8
9
10
11
12
13
14
15
16
17
18
19
20
21
22
23
24
25
26
27
28
29
30
31
32
33
34
35
36
37
38
39
40
41
42
43
44
45
46
47
48
49
Epoch:11~Dataset:citeseer~Supermask:[3, 6, 2, 11, 5, 4, 9, 2]
result as
{'accu': 0.315, 'time': 1.0692741870880127, 'num_params': 291547}
time long:156.29222416877747

controller configures over, waiting for connect request from clients
controller broadcasts datasetname:citeseer over
controller broadcasts model over
0
1
2
3
4
5
6
7
8
9
10
11
12
13
14
15
16
17
18
19
20
21
22
23
24
25
26
27
28
29
30
31
32
33
34
35
36
37
38
39
40
41
42
43
44
45
46
47
48
49
Epoch:12~Dataset:citeseer~Supermask:[3, 3, 11, 10, 12, 2, 5, 5]
result as
{'accu': 0.185, 'time': 1.013946771621704, 'num_params': 291547}
time long:154.24394607543945

controller configures over, waiting for connect request from clients
controller broadcasts datasetname:citeseer over
controller broadcasts model over
0
1
2
3
4
5
6
7
8
9
10
11
12
13
14
15
16
17
18
19
20
21
22
23
24
25
26
27
28
29
30
31
32
33
34
35
36
37
38
39
40
41
42
43
44
45
46
47
48
49
Epoch:13~Dataset:citeseer~Supermask:[5, 8, 3, 5, 9, 4, 5, 4]
result as
{'accu': 0.246, 'time': 1.0498626232147217, 'num_params': 291547}
time long:150.04392266273499

controller configures over, waiting for connect request from clients
controller broadcasts datasetname:citeseer over
controller broadcasts model over
0
1
2
3
4
5
6
7
8
9
10
11
12
13
14
15
16
17
18
19
20
21
22
23
24
25
26
27
28
29
30
31
32
33
34
35
36
37
38
39
40
41
42
43
44
45
46
47
48
49
Epoch:14~Dataset:citeseer~Supermask:[2, 9, 7, 1, 9, 9, 0, 2]
result as
{'accu': 0.31999999999999995, 'time': 1.2674193382263184, 'num_params': 291547}
time long:154.16792631149292

controller configures over, waiting for connect request from clients
controller broadcasts datasetname:citeseer over
controller broadcasts model over
0
1
2
3
4
5
6
7
8
9
10
11
12
13
14
15
16
17
18
19
20
21
22
23
24
25
26
27
28
29
30
31
32
33
34
35
36
37
38
39
40
41
42
43
44
45
46
47
48
49
Epoch:15~Dataset:citeseer~Supermask:[5, 8, 0, 4, 6, 1, 11, 3]
result as
{'accu': 0.24100000000000002, 'time': 1.0406725406646729, 'num_params': 291547}
time long:153.08213567733765

controller configures over, waiting for connect request from clients
controller broadcasts datasetname:citeseer over
controller broadcasts model over
0
1
2
3
4
5
6
7
8
9
10
11
12
13
14
15
16
17
18
19
20
21
22
23
24
25
26
27
28
29
30
31
32
33
34
35
36
37
38
39
40
41
42
43
44
45
46
47
48
49
Epoch:16~Dataset:citeseer~Supermask:[3, 8, 7, 7, 7, 6, 5, 4]
result as
{'accu': 0.38299999999999995, 'time': 0.9730370044708252, 'num_params': 291547}
time long:147.98140239715576

controller configures over, waiting for connect request from clients
controller broadcasts datasetname:citeseer over
controller broadcasts model over
0
1
2
3
4
5
6
7
8
9
10
11
12
13
14
15
16
17
18
19
20
21
22
23
24
25
26
27
28
29
30
31
32
33
34
35
36
37
38
39
40
41
42
43
44
45
46
47
48
49
Epoch:17~Dataset:citeseer~Supermask:[1, 5, 10, 8, 1, 7, 10, 1]
result as
{'accu': 0.21600000000000003, 'time': 1.0170764923095703, 'num_params': 291547}
time long:151.1610450744629

controller configures over, waiting for connect request from clients
controller broadcasts datasetname:citeseer over
controller broadcasts model over
0
1
2
3
4
5
6
7
8
9
10
11
12
13
14
15
16
17
18
19
20
21
22
23
24
25
26
27
28
29
30
31
32
33
34
35
36
37
38
39
40
41
42
43
44
45
46
47
48
49
Epoch:18~Dataset:citeseer~Supermask:[5, 9, 6, 4, 8, 8, 12, 5]
result as
{'accu': 0.30200000000000005, 'time': 0.8846433162689209, 'num_params': 291547}
time long:151.1710479259491

controller configures over, waiting for connect request from clients
controller broadcasts datasetname:citeseer over
controller broadcasts model over
0
1
2
3
4
5
6
7
8
9
10
11
12
13
14
15
16
17
18
19
20
21
22
23
24
25
26
27
28
29
30
31
32
33
34
35
36
37
38
39
40
41
42
43
44
45
46
47
48
49
Epoch:19~Dataset:citeseer~Supermask:[5, 11, 12, 2, 10, 11, 0, 1]
result as
{'accu': 0.263, 'time': 1.0420138835906982, 'num_params': 291547}
time long:145.12753629684448

controller configures over, waiting for connect request from clients
controller broadcasts datasetname:citeseer over
controller broadcasts model over
0
1
2
3
4
5
6
7
8
9
10
11
12
13
14
15
16
17
18
19
20
21
22
23
24
25
26
27
28
29
30
31
32
33
34
35
36
37
38
39
40
41
42
43
44
45
46
47
48
49
Epoch:20~Dataset:citeseer~Supermask:[5, 8, 11, 4, 2, 5, 10, 1]
result as
{'accu': 0.239, 'time': 1.0064048767089844, 'num_params': 291547}
time long:160.59782791137695

controller configures over, waiting for connect request from clients
controller broadcasts datasetname:citeseer over
controller broadcasts model over
0
1
2
3
4
5
6
7
8
9
10
11
12
13
14
15
16
17
18
19
20
21
22
23
24
25
26
27
28
29
30
31
32
33
34
35
36
37
38
39
40
41
42
43
44
45
46
47
48
49
Epoch:21~Dataset:citeseer~Supermask:[3, 11, 8, 4, 0, 0, 6, 3]
result as
{'accu': 0.363, 'time': 0.9640426635742188, 'num_params': 291547}
time long:159.77895832061768

controller configures over, waiting for connect request from clients
controller broadcasts datasetname:citeseer over
controller broadcasts model over
0
1
2
3
4
5
6
7
8
9
10
11
12
13
14
15
16
17
18
19
20
21
22
23
24
25
26
27
28
29
30
31
32
33
34
35
36
37
38
39
40
41
42
43
44
45
46
47
48
49
Epoch:22~Dataset:citeseer~Supermask:[1, 10, 1, 12, 10, 8, 2, 1]
result as
{'accu': 0.272, 'time': 1.2304296493530273, 'num_params': 291547}
time long:160.38199472427368

controller configures over, waiting for connect request from clients
controller broadcasts datasetname:citeseer over
controller broadcasts model over
0
1
2
3
4
5
6
7
8
9
10
11
12
13
14
15
16
17
18
19
20
21
22
23
24
25
26
27
28
29
30
31
32
33
34
35
36
37
38
39
40
41
42
43
44
45
46
47
48
49
Epoch:23~Dataset:citeseer~Supermask:[1, 5, 12, 3, 1, 4, 0, 4]
result as
{'accu': 0.34, 'time': 0.9166233539581299, 'num_params': 291547}
time long:159.44571542739868

controller configures over, waiting for connect request from clients
controller broadcasts datasetname:citeseer over
controller broadcasts model over
0
1
2
3
4
5
6
7
8
9
10
11
12
13
14
15
16
17
18
19
20
21
22
23
24
25
26
27
28
29
30
31
32
33
34
35
36
37
38
39
40
41
42
43
44
45
46
47
48
49
Epoch:24~Dataset:citeseer~Supermask:[5, 4, 8, 8, 7, 2, 8, 4]
result as
{'accu': 0.241, 'time': 1.1131007671356201, 'num_params': 291547}
time long:161.87300777435303

controller configures over, waiting for connect request from clients
controller broadcasts datasetname:citeseer over
controller broadcasts model over
0
1
2
3
4
5
6
7
8
9
10
11
12
13
14
15
16
17
18
19
20
21
22
23
24
25
26
27
28
29
30
31
32
33
34
35
36
37
38
39
40
41
42
43
44
45
46
47
48
49
Epoch:25~Dataset:citeseer~Supermask:[4, 5, 4, 11, 7, 8, 5, 1]
result as
{'accu': 0.20500000000000002, 'time': 1.0393977165222168, 'num_params': 291547}
time long:161.74271082878113

controller configures over, waiting for connect request from clients
controller broadcasts datasetname:citeseer over
controller broadcasts model over
0
1
2
3
4
5
6
7
8
9
10
11
12
13
14
15
16
17
18
19
20
21
22
23
24
25
26
27
28
29
30
31
32
33
34
35
36
37
38
39
40
41
42
43
44
45
46
47
48
49
Epoch:26~Dataset:citeseer~Supermask:[4, 6, 4, 7, 5, 1, 1, 3]
result as
{'accu': 0.373, 'time': 0.8243327140808105, 'num_params': 291547}
time long:149.4246256351471

controller configures over, waiting for connect request from clients
controller broadcasts datasetname:citeseer over
controller broadcasts model over
0
1
2
3
4
5
6
7
8
9
10
11
12
13
14
15
16
17
18
19
20
21
22
23
24
25
26
27
28
29
30
31
32
33
34
35
36
37
38
39
40
41
42
43
44
45
46
47
48
49
Epoch:27~Dataset:citeseer~Supermask:[5, 3, 1, 8, 6, 7, 2, 4]
result as
{'accu': 0.44899999999999995, 'time': 0.8167922496795654, 'num_params': 291547}
time long:155.74398136138916

controller configures over, waiting for connect request from clients
controller broadcasts datasetname:citeseer over
controller broadcasts model over
0
1
2
3
4
5
6
7
8
9
10
11
12
13
14
15
16
17
18
19
20
21
22
23
24
25
26
27
28
29
30
31
32
33
34
35
36
37
38
39
40
41
42
43
44
45
46
47
48
49
Epoch:28~Dataset:citeseer~Supermask:[5, 10, 4, 0, 7, 7, 0, 3]
result as
{'accu': 0.32799999999999996, 'time': 1.092451810836792, 'num_params': 291547}
time long:158.54323148727417

controller configures over, waiting for connect request from clients
controller broadcasts datasetname:citeseer over
controller broadcasts model over
0
1
2
3
4
5
6
7
8
9
10
11
12
13
14
15
16
17
18
19
20
21
22
23
24
25
26
27
28
29
30
31
32
33
34
35
36
37
38
39
40
41
42
43
44
45
46
47
48
49
Epoch:29~Dataset:citeseer~Supermask:[2, 3, 6, 3, 12, 10, 6, 1]
result as
{'accu': 0.19, 'time': 0.9727964401245117, 'num_params': 291547}
time long:158.97652125358582

controller configures over, waiting for connect request from clients
controller broadcasts datasetname:citeseer over
controller broadcasts model over
0
1
2
3
4
5
6
7
8
9
10
11
12
13
14
15
16
17
18
19
20
21
22
23
24
25
26
27
28
29
30
31
32
33
34
35
36
37
38
39
40
41
42
43
44
45
46
47
48
49
Epoch:30~Dataset:citeseer~Supermask:[1, 5, 10, 12, 4, 11, 12, 2]
result as
{'accu': 0.376, 'time': 1.0250942707061768, 'num_params': 291547}
time long:157.3681001663208

controller configures over, waiting for connect request from clients
controller broadcasts datasetname:citeseer over
controller broadcasts model over
0
1
2
3
4
5
6
7
8
9
10
11
12
13
14
15
16
17
18
19
20
21
22
23
24
25
26
27
28
29
30
31
32
33
34
35
36
37
38
39
40
41
42
43
44
45
46
47
48
49
Epoch:31~Dataset:citeseer~Supermask:[3, 6, 10, 5, 7, 5, 8, 2]
result as
{'accu': 0.19900000000000004, 'time': 1.1442265510559082, 'num_params': 291547}
time long:160.71523714065552

controller configures over, waiting for connect request from clients
controller broadcasts datasetname:citeseer over
controller broadcasts model over
0
1
2
3
4
5
6
7
8
9
10
11
12
13
14
15
16
17
18
19
20
21
22
23
24
25
26
27
28
29
30
31
32
33
34
35
36
37
38
39
40
41
42
43
44
45
46
47
48
49
Epoch:32~Dataset:citeseer~Supermask:[4, 10, 11, 4, 6, 10, 9, 2]
result as
{'accu': 0.23500000000000001, 'time': 0.9406387805938721, 'num_params': 291547}
time long:155.38094091415405

controller configures over, waiting for connect request from clients
controller broadcasts datasetname:citeseer over
controller broadcasts model over
0
1
2
3
4
5
6
7
8
9
10
11
12
13
14
15
16
17
18
19
20
21
22
23
24
25
26
27
28
29
30
31
32
33
34
35
36
37
38
39
40
41
42
43
44
45
46
47
48
49
Epoch:33~Dataset:citeseer~Supermask:[1, 11, 12, 11, 3, 0, 2, 3]
result as
{'accu': 0.274, 'time': 1.0791621208190918, 'num_params': 291547}
time long:156.44008374214172

controller configures over, waiting for connect request from clients
controller broadcasts datasetname:citeseer over
controller broadcasts model over
0
1
2
3
4
5
6
7
8
9
10
11
12
13
14
15
16
17
18
19
20
21
22
23
24
25
26
27
28
29
30
31
32
33
34
35
36
37
38
39
40
41
42
43
44
45
46
47
48
49
Epoch:34~Dataset:citeseer~Supermask:[4, 9, 5, 11, 7, 2, 0, 4]
result as
{'accu': 0.21499999999999997, 'time': 0.8595662117004395, 'num_params': 291547}
time long:164.09904623031616

controller configures over, waiting for connect request from clients
controller broadcasts datasetname:citeseer over
controller broadcasts model over
0
1
2
3
4
5
6
7
8
9
10
11
12
13
14
15
16
17
18
19
20
21
22
23
24
25
26
27
28
29
30
31
32
33
34
35
36
37
38
39
40
41
42
43
44
45
46
47
48
49
Epoch:35~Dataset:citeseer~Supermask:[4, 5, 3, 3, 7, 3, 11, 5]
result as
{'accu': 0.338, 'time': 1.2598001956939697, 'num_params': 291547}
time long:163.9406921863556

controller configures over, waiting for connect request from clients
controller broadcasts datasetname:citeseer over
controller broadcasts model over
0
1
2
3
4
5
6
7
8
9
10
11
12
13
14
15
16
17
18
19
20
21
22
23
24
25
26
27
28
29
30
31
32
33
34
35
36
37
38
39
40
41
42
43
44
45
46
47
48
49
Epoch:36~Dataset:citeseer~Supermask:[5, 11, 7, 0, 9, 12, 1, 4]
result as
{'accu': 0.29300000000000004, 'time': 1.3051414489746094, 'num_params': 291547}
time long:173.63844060897827

controller configures over, waiting for connect request from clients
controller broadcasts datasetname:citeseer over
controller broadcasts model over
0
1
2
3
4
5
6
7
8
9
10
11
12
13
14
15
16
17
18
19
20
21
22
23
24
25
26
27
28
29
30
31
32
33
34
35
36
37
38
39
40
41
42
43
44
45
46
47
48
49
Epoch:37~Dataset:citeseer~Supermask:[1, 4, 0, 5, 1, 1, 8, 5]
result as
{'accu': 0.27799999999999997, 'time': 1.1764700412750244, 'num_params': 291547}
time long:174.66949701309204

controller configures over, waiting for connect request from clients
controller broadcasts datasetname:citeseer over
controller broadcasts model over
0
1
2
3
4
5
6
7
8
9
10
11
12
13
14
15
16
17
18
19
20
21
22
23
24
25
26
27
28
29
30
31
32
33
34
35
36
37
38
39
40
41
42
43
44
45
46
47
48
49
Epoch:38~Dataset:citeseer~Supermask:[5, 9, 5, 12, 10, 10, 0, 5]
result as
{'accu': 0.302, 'time': 1.0248908996582031, 'num_params': 291547}
time long:166.3622477054596

controller configures over, waiting for connect request from clients
controller broadcasts datasetname:citeseer over
controller broadcasts model over
0
1
2
3
4
5
6
7
8
9
10
11
12
13
14
15
16
17
18
19
20
21
22
23
24
25
26
27
28
29
30
31
32
33
34
35
36
37
38
39
40
41
42
43
44
45
46
47
48
49
Epoch:39~Dataset:citeseer~Supermask:[3, 4, 6, 10, 6, 4, 3, 5]
result as
{'accu': 0.34400000000000003, 'time': 1.1768720149993896, 'num_params': 291547}
time long:151.73160076141357

controller configures over, waiting for connect request from clients
controller broadcasts datasetname:citeseer over
controller broadcasts model over
0
1
2
3
4
5
6
7
8
9
10
11
12
13
14
15
16
17
18
19
20
21
22
23
24
25
26
27
28
29
30
31
32
33
34
35
36
37
38
39
40
41
42
43
44
45
46
47
48
49
Epoch:40~Dataset:citeseer~Supermask:[1, 4, 0, 3, 8, 9, 3, 3]
result as
{'accu': 0.323, 'time': 0.9912986755371094, 'num_params': 291547}
time long:153.9357988834381

controller configures over, waiting for connect request from clients
controller broadcasts datasetname:citeseer over
controller broadcasts model over
0
1
2
3
4
5
6
7
8
9
10
11
12
13
14
15
16
17
18
19
20
21
22
23
24
25
26
27
28
29
30
31
32
33
34
35
36
37
38
39
40
41
42
43
44
45
46
47
48
49
Epoch:41~Dataset:citeseer~Supermask:[5, 6, 3, 1, 2, 8, 6, 3]
result as
{'accu': 0.268, 'time': 1.0179247856140137, 'num_params': 291547}
time long:147.86802077293396

controller configures over, waiting for connect request from clients
controller broadcasts datasetname:citeseer over
controller broadcasts model over
0
1
2
3
4
5
6
7
8
9
10
11
12
13
14
15
16
17
18
19
20
21
22
23
24
25
26
27
28
29
30
31
32
33
34
35
36
37
38
39
40
41
42
43
44
45
46
47
48
49
Epoch:42~Dataset:citeseer~Supermask:[5, 7, 10, 1, 7, 6, 1, 3]
result as
{'accu': 0.178, 'time': 0.8468313217163086, 'num_params': 291547}
time long:142.59515619277954

controller configures over, waiting for connect request from clients
controller broadcasts datasetname:citeseer over
controller broadcasts model over
0
1
2
3
4
5
6
7
8
9
10
11
12
13
14
15
16
17
18
19
20
21
22
23
24
25
26
27
28
29
30
31
32
33
34
35
36
37
38
39
40
41
42
43
44
45
46
47
48
49
Epoch:43~Dataset:citeseer~Supermask:[5, 11, 9, 4, 12, 9, 0, 5]
result as
{'accu': 0.29800000000000004, 'time': 0.7741451263427734, 'num_params': 291547}
time long:147.28115129470825

controller configures over, waiting for connect request from clients
controller broadcasts datasetname:citeseer over
controller broadcasts model over
0
1
2
3
4
5
6
7
8
9
10
11
12
13
14
15
16
17
18
19
20
21
22
23
24
25
26
27
28
29
30
31
32
33
34
35
36
37
38
39
40
41
42
43
44
45
46
47
48
49
Epoch:44~Dataset:citeseer~Supermask:[3, 10, 4, 4, 9, 0, 11, 2]
result as
{'accu': 0.243, 'time': 0.95249342918396, 'num_params': 291547}
time long:138.22957491874695

controller configures over, waiting for connect request from clients
controller broadcasts datasetname:citeseer over
controller broadcasts model over
0
1
2
3
4
5
6
7
8
9
10
11
12
13
14
15
16
17
18
19
20
21
22
23
24
25
26
27
28
29
30
31
32
33
34
35
36
37
38
39
40
41
42
43
44
45
46
47
48
49
Epoch:45~Dataset:citeseer~Supermask:[3, 10, 0, 11, 2, 9, 7, 2]
result as
{'accu': 0.266, 'time': 0.842339277267456, 'num_params': 291547}
time long:140.66072583198547

controller configures over, waiting for connect request from clients
controller broadcasts datasetname:citeseer over
controller broadcasts model over
0
1
2
3
4
5
6
7
8
9
10
11
12
13
14
15
16
17
18
19
20
21
22
23
24
25
26
27
28
29
30
31
32
33
34
35
36
37
38
39
40
41
42
43
44
45
46
47
48
49
Epoch:46~Dataset:citeseer~Supermask:[5, 9, 6, 6, 9, 1, 3, 5]
result as
{'accu': 0.356, 'time': 0.9152421951293945, 'num_params': 291547}
time long:133.4617338180542

controller configures over, waiting for connect request from clients
controller broadcasts datasetname:citeseer over
controller broadcasts model over
0
1
2
3
4
5
6
7
8
9
10
11
12
13
14
15
16
17
18
19
20
21
22
23
24
25
26
27
28
29
30
31
32
33
34
35
36
37
38
39
40
41
42
43
44
45
46
47
48
49
Epoch:47~Dataset:citeseer~Supermask:[5, 2, 10, 5, 11, 0, 8, 2]
result as
{'accu': 0.268, 'time': 0.7474250793457031, 'num_params': 291547}
time long:123.67898154258728

controller configures over, waiting for connect request from clients
controller broadcasts datasetname:citeseer over
controller broadcasts model over
0
1
2
3
4
5
6
7
8
9
10
11
12
13
14
15
16
17
18
19
20
21
22
23
24
25
26
27
28
29
30
31
32
33
34
35
36
37
38
39
40
41
42
43
44
45
46
47
48
49
Epoch:48~Dataset:citeseer~Supermask:[2, 2, 8, 11, 2, 1, 10, 3]
result as
{'accu': 0.255, 'time': 0.9179775714874268, 'num_params': 291547}
time long:130.58543825149536

controller configures over, waiting for connect request from clients
controller broadcasts datasetname:citeseer over
controller broadcasts model over
0
1
2
3
4
5
6
7
8
9
10
11
12
13
14
15
16
17
18
19
20
21
22
23
24
25
26
27
28
29
30
31
32
33
34
35
36
37
38
39
40
41
42
43
44
45
46
47
48
49
Epoch:49~Dataset:citeseer~Supermask:[2, 10, 8, 7, 10, 9, 7, 2]
result as
{'accu': 0.334, 'time': 0.9241793155670166, 'num_params': 291547}
time long:127.44661545753479

controller configures over, waiting for connect request from clients
controller broadcasts datasetname:citeseer over
controller broadcasts model over
0
1
2
3
4
5
6
7
8
9
10
11
12
13
14
15
16
17
18
19
20
21
22
23
24
25
26
27
28
29
30
31
32
33
34
35
36
37
38
39
40
41
42
43
44
45
46
47
48
49
Epoch:50~Dataset:citeseer~Supermask:[5, 0, 9, 10, 8, 8, 8, 1]
result as
{'accu': 0.232, 'time': 0.9177908897399902, 'num_params': 291547}
time long:127.95256757736206

controller configures over, waiting for connect request from clients
controller broadcasts datasetname:citeseer over
controller broadcasts model over
0
1
2
3
4
5
6
7
8
9
10
11
12
13
14
15
16
17
18
19
20
21
22
23
24
25
26
27
28
29
30
31
32
33
34
35
36
37
38
39
40
41
42
43
44
45
46
47
48
49
Epoch:51~Dataset:citeseer~Supermask:[5, 3, 2, 9, 10, 12, 6, 4]
result as
{'accu': 0.271, 'time': 0.9191687107086182, 'num_params': 291547}
time long:131.03339004516602

controller configures over, waiting for connect request from clients
controller broadcasts datasetname:citeseer over
controller broadcasts model over
0
1
2
3
4
5
6
7
8
9
10
11
12
13
14
15
16
17
18
19
20
21
22
23
24
25
26
27
28
29
30
31
32
33
34
35
36
37
38
39
40
41
42
43
44
45
46
47
48
49
Epoch:52~Dataset:citeseer~Supermask:[5, 5, 1, 0, 4, 12, 2, 2]
result as
{'accu': 0.269, 'time': 0.922835111618042, 'num_params': 291547}
time long:130.8009054660797

controller configures over, waiting for connect request from clients
controller broadcasts datasetname:citeseer over
controller broadcasts model over
0
1
2
3
4
5
6
7
8
9
10
11
12
13
14
15
16
17
18
19
20
21
22
23
24
25
26
27
28
29
30
31
32
33
34
35
36
37
38
39
40
41
42
43
44
45
46
47
48
49
Epoch:53~Dataset:citeseer~Supermask:[3, 2, 0, 9, 11, 10, 0, 2]
result as
{'accu': 0.216, 'time': 0.8228237628936768, 'num_params': 291547}
time long:126.92068076133728

controller configures over, waiting for connect request from clients
controller broadcasts datasetname:citeseer over
controller broadcasts model over
0
1
2
3
4
5
6
7
8
9
10
11
12
13
14
15
16
17
18
19
20
21
22
23
24
25
26
27
28
29
30
31
32
33
34
35
36
37
38
39
40
41
42
43
44
45
46
47
48
49
Epoch:54~Dataset:citeseer~Supermask:[2, 11, 3, 8, 6, 0, 11, 3]
result as
{'accu': 0.19, 'time': 0.9333305358886719, 'num_params': 291547}
time long:126.9749825000763

controller configures over, waiting for connect request from clients
controller broadcasts datasetname:citeseer over
controller broadcasts model over
0
1
2
3
4
5
6
7
8
9
10
11
12
13
14
15
16
17
18
19
20
21
22
23
24
25
26
27
28
29
30
31
32
33
34
35
36
37
38
39
40
41
42
43
44
45
46
47
48
49
Epoch:55~Dataset:citeseer~Supermask:[1, 5, 4, 0, 12, 12, 10, 2]
result as
{'accu': 0.221, 'time': 0.9290142059326172, 'num_params': 291547}
time long:127.84387969970703

controller configures over, waiting for connect request from clients
controller broadcasts datasetname:citeseer over
controller broadcasts model over
0
1
2
3
4
5
6
7
8
9
10
11
12
13
14
15
16
17
18
19
20
21
22
23
24
25
26
27
28
29
30
31
32
33
34
35
36
37
38
39
40
41
42
43
44
45
46
47
48
49
Epoch:56~Dataset:citeseer~Supermask:[1, 6, 7, 0, 11, 3, 3, 2]
result as
{'accu': 0.366, 'time': 0.9351122379302979, 'num_params': 291547}
time long:127.36729502677917

controller configures over, waiting for connect request from clients
controller broadcasts datasetname:citeseer over
controller broadcasts model over
0
1
2
3
4
5
6
7
8
9
10
11
12
13
14
15
16
17
18
19
20
21
22
23
24
25
26
27
28
29
30
31
32
33
34
35
36
37
38
39
40
41
42
43
44
45
46
47
48
49
Epoch:57~Dataset:citeseer~Supermask:[5, 2, 11, 10, 5, 4, 6, 5]
result as
{'accu': 0.24300000000000002, 'time': 0.9118149280548096, 'num_params': 291547}
time long:127.55713772773743

controller configures over, waiting for connect request from clients
controller broadcasts datasetname:citeseer over
controller broadcasts model over
0
1
2
3
4
5
6
7
8
9
10
11
12
13
14
15
16
17
18
19
20
21
22
23
24
25
26
27
28
29
30
31
32
33
34
35
36
37
38
39
40
41
42
43
44
45
46
47
48
49
Epoch:58~Dataset:citeseer~Supermask:[1, 5, 7, 5, 5, 4, 3, 2]
result as
{'accu': 0.21100000000000002, 'time': 0.9572656154632568, 'num_params': 291547}
time long:133.47555422782898

controller configures over, waiting for connect request from clients
controller broadcasts datasetname:citeseer over
controller broadcasts model over
0
1
2
3
4
5
6
7
8
9
10
11
12
13
14
15
16
17
18
19
20
21
22
23
24
25
26
27
28
29
30
31
32
33
34
35
36
37
38
39
40
41
42
43
44
45
46
47
48
49
Epoch:59~Dataset:citeseer~Supermask:[5, 9, 12, 11, 6, 5, 12, 4]
result as
{'accu': 0.17300000000000001, 'time': 0.9283719062805176, 'num_params': 291547}
time long:130.50836443901062

controller configures over, waiting for connect request from clients
controller broadcasts datasetname:citeseer over
controller broadcasts model over
0
1
2
3
4
5
6
7
8
9
10
11
12
13
14
15
16
17
18
19
20
21
22
23
24
25
26
27
28
29
30
31
32
33
34
35
36
37
38
39
40
41
42
43
44
45
46
47
48
49
Epoch:60~Dataset:citeseer~Supermask:[3, 2, 0, 1, 12, 3, 3, 3]
result as
{'accu': 0.241, 'time': 0.942624568939209, 'num_params': 291547}
time long:132.2753460407257

controller configures over, waiting for connect request from clients
controller broadcasts datasetname:citeseer over
controller broadcasts model over
0
1
2
3
4
5
6
7
8
9
10
11
12
13
14
15
16
17
18
19
20
21
22
23
24
25
26
27
28
29
30
31
32
33
34
35
36
37
38
39
40
41
42
43
44
45
46
47
48
49
Epoch:61~Dataset:citeseer~Supermask:[5, 5, 5, 9, 10, 1, 8, 3]
result as
{'accu': 0.22299999999999998, 'time': 0.910088300704956, 'num_params': 291547}
time long:117.80206894874573

controller configures over, waiting for connect request from clients
controller broadcasts datasetname:citeseer over
controller broadcasts model over
0
1
2
3
4
5
6
7
8
9
10
11
12
13
14
15
16
17
18
19
20
21
22
23
24
25
26
27
28
29
30
31
32
33
34
35
36
37
38
39
40
41
42
43
44
45
46
47
48
49
Epoch:62~Dataset:citeseer~Supermask:[2, 7, 9, 6, 6, 12, 6, 1]
result as
{'accu': 0.378, 'time': 0.9228839874267578, 'num_params': 291547}
time long:129.81029987335205

controller configures over, waiting for connect request from clients
controller broadcasts datasetname:citeseer over
controller broadcasts model over
0
1
2
3
4
5
6
7
8
9
10
11
12
13
14
15
16
17
18
19
20
21
22
23
24
25
26
27
28
29
30
31
32
33
34
35
36
37
38
39
40
41
42
43
44
45
46
47
48
49
Epoch:63~Dataset:citeseer~Supermask:[2, 0, 10, 10, 3, 4, 11, 1]
result as
{'accu': 0.284, 'time': 0.9305346012115479, 'num_params': 291547}
time long:129.00601053237915

controller configures over, waiting for connect request from clients
controller broadcasts datasetname:citeseer over
controller broadcasts model over
0
1
2
3
4
5
6
7
8
9
10
11
12
13
14
15
16
17
18
19
20
21
22
23
24
25
26
27
28
29
30
31
32
33
34
35
36
37
38
39
40
41
42
43
44
45
46
47
48
49
Epoch:64~Dataset:citeseer~Supermask:[3, 8, 6, 9, 5, 10, 2, 5]
result as
{'accu': 0.467, 'time': 0.9190585613250732, 'num_params': 291547}
time long:128.02872943878174

controller configures over, waiting for connect request from clients
controller broadcasts datasetname:citeseer over
controller broadcasts model over
0
1
2
3
4
5
6
7
8
9
10
11
12
13
14
15
16
17
18
19
20
21
22
23
24
25
26
27
28
29
30
31
32
33
34
35
36
37
38
39
40
41
42
43
44
45
46
47
48
49
Epoch:65~Dataset:citeseer~Supermask:[5, 6, 6, 9, 2, 5, 4, 1]
result as
{'accu': 0.31999999999999995, 'time': 0.9380087852478027, 'num_params': 291547}
time long:129.18383860588074

controller configures over, waiting for connect request from clients
controller broadcasts datasetname:citeseer over
controller broadcasts model over
0
1
2
3
4
5
6
7
8
9
10
11
12
13
14
15
16
17
18
19
20
21
22
23
24
25
26
27
28
29
30
31
32
33
34
35
36
37
38
39
40
41
42
43
44
45
46
47
48
49
Epoch:66~Dataset:citeseer~Supermask:[5, 8, 2, 1, 6, 11, 6, 1]
result as
{'accu': 0.225, 'time': 0.9260170459747314, 'num_params': 291547}
time long:119.47156476974487

controller configures over, waiting for connect request from clients
controller broadcasts datasetname:citeseer over
controller broadcasts model over
0
1
2
3
4
5
6
7
8
9
10
11
12
13
14
15
16
17
18
19
20
21
22
23
24
25
26
27
28
29
30
31
32
33
34
35
36
37
38
39
40
41
42
43
44
45
46
47
48
49
Epoch:67~Dataset:citeseer~Supermask:[3, 0, 9, 4, 1, 10, 10, 5]
result as
{'accu': 0.24599999999999997, 'time': 0.925513505935669, 'num_params': 291547}
time long:132.67877793312073

controller configures over, waiting for connect request from clients
controller broadcasts datasetname:citeseer over
controller broadcasts model over
0
1
2
3
4
5
6
7
8
9
10
11
12
13
14
15
16
17
18
19
20
21
22
23
24
25
26
27
28
29
30
31
32
33
34
35
36
37
38
39
40
41
42
43
44
45
46
47
48
49
Epoch:68~Dataset:citeseer~Supermask:[2, 1, 4, 11, 11, 10, 3, 3]
result as
{'accu': 0.295, 'time': 0.9265468120574951, 'num_params': 291547}
time long:132.91101169586182

controller configures over, waiting for connect request from clients
controller broadcasts datasetname:citeseer over
controller broadcasts model over
0
1
2
3
4
5
6
7
8
9
10
11
12
13
14
15
16
17
18
19
20
21
22
23
24
25
26
27
28
29
30
31
32
33
34
35
36
37
38
39
40
41
42
43
44
45
46
47
48
49
Epoch:69~Dataset:citeseer~Supermask:[5, 0, 10, 4, 5, 0, 4, 3]
result as
{'accu': 0.273, 'time': 0.8204457759857178, 'num_params': 291547}
time long:132.0180115699768

controller configures over, waiting for connect request from clients
controller broadcasts datasetname:citeseer over
controller broadcasts model over
0
1
2
3
4
5
6
7
8
9
10
11
12
13
14
15
16
17
18
19
20
21
22
23
24
25
26
27
28
29
30
31
32
33
34
35
36
37
38
39
40
41
42
43
44
45
46
47
48
49
Epoch:70~Dataset:citeseer~Supermask:[4, 3, 1, 5, 2, 4, 6, 4]
result as
{'accu': 0.265, 'time': 0.9519999027252197, 'num_params': 291547}
time long:129.24468994140625

controller configures over, waiting for connect request from clients
controller broadcasts datasetname:citeseer over
controller broadcasts model over
0
1
2
3
4
5
6
7
8
9
10
11
12
13
14
15
16
17
18
19
20
21
22
23
24
25
26
27
28
29
30
31
32
33
34
35
36
37
38
39
40
41
42
43
44
45
46
47
48
49
Epoch:71~Dataset:citeseer~Supermask:[4, 9, 0, 8, 5, 6, 6, 3]
result as
{'accu': 0.29300000000000004, 'time': 0.9175693988800049, 'num_params': 291547}
time long:128.32671904563904

controller configures over, waiting for connect request from clients
controller broadcasts datasetname:citeseer over
controller broadcasts model over
0
1
2
3
4
5
6
7
8
9
10
11
12
13
14
15
16
17
18
19
20
21
22
23
24
25
26
27
28
29
30
31
32
33
34
35
36
37
38
39
40
41
42
43
44
45
46
47
48
49
Epoch:72~Dataset:citeseer~Supermask:[3, 5, 6, 6, 6, 10, 8, 1]
result as
{'accu': 0.28300000000000003, 'time': 0.9360642433166504, 'num_params': 291547}
time long:128.0957109928131

controller configures over, waiting for connect request from clients
controller broadcasts datasetname:citeseer over
controller broadcasts model over
0
1
2
3
4
5
6
7
8
9
10
11
12
13
14
15
16
17
18
19
20
21
22
23
24
25
26
27
28
29
30
31
32
33
34
35
36
37
38
39
40
41
42
43
44
45
46
47
48
49
Epoch:73~Dataset:citeseer~Supermask:[2, 1, 9, 2, 12, 8, 12, 3]
result as
{'accu': 0.291, 'time': 0.9297115802764893, 'num_params': 291547}
time long:132.25815677642822

controller configures over, waiting for connect request from clients
controller broadcasts datasetname:citeseer over
controller broadcasts model over
0
1
2
3
4
5
6
7
8
9
10
11
12
13
14
15
16
17
18
19
20
21
22
23
24
25
26
27
28
29
30
31
32
33
34
35
36
37
38
39
40
41
42
43
44
45
46
47
48
49
Epoch:74~Dataset:citeseer~Supermask:[3, 3, 3, 12, 12, 1, 12, 1]
result as
{'accu': 0.169, 'time': 0.9226024150848389, 'num_params': 291547}
time long:130.31178164482117

controller configures over, waiting for connect request from clients
controller broadcasts datasetname:citeseer over
controller broadcasts model over
0
1
2
3
4
5
6
7
8
9
10
11
12
13
14
15
16
17
18
19
20
21
22
23
24
25
26
27
28
29
30
31
32
33
34
35
36
37
38
39
40
41
42
43
44
45
46
47
48
49
Epoch:75~Dataset:citeseer~Supermask:[5, 9, 8, 11, 6, 11, 12, 2]
result as
{'accu': 0.32899999999999996, 'time': 0.9285283088684082, 'num_params': 291547}
time long:133.20825695991516

controller configures over, waiting for connect request from clients
controller broadcasts datasetname:citeseer over
controller broadcasts model over
0
1
2
3
4
5
6
7
8
9
10
11
12
13
14
15
16
17
18
19
20
21
22
23
24
25
26
27
28
29
30
31
32
33
34
35
36
37
38
39
40
41
42
43
44
45
46
47
48
49
Epoch:76~Dataset:citeseer~Supermask:[4, 7, 9, 7, 5, 12, 5, 3]
result as
{'accu': 0.354, 'time': 0.9279496669769287, 'num_params': 291547}
time long:127.95261359214783

controller configures over, waiting for connect request from clients
controller broadcasts datasetname:citeseer over
controller broadcasts model over
0
1
2
3
4
5
6
7
8
9
10
11
12
13
14
15
16
17
18
19
20
21
22
23
24
25
26
27
28
29
30
31
32
33
34
35
36
37
38
39
40
41
42
43
44
45
46
47
48
49
Epoch:77~Dataset:citeseer~Supermask:[4, 9, 8, 0, 9, 5, 4, 5]
result as
{'accu': 0.35900000000000004, 'time': 0.9291658401489258, 'num_params': 291547}
time long:129.72662210464478

controller configures over, waiting for connect request from clients
controller broadcasts datasetname:citeseer over
controller broadcasts model over
0
1
2
3
4
5
6
7
8
9
10
11
12
13
14
15
16
17
18
19
20
21
22
23
24
25
26
27
28
29
30
31
32
33
34
35
36
37
38
39
40
41
42
43
44
45
46
47
48
49
Epoch:78~Dataset:citeseer~Supermask:[2, 8, 6, 11, 6, 1, 11, 2]
result as
{'accu': 0.181, 'time': 0.9358646869659424, 'num_params': 291547}
time long:133.1653757095337

controller configures over, waiting for connect request from clients
controller broadcasts datasetname:citeseer over
controller broadcasts model over
0
1
2
3
4
5
6
7
8
9
10
11
12
13
14
15
16
17
18
19
20
21
22
23
24
25
26
27
28
29
30
31
32
33
34
35
36
37
38
39
40
41
42
43
44
45
46
47
48
49
Epoch:79~Dataset:citeseer~Supermask:[3, 2, 9, 5, 4, 0, 12, 5]
result as
{'accu': 0.335, 'time': 0.9338243007659912, 'num_params': 291547}
time long:129.8960771560669

controller configures over, waiting for connect request from clients
controller broadcasts datasetname:citeseer over
controller broadcasts model over
0
1
2
3
4
5
6
7
8
9
10
11
12
13
14
15
16
17
18
19
20
21
22
23
24
25
26
27
28
29
30
31
32
33
34
35
36
37
38
39
40
41
42
43
44
45
46
47
48
49
Epoch:80~Dataset:citeseer~Supermask:[2, 11, 10, 1, 6, 5, 9, 5]
result as
{'accu': 0.4, 'time': 0.9292652606964111, 'num_params': 291547}
time long:132.48995280265808

controller configures over, waiting for connect request from clients
controller broadcasts datasetname:citeseer over
controller broadcasts model over
0
1
2
3
4
5
6
7
8
9
10
11
12
13
14
15
16
17
18
19
20
21
22
23
24
25
26
27
28
29
30
31
32
33
34
35
36
37
38
39
40
41
42
43
44
45
46
47
48
49
Epoch:81~Dataset:citeseer~Supermask:[5, 10, 4, 1, 5, 2, 11, 3]
result as
{'accu': 0.249, 'time': 0.937859058380127, 'num_params': 291547}
time long:130.74075031280518

controller configures over, waiting for connect request from clients
controller broadcasts datasetname:citeseer over
controller broadcasts model over
0
1
2
3
4
5
6
7
8
9
10
11
12
13
14
15
16
17
18
19
20
21
22
23
24
25
26
27
28
29
30
31
32
33
34
35
36
37
38
39
40
41
42
43
44
45
46
47
48
49
Epoch:82~Dataset:citeseer~Supermask:[5, 5, 0, 12, 10, 2, 7, 4]
result as
{'accu': 0.224, 'time': 0.9242007732391357, 'num_params': 291547}
time long:114.83083319664001

controller configures over, waiting for connect request from clients
controller broadcasts datasetname:citeseer over
controller broadcasts model over
0
1
2
3
4
5
6
7
8
9
10
11
12
13
14
15
16
17
18
19
20
21
22
23
24
25
26
27
28
29
30
31
32
33
34
35
36
37
38
39
40
41
42
43
44
45
46
47
48
49
Epoch:83~Dataset:citeseer~Supermask:[3, 8, 0, 1, 4, 6, 2, 2]
result as
{'accu': 0.183, 'time': 0.9343836307525635, 'num_params': 291547}
time long:131.459534406662

controller configures over, waiting for connect request from clients
controller broadcasts datasetname:citeseer over
controller broadcasts model over
0
1
2
3
4
5
6
7
8
9
10
11
12
13
14
15
16
17
18
19
20
21
22
23
24
25
26
27
28
29
30
31
32
33
34
35
36
37
38
39
40
41
42
43
44
45
46
47
48
49
Epoch:84~Dataset:citeseer~Supermask:[2, 5, 4, 3, 12, 4, 4, 3]
result as
{'accu': 0.23900000000000005, 'time': 0.9129230976104736, 'num_params': 291547}
time long:128.39696788787842

controller configures over, waiting for connect request from clients
controller broadcasts datasetname:citeseer over
controller broadcasts model over
0
1
2
3
4
5
6
7
8
9
10
11
12
13
14
15
16
17
18
19
20
21
22
23
24
25
26
27
28
29
30
31
32
33
34
35
36
37
38
39
40
41
42
43
44
45
46
47
48
49
Epoch:85~Dataset:citeseer~Supermask:[2, 11, 9, 0, 6, 0, 7, 4]
result as
{'accu': 0.216, 'time': 0.9197587966918945, 'num_params': 291547}
time long:129.0377175807953

controller configures over, waiting for connect request from clients
controller broadcasts datasetname:citeseer over
controller broadcasts model over
0
1
2
3
4
5
6
7
8
9
10
11
12
13
14
15
16
17
18
19
20
21
22
23
24
25
26
27
28
29
30
31
32
33
34
35
36
37
38
39
40
41
42
43
44
45
46
47
48
49
Epoch:86~Dataset:citeseer~Supermask:[3, 4, 1, 6, 5, 6, 7, 2]
result as
{'accu': 0.20299999999999999, 'time': 0.9534721374511719, 'num_params': 291547}
time long:128.59293222427368

controller configures over, waiting for connect request from clients
controller broadcasts datasetname:citeseer over
controller broadcasts model over
0
1
2
3
4
5
6
7
8
9
10
11
12
13
14
15
16
17
18
19
20
21
22
23
24
25
26
27
28
29
30
31
32
33
34
35
36
37
38
39
40
41
42
43
44
45
46
47
48
49
Epoch:87~Dataset:citeseer~Supermask:[2, 10, 8, 2, 4, 8, 7, 4]
result as
{'accu': 0.243, 'time': 0.9098310470581055, 'num_params': 291547}
time long:128.78087091445923

controller configures over, waiting for connect request from clients
controller broadcasts datasetname:citeseer over
controller broadcasts model over
0
1
2
3
4
5
6
7
8
9
10
11
12
13
14
15
16
17
18
19
20
21
22
23
24
25
26
27
28
29
30
31
32
33
34
35
36
37
38
39
40
41
42
43
44
45
46
47
48
49
Epoch:88~Dataset:citeseer~Supermask:[4, 0, 11, 10, 10, 10, 0, 5]
result as
{'accu': 0.312, 'time': 0.9029741287231445, 'num_params': 291547}
time long:130.39099669456482

controller configures over, waiting for connect request from clients
controller broadcasts datasetname:citeseer over
controller broadcasts model over
0
1
2
3
4
5
6
7
8
9
10
11
12
13
14
15
16
17
18
19
20
21
22
23
24
25
26
27
28
29
30
31
32
33
34
35
36
37
38
39
40
41
42
43
44
45
46
47
48
49
Epoch:89~Dataset:citeseer~Supermask:[2, 2, 6, 4, 7, 10, 8, 4]
result as
{'accu': 0.304, 'time': 0.9557194709777832, 'num_params': 291547}
time long:131.28577280044556

controller configures over, waiting for connect request from clients
controller broadcasts datasetname:citeseer over
controller broadcasts model over
0
1
2
3
4
5
6
7
8
9
10
11
12
13
14
15
16
17
18
19
20
21
22
23
24
25
26
27
28
29
30
31
32
33
34
35
36
37
38
39
40
41
42
43
44
45
46
47
48
49
Epoch:90~Dataset:citeseer~Supermask:[5, 1, 7, 12, 6, 3, 3, 1]
result as
{'accu': 0.25, 'time': 0.920710563659668, 'num_params': 291547}
time long:128.47763228416443

controller configures over, waiting for connect request from clients
controller broadcasts datasetname:citeseer over
controller broadcasts model over
0
1
2
3
4
5
6
7
8
9
10
11
12
13
14
15
16
17
18
19
20
21
22
23
24
25
26
27
28
29
30
31
32
33
34
35
36
37
38
39
40
41
42
43
44
45
46
47
48
49
Epoch:91~Dataset:citeseer~Supermask:[3, 9, 12, 3, 11, 7, 6, 3]
result as
{'accu': 0.352, 'time': 0.9285564422607422, 'num_params': 291547}
time long:129.46700501441956

controller configures over, waiting for connect request from clients
controller broadcasts datasetname:citeseer over
controller broadcasts model over
0
1
2
3
4
5
6
7
8
9
10
11
12
13
14
15
16
17
18
19
20
21
22
23
24
25
26
27
28
29
30
31
32
33
34
35
36
37
38
39
40
41
42
43
44
45
46
47
48
49
Epoch:92~Dataset:citeseer~Supermask:[1, 5, 12, 12, 12, 2, 6, 4]
result as
{'accu': 0.333, 'time': 0.9231328964233398, 'num_params': 291547}
time long:132.06541514396667

controller configures over, waiting for connect request from clients
controller broadcasts datasetname:citeseer over
controller broadcasts model over
0
1
2
3
4
5
6
7
8
9
10
11
12
13
14
15
16
17
18
19
20
21
22
23
24
25
26
27
28
29
30
31
32
33
34
35
36
37
38
39
40
41
42
43
44
45
46
47
48
49
Epoch:93~Dataset:citeseer~Supermask:[4, 0, 2, 5, 8, 10, 0, 2]
result as
{'accu': 0.252, 'time': 0.9213049411773682, 'num_params': 291547}
time long:131.75243043899536

controller configures over, waiting for connect request from clients
controller broadcasts datasetname:citeseer over
controller broadcasts model over
0
1
2
3
4
5
6
7
8
9
10
11
12
13
14
15
16
17
18
19
20
21
22
23
24
25
26
27
28
29
30
31
32
33
34
35
36
37
38
39
40
41
42
43
44
45
46
47
48
49
Epoch:94~Dataset:citeseer~Supermask:[2, 2, 7, 11, 3, 4, 11, 5]
result as
{'accu': 0.17200000000000001, 'time': 0.9291636943817139, 'num_params': 291547}
time long:128.61258244514465

controller configures over, waiting for connect request from clients
controller broadcasts datasetname:citeseer over
controller broadcasts model over
0
1
2
3
4
5
6
7
8
9
10
11
12
13
14
15
16
17
18
19
20
21
22
23
24
25
26
27
28
29
30
31
32
33
34
35
36
37
38
39
40
41
42
43
44
45
46
47
48
49
Epoch:95~Dataset:citeseer~Supermask:[1, 6, 3, 5, 0, 7, 7, 5]
result as
{'accu': 0.28800000000000003, 'time': 0.7430825233459473, 'num_params': 291547}
time long:129.58164930343628

controller configures over, waiting for connect request from clients
controller broadcasts datasetname:citeseer over
controller broadcasts model over
0
1
2
3
4
5
6
7
8
9
10
11
12
13
14
15
16
17
18
19
20
21
22
23
24
25
26
27
28
29
30
31
32
33
34
35
36
37
38
39
40
41
42
43
44
45
46
47
48
49
Epoch:96~Dataset:citeseer~Supermask:[2, 3, 7, 4, 6, 4, 5, 3]
result as
{'accu': 0.195, 'time': 0.9231996536254883, 'num_params': 291547}
time long:130.48308730125427

controller configures over, waiting for connect request from clients
controller broadcasts datasetname:citeseer over
controller broadcasts model over
0
1
2
3
4
5
6
7
8
9
10
11
12
13
14
15
16
17
18
19
20
21
22
23
24
25
26
27
28
29
30
31
32
33
34
35
36
37
38
39
40
41
42
43
44
45
46
47
48
49
Epoch:97~Dataset:citeseer~Supermask:[5, 3, 11, 7, 9, 9, 4, 1]
result as
{'accu': 0.449, 'time': 0.8651158809661865, 'num_params': 291547}
time long:132.11814951896667

controller configures over, waiting for connect request from clients
controller broadcasts datasetname:citeseer over
controller broadcasts model over
0
1
2
3
4
5
6
7
8
9
10
11
12
13
14
15
16
17
18
19
20
21
22
23
24
25
26
27
28
29
30
31
32
33
34
35
36
37
38
39
40
41
42
43
44
45
46
47
48
49
Epoch:98~Dataset:citeseer~Supermask:[1, 4, 9, 12, 5, 4, 6, 1]
result as
{'accu': 0.33499999999999996, 'time': 0.9245748519897461, 'num_params': 291547}
time long:131.06270170211792

controller configures over, waiting for connect request from clients
controller broadcasts datasetname:citeseer over
controller broadcasts model over
0
1
2
3
4
5
6
7
8
9
10
11
12
13
14
15
16
17
18
19
20
21
22
23
24
25
26
27
28
29
30
31
32
33
34
35
36
37
38
39
40
41
42
43
44
45
46
47
48
49
Epoch:99~Dataset:citeseer~Supermask:[2, 1, 8, 4, 7, 1, 3, 3]
result as
{'accu': 0.252, 'time': 0.7604501247406006, 'num_params': 291547}
time long:129.1819941997528

controller configures over, waiting for connect request from clients
controller broadcasts datasetname:citeseer over
controller broadcasts model over
0
1
2
3
4
5
6
7
8
9
10
11
12
13
14
15
16
17
18
19
20
21
22
23
24
25
26
27
28
29
30
31
32
33
34
35
36
37
38
39
40
41
42
43
44
45
46
47
48
49
Epoch:100~Dataset:citeseer~Supermask:[5, 2, 0, 7, 8, 11, 3, 3]
result as
{'accu': 0.243, 'time': 0.7652666568756104, 'num_params': 291547}
time long:124.88819813728333

controller configures over, waiting for connect request from clients
controller broadcasts datasetname:citeseer over
controller broadcasts model over
0
1
2
3
4
5
6
7
8
9
10
11
12
13
14
15
16
17
18
19
20
21
22
23
24
25
26
27
28
29
30
31
32
33
34
35
36
37
38
39
40
41
42
43
44
45
46
47
48
49
Epoch:101~Dataset:citeseer~Supermask:[1, 3, 2, 8, 6, 7, 2, 3]
result as
{'accu': 0.309, 'time': 0.9414455890655518, 'num_params': 291547}
time long:131.19304299354553

controller configures over, waiting for connect request from clients
controller broadcasts datasetname:citeseer over
controller broadcasts model over
0
1
2
3
4
5
6
7
8
9
10
11
12
13
14
15
16
17
18
19
20
21
22
23
24
25
26
27
28
29
30
31
32
33
34
35
36
37
38
39
40
41
42
43
44
45
46
47
48
49
Epoch:102~Dataset:citeseer~Supermask:[1, 3, 12, 10, 7, 1, 3, 1]
result as
{'accu': 0.312, 'time': 0.9136672019958496, 'num_params': 291547}
time long:132.23161244392395

controller configures over, waiting for connect request from clients
controller broadcasts datasetname:citeseer over
controller broadcasts model over
0
1
2
3
4
5
6
7
8
9
10
11
12
13
14
15
16
17
18
19
20
21
22
23
24
25
26
27
28
29
30
31
32
33
34
35
36
37
38
39
40
41
42
43
44
45
46
47
48
49
Epoch:103~Dataset:citeseer~Supermask:[5, 2, 1, 10, 9, 7, 5, 1]
result as
{'accu': 0.174, 'time': 0.9472255706787109, 'num_params': 291547}
time long:127.4634780883789

controller configures over, waiting for connect request from clients
controller broadcasts datasetname:citeseer over
controller broadcasts model over
0
1
2
3
4
5
6
7
8
9
10
11
12
13
14
15
16
17
18
19
20
21
22
23
24
25
26
27
28
29
30
31
32
33
34
35
36
37
38
39
40
41
42
43
44
45
46
47
48
49
Epoch:104~Dataset:citeseer~Supermask:[1, 6, 10, 12, 3, 7, 12, 2]
result as
{'accu': 0.265, 'time': 0.9359734058380127, 'num_params': 291547}
time long:134.39272570610046

controller configures over, waiting for connect request from clients
controller broadcasts datasetname:citeseer over
controller broadcasts model over
0
1
2
3
4
5
6
7
8
9
10
11
12
13
14
15
16
17
18
19
20
21
22
23
24
25
26
27
28
29
30
31
32
33
34
35
36
37
38
39
40
41
42
43
44
45
46
47
48
49
Epoch:105~Dataset:citeseer~Supermask:[2, 6, 8, 4, 7, 7, 6, 5]
result as
{'accu': 0.30800000000000005, 'time': 0.9328751564025879, 'num_params': 291547}
time long:129.68920469284058

controller configures over, waiting for connect request from clients
controller broadcasts datasetname:citeseer over
controller broadcasts model over
0
1
2
3
4
5
6
7
8
9
10
11
12
13
14
15
16
17
18
19
20
21
22
23
24
25
26
27
28
29
30
31
32
33
34
35
36
37
38
39
40
41
42
43
44
45
46
47
48
49
Epoch:106~Dataset:citeseer~Supermask:[5, 3, 3, 9, 0, 1, 3, 2]
result as
{'accu': 0.217, 'time': 0.9248666763305664, 'num_params': 291547}
time long:130.1754288673401

controller configures over, waiting for connect request from clients
controller broadcasts datasetname:citeseer over
controller broadcasts model over
0
1
2
3
4
5
6
7
8
9
10
11
12
13
14
15
16
17
18
19
20
21
22
23
24
25
26
27
28
29
30
31
32
33
34
35
36
37
38
39
40
41
42
43
44
45
46
47
48
49
Epoch:107~Dataset:citeseer~Supermask:[4, 8, 8, 6, 0, 9, 7, 2]
result as
{'accu': 0.251, 'time': 0.9223761558532715, 'num_params': 291547}
time long:129.161452293396

controller configures over, waiting for connect request from clients
controller broadcasts datasetname:citeseer over
controller broadcasts model over
0
1
2
3
4
5
6
7
8
9
10
11
12
13
14
15
16
17
18
19
20
21
22
23
24
25
26
27
28
29
30
31
32
33
34
35
36
37
38
39
40
41
42
43
44
45
46
47
48
49
Epoch:108~Dataset:citeseer~Supermask:[3, 4, 8, 8, 10, 11, 6, 3]
result as
{'accu': 0.265, 'time': 0.9362688064575195, 'num_params': 291547}
time long:132.4985203742981

controller configures over, waiting for connect request from clients
controller broadcasts datasetname:citeseer over
controller broadcasts model over
0
1
2
3
4
5
6
7
8
9
10
11
12
13
14
15
16
17
18
19
20
21
22
23
24
25
26
27
28
29
30
31
32
33
34
35
36
37
38
39
40
41
42
43
44
45
46
47
48
49
Epoch:109~Dataset:citeseer~Supermask:[4, 7, 8, 10, 7, 9, 1, 4]
result as
{'accu': 0.42000000000000004, 'time': 0.9277398586273193, 'num_params': 291547}
time long:130.571195602417

controller configures over, waiting for connect request from clients
controller broadcasts datasetname:citeseer over
controller broadcasts model over
0
1
2
3
4
5
6
7
8
9
10
11
12
13
14
15
16
17
18
19
20
21
22
23
24
25
26
27
28
29
30
31
32
33
34
35
36
37
38
39
40
41
42
43
44
45
46
47
48
49
Epoch:110~Dataset:citeseer~Supermask:[3, 11, 2, 2, 6, 6, 5, 5]
result as
{'accu': 0.336, 'time': 0.9437294006347656, 'num_params': 291547}
time long:130.49829530715942

controller configures over, waiting for connect request from clients
controller broadcasts datasetname:citeseer over
controller broadcasts model over
0
1
2
3
4
5
6
7
8
9
10
11
12
13
14
15
16
17
18
19
20
21
22
23
24
25
26
27
28
29
30
31
32
33
34
35
36
37
38
39
40
41
42
43
44
45
46
47
48
49
Epoch:111~Dataset:citeseer~Supermask:[3, 3, 5, 10, 0, 6, 6, 4]
result as
{'accu': 0.259, 'time': 0.992279052734375, 'num_params': 291547}
time long:129.82954001426697

controller configures over, waiting for connect request from clients
controller broadcasts datasetname:citeseer over
controller broadcasts model over
0
1
2
3
4
5
6
7
8
9
10
11
12
13
14
15
16
17
18
19
20
21
22
23
24
25
26
27
28
29
30
31
32
33
34
35
36
37
38
39
40
41
42
43
44
45
46
47
48
49
Epoch:112~Dataset:citeseer~Supermask:[2, 1, 4, 10, 6, 12, 0, 5]
result as
{'accu': 0.18799999999999997, 'time': 0.9269108772277832, 'num_params': 291547}
time long:129.90823578834534

controller configures over, waiting for connect request from clients
controller broadcasts datasetname:citeseer over
controller broadcasts model over
0
1
2
3
4
5
6
7
8
9
10
11
12
13
14
15
16
17
18
19
20
21
22
23
24
25
26
27
28
29
30
31
32
33
34
35
36
37
38
39
40
41
42
43
44
45
46
47
48
49
Epoch:113~Dataset:citeseer~Supermask:[5, 2, 7, 5, 6, 2, 12, 1]
result as
{'accu': 0.303, 'time': 0.9427886009216309, 'num_params': 291547}
time long:133.0906286239624

controller configures over, waiting for connect request from clients
controller broadcasts datasetname:citeseer over
controller broadcasts model over
0
1
2
3
4
5
6
7
8
9
10
11
12
13
14
15
16
17
18
19
20
21
22
23
24
25
26
27
28
29
30
31
32
33
34
35
36
37
38
39
40
41
42
43
44
45
46
47
48
49
Epoch:114~Dataset:citeseer~Supermask:[1, 11, 9, 3, 4, 4, 7, 3]
result as
{'accu': 0.254, 'time': 0.9138085842132568, 'num_params': 291547}
time long:128.71409440040588

controller configures over, waiting for connect request from clients
controller broadcasts datasetname:citeseer over
controller broadcasts model over
0
1
2
3
4
5
6
7
8
9
10
11
12
13
14
15
16
17
18
19
20
21
22
23
24
25
26
27
28
29
30
31
32
33
34
35
36
37
38
39
40
41
42
43
44
45
46
47
48
49
Epoch:115~Dataset:citeseer~Supermask:[3, 0, 12, 8, 6, 0, 0, 3]
result as
{'accu': 0.23300000000000004, 'time': 0.9129786491394043, 'num_params': 291547}
time long:131.55820083618164

controller configures over, waiting for connect request from clients
controller broadcasts datasetname:citeseer over
controller broadcasts model over
0
1
2
3
4
5
6
7
8
9
10
11
12
13
14
15
16
17
18
19
20
21
22
23
24
25
26
27
28
29
30
31
32
33
34
35
36
37
38
39
40
41
42
43
44
45
46
47
48
49
Epoch:116~Dataset:citeseer~Supermask:[3, 9, 6, 1, 12, 12, 0, 5]
result as
{'accu': 0.377, 'time': 0.9301869869232178, 'num_params': 291547}
time long:127.58337068557739

controller configures over, waiting for connect request from clients
controller broadcasts datasetname:citeseer over
controller broadcasts model over
0
1
2
3
4
5
6
7
8
9
10
11
12
13
14
15
16
17
18
19
20
21
22
23
24
25
26
27
28
29
30
31
32
33
34
35
36
37
38
39
40
41
42
43
44
45
46
47
48
49
Epoch:117~Dataset:citeseer~Supermask:[3, 1, 9, 10, 6, 5, 1, 4]
result as
{'accu': 0.288, 'time': 0.9069836139678955, 'num_params': 291547}
time long:126.18229937553406

controller configures over, waiting for connect request from clients
controller broadcasts datasetname:citeseer over
controller broadcasts model over
0
1
2
3
4
5
6
7
8
9
10
11
12
13
14
15
16
17
18
19
20
21
22
23
24
25
26
27
28
29
30
31
32
33
34
35
36
37
38
39
40
41
42
43
44
45
46
47
48
49
Epoch:118~Dataset:citeseer~Supermask:[3, 0, 7, 2, 3, 0, 2, 5]
result as
{'accu': 0.362, 'time': 0.9388887882232666, 'num_params': 291547}
time long:132.09490275382996

controller configures over, waiting for connect request from clients
controller broadcasts datasetname:citeseer over
controller broadcasts model over
0
1
2
3
4
5
6
7
8
9
10
11
12
13
14
15
16
17
18
19
20
21
22
23
24
25
26
27
28
29
30
31
32
33
34
35
36
37
38
39
40
41
42
43
44
45
46
47
48
49
Epoch:119~Dataset:citeseer~Supermask:[4, 3, 8, 12, 7, 7, 7, 5]
result as
{'accu': 0.341, 'time': 0.9362633228302002, 'num_params': 291547}
time long:130.4249768257141

controller configures over, waiting for connect request from clients
controller broadcasts datasetname:citeseer over
controller broadcasts model over
0
1
2
3
4
5
6
7
8
9
10
11
12
13
14
15
16
17
18
19
20
21
22
23
24
25
26
27
28
29
30
31
32
33
34
35
36
37
38
39
40
41
42
43
44
45
46
47
48
49
Epoch:120~Dataset:citeseer~Supermask:[4, 11, 4, 10, 12, 12, 12, 2]
result as
{'accu': 0.279, 'time': 0.925762414932251, 'num_params': 291547}
time long:130.6855878829956

controller configures over, waiting for connect request from clients
controller broadcasts datasetname:citeseer over
controller broadcasts model over
0
1
2
3
4
5
6
7
8
9
10
11
12
13
14
15
16
17
18
19
20
21
22
23
24
25
26
27
28
29
30
31
32
33
34
35
36
37
38
39
40
41
42
43
44
45
46
47
48
49
Epoch:121~Dataset:citeseer~Supermask:[4, 10, 6, 3, 3, 0, 0, 4]
result as
{'accu': 0.4, 'time': 0.9326779842376709, 'num_params': 291547}
time long:130.68659830093384

controller configures over, waiting for connect request from clients
controller broadcasts datasetname:citeseer over
controller broadcasts model over
0
1
2
3
4
5
6
7
8
9
10
11
12
13
14
15
16
17
18
19
20
21
22
23
24
25
26
27
28
29
30
31
32
33
34
35
36
37
38
39
40
41
42
43
44
45
46
47
48
49
Epoch:122~Dataset:citeseer~Supermask:[2, 9, 10, 6, 5, 0, 11, 3]
result as
{'accu': 0.401, 'time': 0.9469053745269775, 'num_params': 291547}
time long:132.84760665893555

controller configures over, waiting for connect request from clients
controller broadcasts datasetname:citeseer over
controller broadcasts model over
0
1
2
3
4
5
6
7
8
9
10
11
12
13
14
15
16
17
18
19
20
21
22
23
24
25
26
27
28
29
30
31
32
33
34
35
36
37
38
39
40
41
42
43
44
45
46
47
48
49
Epoch:123~Dataset:citeseer~Supermask:[3, 8, 7, 3, 0, 2, 1, 2]
result as
{'accu': 0.374, 'time': 0.9535238742828369, 'num_params': 291547}
time long:128.8555932044983

controller configures over, waiting for connect request from clients
controller broadcasts datasetname:citeseer over
controller broadcasts model over
0
1
2
3
4
5
6
7
8
9
10
11
12
13
14
15
16
17
18
19
20
21
22
23
24
25
26
27
28
29
30
31
32
33
34
35
36
37
38
39
40
41
42
43
44
45
46
47
48
49
Epoch:124~Dataset:citeseer~Supermask:[5, 3, 9, 4, 8, 8, 2, 2]
result as
{'accu': 0.37900000000000006, 'time': 0.9217350482940674, 'num_params': 291547}
time long:132.75270175933838

controller configures over, waiting for connect request from clients
controller broadcasts datasetname:citeseer over
controller broadcasts model over
0
1
2
3
4
5
6
7
8
9
10
11
12
13
14
15
16
17
18
19
20
21
22
23
24
25
26
27
28
29
30
31
32
33
34
35
36
37
38
39
40
41
42
43
44
45
46
47
48
49
Epoch:125~Dataset:citeseer~Supermask:[2, 2, 12, 6, 3, 0, 1, 3]
result as
{'accu': 0.43499999999999994, 'time': 0.9514193534851074, 'num_params': 291547}
time long:133.61561179161072

controller configures over, waiting for connect request from clients
controller broadcasts datasetname:citeseer over
controller broadcasts model over
0
1
2
3
4
5
6
7
8
9
10
11
12
13
14
15
16
17
18
19
20
21
22
23
24
25
26
27
28
29
30
31
32
33
34
35
36
37
38
39
40
41
42
43
44
45
46
47
48
49
Epoch:126~Dataset:citeseer~Supermask:[5, 11, 2, 1, 8, 4, 12, 5]
result as
{'accu': 0.269, 'time': 0.9118432998657227, 'num_params': 291547}
time long:125.48948764801025

controller configures over, waiting for connect request from clients
controller broadcasts datasetname:citeseer over
controller broadcasts model over
0
1
2
3
4
5
6
7
8
9
10
11
12
13
14
15
16
17
18
19
20
21
22
23
24
25
26
27
28
29
30
31
32
33
34
35
36
37
38
39
40
41
42
43
44
45
46
47
48
49
Epoch:127~Dataset:citeseer~Supermask:[3, 11, 9, 8, 4, 10, 9, 5]
result as
{'accu': 0.42100000000000004, 'time': 0.8962991237640381, 'num_params': 291547}
time long:130.48631477355957

controller configures over, waiting for connect request from clients
controller broadcasts datasetname:citeseer over
controller broadcasts model over
0
1
2
3
4
5
6
7
8
9
10
11
12
13
14
15
16
17
18
19
20
21
22
23
24
25
26
27
28
29
30
31
32
33
34
35
36
37
38
39
40
41
42
43
44
45
46
47
48
49
Epoch:128~Dataset:citeseer~Supermask:[3, 2, 12, 9, 8, 11, 5, 1]
result as
{'accu': 0.365, 'time': 0.9376640319824219, 'num_params': 291547}
time long:131.31706070899963

controller configures over, waiting for connect request from clients
controller broadcasts datasetname:citeseer over
controller broadcasts model over
0
1
2
3
4
5
6
7
8
9
10
11
12
13
14
15
16
17
18
19
20
21
22
23
24
25
26
27
28
29
30
31
32
33
34
35
36
37
38
39
40
41
42
43
44
45
46
47
48
49
Epoch:129~Dataset:citeseer~Supermask:[3, 0, 1, 2, 4, 3, 6, 4]
result as
{'accu': 0.22600000000000003, 'time': 0.9291262626647949, 'num_params': 291547}
time long:129.18364787101746

controller configures over, waiting for connect request from clients
controller broadcasts datasetname:citeseer over
controller broadcasts model over
0
1
2
3
4
5
6
7
8
9
10
11
12
13
14
15
16
17
18
19
20
21
22
23
24
25
26
27
28
29
30
31
32
33
34
35
36
37
38
39
40
41
42
43
44
45
46
47
48
49
Epoch:130~Dataset:citeseer~Supermask:[5, 11, 0, 8, 10, 1, 4, 2]
result as
{'accu': 0.32899999999999996, 'time': 0.9470255374908447, 'num_params': 291547}
time long:132.91194415092468

controller configures over, waiting for connect request from clients
controller broadcasts datasetname:citeseer over
controller broadcasts model over
0
1
2
3
4
5
6
7
8
9
10
11
12
13
14
15
16
17
18
19
20
21
22
23
24
25
26
27
28
29
30
31
32
33
34
35
36
37
38
39
40
41
42
43
44
45
46
47
48
49
Epoch:131~Dataset:citeseer~Supermask:[4, 1, 12, 3, 1, 9, 9, 4]
result as
{'accu': 0.239, 'time': 0.9376630783081055, 'num_params': 291547}
time long:129.79907727241516

controller configures over, waiting for connect request from clients
controller broadcasts datasetname:citeseer over
controller broadcasts model over
0
1
2
3
4
5
6
7
8
9
10
11
12
13
14
15
16
17
18
19
20
21
22
23
24
25
26
27
28
29
30
31
32
33
34
35
36
37
38
39
40
41
42
43
44
45
46
47
48
49
Epoch:132~Dataset:citeseer~Supermask:[4, 1, 5, 7, 6, 9, 4, 4]
result as
{'accu': 0.32399999999999995, 'time': 0.9338843822479248, 'num_params': 291547}
time long:131.08903861045837

controller configures over, waiting for connect request from clients
controller broadcasts datasetname:citeseer over
controller broadcasts model over
0
1
2
3
4
5
6
7
8
9
10
11
12
13
14
15
16
17
18
19
20
21
22
23
24
25
26
27
28
29
30
31
32
33
34
35
36
37
38
39
40
41
42
43
44
45
46
47
48
49
Epoch:133~Dataset:citeseer~Supermask:[2, 4, 9, 11, 10, 8, 8, 4]
result as
{'accu': 0.48500000000000004, 'time': 0.9250295162200928, 'num_params': 291547}
time long:130.04395961761475

controller configures over, waiting for connect request from clients
controller broadcasts datasetname:citeseer over
controller broadcasts model over
0
1
2
3
4
5
6
7
8
9
10
11
12
13
14
15
16
17
18
19
20
21
22
23
24
25
26
27
28
29
30
31
32
33
34
35
36
37
38
39
40
41
42
43
44
45
46
47
48
49
Epoch:134~Dataset:citeseer~Supermask:[3, 7, 4, 3, 10, 7, 12, 4]
result as
{'accu': 0.118, 'time': 0.9313595294952393, 'num_params': 291547}
time long:131.08396744728088

controller configures over, waiting for connect request from clients
controller broadcasts datasetname:citeseer over
controller broadcasts model over
0
1
2
3
4
5
6
7
8
9
10
11
12
13
14
15
16
17
18
19
20
21
22
23
24
25
26
27
28
29
30
31
32
33
34
35
36
37
38
39
40
41
42
43
44
45
46
47
48
49
Epoch:135~Dataset:citeseer~Supermask:[4, 6, 6, 2, 8, 7, 9, 1]
result as
{'accu': 0.371, 'time': 0.9129760265350342, 'num_params': 291547}
time long:129.64001441001892

controller configures over, waiting for connect request from clients
controller broadcasts datasetname:citeseer over
controller broadcasts model over
0
1
2
3
4
5
6
7
8
9
10
11
12
13
14
15
16
17
18
19
20
21
22
23
24
25
26
27
28
29
30
31
32
33
34
35
36
37
38
39
40
41
42
43
44
45
46
47
48
49
Epoch:136~Dataset:citeseer~Supermask:[4, 10, 10, 0, 2, 2, 3, 1]
result as
{'accu': 0.368, 'time': 0.943676233291626, 'num_params': 291547}
time long:130.95135045051575

controller configures over, waiting for connect request from clients
controller broadcasts datasetname:citeseer over
controller broadcasts model over
0
1
2
3
4
5
6
7
8
9
10
11
12
13
14
15
16
17
18
19
20
21
22
23
24
25
26
27
28
29
30
31
32
33
34
35
36
37
38
39
40
41
42
43
44
45
46
47
48
49
Epoch:137~Dataset:citeseer~Supermask:[2, 9, 11, 10, 10, 1, 10, 1]
result as
{'accu': 0.281, 'time': 0.9424169063568115, 'num_params': 291547}
time long:130.27500009536743

controller configures over, waiting for connect request from clients
controller broadcasts datasetname:citeseer over
controller broadcasts model over
0
1
2
3
4
5
6
7
8
9
10
11
12
13
14
15
16
17
18
19
20
21
22
23
24
25
26
27
28
29
30
31
32
33
34
35
36
37
38
39
40
41
42
43
44
45
46
47
48
49
Epoch:138~Dataset:citeseer~Supermask:[1, 11, 6, 10, 9, 2, 2, 5]
result as
{'accu': 0.254, 'time': 0.9599106311798096, 'num_params': 291547}
time long:133.26143407821655

controller configures over, waiting for connect request from clients
controller broadcasts datasetname:citeseer over
controller broadcasts model over
0
1
2
3
4
5
6
7
8
9
10
11
12
13
14
15
16
17
18
19
20
21
22
23
24
25
26
27
28
29
30
31
32
33
34
35
36
37
38
39
40
41
42
43
44
45
46
47
48
49
Epoch:139~Dataset:citeseer~Supermask:[3, 11, 5, 11, 2, 7, 7, 1]
result as
{'accu': 0.312, 'time': 0.9064953327178955, 'num_params': 291547}
time long:129.47417736053467

controller configures over, waiting for connect request from clients
controller broadcasts datasetname:citeseer over
controller broadcasts model over
0
1
2
3
4
5
6
7
8
9
10
11
12
13
14
15
16
17
18
19
20
21
22
23
24
25
26
27
28
29
30
31
32
33
34
35
36
37
38
39
40
41
42
43
44
45
46
47
48
49
Epoch:140~Dataset:citeseer~Supermask:[2, 2, 9, 12, 2, 6, 11, 2]
result as
{'accu': 0.21999999999999997, 'time': 0.7428643703460693, 'num_params': 291547}
time long:125.58984422683716

controller configures over, waiting for connect request from clients
controller broadcasts datasetname:citeseer over
controller broadcasts model over
0
1
2
3
4
5
6
7
8
9
10
11
12
13
14
15
16
17
18
19
20
21
22
23
24
25
26
27
28
29
30
31
32
33
34
35
36
37
38
39
40
41
42
43
44
45
46
47
48
49
Epoch:141~Dataset:citeseer~Supermask:[1, 2, 9, 7, 6, 12, 0, 4]
result as
{'accu': 0.34299999999999997, 'time': 0.9265952110290527, 'num_params': 291547}
time long:131.69768118858337

controller configures over, waiting for connect request from clients
controller broadcasts datasetname:citeseer over
controller broadcasts model over
0
1
2
3
4
5
6
7
8
9
10
11
12
13
14
15
16
17
18
19
20
21
22
23
24
25
26
27
28
29
30
31
32
33
34
35
36
37
38
39
40
41
42
43
44
45
46
47
48
49
Epoch:142~Dataset:citeseer~Supermask:[3, 6, 3, 11, 6, 2, 5, 2]
result as
{'accu': 0.382, 'time': 0.7504315376281738, 'num_params': 291547}
time long:122.80357050895691

controller configures over, waiting for connect request from clients
controller broadcasts datasetname:citeseer over
controller broadcasts model over
0
1
2
3
4
5
6
7
8
9
10
11
12
13
14
15
16
17
18
19
20
21
22
23
24
25
26
27
28
29
30
31
32
33
34
35
36
37
38
39
40
41
42
43
44
45
46
47
48
49
Epoch:143~Dataset:citeseer~Supermask:[2, 8, 11, 8, 11, 1, 8, 5]
result as
{'accu': 0.2, 'time': 0.9082913398742676, 'num_params': 291547}
time long:130.01319336891174

controller configures over, waiting for connect request from clients
controller broadcasts datasetname:citeseer over
controller broadcasts model over
0
1
2
3
4
5
6
7
8
9
10
11
12
13
14
15
16
17
18
19
20
21
22
23
24
25
26
27
28
29
30
31
32
33
34
35
36
37
38
39
40
41
42
43
44
45
46
47
48
49
Epoch:144~Dataset:citeseer~Supermask:[5, 10, 5, 1, 12, 5, 3, 2]
result as
{'accu': 0.28300000000000003, 'time': 0.913520097732544, 'num_params': 291547}
time long:130.28230333328247

controller configures over, waiting for connect request from clients
controller broadcasts datasetname:citeseer over
controller broadcasts model over
0
1
2
3
4
5
6
7
8
9
10
11
12
13
14
15
16
17
18
19
20
21
22
23
24
25
26
27
28
29
30
31
32
33
34
35
36
37
38
39
40
41
42
43
44
45
46
47
48
49
Epoch:145~Dataset:citeseer~Supermask:[4, 8, 6, 3, 6, 5, 8, 5]
result as
{'accu': 0.19, 'time': 0.9273059368133545, 'num_params': 291547}
time long:128.58524870872498

controller configures over, waiting for connect request from clients
controller broadcasts datasetname:citeseer over
controller broadcasts model over
0
1
2
3
4
5
6
7
8
9
10
11
12
13
14
15
16
17
18
19
20
21
22
23
24
25
26
27
28
29
30
31
32
33
34
35
36
37
38
39
40
41
42
43
44
45
46
47
48
49
Epoch:146~Dataset:citeseer~Supermask:[3, 9, 8, 3, 8, 11, 10, 1]
result as
{'accu': 0.397, 'time': 0.7574985027313232, 'num_params': 291547}
time long:125.94925856590271

controller configures over, waiting for connect request from clients
controller broadcasts datasetname:citeseer over
controller broadcasts model over
0
1
2
3
4
5
6
7
8
9
10
11
12
13
14
15
16
17
18
19
20
21
22
23
24
25
26
27
28
29
30
31
32
33
34
35
36
37
38
39
40
41
42
43
44
45
46
47
48
49
Epoch:147~Dataset:citeseer~Supermask:[1, 2, 7, 10, 12, 8, 4, 2]
result as
{'accu': 0.23099999999999998, 'time': 0.9319119453430176, 'num_params': 291547}
time long:130.15088176727295

controller configures over, waiting for connect request from clients
controller broadcasts datasetname:citeseer over
controller broadcasts model over
0
1
2
3
4
5
6
7
8
9
10
11
12
13
14
15
16
17
18
19
20
21
22
23
24
25
26
27
28
29
30
31
32
33
34
35
36
37
38
39
40
41
42
43
44
45
46
47
48
49
Epoch:148~Dataset:citeseer~Supermask:[1, 5, 4, 0, 5, 11, 11, 3]
result as
{'accu': 0.381, 'time': 0.7509231567382812, 'num_params': 291547}
time long:128.07911944389343

controller configures over, waiting for connect request from clients
controller broadcasts datasetname:citeseer over
controller broadcasts model over
0
1
2
3
4
5
6
7
8
9
10
11
12
13
14
15
16
17
18
19
20
21
22
23
24
25
26
27
28
29
30
31
32
33
34
35
36
37
38
39
40
41
42
43
44
45
46
47
48
49
Epoch:149~Dataset:citeseer~Supermask:[4, 8, 3, 6, 5, 0, 0, 1]
result as
{'accu': 0.24, 'time': 0.9409053325653076, 'num_params': 291547}
time long:129.72728872299194

controller configures over, waiting for connect request from clients
controller broadcasts datasetname:citeseer over
controller broadcasts model over
0
1
2
3
4
5
6
7
8
9
10
11
12
13
14
15
16
17
18
19
20
21
22
23
24
25
26
27
28
29
30
31
32
33
34
35
36
37
38
39
40
41
42
43
44
45
46
47
48
49
Epoch:150~Dataset:citeseer~Supermask:[3, 10, 8, 6, 0, 12, 4, 5]
result as
{'accu': 0.23299999999999998, 'time': 0.9271934032440186, 'num_params': 291547}
time long:130.76768517494202

controller configures over, waiting for connect request from clients
controller broadcasts datasetname:citeseer over
controller broadcasts model over
0
1
2
3
4
5
6
7
8
9
10
11
12
13
14
15
16
17
18
19
20
21
22
23
24
25
26
27
28
29
30
31
32
33
34
35
36
37
38
39
40
41
42
43
44
45
46
47
48
49
Epoch:151~Dataset:citeseer~Supermask:[2, 7, 12, 3, 6, 8, 10, 3]
result as
{'accu': 0.196, 'time': 0.9274749755859375, 'num_params': 291547}
time long:128.70355558395386

controller configures over, waiting for connect request from clients
controller broadcasts datasetname:citeseer over
controller broadcasts model over
0
1
2
3
4
5
6
7
8
9
10
11
12
13
14
15
16
17
18
19
20
21
22
23
24
25
26
27
28
29
30
31
32
33
34
35
36
37
38
39
40
41
42
43
44
45
46
47
48
49
Epoch:152~Dataset:citeseer~Supermask:[3, 5, 3, 7, 12, 4, 12, 1]
result as
{'accu': 0.21499999999999997, 'time': 0.9285135269165039, 'num_params': 291547}
time long:130.02007150650024

controller configures over, waiting for connect request from clients
controller broadcasts datasetname:citeseer over
controller broadcasts model over
0
1
2
3
4
5
6
7
8
9
10
11
12
13
14
15
16
17
18
19
20
21
22
23
24
25
26
27
28
29
30
31
32
33
34
35
36
37
38
39
40
41
42
43
44
45
46
47
48
49
Epoch:153~Dataset:citeseer~Supermask:[1, 11, 10, 1, 2, 8, 12, 3]
result as
{'accu': 0.307, 'time': 0.8204028606414795, 'num_params': 291547}
time long:122.81396436691284

controller configures over, waiting for connect request from clients
controller broadcasts datasetname:citeseer over
controller broadcasts model over
0
1
2
3
4
5
6
7
8
9
10
11
12
13
14
15
16
17
18
19
20
21
22
23
24
25
26
27
28
29
30
31
32
33
34
35
36
37
38
39
40
41
42
43
44
45
46
47
48
49
Epoch:154~Dataset:citeseer~Supermask:[1, 7, 11, 9, 8, 8, 1, 3]
result as
{'accu': 0.268, 'time': 0.8020422458648682, 'num_params': 291547}
time long:126.36168217658997

controller configures over, waiting for connect request from clients
controller broadcasts datasetname:citeseer over
controller broadcasts model over
0
1
2
3
4
5
6
7
8
9
10
11
12
13
14
15
16
17
18
19
20
21
22
23
24
25
26
27
28
29
30
31
32
33
34
35
36
37
38
39
40
41
42
43
44
45
46
47
48
49
Epoch:155~Dataset:citeseer~Supermask:[3, 2, 11, 4, 8, 2, 10, 5]
result as
{'accu': 0.45500000000000007, 'time': 0.9307820796966553, 'num_params': 291547}
time long:131.84853959083557

controller configures over, waiting for connect request from clients
controller broadcasts datasetname:citeseer over
controller broadcasts model over
0
1
2
3
4
5
6
7
8
9
10
11
12
13
14
15
16
17
18
19
20
21
22
23
24
25
26
27
28
29
30
31
32
33
34
35
36
37
38
39
40
41
42
43
44
45
46
47
48
49
Epoch:156~Dataset:citeseer~Supermask:[3, 2, 9, 7, 3, 7, 12, 2]
result as
{'accu': 0.466, 'time': 0.9274373054504395, 'num_params': 291547}
time long:130.57169938087463

controller configures over, waiting for connect request from clients
controller broadcasts datasetname:citeseer over
controller broadcasts model over
0
1
2
3
4
5
6
7
8
9
10
11
12
13
14
15
16
17
18
19
20
21
22
23
24
25
26
27
28
29
30
31
32
33
34
35
36
37
38
39
40
41
42
43
44
45
46
47
48
49
Epoch:157~Dataset:citeseer~Supermask:[3, 3, 1, 6, 6, 1, 6, 1]
result as
{'accu': 0.255, 'time': 0.9344844818115234, 'num_params': 291547}
time long:127.84575080871582

controller configures over, waiting for connect request from clients
controller broadcasts datasetname:citeseer over
controller broadcasts model over
0
1
2
3
4
5
6
7
8
9
10
11
12
13
14
15
16
17
18
19
20
21
22
23
24
25
26
27
28
29
30
31
32
33
34
35
36
37
38
39
40
41
42
43
44
45
46
47
48
49
Epoch:158~Dataset:citeseer~Supermask:[5, 8, 3, 8, 1, 2, 1, 3]
result as
{'accu': 0.38, 'time': 0.9388513565063477, 'num_params': 291547}
time long:129.1646375656128

controller configures over, waiting for connect request from clients
controller broadcasts datasetname:citeseer over
controller broadcasts model over
0
1
2
3
4
5
6
7
8
9
10
11
12
13
14
15
16
17
18
19
20
21
22
23
24
25
26
27
28
29
30
31
32
33
34
35
36
37
38
39
40
41
42
43
44
45
46
47
48
49
Epoch:159~Dataset:citeseer~Supermask:[3, 7, 10, 3, 0, 0, 7, 2]
result as
{'accu': 0.22199999999999998, 'time': 0.9217321872711182, 'num_params': 291547}
time long:129.60941171646118

controller configures over, waiting for connect request from clients
controller broadcasts datasetname:citeseer over
controller broadcasts model over
0
1
2
3
4
5
6
7
8
9
10
11
12
13
14
15
16
17
18
19
20
21
22
23
24
25
26
27
28
29
30
31
32
33
34
35
36
37
38
39
40
41
42
43
44
45
46
47
48
49
Epoch:160~Dataset:citeseer~Supermask:[1, 3, 1, 5, 7, 4, 0, 2]
result as
{'accu': 0.21499999999999997, 'time': 0.7399382591247559, 'num_params': 291547}
time long:128.2526445388794

controller configures over, waiting for connect request from clients
controller broadcasts datasetname:citeseer over
controller broadcasts model over
0
1
2
3
4
5
6
7
8
9
10
11
12
13
14
15
16
17
18
19
20
21
22
23
24
25
26
27
28
29
30
31
32
33
34
35
36
37
38
39
40
41
42
43
44
45
46
47
48
49
Epoch:161~Dataset:citeseer~Supermask:[3, 11, 8, 11, 7, 6, 0, 3]
result as
{'accu': 0.33899999999999997, 'time': 0.9281437397003174, 'num_params': 291547}
time long:131.19572520256042

controller configures over, waiting for connect request from clients
controller broadcasts datasetname:citeseer over
controller broadcasts model over
0
1
2
3
4
5
6
7
8
9
10
11
12
13
14
15
16
17
18
19
20
21
22
23
24
25
26
27
28
29
30
31
32
33
34
35
36
37
38
39
40
41
42
43
44
45
46
47
48
49
Epoch:162~Dataset:citeseer~Supermask:[2, 5, 2, 2, 2, 5, 6, 4]
result as
{'accu': 0.386, 'time': 0.8759183883666992, 'num_params': 291547}
time long:130.77104544639587

controller configures over, waiting for connect request from clients
controller broadcasts datasetname:citeseer over
controller broadcasts model over
0
1
2
3
4
5
6
7
8
9
10
11
12
13
14
15
16
17
18
19
20
21
22
23
24
25
26
27
28
29
30
31
32
33
34
35
36
37
38
39
40
41
42
43
44
45
46
47
48
49
Epoch:163~Dataset:citeseer~Supermask:[2, 2, 12, 9, 2, 0, 3, 5]
result as
{'accu': 0.24400000000000002, 'time': 0.9135918617248535, 'num_params': 291547}
time long:130.04420471191406

controller configures over, waiting for connect request from clients
controller broadcasts datasetname:citeseer over
controller broadcasts model over
0
1
2
3
4
5
6
7
8
9
10
11
12
13
14
15
16
17
18
19
20
21
22
23
24
25
26
27
28
29
30
31
32
33
34
35
36
37
38
39
40
41
42
43
44
45
46
47
48
49
Epoch:164~Dataset:citeseer~Supermask:[2, 10, 4, 11, 7, 4, 4, 4]
result as
{'accu': 0.197, 'time': 0.9352078437805176, 'num_params': 291547}
time long:130.68295073509216

controller configures over, waiting for connect request from clients
controller broadcasts datasetname:citeseer over
controller broadcasts model over
0
1
2
3
4
5
6
7
8
9
10
11
12
13
14
15
16
17
18
19
20
21
22
23
24
25
26
27
28
29
30
31
32
33
34
35
36
37
38
39
40
41
42
43
44
45
46
47
48
49
Epoch:165~Dataset:citeseer~Supermask:[2, 9, 2, 11, 11, 12, 6, 3]
result as
{'accu': 0.307, 'time': 0.9533751010894775, 'num_params': 291547}
time long:135.09860920906067

controller configures over, waiting for connect request from clients
controller broadcasts datasetname:citeseer over
controller broadcasts model over
0
1
2
3
4
5
6
7
8
9
10
11
12
13
14
15
16
17
18
19
20
21
22
23
24
25
26
27
28
29
30
31
32
33
34
35
36
37
38
39
40
41
42
43
44
45
46
47
48
49
Epoch:166~Dataset:citeseer~Supermask:[4, 6, 6, 12, 5, 5, 5, 2]
result as
{'accu': 0.19600000000000004, 'time': 0.9339566230773926, 'num_params': 291547}
time long:130.81673073768616

controller configures over, waiting for connect request from clients
controller broadcasts datasetname:citeseer over
controller broadcasts model over
0
1
2
3
4
5
6
7
8
9
10
11
12
13
14
15
16
17
18
19
20
21
22
23
24
25
26
27
28
29
30
31
32
33
34
35
36
37
38
39
40
41
42
43
44
45
46
47
48
49
Epoch:167~Dataset:citeseer~Supermask:[5, 9, 0, 1, 0, 2, 4, 4]
result as
{'accu': 0.281, 'time': 0.9280574321746826, 'num_params': 291547}
time long:130.3221595287323

controller configures over, waiting for connect request from clients
controller broadcasts datasetname:citeseer over
controller broadcasts model over
0
1
2
3
4
5
6
7
8
9
10
11
12
13
14
15
16
17
18
19
20
21
22
23
24
25
26
27
28
29
30
31
32
33
34
35
36
37
38
39
40
41
42
43
44
45
46
47
48
49
Epoch:168~Dataset:citeseer~Supermask:[5, 4, 7, 6, 7, 0, 5, 2]
result as
{'accu': 0.22, 'time': 0.910520076751709, 'num_params': 291547}
time long:126.3152174949646

controller configures over, waiting for connect request from clients
controller broadcasts datasetname:citeseer over
controller broadcasts model over
0
1
2
3
4
5
6
7
8
9
10
11
12
13
14
15
16
17
18
19
20
21
22
23
24
25
26
27
28
29
30
31
32
33
34
35
36
37
38
39
40
41
42
43
44
45
46
47
48
49
Epoch:169~Dataset:citeseer~Supermask:[2, 3, 8, 2, 11, 9, 2, 1]
result as
{'accu': 0.195, 'time': 0.9224505424499512, 'num_params': 291547}
time long:127.82194209098816

controller configures over, waiting for connect request from clients
controller broadcasts datasetname:citeseer over
controller broadcasts model over
0
1
2
3
4
5
6
7
8
9
10
11
12
13
14
15
16
17
18
19
20
21
22
23
24
25
26
27
28
29
30
31
32
33
34
35
36
37
38
39
40
41
42
43
44
45
46
47
48
49
Epoch:170~Dataset:citeseer~Supermask:[2, 9, 1, 3, 8, 3, 8, 2]
result as
{'accu': 0.353, 'time': 0.9383842945098877, 'num_params': 291547}
time long:129.0959553718567

controller configures over, waiting for connect request from clients
controller broadcasts datasetname:citeseer over
controller broadcasts model over
0
1
2
3
4
5
6
7
8
9
10
11
12
13
14
15
16
17
18
19
20
21
22
23
24
25
26
27
28
29
30
31
32
33
34
35
36
37
38
39
40
41
42
43
44
45
46
47
48
49
Epoch:171~Dataset:citeseer~Supermask:[4, 5, 9, 10, 8, 10, 9, 5]
result as
{'accu': 0.19, 'time': 0.950153112411499, 'num_params': 291547}
time long:130.76954984664917

controller configures over, waiting for connect request from clients
controller broadcasts datasetname:citeseer over
controller broadcasts model over
0
1
2
3
4
5
6
7
8
9
10
11
12
13
14
15
16
17
18
19
20
21
22
23
24
25
26
27
28
29
30
31
32
33
34
35
36
37
38
39
40
41
42
43
44
45
46
47
48
49
Epoch:172~Dataset:citeseer~Supermask:[3, 0, 11, 11, 5, 4, 0, 2]
result as
{'accu': 0.253, 'time': 0.9522652626037598, 'num_params': 291547}
time long:133.06248378753662

controller configures over, waiting for connect request from clients
controller broadcasts datasetname:citeseer over
controller broadcasts model over
0
1
2
3
4
5
6
7
8
9
10
11
12
13
14
15
16
17
18
19
20
21
22
23
24
25
26
27
28
29
30
31
32
33
34
35
36
37
38
39
40
41
42
43
44
45
46
47
48
49
Epoch:173~Dataset:citeseer~Supermask:[1, 0, 0, 10, 11, 11, 11, 2]
result as
{'accu': 0.24, 'time': 0.9360337257385254, 'num_params': 291547}
time long:124.97870063781738

controller configures over, waiting for connect request from clients
controller broadcasts datasetname:citeseer over
controller broadcasts model over
0
1
2
3
4
5
6
7
8
9
10
11
12
13
14
15
16
17
18
19
20
21
22
23
24
25
26
27
28
29
30
31
32
33
34
35
36
37
38
39
40
41
42
43
44
45
46
47
48
49
Epoch:174~Dataset:citeseer~Supermask:[2, 9, 4, 8, 10, 1, 4, 3]
result as
{'accu': 0.17500000000000002, 'time': 0.9278542995452881, 'num_params': 291547}
time long:128.06521892547607

controller configures over, waiting for connect request from clients
controller broadcasts datasetname:citeseer over
controller broadcasts model over
0
1
2
3
4
5
6
7
8
9
10
11
12
13
14
15
16
17
18
19
20
21
22
23
24
25
26
27
28
29
30
31
32
33
34
35
36
37
38
39
40
41
42
43
44
45
46
47
48
49
Epoch:175~Dataset:citeseer~Supermask:[1, 8, 10, 8, 2, 4, 11, 2]
result as
{'accu': 0.271, 'time': 0.8063445091247559, 'num_params': 291547}
time long:129.29319834709167

controller configures over, waiting for connect request from clients
controller broadcasts datasetname:citeseer over
controller broadcasts model over
0
1
2
3
4
5
6
7
8
9
10
11
12
13
14
15
16
17
18
19
20
21
22
23
24
25
26
27
28
29
30
31
32
33
34
35
36
37
38
39
40
41
42
43
44
45
46
47
48
49
Epoch:176~Dataset:citeseer~Supermask:[1, 7, 11, 10, 2, 2, 7, 5]
result as
{'accu': 0.27999999999999997, 'time': 0.8188223838806152, 'num_params': 291547}
time long:129.27389645576477

controller configures over, waiting for connect request from clients
controller broadcasts datasetname:citeseer over
controller broadcasts model over
0
1
2
3
4
5
6
7
8
9
10
11
12
13
14
15
16
17
18
19
20
21
22
23
24
25
26
27
28
29
30
31
32
33
34
35
36
37
38
39
40
41
42
43
44
45
46
47
48
49
Epoch:177~Dataset:citeseer~Supermask:[5, 2, 2, 7, 0, 8, 6, 4]
result as
{'accu': 0.357, 'time': 0.907757043838501, 'num_params': 291547}
time long:130.34816026687622

controller configures over, waiting for connect request from clients
controller broadcasts datasetname:citeseer over
controller broadcasts model over
0
1
2
3
4
5
6
7
8
9
10
11
12
13
14
15
16
17
18
19
20
21
22
23
24
25
26
27
28
29
30
31
32
33
34
35
36
37
38
39
40
41
42
43
44
45
46
47
48
49
Epoch:178~Dataset:citeseer~Supermask:[3, 6, 1, 0, 8, 11, 10, 5]
result as
{'accu': 0.20700000000000002, 'time': 0.9311983585357666, 'num_params': 291547}
time long:130.5199432373047

controller configures over, waiting for connect request from clients
controller broadcasts datasetname:citeseer over
controller broadcasts model over
0
1
2
3
4
5
6
7
8
9
10
11
12
13
14
15
16
17
18
19
20
21
22
23
24
25
26
27
28
29
30
31
32
33
34
35
36
37
38
39
40
41
42
43
44
45
46
47
48
49
Epoch:179~Dataset:citeseer~Supermask:[5, 10, 9, 5, 4, 5, 1, 5]
result as
{'accu': 0.29600000000000004, 'time': 0.927565336227417, 'num_params': 291547}
time long:128.41204261779785

controller configures over, waiting for connect request from clients
controller broadcasts datasetname:citeseer over
controller broadcasts model over
0
1
2
3
4
5
6
7
8
9
10
11
12
13
14
15
16
17
18
19
20
21
22
23
24
25
26
27
28
29
30
31
32
33
34
35
36
37
38
39
40
41
42
43
44
45
46
47
48
49
Epoch:180~Dataset:citeseer~Supermask:[1, 2, 1, 5, 9, 0, 11, 1]
result as
{'accu': 0.389, 'time': 0.9230520725250244, 'num_params': 291547}
time long:129.35323452949524

controller configures over, waiting for connect request from clients
controller broadcasts datasetname:citeseer over
controller broadcasts model over
0
1
2
3
4
5
6
7
8
9
10
11
12
13
14
15
16
17
18
19
20
21
22
23
24
25
26
27
28
29
30
31
32
33
34
35
36
37
38
39
40
41
42
43
44
45
46
47
48
49
Epoch:181~Dataset:citeseer~Supermask:[5, 6, 3, 11, 12, 10, 6, 4]
result as
{'accu': 0.33699999999999997, 'time': 0.9173321723937988, 'num_params': 291547}
time long:133.20162558555603

controller configures over, waiting for connect request from clients
controller broadcasts datasetname:citeseer over
controller broadcasts model over
0
1
2
3
4
5
6
7
8
9
10
11
12
13
14
15
16
17
18
19
20
21
22
23
24
25
26
27
28
29
30
31
32
33
34
35
36
37
38
39
40
41
42
43
44
45
46
47
48
49
Epoch:182~Dataset:citeseer~Supermask:[1, 10, 9, 2, 11, 11, 6, 5]
result as
{'accu': 0.258, 'time': 0.9066627025604248, 'num_params': 291547}
time long:127.79267954826355

controller configures over, waiting for connect request from clients
controller broadcasts datasetname:citeseer over
controller broadcasts model over
0
1
2
3
4
5
6
7
8
9
10
11
12
13
14
15
16
17
18
19
20
21
22
23
24
25
26
27
28
29
30
31
32
33
34
35
36
37
38
39
40
41
42
43
44
45
46
47
48
49
Epoch:183~Dataset:citeseer~Supermask:[2, 3, 8, 6, 4, 1, 4, 2]
result as
{'accu': 0.311, 'time': 0.9259512424468994, 'num_params': 291547}
time long:129.95831203460693

controller configures over, waiting for connect request from clients
controller broadcasts datasetname:citeseer over
controller broadcasts model over
0
1
2
3
4
5
6
7
8
9
10
11
12
13
14
15
16
17
18
19
20
21
22
23
24
25
26
27
28
29
30
31
32
33
34
35
36
37
38
39
40
41
42
43
44
45
46
47
48
49
Epoch:184~Dataset:citeseer~Supermask:[3, 11, 2, 10, 2, 7, 6, 2]
result as
{'accu': 0.30199999999999994, 'time': 0.9174478054046631, 'num_params': 291547}
time long:131.07955265045166

controller configures over, waiting for connect request from clients
controller broadcasts datasetname:citeseer over
controller broadcasts model over
0
1
2
3
4
5
6
7
8
9
10
11
12
13
14
15
16
17
18
19
20
21
22
23
24
25
26
27
28
29
30
31
32
33
34
35
36
37
38
39
40
41
42
43
44
45
46
47
48
49
Epoch:185~Dataset:citeseer~Supermask:[4, 0, 7, 9, 10, 11, 12, 5]
result as
{'accu': 0.366, 'time': 0.926459789276123, 'num_params': 291547}
time long:129.7474672794342

controller configures over, waiting for connect request from clients
controller broadcasts datasetname:citeseer over
controller broadcasts model over
0
1
2
3
4
5
6
7
8
9
10
11
12
13
14
15
16
17
18
19
20
21
22
23
24
25
26
27
28
29
30
31
32
33
34
35
36
37
38
39
40
41
42
43
44
45
46
47
48
49
Epoch:186~Dataset:citeseer~Supermask:[5, 6, 4, 11, 5, 8, 9, 1]
result as
{'accu': 0.273, 'time': 0.9358301162719727, 'num_params': 291547}
time long:123.89944005012512

controller configures over, waiting for connect request from clients
controller broadcasts datasetname:citeseer over
controller broadcasts model over
0
1
2
3
4
5
6
7
8
9
10
11
12
13
14
15
16
17
18
19
20
21
22
23
24
25
26
27
28
29
30
31
32
33
34
35
36
37
38
39
40
41
42
43
44
45
46
47
48
49
Epoch:187~Dataset:citeseer~Supermask:[3, 2, 3, 5, 9, 10, 8, 2]
result as
{'accu': 0.219, 'time': 0.936774730682373, 'num_params': 291547}
time long:132.2250678539276

controller configures over, waiting for connect request from clients
controller broadcasts datasetname:citeseer over
controller broadcasts model over
0
1
2
3
4
5
6
7
8
9
10
11
12
13
14
15
16
17
18
19
20
21
22
23
24
25
26
27
28
29
30
31
32
33
34
35
36
37
38
39
40
41
42
43
44
45
46
47
48
49
Epoch:188~Dataset:citeseer~Supermask:[2, 7, 7, 11, 12, 8, 10, 2]
result as
{'accu': 0.201, 'time': 0.9268722534179688, 'num_params': 291547}
time long:126.4483585357666

controller configures over, waiting for connect request from clients
controller broadcasts datasetname:citeseer over
controller broadcasts model over
0
1
2
3
4
5
6
7
8
9
10
11
12
13
14
15
16
17
18
19
20
21
22
23
24
25
26
27
28
29
30
31
32
33
34
35
36
37
38
39
40
41
42
43
44
45
46
47
48
49
Epoch:189~Dataset:citeseer~Supermask:[2, 10, 0, 3, 0, 7, 0, 2]
result as
{'accu': 0.28800000000000003, 'time': 0.9363973140716553, 'num_params': 291547}
time long:133.63385677337646

controller configures over, waiting for connect request from clients
controller broadcasts datasetname:citeseer over
controller broadcasts model over
0
1
2
3
4
5
6
7
8
9
10
11
12
13
14
15
16
17
18
19
20
21
22
23
24
25
26
27
28
29
30
31
32
33
34
35
36
37
38
39
40
41
42
43
44
45
46
47
48
49
Epoch:190~Dataset:citeseer~Supermask:[3, 6, 9, 6, 2, 5, 2, 1]
result as
{'accu': 0.386, 'time': 0.9105989933013916, 'num_params': 291547}
time long:129.43348217010498

controller configures over, waiting for connect request from clients
controller broadcasts datasetname:citeseer over
controller broadcasts model over
0
1
2
3
4
5
6
7
8
9
10
11
12
13
14
15
16
17
18
19
20
21
22
23
24
25
26
27
28
29
30
31
32
33
34
35
36
37
38
39
40
41
42
43
44
45
46
47
48
49
Epoch:191~Dataset:citeseer~Supermask:[5, 0, 8, 2, 12, 8, 11, 5]
result as
{'accu': 0.268, 'time': 0.9124305248260498, 'num_params': 291547}
time long:131.86644840240479

controller configures over, waiting for connect request from clients
controller broadcasts datasetname:citeseer over
controller broadcasts model over
0
1
2
3
4
5
6
7
8
9
10
11
12
13
14
15
16
17
18
19
20
21
22
23
24
25
26
27
28
29
30
31
32
33
34
35
36
37
38
39
40
41
42
43
44
45
46
47
48
49
Epoch:192~Dataset:citeseer~Supermask:[2, 2, 5, 11, 12, 7, 11, 5]
result as
{'accu': 0.219, 'time': 0.9295802116394043, 'num_params': 291547}
time long:127.90344882011414

controller configures over, waiting for connect request from clients
controller broadcasts datasetname:citeseer over
controller broadcasts model over
0
1
2
3
4
5
6
7
8
9
10
11
12
13
14
15
16
17
18
19
20
21
22
23
24
25
26
27
28
29
30
31
32
33
34
35
36
37
38
39
40
41
42
43
44
45
46
47
48
49
Epoch:193~Dataset:citeseer~Supermask:[4, 11, 11, 11, 2, 6, 7, 3]
result as
{'accu': 0.251, 'time': 0.9525659084320068, 'num_params': 291547}
time long:134.0226879119873

controller configures over, waiting for connect request from clients
controller broadcasts datasetname:citeseer over
controller broadcasts model over
0
1
2
3
4
5
6
7
8
9
10
11
12
13
14
15
16
17
18
19
20
21
22
23
24
25
26
27
28
29
30
31
32
33
34
35
36
37
38
39
40
41
42
43
44
45
46
47
48
49
Epoch:194~Dataset:citeseer~Supermask:[1, 1, 10, 11, 11, 7, 10, 2]
result as
{'accu': 0.247, 'time': 0.9145617485046387, 'num_params': 291547}
time long:127.44983673095703

controller configures over, waiting for connect request from clients
controller broadcasts datasetname:citeseer over
controller broadcasts model over
0
1
2
3
4
5
6
7
8
9
10
11
12
13
14
15
16
17
18
19
20
21
22
23
24
25
26
27
28
29
30
31
32
33
34
35
36
37
38
39
40
41
42
43
44
45
46
47
48
49
Epoch:195~Dataset:citeseer~Supermask:[2, 4, 12, 1, 8, 9, 0, 4]
result as
{'accu': 0.243, 'time': 0.9432854652404785, 'num_params': 291547}
time long:129.36755895614624

controller configures over, waiting for connect request from clients
controller broadcasts datasetname:citeseer over
controller broadcasts model over
0
1
2
3
4
5
6
7
8
9
10
11
12
13
14
15
16
17
18
19
20
21
22
23
24
25
26
27
28
29
30
31
32
33
34
35
36
37
38
39
40
41
42
43
44
45
46
47
48
49
Epoch:196~Dataset:citeseer~Supermask:[5, 5, 2, 5, 2, 0, 4, 5]
result as
{'accu': 0.29300000000000004, 'time': 0.9269177913665771, 'num_params': 291547}
time long:129.74951124191284

controller configures over, waiting for connect request from clients
controller broadcasts datasetname:citeseer over
controller broadcasts model over
0
1
2
3
4
5
6
7
8
9
10
11
12
13
14
15
16
17
18
19
20
21
22
23
24
25
26
27
28
29
30
31
32
33
34
35
36
37
38
39
40
41
42
43
44
45
46
47
48
49
Epoch:197~Dataset:citeseer~Supermask:[4, 5, 0, 10, 8, 9, 6, 4]
result as
{'accu': 0.43599999999999994, 'time': 0.9262900352478027, 'num_params': 291547}
time long:127.12927269935608

controller configures over, waiting for connect request from clients
controller broadcasts datasetname:citeseer over
controller broadcasts model over
0
1
2
3
4
5
6
7
8
9
10
11
12
13
14
15
16
17
18
19
20
21
22
23
24
25
26
27
28
29
30
31
32
33
34
35
36
37
38
39
40
41
42
43
44
45
46
47
48
49
Epoch:198~Dataset:citeseer~Supermask:[2, 3, 0, 5, 5, 3, 6, 3]
result as
{'accu': 0.33699999999999997, 'time': 0.9204692840576172, 'num_params': 291547}
time long:131.24544167518616

controller configures over, waiting for connect request from clients
controller broadcasts datasetname:citeseer over
controller broadcasts model over
0
1
2
3
4
5
6
7
8
9
10
11
12
13
14
15
16
17
18
19
20
21
22
23
24
25
26
27
28
29
30
31
32
33
34
35
36
37
38
39
40
41
42
43
44
45
46
47
48
49
Epoch:199~Dataset:citeseer~Supermask:[5, 10, 2, 1, 4, 12, 6, 5]
result as
{'accu': 0.29300000000000004, 'time': 0.9197168350219727, 'num_params': 291547}
time long:116.56964755058289

controller configures over, waiting for connect request from clients
controller broadcasts datasetname:citeseer over
controller broadcasts model over
0
1
2
3
4
5
6
7
8
9
10
11
12
13
14
15
16
17
18
19
20
21
22
23
24
25
26
27
28
29
30
31
32
33
34
35
36
37
38
39
40
41
42
43
44
45
46
47
48
49
Epoch:200~Dataset:citeseer~Supermask:[3, 5, 10, 1, 3, 1, 5, 4]
result as
{'accu': 0.26599999999999996, 'time': 0.8671691417694092, 'num_params': 291547}
time long:126.10505986213684

