controller configures over, waiting for connect request from clients
controller broadcasts datasetname:corafull over
controller broadcasts model over
recv big obj:22.78M
recv big obj:22.78M
recv big obj:22.78M
recv big obj:22.78M
train -epoch~0,loss=4.276229971198625,use time:355.8247220516205
recv big obj:22.78M
recv big obj:22.78M
recv big obj:22.78M
recv big obj:22.78M
train -epoch~1,loss=2.43440081022119,use time:340.9538161754608
recv big obj:22.78M
recv big obj:22.78M
recv big obj:22.78M
recv big obj:22.78M
train -epoch~2,loss=5.461630717656946,use time:349.5599699020386
recv big obj:22.78M
recv big obj:22.78M
recv big obj:22.78M
recv big obj:22.78M
train -epoch~3,loss=3.5936166476177913,use time:350.51975774765015
recv big obj:22.78M
recv big obj:22.78M
recv big obj:22.78M
recv big obj:22.78M
train -epoch~4,loss=2.7575826506460865,use time:349.06489276885986
recv big obj:22.78M
recv big obj:22.78M
recv big obj:22.78M
recv big obj:22.78M
train -epoch~5,loss=1.65687623793079,use time:350.07284450531006
recv big obj:22.78M
recv big obj:22.78M
recv big obj:22.78M
recv big obj:22.78M
train -epoch~6,loss=1.1464857957696402,use time:350.2412259578705
recv big obj:22.78M
recv big obj:22.78M
recv big obj:22.78M
recv big obj:22.78M
train -epoch~7,loss=0.971220160556096,use time:350.33751678466797
recv big obj:22.78M
recv big obj:22.78M
recv big obj:22.78M
recv big obj:22.78M
train -epoch~8,loss=0.7064084837513586,use time:350.1846158504486
recv big obj:22.78M
recv big obj:22.78M
recv big obj:22.78M
recv big obj:22.78M
train -epoch~9,loss=0.5173900919575845,use time:349.61442589759827
recv big obj:22.78M
recv big obj:22.78M
recv big obj:22.78M
recv big obj:22.78M
train -epoch~10,loss=0.44957010335819697,use time:349.824604511261
recv big obj:22.78M
recv big obj:22.78M
recv big obj:22.78M
recv big obj:22.78M
train -epoch~11,loss=0.39750344234128154,use time:349.4488272666931
recv big obj:22.78M
recv big obj:22.78M
recv big obj:22.78M
recv big obj:22.78M
train -epoch~12,loss=0.3174344014096004,use time:349.98129773139954
recv big obj:22.78M
recv big obj:22.78M
recv big obj:22.78M
recv big obj:22.78M
train -epoch~13,loss=0.2515537384697186,use time:349.06339263916016
recv big obj:22.78M
recv big obj:22.78M
recv big obj:22.78M
recv big obj:22.78M
train -epoch~14,loss=0.21337735960560458,use time:349.182904958725
recv big obj:22.78M
recv big obj:22.78M
recv big obj:22.78M
recv big obj:22.78M
train -epoch~15,loss=0.18294581121975376,use time:349.8286278247833
recv big obj:22.78M
recv big obj:22.78M
recv big obj:22.78M
recv big obj:22.78M
train -epoch~16,loss=0.144918919010188,use time:354.0363714694977
recv big obj:22.78M
recv big obj:22.78M
recv big obj:22.78M
recv big obj:22.78M
train -epoch~17,loss=0.10417088409585337,use time:348.6149890422821
recv big obj:22.78M
recv big obj:22.78M
recv big obj:22.78M
recv big obj:22.78M
train -epoch~18,loss=0.06948249508296289,use time:348.395925283432
recv big obj:22.78M
recv big obj:22.78M
recv big obj:22.78M
recv big obj:22.78M
train -epoch~19,loss=0.06735455207927252,use time:348.6895489692688
recv big obj:22.78M
recv big obj:22.78M
recv big obj:22.78M
recv big obj:22.78M
train -epoch~20,loss=0.04472503132557356,use time:348.9506297111511
recv big obj:22.78M
recv big obj:22.78M
recv big obj:22.78M
recv big obj:22.78M
train -epoch~21,loss=0.0373892993455933,use time:349.9227089881897
recv big obj:22.78M
recv big obj:22.78M
recv big obj:22.78M
recv big obj:22.78M
train -epoch~22,loss=0.030773911853471107,use time:350.00091886520386
recv big obj:22.78M
recv big obj:22.78M
recv big obj:22.78M
recv big obj:22.78M
train -epoch~23,loss=0.023073736806550334,use time:349.21482849121094
recv big obj:22.78M
recv big obj:22.78M
recv big obj:22.78M
recv big obj:22.78M
train -epoch~24,loss=0.01648687812830171,use time:348.6816465854645
recv big obj:22.78M
recv big obj:22.78M
recv big obj:22.78M
recv big obj:22.78M
train -epoch~25,loss=0.011081952693802055,use time:350.27220129966736
recv big obj:22.78M
recv big obj:22.78M
recv big obj:22.78M
recv big obj:22.78M
train -epoch~26,loss=0.00942921558575284,use time:350.39687871932983
recv big obj:22.78M
recv big obj:22.78M
recv big obj:22.78M
recv big obj:22.78M
train -epoch~27,loss=0.008409935642554555,use time:349.0080153942108
recv big obj:22.78M
recv big obj:22.78M
recv big obj:22.78M
recv big obj:22.78M
train -epoch~28,loss=0.006117184262882958,use time:350.2877757549286
recv big obj:22.78M
recv big obj:22.78M
recv big obj:22.78M
recv big obj:22.78M
train -epoch~29,loss=0.003935868043692843,use time:348.8621280193329
recv big obj:22.78M
recv big obj:22.78M
recv big obj:22.78M
recv big obj:22.78M
train -epoch~30,loss=0.0028171376715744696,use time:344.61670565605164
recv big obj:22.78M
recv big obj:22.78M
recv big obj:22.78M
recv big obj:22.78M
train -epoch~31,loss=0.002148583441502064,use time:340.194616317749
recv big obj:22.78M
recv big obj:22.78M
recv big obj:22.78M
recv big obj:22.78M
train -epoch~32,loss=0.0016647439054463821,use time:349.62947607040405
recv big obj:22.78M
recv big obj:22.78M
recv big obj:22.78M
recv big obj:22.78M
train -epoch~33,loss=0.0013154785008600322,use time:350.143278837204
recv big obj:22.78M
recv big obj:22.78M
recv big obj:22.78M
recv big obj:22.78M
train -epoch~34,loss=0.0010814976236302285,use time:349.6927945613861
recv big obj:22.78M
recv big obj:22.78M
recv big obj:22.78M
recv big obj:22.78M
train -epoch~35,loss=0.0009150824861310583,use time:350.0404648780823
recv big obj:22.78M
recv big obj:22.78M
recv big obj:22.78M
recv big obj:22.78M
train -epoch~36,loss=0.0007919844561657037,use time:349.65123677253723
recv big obj:22.78M
recv big obj:22.78M
recv big obj:22.78M
recv big obj:22.78M
train -epoch~37,loss=0.0006914982050832522,use time:349.8566756248474
recv big obj:22.78M
recv big obj:22.78M
recv big obj:22.78M
recv big obj:22.78M
train -epoch~38,loss=0.0005993358403449297,use time:343.147173166275
recv big obj:22.78M
recv big obj:22.78M
recv big obj:22.78M
recv big obj:22.78M
train -epoch~39,loss=0.0005197956010834465,use time:340.24052834510803
recv big obj:22.78M
recv big obj:22.78M
recv big obj:22.78M
recv big obj:22.78M
train -epoch~40,loss=0.00044766669937719905,use time:341.5845789909363
recv big obj:22.78M
recv big obj:22.78M
recv big obj:22.78M
recv big obj:22.78M
train -epoch~41,loss=0.00038200823066916354,use time:354.24702072143555
recv big obj:22.78M
recv big obj:22.78M
recv big obj:22.78M
recv big obj:22.78M
train -epoch~42,loss=0.0003249939865312509,use time:349.6483986377716
recv big obj:22.78M
recv big obj:22.78M
recv big obj:22.78M
recv big obj:22.78M
train -epoch~43,loss=0.00027757345946625837,use time:354.0286953449249
recv big obj:22.78M
recv big obj:22.78M
recv big obj:22.78M
recv big obj:22.78M
train -epoch~44,loss=0.00023967065098595315,use time:349.3119812011719
recv big obj:22.78M
recv big obj:22.78M
recv big obj:22.78M
recv big obj:22.78M
train -epoch~45,loss=0.00020862429375229503,use time:347.86274814605713
recv big obj:22.78M
recv big obj:22.78M
recv big obj:22.78M
recv big obj:22.78M
train -epoch~46,loss=0.00018485832714690997,use time:348.17726278305054
recv big obj:22.78M
recv big obj:22.78M
recv big obj:22.78M
recv big obj:22.78M
train -epoch~47,loss=0.00016725903754973766,use time:349.62443804740906
recv big obj:22.78M
recv big obj:22.78M
recv big obj:22.78M
recv big obj:22.78M
train -epoch~48,loss=0.00015391899347593204,use time:348.71575140953064
recv big obj:22.78M
recv big obj:22.78M
recv big obj:22.78M
recv big obj:22.78M
train -epoch~49,loss=0.00014338865718160885,use time:349.17141461372375
recv big obj:22.78M
recv big obj:22.78M
recv big obj:22.78M
recv big obj:22.78M
train -epoch~50,loss=0.0001342702585633003,use time:349.467570066452
recv big obj:22.78M
recv big obj:22.78M
recv big obj:22.78M
recv big obj:22.78M
train -epoch~51,loss=0.00012619968458962556,use time:348.9242420196533
recv big obj:22.78M
recv big obj:22.78M
recv big obj:22.78M
recv big obj:22.78M
train -epoch~52,loss=0.00011875129106732446,use time:348.15658497810364
recv big obj:22.78M
recv big obj:22.78M
recv big obj:22.78M
recv big obj:22.78M
train -epoch~53,loss=0.00011248001650411396,use time:349.37954115867615
recv big obj:22.78M
recv big obj:22.78M
recv big obj:22.78M
recv big obj:22.78M
train -epoch~54,loss=0.00010676181123163851,use time:348.73295044898987
recv big obj:22.78M
recv big obj:22.78M
recv big obj:22.78M
recv big obj:22.78M
train -epoch~55,loss=0.00010135533188448429,use time:349.62136602401733
recv big obj:22.78M
recv big obj:22.78M
recv big obj:22.78M
recv big obj:22.78M
train -epoch~56,loss=9.654163664128e-05,use time:349.57734656333923
recv big obj:22.78M
recv big obj:22.78M
recv big obj:22.78M
recv big obj:22.78M
train -epoch~57,loss=9.221930067137546e-05,use time:349.57967591285706
recv big obj:22.78M
recv big obj:22.78M
recv big obj:22.78M
recv big obj:22.78M
train -epoch~58,loss=8.840513374482442e-05,use time:349.2500514984131
recv big obj:22.78M
recv big obj:22.78M
recv big obj:22.78M
recv big obj:22.78M
train -epoch~59,loss=8.516397342206009e-05,use time:349.2235178947449
recv big obj:22.78M
recv big obj:22.78M
recv big obj:22.78M
recv big obj:22.78M
train -epoch~60,loss=8.241372443178558e-05,use time:349.75138998031616
recv big obj:22.78M
recv big obj:22.78M
recv big obj:22.78M
recv big obj:22.78M
train -epoch~61,loss=7.989478966606762e-05,use time:349.7345452308655
recv big obj:22.78M
recv big obj:22.78M
recv big obj:22.78M
recv big obj:22.78M
train -epoch~62,loss=7.780427840771153e-05,use time:349.47198390960693
recv big obj:22.78M
recv big obj:22.78M
recv big obj:22.78M
recv big obj:22.78M
train -epoch~63,loss=7.60110520278304e-05,use time:349.57036805152893
recv big obj:22.78M
recv big obj:22.78M
recv big obj:22.78M
recv big obj:22.78M
train -epoch~64,loss=7.459139790146872e-05,use time:348.81513118743896
recv big obj:22.78M
recv big obj:22.78M
recv big obj:22.78M
recv big obj:22.78M
train -epoch~65,loss=7.342141137586065e-05,use time:349.21109414100647
recv big obj:22.78M
recv big obj:22.78M
recv big obj:22.78M
recv big obj:22.78M
train -epoch~66,loss=7.243603396746431e-05,use time:348.979896068573
recv big obj:22.78M
recv big obj:22.78M
recv big obj:22.78M
recv big obj:22.78M
train -epoch~67,loss=7.1598239172931e-05,use time:349.3160433769226
recv big obj:22.78M
recv big obj:22.78M
recv big obj:22.78M
recv big obj:22.78M
train -epoch~68,loss=7.090398526039495e-05,use time:349.7477331161499
recv big obj:22.78M
recv big obj:22.78M
recv big obj:22.78M
recv big obj:22.78M
train -epoch~69,loss=7.040375307413889e-05,use time:350.1304876804352
recv big obj:22.78M
recv big obj:22.78M
recv big obj:22.78M
recv big obj:22.78M
train -epoch~70,loss=6.996916111161861e-05,use time:349.6056010723114
recv big obj:22.78M
recv big obj:22.78M
recv big obj:22.78M
recv big obj:22.78M
train -epoch~71,loss=6.966759243095043e-05,use time:375.3457679748535
recv big obj:22.78M
recv big obj:22.78M
recv big obj:22.78M
recv big obj:22.78M
train -epoch~72,loss=6.936509534591428e-05,use time:365.80558466911316
recv big obj:22.78M
recv big obj:22.78M
recv big obj:22.78M
recv big obj:22.78M
train -epoch~73,loss=6.915606152746947e-05,use time:355.341020822525
recv big obj:22.78M
recv big obj:22.78M
recv big obj:22.78M
recv big obj:22.78M
train -epoch~74,loss=6.896174379489234e-05,use time:364.12634110450745
recv big obj:22.78M
recv big obj:22.78M
recv big obj:22.78M
recv big obj:22.78M
train -epoch~75,loss=6.887484299612322e-05,use time:363.5907335281372
recv big obj:22.78M
recv big obj:22.78M
recv big obj:22.78M
recv big obj:22.78M
train -epoch~76,loss=6.881794990516038e-05,use time:362.46479201316833
recv big obj:22.78M
recv big obj:22.78M
recv big obj:22.78M
recv big obj:22.78M
train -epoch~77,loss=6.882891447598776e-05,use time:362.51933550834656
recv big obj:22.78M
recv big obj:22.78M
recv big obj:22.78M
recv big obj:22.78M
train -epoch~78,loss=6.881602030555387e-05,use time:361.8951802253723
recv big obj:22.78M
recv big obj:22.78M
recv big obj:22.78M
recv big obj:22.78M
train -epoch~79,loss=6.88737540356239e-05,use time:356.510778427124
recv big obj:22.78M
recv big obj:22.78M
recv big obj:22.78M
recv big obj:22.78M
train -epoch~80,loss=6.89701210273685e-05,use time:364.16749000549316
recv big obj:22.78M
recv big obj:22.78M
recv big obj:22.78M
recv big obj:22.78M
train -epoch~81,loss=6.912891400642493e-05,use time:355.70970821380615
recv big obj:22.78M
recv big obj:22.78M
recv big obj:22.78M
recv big obj:22.78M
train -epoch~82,loss=6.922988904989325e-05,use time:355.843825340271
recv big obj:22.78M
recv big obj:22.78M
recv big obj:22.78M
recv big obj:22.78M
train -epoch~83,loss=6.940107185034311e-05,use time:362.37970447540283
recv big obj:22.78M
recv big obj:22.78M
recv big obj:22.78M
recv big obj:22.78M
train -epoch~84,loss=6.962913100705332e-05,use time:364.2210907936096
recv big obj:22.78M
recv big obj:22.78M
recv big obj:22.78M
recv big obj:22.78M
train -epoch~85,loss=6.985958815509733e-05,use time:366.45376563072205
recv big obj:22.78M
recv big obj:22.78M
recv big obj:22.78M
recv big obj:22.78M
train -epoch~86,loss=7.013904935491311e-05,use time:358.6452615261078
recv big obj:22.78M
recv big obj:22.78M
recv big obj:22.78M
recv big obj:22.78M
train -epoch~87,loss=7.041030151422777e-05,use time:363.9632635116577
recv big obj:22.78M
recv big obj:22.78M
recv big obj:22.78M
recv big obj:22.78M
train -epoch~88,loss=7.073347841205467e-05,use time:362.5772023200989
recv big obj:22.78M
recv big obj:22.78M
recv big obj:22.78M
recv big obj:22.78M
train -epoch~89,loss=7.10429130992051e-05,use time:362.1298370361328
recv big obj:22.78M
recv big obj:22.78M
recv big obj:22.78M
recv big obj:22.78M
train -epoch~90,loss=7.13579491705894e-05,use time:364.093453168869
recv big obj:22.78M
recv big obj:22.78M
recv big obj:22.78M
recv big obj:22.78M
train -epoch~91,loss=7.169959269919664e-05,use time:368.9647686481476
recv big obj:22.78M
recv big obj:22.78M
recv big obj:22.78M
recv big obj:22.78M
train -epoch~92,loss=7.208002707263785e-05,use time:354.33063435554504
recv big obj:22.78M
recv big obj:22.78M
recv big obj:22.78M
recv big obj:22.78M
train -epoch~93,loss=7.24796401427543e-05,use time:346.934627532959
recv big obj:22.78M
recv big obj:22.78M
recv big obj:22.78M
recv big obj:22.78M
train -epoch~94,loss=7.290672920037171e-05,use time:357.38176798820496
recv big obj:22.78M
recv big obj:22.78M
recv big obj:22.78M
recv big obj:22.78M
train -epoch~95,loss=7.338059402035891e-05,use time:356.0876066684723
recv big obj:22.78M
recv big obj:22.78M
recv big obj:22.78M
recv big obj:22.78M
train -epoch~96,loss=7.384094914736888e-05,use time:353.66028451919556
recv big obj:22.78M
recv big obj:22.78M
recv big obj:22.78M
recv big obj:22.78M
train -epoch~97,loss=7.428504352618049e-05,use time:354.8366837501526
recv big obj:22.78M
recv big obj:22.78M
recv big obj:22.78M
recv big obj:22.78M
train -epoch~98,loss=7.477366610840763e-05,use time:358.5273585319519
recv big obj:22.78M
recv big obj:22.78M
recv big obj:22.78M
recv big obj:22.78M
train -epoch~99,loss=7.525720495557893e-05,use time:354.72784972190857
recv big obj:22.78M
recv big obj:22.78M
recv big obj:22.78M
recv big obj:22.78M
train -epoch~100,loss=7.576071900554672e-05,use time:355.13760352134705
recv big obj:22.78M
recv big obj:22.78M
recv big obj:22.78M
recv big obj:22.78M
train -epoch~101,loss=7.629651514161128e-05,use time:356.75393748283386
recv big obj:22.78M
recv big obj:22.78M
recv big obj:22.78M
recv big obj:22.78M
train -epoch~102,loss=7.679773189011029e-05,use time:355.61411237716675
recv big obj:22.78M
recv big obj:22.78M
recv big obj:22.78M
recv big obj:22.78M
train -epoch~103,loss=7.728509880634906e-05,use time:357.173632144928
recv big obj:22.78M
recv big obj:22.78M
recv big obj:22.78M
recv big obj:22.78M
train -epoch~104,loss=7.779754493141455e-05,use time:359.3860683441162
recv big obj:22.78M
recv big obj:22.78M
recv big obj:22.78M
recv big obj:22.78M
train -epoch~105,loss=7.831799221583092e-05,use time:355.1586825847626
recv big obj:22.78M
recv big obj:22.78M
recv big obj:22.78M
recv big obj:22.78M
train -epoch~106,loss=7.876639687193317e-05,use time:355.67333006858826
recv big obj:22.78M
recv big obj:22.78M
recv big obj:22.78M
recv big obj:22.78M
train -epoch~107,loss=7.919395283479194e-05,use time:356.36882853507996
recv big obj:22.78M
recv big obj:22.78M
recv big obj:22.78M
recv big obj:22.78M
train -epoch~108,loss=7.964366404946783e-05,use time:355.54068088531494
recv big obj:22.78M
recv big obj:22.78M
recv big obj:22.78M
recv big obj:22.78M
train -epoch~109,loss=8.018571625730295e-05,use time:356.1893558502197
recv big obj:22.78M
recv big obj:22.78M
recv big obj:22.78M
recv big obj:22.78M
train -epoch~110,loss=8.070821195067236e-05,use time:359.9388563632965
recv big obj:22.78M
recv big obj:22.78M
recv big obj:22.78M
recv big obj:22.78M
train -epoch~111,loss=8.129779725418157e-05,use time:355.2656571865082
recv big obj:22.78M
recv big obj:22.78M
recv big obj:22.78M
recv big obj:22.78M
train -epoch~112,loss=8.182778335032454e-05,use time:354.83599495887756
recv big obj:22.78M
recv big obj:22.78M
recv big obj:22.78M
recv big obj:22.78M
train -epoch~113,loss=8.239022427788054e-05,use time:349.9219551086426
recv big obj:22.78M
recv big obj:22.78M
recv big obj:22.78M
recv big obj:22.78M
train -epoch~114,loss=8.294327106791228e-05,use time:348.5940115451813
recv big obj:22.78M
recv big obj:22.78M
recv big obj:22.78M
recv big obj:22.78M
train -epoch~115,loss=8.349881219703915e-05,use time:348.75417304039
recv big obj:22.78M
recv big obj:22.78M
recv big obj:22.78M
recv big obj:22.78M
train -epoch~116,loss=8.407522732096534e-05,use time:349.8337290287018
recv big obj:22.78M
recv big obj:22.78M
recv big obj:22.78M
recv big obj:22.78M
train -epoch~117,loss=8.464799899738081e-05,use time:342.11949634552
recv big obj:22.78M
recv big obj:22.78M
recv big obj:22.78M
recv big obj:22.78M
train -epoch~118,loss=8.516362298690583e-05,use time:340.4592373371124
recv big obj:22.78M
recv big obj:22.78M
recv big obj:22.78M
recv big obj:22.78M
train -epoch~119,loss=8.57513394489664e-05,use time:350.2005832195282
recv big obj:22.78M
recv big obj:22.78M
recv big obj:22.78M
recv big obj:22.78M
train -epoch~120,loss=8.632624276972537e-05,use time:348.27959656715393
recv big obj:22.78M
recv big obj:22.78M
recv big obj:22.78M
recv big obj:22.78M
train -epoch~121,loss=8.688753004334818e-05,use time:350.6680290699005
recv big obj:22.78M
recv big obj:22.78M
recv big obj:22.78M
recv big obj:22.78M
train -epoch~122,loss=8.745645226094552e-05,use time:351.47708892822266
recv big obj:22.78M
recv big obj:22.78M
recv big obj:22.78M
recv big obj:22.78M
train -epoch~123,loss=8.800556591864655e-05,use time:349.435595035553
recv big obj:22.78M
recv big obj:22.78M
recv big obj:22.78M
recv big obj:22.78M
train -epoch~124,loss=8.859601461232179e-05,use time:348.7066898345947
fl-fednas gives "opt supermask:[2, 7, 20, 32, 48, 50, 50, 1]" on corafull.controller configures over, waiting for connect request from clients
